2024-11-30 13:39:59.842 +01:00 [INF] User profile is available. Using 'C:\Users\ahmad\AppData\Local\ASP.NET\DataProtection-Keys' as key repository and Windows DPAPI to encrypt keys at rest.
2024-11-30 13:39:59.933 +01:00 [WRN] The ASP.NET Core developer certificate is not trusted. For information about trusting the ASP.NET Core developer certificate, see https://aka.ms/aspnet/https-trust-dev-cert.
2024-11-30 13:39:59.966 +01:00 [INF] Now listening on: https://localhost:7135
2024-11-30 13:39:59.967 +01:00 [INF] Now listening on: http://localhost:5214
2024-11-30 13:39:59.971 +01:00 [INF] Application started. Press Ctrl+C to shut down.
2024-11-30 13:39:59.975 +01:00 [INF] Hosting environment: Development
2024-11-30 13:39:59.976 +01:00 [INF] Content root path: C:\Users\ahmad\OneDrive\Skrivebord\Sub-Application-2---React\api
2024-11-30 13:40:00.154 +01:00 [INF] Request starting HTTP/1.1 GET http://localhost:5214/api/loginAPI/crea - null null
2024-11-30 13:40:00.193 +01:00 [INF] Request finished HTTP/1.1 GET http://localhost:5214/api/loginAPI/crea - 404 0 null 40.8227ms
2024-11-30 13:40:00.196 +01:00 [INF] Request reached the end of the middleware pipeline without being handled by application code. Request path: GET http://localhost:5214/api/loginAPI/crea, Response status code: 404
2024-11-30 13:40:01.914 +01:00 [INF] Request starting HTTP/1.1 GET http://localhost:5214/api/loginAPI/crea - null null
2024-11-30 13:40:01.917 +01:00 [INF] Request finished HTTP/1.1 GET http://localhost:5214/api/loginAPI/crea - 404 0 null 2.514ms
2024-11-30 13:40:01.917 +01:00 [INF] Request reached the end of the middleware pipeline without being handled by application code. Request path: GET http://localhost:5214/api/loginAPI/crea, Response status code: 404
2024-11-30 13:40:02.315 +01:00 [INF] Request starting HTTP/1.1 GET http://localhost:5214/api/loginAPI/crea - null null
2024-11-30 13:40:02.316 +01:00 [INF] Request finished HTTP/1.1 GET http://localhost:5214/api/loginAPI/crea - 404 0 null 1.263ms
2024-11-30 13:40:02.316 +01:00 [INF] Request reached the end of the middleware pipeline without being handled by application code. Request path: GET http://localhost:5214/api/loginAPI/crea, Response status code: 404
2024-11-30 13:40:02.503 +01:00 [INF] Request starting HTTP/1.1 GET http://localhost:5214/api/loginAPI/crea - null null
2024-11-30 13:40:02.504 +01:00 [INF] Request finished HTTP/1.1 GET http://localhost:5214/api/loginAPI/crea - 404 0 null 0.3282ms
2024-11-30 13:40:02.504 +01:00 [INF] Request reached the end of the middleware pipeline without being handled by application code. Request path: GET http://localhost:5214/api/loginAPI/crea, Response status code: 404
2024-11-30 13:40:25.164 +01:00 [INF] Request starting HTTP/1.1 OPTIONS http://localhost:5214/api/loginPost - null null
2024-11-30 13:40:25.165 +01:00 [INF] CORS policy execution successful.
2024-11-30 13:40:25.166 +01:00 [INF] Request finished HTTP/1.1 OPTIONS http://localhost:5214/api/loginPost - 204 null null 2.7441ms
2024-11-30 13:40:25.167 +01:00 [INF] Request starting HTTP/1.1 POST http://localhost:5214/api/loginPost - application/json 39
2024-11-30 13:40:25.167 +01:00 [INF] CORS policy execution successful.
2024-11-30 13:40:25.168 +01:00 [INF] Request finished HTTP/1.1 POST http://localhost:5214/api/loginPost - 404 0 null 0.4372ms
2024-11-30 13:40:25.168 +01:00 [INF] Request reached the end of the middleware pipeline without being handled by application code. Request path: POST http://localhost:5214/api/loginPost, Response status code: 404
2024-11-30 13:40:31.264 +01:00 [INF] Request starting HTTP/1.1 GET http://localhost:5214/api/loginPost - null null
2024-11-30 13:40:31.264 +01:00 [INF] Request finished HTTP/1.1 GET http://localhost:5214/api/loginPost - 404 0 null 0.3705ms
2024-11-30 13:40:31.264 +01:00 [INF] Request reached the end of the middleware pipeline without being handled by application code. Request path: GET http://localhost:5214/api/loginPost, Response status code: 404
2024-11-30 13:40:34.012 +01:00 [INF] Request starting HTTP/1.1 GET http://localhost:5214/api/loginPost - null null
2024-11-30 13:40:34.012 +01:00 [INF] Request finished HTTP/1.1 GET http://localhost:5214/api/loginPost - 404 0 null 0.452ms
2024-11-30 13:40:34.012 +01:00 [INF] Request reached the end of the middleware pipeline without being handled by application code. Request path: GET http://localhost:5214/api/loginPost, Response status code: 404
2024-11-30 13:40:44.242 +01:00 [INF] Request starting HTTP/1.1 GET http://localhost:5214/api/loginApi/lod - null null
2024-11-30 13:40:44.242 +01:00 [INF] Request finished HTTP/1.1 GET http://localhost:5214/api/loginApi/lod - 404 0 null 0.3765ms
2024-11-30 13:40:44.242 +01:00 [INF] Request reached the end of the middleware pipeline without being handled by application code. Request path: GET http://localhost:5214/api/loginApi/lod, Response status code: 404
2024-11-30 13:51:19.783 +01:00 [INF] Request starting HTTP/1.1 GET http://localhost:5214/api/loginPost - null null
2024-11-30 13:51:19.787 +01:00 [INF] Request finished HTTP/1.1 GET http://localhost:5214/api/loginPost - 404 0 null 4.9365ms
2024-11-30 13:51:19.787 +01:00 [INF] Request reached the end of the middleware pipeline without being handled by application code. Request path: GET http://localhost:5214/api/loginPost, Response status code: 404
2024-11-30 13:51:39.550 +01:00 [INF] Request starting HTTP/1.1 GET http://localhost:5214/api/loginApi - null null
2024-11-30 13:51:39.571 +01:00 [ERR] An unhandled exception has occurred while executing the request.
Microsoft.AspNetCore.Routing.Matching.AmbiguousMatchException: The request matched multiple endpoints. Matches: 

Aplzz.Controllers.LoginAPIController.CheckUserName (api)
Aplzz.Controllers.LoginAPIController.CheckEmail (api)
Aplzz.Controllers.LoginAPIController.CheckPassword (api)
   at Microsoft.AspNetCore.Routing.Matching.DefaultEndpointSelector.ReportAmbiguity(Span`1 candidateState)
   at Microsoft.AspNetCore.Routing.Matching.DefaultEndpointSelector.ProcessFinalCandidates(HttpContext httpContext, Span`1 candidateState)
   at Microsoft.AspNetCore.Routing.Matching.DefaultEndpointSelector.Select(HttpContext httpContext, Span`1 candidateState)
   at Microsoft.AspNetCore.Routing.Matching.DfaMatcher.MatchAsync(HttpContext httpContext)
   at Microsoft.AspNetCore.Routing.EndpointRoutingMiddleware.Invoke(HttpContext httpContext)
   at Microsoft.AspNetCore.StaticFiles.StaticFileMiddleware.Invoke(HttpContext context)
   at Microsoft.AspNetCore.Session.SessionMiddleware.Invoke(HttpContext context)
   at Microsoft.AspNetCore.Session.SessionMiddleware.Invoke(HttpContext context)
   at Microsoft.AspNetCore.Authorization.AuthorizationMiddleware.Invoke(HttpContext context)
   at Microsoft.AspNetCore.Authentication.AuthenticationMiddleware.Invoke(HttpContext context)
   at Swashbuckle.AspNetCore.SwaggerUI.SwaggerUIMiddleware.Invoke(HttpContext httpContext)
   at Swashbuckle.AspNetCore.Swagger.SwaggerMiddleware.Invoke(HttpContext httpContext, ISwaggerProvider swaggerProvider)
   at Microsoft.AspNetCore.Diagnostics.DeveloperExceptionPageMiddlewareImpl.Invoke(HttpContext context)
2024-11-30 13:51:39.582 +01:00 [INF] Request finished HTTP/1.1 GET http://localhost:5214/api/loginApi - 500 null text/html; charset=utf-8 31.7245ms
2024-11-30 13:51:56.663 +01:00 [INF] Request starting HTTP/1.1 GET http://localhost:5214/api/loginApi/postlogin - null null
2024-11-30 13:51:56.664 +01:00 [INF] Request finished HTTP/1.1 GET http://localhost:5214/api/loginApi/postlogin - 404 0 null 0.5415ms
2024-11-30 13:51:56.664 +01:00 [INF] Request reached the end of the middleware pipeline without being handled by application code. Request path: GET http://localhost:5214/api/loginApi/postlogin, Response status code: 404
2024-11-30 13:52:00.729 +01:00 [INF] Request starting HTTP/1.1 GET http://localhost:5214/api/loginApi/loginpost - null null
2024-11-30 13:52:00.730 +01:00 [INF] Executing endpoint '405 HTTP Method Not Supported'
2024-11-30 13:52:00.731 +01:00 [INF] Executed endpoint '405 HTTP Method Not Supported'
2024-11-30 13:52:00.731 +01:00 [INF] Request finished HTTP/1.1 GET http://localhost:5214/api/loginApi/loginpost - 405 0 null 1.2415ms
2024-11-30 13:52:04.012 +01:00 [INF] Request starting HTTP/1.1 GET http://localhost:5214/api/loginApi/loginpost - null null
2024-11-30 13:52:04.012 +01:00 [INF] Executing endpoint '405 HTTP Method Not Supported'
2024-11-30 13:52:04.012 +01:00 [INF] Executed endpoint '405 HTTP Method Not Supported'
2024-11-30 13:52:04.012 +01:00 [INF] Request finished HTTP/1.1 GET http://localhost:5214/api/loginApi/loginpost - 405 0 null 0.4404ms
2024-11-30 13:52:11.349 +01:00 [INF] Request starting HTTP/1.1 GET http://localhost:5214/api/loginApi/login - null null
2024-11-30 13:52:11.350 +01:00 [INF] Executing endpoint 'Aplzz.Controllers.LoginAPIController.Index (api)'
2024-11-30 13:52:11.361 +01:00 [INF] Route matched with {action = "Index", controller = "LoginAPI"}. Executing controller action with signature Microsoft.AspNetCore.Mvc.IActionResult Index() on controller Aplzz.Controllers.LoginAPIController (api).
2024-11-30 13:52:11.389 +01:00 [INF] Executing ViewResult, running view Index.
2024-11-30 13:52:11.396 +01:00 [ERR] The view 'Index' was not found. Searched locations: ["/Views/LoginAPI/Index.cshtml","/Views/Shared/Index.cshtml"]
2024-11-30 13:52:11.401 +01:00 [INF] Executed action Aplzz.Controllers.LoginAPIController.Index (api) in 38.0688ms
2024-11-30 13:52:11.402 +01:00 [INF] Executed endpoint 'Aplzz.Controllers.LoginAPIController.Index (api)'
2024-11-30 13:52:11.406 +01:00 [ERR] An unhandled exception has occurred while executing the request.
System.InvalidOperationException: The view 'Index' was not found. The following locations were searched:
/Views/LoginAPI/Index.cshtml
/Views/Shared/Index.cshtml
   at Microsoft.AspNetCore.Mvc.ViewEngines.ViewEngineResult.EnsureSuccessful(IEnumerable`1 originalLocations)
   at Microsoft.AspNetCore.Mvc.ViewFeatures.ViewResultExecutor.ExecuteAsync(ActionContext context, ViewResult result)
   at Microsoft.AspNetCore.Mvc.ViewResult.ExecuteResultAsync(ActionContext context)
   at Microsoft.AspNetCore.Mvc.Infrastructure.ResourceInvoker.<InvokeNextResultFilterAsync>g__Awaited|30_0[TFilter,TFilterAsync](ResourceInvoker invoker, Task lastTask, State next, Scope scope, Object state, Boolean isCompleted)
   at Microsoft.AspNetCore.Mvc.Infrastructure.ResourceInvoker.Rethrow(ResultExecutedContextSealed context)
   at Microsoft.AspNetCore.Mvc.Infrastructure.ResourceInvoker.ResultNext[TFilter,TFilterAsync](State& next, Scope& scope, Object& state, Boolean& isCompleted)
   at Microsoft.AspNetCore.Mvc.Infrastructure.ResourceInvoker.InvokeResultFilters()
--- End of stack trace from previous location ---
   at Microsoft.AspNetCore.Mvc.Infrastructure.ResourceInvoker.<InvokeNextResourceFilter>g__Awaited|25_0(ResourceInvoker invoker, Task lastTask, State next, Scope scope, Object state, Boolean isCompleted)
   at Microsoft.AspNetCore.Mvc.Infrastructure.ResourceInvoker.Rethrow(ResourceExecutedContextSealed context)
   at Microsoft.AspNetCore.Mvc.Infrastructure.ResourceInvoker.Next(State& next, Scope& scope, Object& state, Boolean& isCompleted)
   at Microsoft.AspNetCore.Mvc.Infrastructure.ResourceInvoker.InvokeFilterPipelineAsync()
--- End of stack trace from previous location ---
   at Microsoft.AspNetCore.Mvc.Infrastructure.ResourceInvoker.<InvokeAsync>g__Logged|17_1(ResourceInvoker invoker)
   at Microsoft.AspNetCore.Mvc.Infrastructure.ResourceInvoker.<InvokeAsync>g__Logged|17_1(ResourceInvoker invoker)
   at Microsoft.AspNetCore.Routing.EndpointMiddleware.<Invoke>g__AwaitRequestTask|7_0(Endpoint endpoint, Task requestTask, ILogger logger)
   at Microsoft.AspNetCore.Session.SessionMiddleware.Invoke(HttpContext context)
   at Microsoft.AspNetCore.Session.SessionMiddleware.Invoke(HttpContext context)
   at Microsoft.AspNetCore.Authorization.AuthorizationMiddleware.Invoke(HttpContext context)
   at Microsoft.AspNetCore.Authentication.AuthenticationMiddleware.Invoke(HttpContext context)
   at Swashbuckle.AspNetCore.SwaggerUI.SwaggerUIMiddleware.Invoke(HttpContext httpContext)
   at Swashbuckle.AspNetCore.Swagger.SwaggerMiddleware.Invoke(HttpContext httpContext, ISwaggerProvider swaggerProvider)
   at Microsoft.AspNetCore.Diagnostics.DeveloperExceptionPageMiddlewareImpl.Invoke(HttpContext context)
2024-11-30 13:52:11.411 +01:00 [INF] Request finished HTTP/1.1 GET http://localhost:5214/api/loginApi/login - 500 null text/html; charset=utf-8 61.5561ms
2024-11-30 13:52:37.815 +01:00 [INF] Request starting HTTP/1.1 GET http://localhost:5214/api/loginApi/ - null null
2024-11-30 13:52:37.819 +01:00 [ERR] An unhandled exception has occurred while executing the request.
Microsoft.AspNetCore.Routing.Matching.AmbiguousMatchException: The request matched multiple endpoints. Matches: 

Aplzz.Controllers.LoginAPIController.CheckUserName (api)
Aplzz.Controllers.LoginAPIController.CheckEmail (api)
Aplzz.Controllers.LoginAPIController.CheckPassword (api)
   at Microsoft.AspNetCore.Routing.Matching.DefaultEndpointSelector.ReportAmbiguity(Span`1 candidateState)
   at Microsoft.AspNetCore.Routing.Matching.DefaultEndpointSelector.ProcessFinalCandidates(HttpContext httpContext, Span`1 candidateState)
   at Microsoft.AspNetCore.Routing.Matching.DefaultEndpointSelector.Select(HttpContext httpContext, Span`1 candidateState)
   at Microsoft.AspNetCore.Routing.Matching.DfaMatcher.MatchAsync(HttpContext httpContext)
   at Microsoft.AspNetCore.Routing.EndpointRoutingMiddleware.Invoke(HttpContext httpContext)
   at Microsoft.AspNetCore.StaticFiles.StaticFileMiddleware.Invoke(HttpContext context)
   at Microsoft.AspNetCore.Session.SessionMiddleware.Invoke(HttpContext context)
   at Microsoft.AspNetCore.Session.SessionMiddleware.Invoke(HttpContext context)
   at Microsoft.AspNetCore.Authorization.AuthorizationMiddleware.Invoke(HttpContext context)
   at Microsoft.AspNetCore.Authentication.AuthenticationMiddleware.Invoke(HttpContext context)
   at Swashbuckle.AspNetCore.SwaggerUI.SwaggerUIMiddleware.Invoke(HttpContext httpContext)
   at Swashbuckle.AspNetCore.Swagger.SwaggerMiddleware.Invoke(HttpContext httpContext, ISwaggerProvider swaggerProvider)
   at Microsoft.AspNetCore.Diagnostics.DeveloperExceptionPageMiddlewareImpl.Invoke(HttpContext context)
2024-11-30 13:52:37.820 +01:00 [INF] Request finished HTTP/1.1 GET http://localhost:5214/api/loginApi/ - 500 null text/html; charset=utf-8 4.707ms
2024-11-30 13:53:24.768 +01:00 [INF] Request starting HTTP/1.1 GET http://localhost:5214/api/postapi - null null
2024-11-30 13:53:24.768 +01:00 [INF] Request finished HTTP/1.1 GET http://localhost:5214/api/postapi - 404 0 null 0.8424ms
2024-11-30 13:53:24.770 +01:00 [INF] Request reached the end of the middleware pipeline without being handled by application code. Request path: GET http://localhost:5214/api/postapi, Response status code: 404
2024-11-30 13:53:32.396 +01:00 [INF] Request starting HTTP/1.1 GET http://localhost:5214/api/postsapi - null null
2024-11-30 13:53:32.397 +01:00 [INF] Request finished HTTP/1.1 GET http://localhost:5214/api/postsapi - 404 0 null 0.4172ms
2024-11-30 13:53:32.397 +01:00 [INF] Request reached the end of the middleware pipeline without being handled by application code. Request path: GET http://localhost:5214/api/postsapi, Response status code: 404
2024-11-30 13:53:36.171 +01:00 [INF] Request starting HTTP/1.1 GET http://localhost:5214/api/postsapi/create - null null
2024-11-30 13:53:36.172 +01:00 [INF] Request finished HTTP/1.1 GET http://localhost:5214/api/postsapi/create - 404 0 null 0.3028ms
2024-11-30 13:53:36.172 +01:00 [INF] Request reached the end of the middleware pipeline without being handled by application code. Request path: GET http://localhost:5214/api/postsapi/create, Response status code: 404
2024-11-30 13:53:38.764 +01:00 [INF] Request starting HTTP/1.1 GET http://localhost:5214/api/postapi/create - null null
2024-11-30 13:53:38.767 +01:00 [INF] Executing endpoint 'Aplzz.Controllers.PostAPIController.GetPost (api)'
2024-11-30 13:53:38.775 +01:00 [INF] Route matched with {action = "GetPost", controller = "PostAPI"}. Executing controller action with signature System.Threading.Tasks.Task`1[Microsoft.AspNetCore.Mvc.IActionResult] GetPost(Int32) on controller Aplzz.Controllers.PostAPIController (api).
2024-11-30 13:53:38.829 +01:00 [INF] Executing BadRequestObjectResult, writing value of type 'Microsoft.AspNetCore.Mvc.ValidationProblemDetails'.
2024-11-30 13:53:38.898 +01:00 [INF] Executed action Aplzz.Controllers.PostAPIController.GetPost (api) in 122.4836ms
2024-11-30 13:53:38.898 +01:00 [INF] Executed endpoint 'Aplzz.Controllers.PostAPIController.GetPost (api)'
2024-11-30 13:53:38.898 +01:00 [INF] Request finished HTTP/1.1 GET http://localhost:5214/api/postapi/create - 400 245 application/problem+json; charset=utf-8 133.8277ms
2024-11-30 13:53:43.028 +01:00 [INF] Request starting HTTP/1.1 GET http://localhost:5214/api/loginapi/create - null null
2024-11-30 13:53:43.029 +01:00 [INF] Request finished HTTP/1.1 GET http://localhost:5214/api/loginapi/create - 404 0 null 0.3303ms
2024-11-30 13:53:43.029 +01:00 [INF] Request reached the end of the middleware pipeline without being handled by application code. Request path: GET http://localhost:5214/api/loginapi/create, Response status code: 404
2024-11-30 13:53:46.082 +01:00 [INF] Request starting HTTP/1.1 GET http://localhost:5214/api/loginapi/loginpost - null null
2024-11-30 13:53:46.082 +01:00 [INF] Executing endpoint '405 HTTP Method Not Supported'
2024-11-30 13:53:46.082 +01:00 [INF] Executed endpoint '405 HTTP Method Not Supported'
2024-11-30 13:53:46.082 +01:00 [INF] Request finished HTTP/1.1 GET http://localhost:5214/api/loginapi/loginpost - 405 0 null 0.4118ms
2024-11-30 13:54:25.910 +01:00 [INF] Request starting HTTP/1.1 OPTIONS http://localhost:5214/api/loginApi/loginPost - null null
2024-11-30 13:54:25.910 +01:00 [INF] CORS policy execution successful.
2024-11-30 13:54:25.910 +01:00 [INF] Request finished HTTP/1.1 OPTIONS http://localhost:5214/api/loginApi/loginPost - 204 null null 0.5958ms
2024-11-30 13:54:25.912 +01:00 [INF] Request starting HTTP/1.1 POST http://localhost:5214/api/loginApi/loginPost - application/json 37
2024-11-30 13:54:25.914 +01:00 [INF] CORS policy execution successful.
2024-11-30 13:54:25.914 +01:00 [INF] Executing endpoint 'Aplzz.Controllers.LoginAPIController.Index (api)'
2024-11-30 13:54:25.917 +01:00 [INF] Route matched with {action = "Index", controller = "LoginAPI"}. Executing controller action with signature Microsoft.AspNetCore.Mvc.IActionResult Index(Aplzz.Models.LoginModel) on controller Aplzz.Controllers.LoginAPIController (api).
2024-11-30 13:54:26.071 +01:00 [INF] Executing ViewResult, running view Index.
2024-11-30 13:54:26.072 +01:00 [ERR] The view 'Index' was not found. Searched locations: ["/Views/LoginAPI/Index.cshtml","/Views/Shared/Index.cshtml"]
2024-11-30 13:54:26.086 +01:00 [INF] Executed action Aplzz.Controllers.LoginAPIController.Index (api) in 169.2563ms
2024-11-30 13:54:26.086 +01:00 [INF] Executed endpoint 'Aplzz.Controllers.LoginAPIController.Index (api)'
2024-11-30 13:54:26.089 +01:00 [ERR] An unhandled exception has occurred while executing the request.
System.InvalidOperationException: The view 'Index' was not found. The following locations were searched:
/Views/LoginAPI/Index.cshtml
/Views/Shared/Index.cshtml
   at Microsoft.AspNetCore.Mvc.ViewEngines.ViewEngineResult.EnsureSuccessful(IEnumerable`1 originalLocations)
   at Microsoft.AspNetCore.Mvc.ViewFeatures.ViewResultExecutor.ExecuteAsync(ActionContext context, ViewResult result)
   at Microsoft.AspNetCore.Mvc.ViewResult.ExecuteResultAsync(ActionContext context)
   at Microsoft.AspNetCore.Mvc.Infrastructure.ResourceInvoker.<InvokeNextResultFilterAsync>g__Awaited|30_0[TFilter,TFilterAsync](ResourceInvoker invoker, Task lastTask, State next, Scope scope, Object state, Boolean isCompleted)
   at Microsoft.AspNetCore.Mvc.Infrastructure.ResourceInvoker.Rethrow(ResultExecutedContextSealed context)
   at Microsoft.AspNetCore.Mvc.Infrastructure.ResourceInvoker.ResultNext[TFilter,TFilterAsync](State& next, Scope& scope, Object& state, Boolean& isCompleted)
   at Microsoft.AspNetCore.Mvc.Infrastructure.ResourceInvoker.InvokeResultFilters()
--- End of stack trace from previous location ---
   at Microsoft.AspNetCore.Mvc.Infrastructure.ResourceInvoker.<InvokeNextResourceFilter>g__Awaited|25_0(ResourceInvoker invoker, Task lastTask, State next, Scope scope, Object state, Boolean isCompleted)
   at Microsoft.AspNetCore.Mvc.Infrastructure.ResourceInvoker.Rethrow(ResourceExecutedContextSealed context)
   at Microsoft.AspNetCore.Mvc.Infrastructure.ResourceInvoker.Next(State& next, Scope& scope, Object& state, Boolean& isCompleted)
   at Microsoft.AspNetCore.Mvc.Infrastructure.ResourceInvoker.InvokeFilterPipelineAsync()
--- End of stack trace from previous location ---
   at Microsoft.AspNetCore.Mvc.Infrastructure.ResourceInvoker.<InvokeAsync>g__Logged|17_1(ResourceInvoker invoker)
   at Microsoft.AspNetCore.Mvc.Infrastructure.ResourceInvoker.<InvokeAsync>g__Logged|17_1(ResourceInvoker invoker)
   at Microsoft.AspNetCore.Routing.EndpointMiddleware.<Invoke>g__AwaitRequestTask|7_0(Endpoint endpoint, Task requestTask, ILogger logger)
   at Microsoft.AspNetCore.Session.SessionMiddleware.Invoke(HttpContext context)
   at Microsoft.AspNetCore.Session.SessionMiddleware.Invoke(HttpContext context)
   at Microsoft.AspNetCore.Authorization.AuthorizationMiddleware.Invoke(HttpContext context)
   at Microsoft.AspNetCore.Authentication.AuthenticationMiddleware.Invoke(HttpContext context)
   at Swashbuckle.AspNetCore.SwaggerUI.SwaggerUIMiddleware.Invoke(HttpContext httpContext)
   at Swashbuckle.AspNetCore.Swagger.SwaggerMiddleware.Invoke(HttpContext httpContext, ISwaggerProvider swaggerProvider)
   at Microsoft.AspNetCore.Diagnostics.DeveloperExceptionPageMiddlewareImpl.Invoke(HttpContext context)
2024-11-30 13:54:26.091 +01:00 [INF] Request finished HTTP/1.1 POST http://localhost:5214/api/loginApi/loginPost - 500 null text/plain; charset=utf-8 179.49ms
2024-11-30 13:54:28.161 +01:00 [INF] Request starting HTTP/1.1 POST http://localhost:5214/api/loginApi/loginPost - application/json 37
2024-11-30 13:54:28.161 +01:00 [INF] CORS policy execution successful.
2024-11-30 13:54:28.161 +01:00 [INF] Executing endpoint 'Aplzz.Controllers.LoginAPIController.Index (api)'
2024-11-30 13:54:28.161 +01:00 [INF] Route matched with {action = "Index", controller = "LoginAPI"}. Executing controller action with signature Microsoft.AspNetCore.Mvc.IActionResult Index(Aplzz.Models.LoginModel) on controller Aplzz.Controllers.LoginAPIController (api).
2024-11-30 13:54:28.169 +01:00 [INF] Executing ViewResult, running view Index.
2024-11-30 13:54:28.170 +01:00 [ERR] The view 'Index' was not found. Searched locations: ["/Views/LoginAPI/Index.cshtml","/Views/Shared/Index.cshtml"]
2024-11-30 13:54:28.171 +01:00 [INF] Executed action Aplzz.Controllers.LoginAPIController.Index (api) in 9.5983ms
2024-11-30 13:54:28.171 +01:00 [INF] Executed endpoint 'Aplzz.Controllers.LoginAPIController.Index (api)'
2024-11-30 13:54:28.174 +01:00 [ERR] An unhandled exception has occurred while executing the request.
System.InvalidOperationException: The view 'Index' was not found. The following locations were searched:
/Views/LoginAPI/Index.cshtml
/Views/Shared/Index.cshtml
   at Microsoft.AspNetCore.Mvc.ViewEngines.ViewEngineResult.EnsureSuccessful(IEnumerable`1 originalLocations)
   at Microsoft.AspNetCore.Mvc.ViewFeatures.ViewResultExecutor.ExecuteAsync(ActionContext context, ViewResult result)
   at Microsoft.AspNetCore.Mvc.ViewResult.ExecuteResultAsync(ActionContext context)
   at Microsoft.AspNetCore.Mvc.Infrastructure.ResourceInvoker.<InvokeNextResultFilterAsync>g__Awaited|30_0[TFilter,TFilterAsync](ResourceInvoker invoker, Task lastTask, State next, Scope scope, Object state, Boolean isCompleted)
   at Microsoft.AspNetCore.Mvc.Infrastructure.ResourceInvoker.Rethrow(ResultExecutedContextSealed context)
   at Microsoft.AspNetCore.Mvc.Infrastructure.ResourceInvoker.ResultNext[TFilter,TFilterAsync](State& next, Scope& scope, Object& state, Boolean& isCompleted)
   at Microsoft.AspNetCore.Mvc.Infrastructure.ResourceInvoker.InvokeResultFilters()
--- End of stack trace from previous location ---
   at Microsoft.AspNetCore.Mvc.Infrastructure.ResourceInvoker.<InvokeNextResourceFilter>g__Awaited|25_0(ResourceInvoker invoker, Task lastTask, State next, Scope scope, Object state, Boolean isCompleted)
   at Microsoft.AspNetCore.Mvc.Infrastructure.ResourceInvoker.Rethrow(ResourceExecutedContextSealed context)
   at Microsoft.AspNetCore.Mvc.Infrastructure.ResourceInvoker.Next(State& next, Scope& scope, Object& state, Boolean& isCompleted)
   at Microsoft.AspNetCore.Mvc.Infrastructure.ResourceInvoker.InvokeFilterPipelineAsync()
--- End of stack trace from previous location ---
   at Microsoft.AspNetCore.Mvc.Infrastructure.ResourceInvoker.<InvokeAsync>g__Logged|17_1(ResourceInvoker invoker)
   at Microsoft.AspNetCore.Mvc.Infrastructure.ResourceInvoker.<InvokeAsync>g__Logged|17_1(ResourceInvoker invoker)
   at Microsoft.AspNetCore.Routing.EndpointMiddleware.<Invoke>g__AwaitRequestTask|7_0(Endpoint endpoint, Task requestTask, ILogger logger)
   at Microsoft.AspNetCore.Session.SessionMiddleware.Invoke(HttpContext context)
   at Microsoft.AspNetCore.Session.SessionMiddleware.Invoke(HttpContext context)
   at Microsoft.AspNetCore.Authorization.AuthorizationMiddleware.Invoke(HttpContext context)
   at Microsoft.AspNetCore.Authentication.AuthenticationMiddleware.Invoke(HttpContext context)
   at Swashbuckle.AspNetCore.SwaggerUI.SwaggerUIMiddleware.Invoke(HttpContext httpContext)
   at Swashbuckle.AspNetCore.Swagger.SwaggerMiddleware.Invoke(HttpContext httpContext, ISwaggerProvider swaggerProvider)
   at Microsoft.AspNetCore.Diagnostics.DeveloperExceptionPageMiddlewareImpl.Invoke(HttpContext context)
2024-11-30 13:54:28.175 +01:00 [INF] Request finished HTTP/1.1 POST http://localhost:5214/api/loginApi/loginPost - 500 null text/plain; charset=utf-8 14.2637ms
2024-11-30 13:54:28.653 +01:00 [INF] Request starting HTTP/1.1 POST http://localhost:5214/api/loginApi/loginPost - application/json 37
2024-11-30 13:54:28.653 +01:00 [INF] CORS policy execution successful.
2024-11-30 13:54:28.653 +01:00 [INF] Executing endpoint 'Aplzz.Controllers.LoginAPIController.Index (api)'
2024-11-30 13:54:28.653 +01:00 [INF] Route matched with {action = "Index", controller = "LoginAPI"}. Executing controller action with signature Microsoft.AspNetCore.Mvc.IActionResult Index(Aplzz.Models.LoginModel) on controller Aplzz.Controllers.LoginAPIController (api).
2024-11-30 13:54:28.658 +01:00 [INF] Executing ViewResult, running view Index.
2024-11-30 13:54:28.659 +01:00 [ERR] The view 'Index' was not found. Searched locations: ["/Views/LoginAPI/Index.cshtml","/Views/Shared/Index.cshtml"]
2024-11-30 13:54:28.660 +01:00 [INF] Executed action Aplzz.Controllers.LoginAPIController.Index (api) in 7.3129ms
2024-11-30 13:54:28.660 +01:00 [INF] Executed endpoint 'Aplzz.Controllers.LoginAPIController.Index (api)'
2024-11-30 13:54:28.664 +01:00 [ERR] An unhandled exception has occurred while executing the request.
System.InvalidOperationException: The view 'Index' was not found. The following locations were searched:
/Views/LoginAPI/Index.cshtml
/Views/Shared/Index.cshtml
   at Microsoft.AspNetCore.Mvc.ViewEngines.ViewEngineResult.EnsureSuccessful(IEnumerable`1 originalLocations)
   at Microsoft.AspNetCore.Mvc.ViewFeatures.ViewResultExecutor.ExecuteAsync(ActionContext context, ViewResult result)
   at Microsoft.AspNetCore.Mvc.ViewResult.ExecuteResultAsync(ActionContext context)
   at Microsoft.AspNetCore.Mvc.Infrastructure.ResourceInvoker.<InvokeNextResultFilterAsync>g__Awaited|30_0[TFilter,TFilterAsync](ResourceInvoker invoker, Task lastTask, State next, Scope scope, Object state, Boolean isCompleted)
   at Microsoft.AspNetCore.Mvc.Infrastructure.ResourceInvoker.Rethrow(ResultExecutedContextSealed context)
   at Microsoft.AspNetCore.Mvc.Infrastructure.ResourceInvoker.ResultNext[TFilter,TFilterAsync](State& next, Scope& scope, Object& state, Boolean& isCompleted)
   at Microsoft.AspNetCore.Mvc.Infrastructure.ResourceInvoker.InvokeResultFilters()
--- End of stack trace from previous location ---
   at Microsoft.AspNetCore.Mvc.Infrastructure.ResourceInvoker.<InvokeNextResourceFilter>g__Awaited|25_0(ResourceInvoker invoker, Task lastTask, State next, Scope scope, Object state, Boolean isCompleted)
   at Microsoft.AspNetCore.Mvc.Infrastructure.ResourceInvoker.Rethrow(ResourceExecutedContextSealed context)
   at Microsoft.AspNetCore.Mvc.Infrastructure.ResourceInvoker.Next(State& next, Scope& scope, Object& state, Boolean& isCompleted)
   at Microsoft.AspNetCore.Mvc.Infrastructure.ResourceInvoker.InvokeFilterPipelineAsync()
--- End of stack trace from previous location ---
   at Microsoft.AspNetCore.Mvc.Infrastructure.ResourceInvoker.<InvokeAsync>g__Logged|17_1(ResourceInvoker invoker)
   at Microsoft.AspNetCore.Mvc.Infrastructure.ResourceInvoker.<InvokeAsync>g__Logged|17_1(ResourceInvoker invoker)
   at Microsoft.AspNetCore.Routing.EndpointMiddleware.<Invoke>g__AwaitRequestTask|7_0(Endpoint endpoint, Task requestTask, ILogger logger)
   at Microsoft.AspNetCore.Session.SessionMiddleware.Invoke(HttpContext context)
   at Microsoft.AspNetCore.Session.SessionMiddleware.Invoke(HttpContext context)
   at Microsoft.AspNetCore.Authorization.AuthorizationMiddleware.Invoke(HttpContext context)
   at Microsoft.AspNetCore.Authentication.AuthenticationMiddleware.Invoke(HttpContext context)
   at Swashbuckle.AspNetCore.SwaggerUI.SwaggerUIMiddleware.Invoke(HttpContext httpContext)
   at Swashbuckle.AspNetCore.Swagger.SwaggerMiddleware.Invoke(HttpContext httpContext, ISwaggerProvider swaggerProvider)
   at Microsoft.AspNetCore.Diagnostics.DeveloperExceptionPageMiddlewareImpl.Invoke(HttpContext context)
2024-11-30 13:54:28.665 +01:00 [INF] Request finished HTTP/1.1 POST http://localhost:5214/api/loginApi/loginPost - 500 null text/plain; charset=utf-8 11.9823ms
2024-11-30 13:54:29.033 +01:00 [INF] Request starting HTTP/1.1 POST http://localhost:5214/api/loginApi/loginPost - application/json 37
2024-11-30 13:54:29.033 +01:00 [INF] CORS policy execution successful.
2024-11-30 13:54:29.034 +01:00 [INF] Executing endpoint 'Aplzz.Controllers.LoginAPIController.Index (api)'
2024-11-30 13:54:29.034 +01:00 [INF] Route matched with {action = "Index", controller = "LoginAPI"}. Executing controller action with signature Microsoft.AspNetCore.Mvc.IActionResult Index(Aplzz.Models.LoginModel) on controller Aplzz.Controllers.LoginAPIController (api).
2024-11-30 13:54:29.038 +01:00 [INF] Executing ViewResult, running view Index.
2024-11-30 13:54:29.040 +01:00 [ERR] The view 'Index' was not found. Searched locations: ["/Views/LoginAPI/Index.cshtml","/Views/Shared/Index.cshtml"]
2024-11-30 13:54:29.041 +01:00 [INF] Executed action Aplzz.Controllers.LoginAPIController.Index (api) in 6.897ms
2024-11-30 13:54:29.041 +01:00 [INF] Executed endpoint 'Aplzz.Controllers.LoginAPIController.Index (api)'
2024-11-30 13:54:29.044 +01:00 [ERR] An unhandled exception has occurred while executing the request.
System.InvalidOperationException: The view 'Index' was not found. The following locations were searched:
/Views/LoginAPI/Index.cshtml
/Views/Shared/Index.cshtml
   at Microsoft.AspNetCore.Mvc.ViewEngines.ViewEngineResult.EnsureSuccessful(IEnumerable`1 originalLocations)
   at Microsoft.AspNetCore.Mvc.ViewFeatures.ViewResultExecutor.ExecuteAsync(ActionContext context, ViewResult result)
   at Microsoft.AspNetCore.Mvc.ViewResult.ExecuteResultAsync(ActionContext context)
   at Microsoft.AspNetCore.Mvc.Infrastructure.ResourceInvoker.<InvokeNextResultFilterAsync>g__Awaited|30_0[TFilter,TFilterAsync](ResourceInvoker invoker, Task lastTask, State next, Scope scope, Object state, Boolean isCompleted)
   at Microsoft.AspNetCore.Mvc.Infrastructure.ResourceInvoker.Rethrow(ResultExecutedContextSealed context)
   at Microsoft.AspNetCore.Mvc.Infrastructure.ResourceInvoker.ResultNext[TFilter,TFilterAsync](State& next, Scope& scope, Object& state, Boolean& isCompleted)
   at Microsoft.AspNetCore.Mvc.Infrastructure.ResourceInvoker.InvokeResultFilters()
--- End of stack trace from previous location ---
   at Microsoft.AspNetCore.Mvc.Infrastructure.ResourceInvoker.<InvokeNextResourceFilter>g__Awaited|25_0(ResourceInvoker invoker, Task lastTask, State next, Scope scope, Object state, Boolean isCompleted)
   at Microsoft.AspNetCore.Mvc.Infrastructure.ResourceInvoker.Rethrow(ResourceExecutedContextSealed context)
   at Microsoft.AspNetCore.Mvc.Infrastructure.ResourceInvoker.Next(State& next, Scope& scope, Object& state, Boolean& isCompleted)
   at Microsoft.AspNetCore.Mvc.Infrastructure.ResourceInvoker.InvokeFilterPipelineAsync()
--- End of stack trace from previous location ---
   at Microsoft.AspNetCore.Mvc.Infrastructure.ResourceInvoker.<InvokeAsync>g__Logged|17_1(ResourceInvoker invoker)
   at Microsoft.AspNetCore.Mvc.Infrastructure.ResourceInvoker.<InvokeAsync>g__Logged|17_1(ResourceInvoker invoker)
   at Microsoft.AspNetCore.Routing.EndpointMiddleware.<Invoke>g__AwaitRequestTask|7_0(Endpoint endpoint, Task requestTask, ILogger logger)
   at Microsoft.AspNetCore.Session.SessionMiddleware.Invoke(HttpContext context)
   at Microsoft.AspNetCore.Session.SessionMiddleware.Invoke(HttpContext context)
   at Microsoft.AspNetCore.Authorization.AuthorizationMiddleware.Invoke(HttpContext context)
   at Microsoft.AspNetCore.Authentication.AuthenticationMiddleware.Invoke(HttpContext context)
   at Swashbuckle.AspNetCore.SwaggerUI.SwaggerUIMiddleware.Invoke(HttpContext httpContext)
   at Swashbuckle.AspNetCore.Swagger.SwaggerMiddleware.Invoke(HttpContext httpContext, ISwaggerProvider swaggerProvider)
   at Microsoft.AspNetCore.Diagnostics.DeveloperExceptionPageMiddlewareImpl.Invoke(HttpContext context)
2024-11-30 13:54:29.045 +01:00 [INF] Request finished HTTP/1.1 POST http://localhost:5214/api/loginApi/loginPost - 500 null text/plain; charset=utf-8 11.415ms
2024-11-30 13:54:37.820 +01:00 [INF] Request starting HTTP/1.1 GET http://localhost:5214/api/loginApi/loginPost - null null
2024-11-30 13:54:37.821 +01:00 [INF] Executing endpoint '405 HTTP Method Not Supported'
2024-11-30 13:54:37.821 +01:00 [INF] Executed endpoint '405 HTTP Method Not Supported'
2024-11-30 13:54:37.821 +01:00 [INF] Request finished HTTP/1.1 GET http://localhost:5214/api/loginApi/loginPost - 405 0 null 0.6265ms
