2024-11-27 23:15:16.236 +01:00 [INF] User profile is available. Using '/Users/libansulub/.aspnet/DataProtection-Keys' as key repository; keys will not be encrypted at rest.
2024-11-27 23:15:16.556 +01:00 [WRN] The ASP.NET Core developer certificate is not trusted. For information about trusting the ASP.NET Core developer certificate, see https://aka.ms/aspnet/https-trust-dev-cert.
2024-11-27 23:15:16.580 +01:00 [INF] Now listening on: https://localhost:7135
2024-11-27 23:15:16.581 +01:00 [INF] Now listening on: http://localhost:5214
2024-11-27 23:15:16.585 +01:00 [INF] Application started. Press Ctrl+C to shut down.
2024-11-27 23:15:16.586 +01:00 [INF] Hosting environment: Development
2024-11-27 23:15:16.586 +01:00 [INF] Content root path: /Users/libansulub/Documents/Sub-Application 2 - React/api
2024-11-27 23:15:21.348 +01:00 [INF] Request starting HTTP/1.1 GET http://localhost:5214/api/postapi/posts - null null
2024-11-27 23:15:21.382 +01:00 [INF] CORS policy execution successful.
2024-11-27 23:15:21.384 +01:00 [INF] Executing endpoint 'Aplzz.Controllers.PostAPIController.GetPosts (api)'
2024-11-27 23:15:21.397 +01:00 [INF] Route matched with {action = "GetPosts", controller = "PostAPI"}. Executing controller action with signature System.Threading.Tasks.Task`1[Microsoft.AspNetCore.Mvc.IActionResult] GetPosts() on controller Aplzz.Controllers.PostAPIController (api).
2024-11-27 23:15:21.709 +01:00 [WRN] Compiling a query which loads related collections for more than one collection navigation, either via 'Include' or through projection, but no 'QuerySplittingBehavior' has been configured. By default, Entity Framework will use 'QuerySplittingBehavior.SingleQuery', which can potentially result in slow query performance. See https://go.microsoft.com/fwlink/?linkid=2134277 for more information. To identify the query that's triggering this warning call 'ConfigureWarnings(w => w.Throw(RelationalEventId.MultipleCollectionIncludeWarning))'.
2024-11-27 23:15:21.757 +01:00 [INF] Executing OkObjectResult, writing value of type 'System.Collections.Generic.List`1[[Aplzz.Models.Post, api, Version=1.0.0.0, Culture=neutral, PublicKeyToken=null]]'.
2024-11-27 23:15:21.826 +01:00 [INF] Executed action Aplzz.Controllers.PostAPIController.GetPosts (api) in 426.1852ms
2024-11-27 23:15:21.827 +01:00 [INF] Executed endpoint 'Aplzz.Controllers.PostAPIController.GetPosts (api)'
2024-11-27 23:15:21.833 +01:00 [INF] Request finished HTTP/1.1 GET http://localhost:5214/api/postapi/posts - 200 1942 application/json; charset=utf-8 486.5501ms
2024-11-27 23:15:21.836 +01:00 [INF] Request starting HTTP/1.1 GET http://localhost:5214/api/postapi/posts - null null
2024-11-27 23:15:21.840 +01:00 [INF] CORS policy execution successful.
2024-11-27 23:15:21.840 +01:00 [INF] Executing endpoint 'Aplzz.Controllers.PostAPIController.GetPosts (api)'
2024-11-27 23:15:21.841 +01:00 [INF] Route matched with {action = "GetPosts", controller = "PostAPI"}. Executing controller action with signature System.Threading.Tasks.Task`1[Microsoft.AspNetCore.Mvc.IActionResult] GetPosts() on controller Aplzz.Controllers.PostAPIController (api).
2024-11-27 23:15:21.896 +01:00 [INF] Executing OkObjectResult, writing value of type 'System.Collections.Generic.List`1[[Aplzz.Models.Post, api, Version=1.0.0.0, Culture=neutral, PublicKeyToken=null]]'.
2024-11-27 23:15:21.897 +01:00 [INF] Executed action Aplzz.Controllers.PostAPIController.GetPosts (api) in 55.8592ms
2024-11-27 23:15:21.897 +01:00 [INF] Executed endpoint 'Aplzz.Controllers.PostAPIController.GetPosts (api)'
2024-11-27 23:15:21.897 +01:00 [INF] Request finished HTTP/1.1 GET http://localhost:5214/api/postapi/posts - 200 1942 application/json; charset=utf-8 61.8176ms
2024-11-27 23:19:05.507 +01:00 [INF] Request starting HTTP/1.1 GET http://localhost:5214/api/postapi/posts - null null
2024-11-27 23:19:05.514 +01:00 [INF] CORS policy execution successful.
2024-11-27 23:19:05.514 +01:00 [INF] Executing endpoint 'Aplzz.Controllers.PostAPIController.GetPosts (api)'
2024-11-27 23:19:05.515 +01:00 [INF] Route matched with {action = "GetPosts", controller = "PostAPI"}. Executing controller action with signature System.Threading.Tasks.Task`1[Microsoft.AspNetCore.Mvc.IActionResult] GetPosts() on controller Aplzz.Controllers.PostAPIController (api).
2024-11-27 23:19:05.534 +01:00 [INF] Executing OkObjectResult, writing value of type 'System.Collections.Generic.List`1[[Aplzz.Models.Post, api, Version=1.0.0.0, Culture=neutral, PublicKeyToken=null]]'.
2024-11-27 23:19:05.534 +01:00 [INF] Executed action Aplzz.Controllers.PostAPIController.GetPosts (api) in 19.5727ms
2024-11-27 23:19:05.535 +01:00 [INF] Executed endpoint 'Aplzz.Controllers.PostAPIController.GetPosts (api)'
2024-11-27 23:19:05.535 +01:00 [INF] Request finished HTTP/1.1 GET http://localhost:5214/api/postapi/posts - 200 1942 application/json; charset=utf-8 28.7058ms
2024-11-27 23:19:05.535 +01:00 [INF] Request starting HTTP/1.1 GET http://localhost:5214/api/postapi/posts - null null
2024-11-27 23:19:05.536 +01:00 [INF] CORS policy execution successful.
2024-11-27 23:19:05.536 +01:00 [INF] Executing endpoint 'Aplzz.Controllers.PostAPIController.GetPosts (api)'
2024-11-27 23:19:05.536 +01:00 [INF] Route matched with {action = "GetPosts", controller = "PostAPI"}. Executing controller action with signature System.Threading.Tasks.Task`1[Microsoft.AspNetCore.Mvc.IActionResult] GetPosts() on controller Aplzz.Controllers.PostAPIController (api).
2024-11-27 23:19:05.574 +01:00 [INF] Request starting HTTP/1.1 GET http://localhost:5214/images/pexels.jpg - null null
2024-11-27 23:19:05.577 +01:00 [INF] Executing OkObjectResult, writing value of type 'System.Collections.Generic.List`1[[Aplzz.Models.Post, api, Version=1.0.0.0, Culture=neutral, PublicKeyToken=null]]'.
2024-11-27 23:19:05.577 +01:00 [INF] Request starting HTTP/1.1 GET http://localhost:5214/images/scott.jpg - null null
2024-11-27 23:19:05.582 +01:00 [INF] Executed action Aplzz.Controllers.PostAPIController.GetPosts (api) in 45.8092ms
2024-11-27 23:19:05.582 +01:00 [INF] Executed endpoint 'Aplzz.Controllers.PostAPIController.GetPosts (api)'
2024-11-27 23:19:05.582 +01:00 [INF] Request finished HTTP/1.1 GET http://localhost:5214/api/postapi/posts - 200 1942 application/json; charset=utf-8 46.8461ms
2024-11-27 23:19:05.652 +01:00 [WRN] Error unprotecting the session cookie.
System.Security.Cryptography.CryptographicException: The payload was invalid. For more information go to https://aka.ms/aspnet/dataprotectionwarning
   at Microsoft.AspNetCore.DataProtection.Managed.ManagedAuthenticatedEncryptor.Decrypt(ArraySegment`1 protectedPayload, ArraySegment`1 additionalAuthenticatedData)
   at Microsoft.AspNetCore.DataProtection.KeyManagement.KeyRingBasedDataProtector.UnprotectCore(Byte[] protectedData, Boolean allowOperationsOnRevokedKeys, UnprotectStatus& status)
   at Microsoft.AspNetCore.DataProtection.KeyManagement.KeyRingBasedDataProtector.Unprotect(Byte[] protectedData)
   at Microsoft.AspNetCore.Session.CookieProtection.Unprotect(IDataProtector protector, String protectedText, ILogger logger)
2024-11-27 23:19:05.652 +01:00 [WRN] Error unprotecting the session cookie.
System.Security.Cryptography.CryptographicException: The payload was invalid. For more information go to https://aka.ms/aspnet/dataprotectionwarning
   at Microsoft.AspNetCore.DataProtection.Managed.ManagedAuthenticatedEncryptor.Decrypt(ArraySegment`1 protectedPayload, ArraySegment`1 additionalAuthenticatedData)
   at Microsoft.AspNetCore.DataProtection.KeyManagement.KeyRingBasedDataProtector.UnprotectCore(Byte[] protectedData, Boolean allowOperationsOnRevokedKeys, UnprotectStatus& status)
   at Microsoft.AspNetCore.DataProtection.KeyManagement.KeyRingBasedDataProtector.Unprotect(Byte[] protectedData)
   at Microsoft.AspNetCore.Session.CookieProtection.Unprotect(IDataProtector protector, String protectedText, ILogger logger)
2024-11-27 23:19:05.666 +01:00 [INF] The file /images/scott.jpg was not modified
2024-11-27 23:19:05.666 +01:00 [INF] The file /images/pexels.jpg was not modified
2024-11-27 23:19:05.667 +01:00 [INF] Request finished HTTP/1.1 GET http://localhost:5214/images/pexels.jpg - 304 null image/jpeg 92.7727ms
2024-11-27 23:19:05.667 +01:00 [INF] Request finished HTTP/1.1 GET http://localhost:5214/images/scott.jpg - 304 null image/jpeg 89.8398ms
