2024-12-01 02:32:34.893 +01:00 [INF] User profile is available. Using 'C:\Users\ahmad\AppData\Local\ASP.NET\DataProtection-Keys' as key repository and Windows DPAPI to encrypt keys at rest.
2024-12-01 02:32:35.003 +01:00 [INF] Now listening on: https://localhost:7135
2024-12-01 02:32:35.004 +01:00 [INF] Now listening on: http://localhost:5214
2024-12-01 02:32:35.008 +01:00 [INF] Application started. Press Ctrl+C to shut down.
2024-12-01 02:32:35.010 +01:00 [INF] Hosting environment: Development
2024-12-01 02:32:35.011 +01:00 [INF] Content root path: C:\Users\ahmad\OneDrive\Skrivebord\Sub-Application-2---React\api
2024-12-01 02:32:37.346 +01:00 [INF] Request starting HTTP/1.1 GET http://localhost:5214/swagger/index.html - null null
2024-12-01 02:32:37.399 +01:00 [INF] Request finished HTTP/1.1 GET http://localhost:5214/swagger/index.html - 200 null text/html;charset=utf-8 54.1642ms
2024-12-01 02:32:37.439 +01:00 [INF] Request starting HTTP/1.1 GET http://localhost:5214/swagger/v1/swagger.json - null null
2024-12-01 02:32:37.533 +01:00 [INF] Request finished HTTP/1.1 GET http://localhost:5214/swagger/v1/swagger.json - 200 null application/json;charset=utf-8 93.9434ms
2024-12-01 02:32:45.063 +01:00 [INF] Request starting HTTP/1.1 GET http://localhost:5214/api/AccountProfileAPI/user/m - null null
2024-12-01 02:32:45.088 +01:00 [WRN] Error unprotecting the session cookie.
System.Security.Cryptography.CryptographicException: The payload was invalid. For more information go to https://aka.ms/aspnet/dataprotectionwarning
   at Microsoft.AspNetCore.DataProtection.Cng.CbcAuthenticatedEncryptor.DecryptImpl(Byte* pbCiphertext, UInt32 cbCiphertext, Byte* pbAdditionalAuthenticatedData, UInt32 cbAdditionalAuthenticatedData)
   at Microsoft.AspNetCore.DataProtection.Cng.Internal.CngAuthenticatedEncryptorBase.Decrypt(ArraySegment`1 ciphertext, ArraySegment`1 additionalAuthenticatedData)
   at Microsoft.AspNetCore.DataProtection.KeyManagement.KeyRingBasedDataProtector.UnprotectCore(Byte[] protectedData, Boolean allowOperationsOnRevokedKeys, UnprotectStatus& status)
   at Microsoft.AspNetCore.DataProtection.KeyManagement.KeyRingBasedDataProtector.Unprotect(Byte[] protectedData)
   at Microsoft.AspNetCore.Session.CookieProtection.Unprotect(IDataProtector protector, String protectedText, ILogger logger)
2024-12-01 02:32:45.103 +01:00 [INF] Executing endpoint 'Aplzz.Controllers.AccountProfileAPIController.Index (api)'
2024-12-01 02:32:45.118 +01:00 [INF] Route matched with {action = "Index", controller = "AccountProfileAPI"}. Executing controller action with signature System.Threading.Tasks.Task`1[Microsoft.AspNetCore.Mvc.IActionResult] Index(System.String) on controller Aplzz.Controllers.AccountProfileAPIController (api).
2024-12-01 02:32:45.352 +01:00 [INF] Executing NotFoundObjectResult, writing value of type 'System.String'.
2024-12-01 02:32:45.356 +01:00 [INF] Executed action Aplzz.Controllers.AccountProfileAPIController.Index (api) in 235.0796ms
2024-12-01 02:32:45.356 +01:00 [INF] Executed endpoint 'Aplzz.Controllers.AccountProfileAPIController.Index (api)'
2024-12-01 02:32:45.358 +01:00 [INF] Request finished HTTP/1.1 GET http://localhost:5214/api/AccountProfileAPI/user/m - 404 null text/plain; charset=utf-8 294.677ms
2024-12-01 02:32:56.253 +01:00 [INF] Request starting HTTP/1.1 GET http://localhost:5214/api/AccountProfileAPI/user/mARIASMITH - null null
2024-12-01 02:32:56.256 +01:00 [WRN] Error unprotecting the session cookie.
System.Security.Cryptography.CryptographicException: The payload was invalid. For more information go to https://aka.ms/aspnet/dataprotectionwarning
   at Microsoft.AspNetCore.DataProtection.Cng.CbcAuthenticatedEncryptor.DecryptImpl(Byte* pbCiphertext, UInt32 cbCiphertext, Byte* pbAdditionalAuthenticatedData, UInt32 cbAdditionalAuthenticatedData)
   at Microsoft.AspNetCore.DataProtection.Cng.Internal.CngAuthenticatedEncryptorBase.Decrypt(ArraySegment`1 ciphertext, ArraySegment`1 additionalAuthenticatedData)
   at Microsoft.AspNetCore.DataProtection.KeyManagement.KeyRingBasedDataProtector.UnprotectCore(Byte[] protectedData, Boolean allowOperationsOnRevokedKeys, UnprotectStatus& status)
   at Microsoft.AspNetCore.DataProtection.KeyManagement.KeyRingBasedDataProtector.Unprotect(Byte[] protectedData)
   at Microsoft.AspNetCore.Session.CookieProtection.Unprotect(IDataProtector protector, String protectedText, ILogger logger)
2024-12-01 02:32:56.257 +01:00 [INF] Executing endpoint 'Aplzz.Controllers.AccountProfileAPIController.Index (api)'
2024-12-01 02:32:56.257 +01:00 [INF] Route matched with {action = "Index", controller = "AccountProfileAPI"}. Executing controller action with signature System.Threading.Tasks.Task`1[Microsoft.AspNetCore.Mvc.IActionResult] Index(System.String) on controller Aplzz.Controllers.AccountProfileAPIController (api).
2024-12-01 02:32:56.300 +01:00 [INF] Executing NotFoundObjectResult, writing value of type 'System.String'.
2024-12-01 02:32:56.300 +01:00 [INF] Executed action Aplzz.Controllers.AccountProfileAPIController.Index (api) in 43.2582ms
2024-12-01 02:32:56.300 +01:00 [INF] Executed endpoint 'Aplzz.Controllers.AccountProfileAPIController.Index (api)'
2024-12-01 02:32:56.300 +01:00 [INF] Request finished HTTP/1.1 GET http://localhost:5214/api/AccountProfileAPI/user/mARIASMITH - 404 null text/plain; charset=utf-8 47.8675ms
2024-12-01 02:33:06.001 +01:00 [INF] Request starting HTTP/1.1 GET http://localhost:5214/api/AccountProfileAPI/user/mariasmith - null null
2024-12-01 02:33:06.004 +01:00 [WRN] Error unprotecting the session cookie.
System.Security.Cryptography.CryptographicException: The payload was invalid. For more information go to https://aka.ms/aspnet/dataprotectionwarning
   at Microsoft.AspNetCore.DataProtection.Cng.CbcAuthenticatedEncryptor.DecryptImpl(Byte* pbCiphertext, UInt32 cbCiphertext, Byte* pbAdditionalAuthenticatedData, UInt32 cbAdditionalAuthenticatedData)
   at Microsoft.AspNetCore.DataProtection.Cng.Internal.CngAuthenticatedEncryptorBase.Decrypt(ArraySegment`1 ciphertext, ArraySegment`1 additionalAuthenticatedData)
   at Microsoft.AspNetCore.DataProtection.KeyManagement.KeyRingBasedDataProtector.UnprotectCore(Byte[] protectedData, Boolean allowOperationsOnRevokedKeys, UnprotectStatus& status)
   at Microsoft.AspNetCore.DataProtection.KeyManagement.KeyRingBasedDataProtector.Unprotect(Byte[] protectedData)
   at Microsoft.AspNetCore.Session.CookieProtection.Unprotect(IDataProtector protector, String protectedText, ILogger logger)
2024-12-01 02:33:06.004 +01:00 [INF] Executing endpoint 'Aplzz.Controllers.AccountProfileAPIController.Index (api)'
2024-12-01 02:33:06.004 +01:00 [INF] Route matched with {action = "Index", controller = "AccountProfileAPI"}. Executing controller action with signature System.Threading.Tasks.Task`1[Microsoft.AspNetCore.Mvc.IActionResult] Index(System.String) on controller Aplzz.Controllers.AccountProfileAPIController (api).
2024-12-01 02:33:06.104 +01:00 [WRN] Compiling a query which loads related collections for more than one collection navigation, either via 'Include' or through projection, but no 'QuerySplittingBehavior' has been configured. By default, Entity Framework will use 'QuerySplittingBehavior.SingleQuery', which can potentially result in slow query performance. See https://go.microsoft.com/fwlink/?linkid=2134277 for more information. To identify the query that's triggering this warning call 'ConfigureWarnings(w => w.Throw(RelationalEventId.MultipleCollectionIncludeWarning))'.
2024-12-01 02:33:06.117 +01:00 [INF] Executing OkObjectResult, writing value of type 'Aplzz.ViewModels.AccountViewModel'.
2024-12-01 02:33:06.197 +01:00 [INF] Executed action Aplzz.Controllers.AccountProfileAPIController.Index (api) in 192.7646ms
2024-12-01 02:33:06.197 +01:00 [INF] Executed endpoint 'Aplzz.Controllers.AccountProfileAPIController.Index (api)'
2024-12-01 02:33:06.197 +01:00 [INF] Request finished HTTP/1.1 GET http://localhost:5214/api/AccountProfileAPI/user/mariasmith - 200 3196 application/json; charset=utf-8 196.1694ms
2024-12-01 02:33:48.125 +01:00 [INF] Request starting HTTP/1.1 GET http://localhost:5214/api/AccountProfileAPI/user/kentmalmo - null null
2024-12-01 02:33:48.127 +01:00 [WRN] Error unprotecting the session cookie.
System.Security.Cryptography.CryptographicException: The payload was invalid. For more information go to https://aka.ms/aspnet/dataprotectionwarning
   at Microsoft.AspNetCore.DataProtection.Cng.CbcAuthenticatedEncryptor.DecryptImpl(Byte* pbCiphertext, UInt32 cbCiphertext, Byte* pbAdditionalAuthenticatedData, UInt32 cbAdditionalAuthenticatedData)
   at Microsoft.AspNetCore.DataProtection.Cng.Internal.CngAuthenticatedEncryptorBase.Decrypt(ArraySegment`1 ciphertext, ArraySegment`1 additionalAuthenticatedData)
   at Microsoft.AspNetCore.DataProtection.KeyManagement.KeyRingBasedDataProtector.UnprotectCore(Byte[] protectedData, Boolean allowOperationsOnRevokedKeys, UnprotectStatus& status)
   at Microsoft.AspNetCore.DataProtection.KeyManagement.KeyRingBasedDataProtector.Unprotect(Byte[] protectedData)
   at Microsoft.AspNetCore.Session.CookieProtection.Unprotect(IDataProtector protector, String protectedText, ILogger logger)
2024-12-01 02:33:48.127 +01:00 [INF] Executing endpoint 'Aplzz.Controllers.AccountProfileAPIController.Index (api)'
2024-12-01 02:33:48.128 +01:00 [INF] Route matched with {action = "Index", controller = "AccountProfileAPI"}. Executing controller action with signature System.Threading.Tasks.Task`1[Microsoft.AspNetCore.Mvc.IActionResult] Index(System.String) on controller Aplzz.Controllers.AccountProfileAPIController (api).
2024-12-01 02:33:48.134 +01:00 [INF] Executing NotFoundObjectResult, writing value of type 'System.String'.
2024-12-01 02:33:48.134 +01:00 [INF] Executed action Aplzz.Controllers.AccountProfileAPIController.Index (api) in 6.6998ms
2024-12-01 02:33:48.134 +01:00 [INF] Executed endpoint 'Aplzz.Controllers.AccountProfileAPIController.Index (api)'
2024-12-01 02:33:48.135 +01:00 [INF] Request finished HTTP/1.1 GET http://localhost:5214/api/AccountProfileAPI/user/kentmalmo - 404 null text/plain; charset=utf-8 10.0015ms
2024-12-01 02:34:32.519 +01:00 [INF] Request starting HTTP/1.1 GET http://localhost:5214/api/AccountProfileAPI/user/KentMalmo - null null
2024-12-01 02:34:32.524 +01:00 [WRN] Error unprotecting the session cookie.
System.Security.Cryptography.CryptographicException: The payload was invalid. For more information go to https://aka.ms/aspnet/dataprotectionwarning
   at Microsoft.AspNetCore.DataProtection.Cng.CbcAuthenticatedEncryptor.DecryptImpl(Byte* pbCiphertext, UInt32 cbCiphertext, Byte* pbAdditionalAuthenticatedData, UInt32 cbAdditionalAuthenticatedData)
   at Microsoft.AspNetCore.DataProtection.Cng.Internal.CngAuthenticatedEncryptorBase.Decrypt(ArraySegment`1 ciphertext, ArraySegment`1 additionalAuthenticatedData)
   at Microsoft.AspNetCore.DataProtection.KeyManagement.KeyRingBasedDataProtector.UnprotectCore(Byte[] protectedData, Boolean allowOperationsOnRevokedKeys, UnprotectStatus& status)
   at Microsoft.AspNetCore.DataProtection.KeyManagement.KeyRingBasedDataProtector.Unprotect(Byte[] protectedData)
   at Microsoft.AspNetCore.Session.CookieProtection.Unprotect(IDataProtector protector, String protectedText, ILogger logger)
2024-12-01 02:34:32.524 +01:00 [INF] Executing endpoint 'Aplzz.Controllers.AccountProfileAPIController.Index (api)'
2024-12-01 02:34:32.524 +01:00 [INF] Route matched with {action = "Index", controller = "AccountProfileAPI"}. Executing controller action with signature System.Threading.Tasks.Task`1[Microsoft.AspNetCore.Mvc.IActionResult] Index(System.String) on controller Aplzz.Controllers.AccountProfileAPIController (api).
2024-12-01 02:34:32.531 +01:00 [INF] Executing OkObjectResult, writing value of type 'Aplzz.ViewModels.AccountViewModel'.
2024-12-01 02:34:32.538 +01:00 [INF] Executed action Aplzz.Controllers.AccountProfileAPIController.Index (api) in 14.2089ms
2024-12-01 02:34:32.539 +01:00 [INF] Executed endpoint 'Aplzz.Controllers.AccountProfileAPIController.Index (api)'
2024-12-01 02:34:32.539 +01:00 [INF] Request finished HTTP/1.1 GET http://localhost:5214/api/AccountProfileAPI/user/KentMalmo - 200 3256 application/json; charset=utf-8 19.3956ms
2024-12-01 02:34:57.669 +01:00 [INF] Request starting HTTP/1.1 GET http://localhost:5214/api/postapi/posts - null null
2024-12-01 02:34:57.671 +01:00 [INF] CORS policy execution successful.
2024-12-01 02:34:57.671 +01:00 [INF] Executing endpoint 'Aplzz.Controllers.PostAPIController.GetPosts (api)'
2024-12-01 02:34:57.674 +01:00 [INF] Route matched with {action = "GetPosts", controller = "PostAPI"}. Executing controller action with signature System.Threading.Tasks.Task`1[Microsoft.AspNetCore.Mvc.IActionResult] GetPosts() on controller Aplzz.Controllers.PostAPIController (api).
2024-12-01 02:34:57.689 +01:00 [WRN] Compiling a query which loads related collections for more than one collection navigation, either via 'Include' or through projection, but no 'QuerySplittingBehavior' has been configured. By default, Entity Framework will use 'QuerySplittingBehavior.SingleQuery', which can potentially result in slow query performance. See https://go.microsoft.com/fwlink/?linkid=2134277 for more information. To identify the query that's triggering this warning call 'ConfigureWarnings(w => w.Throw(RelationalEventId.MultipleCollectionIncludeWarning))'.
2024-12-01 02:34:57.698 +01:00 [INF] Executing OkObjectResult, writing value of type 'System.Collections.Generic.List`1[[Aplzz.Models.Post, api, Version=1.0.0.0, Culture=neutral, PublicKeyToken=null]]'.
2024-12-01 02:34:57.703 +01:00 [INF] Executed action Aplzz.Controllers.PostAPIController.GetPosts (api) in 28.4262ms
2024-12-01 02:34:57.703 +01:00 [INF] Executed endpoint 'Aplzz.Controllers.PostAPIController.GetPosts (api)'
2024-12-01 02:34:57.703 +01:00 [INF] Request finished HTTP/1.1 GET http://localhost:5214/api/postapi/posts - 200 8809 application/json; charset=utf-8 33.764ms
2024-12-01 02:34:57.705 +01:00 [INF] Request starting HTTP/1.1 GET http://localhost:5214/api/postapi/posts - null null
2024-12-01 02:34:57.708 +01:00 [INF] CORS policy execution successful.
2024-12-01 02:34:57.708 +01:00 [INF] Executing endpoint 'Aplzz.Controllers.PostAPIController.GetPosts (api)'
2024-12-01 02:34:57.708 +01:00 [INF] Route matched with {action = "GetPosts", controller = "PostAPI"}. Executing controller action with signature System.Threading.Tasks.Task`1[Microsoft.AspNetCore.Mvc.IActionResult] GetPosts() on controller Aplzz.Controllers.PostAPIController (api).
2024-12-01 02:34:57.714 +01:00 [INF] Executing OkObjectResult, writing value of type 'System.Collections.Generic.List`1[[Aplzz.Models.Post, api, Version=1.0.0.0, Culture=neutral, PublicKeyToken=null]]'.
2024-12-01 02:34:57.719 +01:00 [INF] Executed action Aplzz.Controllers.PostAPIController.GetPosts (api) in 11.1907ms
2024-12-01 02:34:57.720 +01:00 [INF] Executed endpoint 'Aplzz.Controllers.PostAPIController.GetPosts (api)'
2024-12-01 02:34:57.720 +01:00 [INF] Request finished HTTP/1.1 GET http://localhost:5214/api/postapi/posts - 200 8809 application/json; charset=utf-8 15.4109ms
2024-12-01 02:38:15.351 +01:00 [INF] Request starting HTTP/1.1 GET http://localhost:5214/api/AccountProfileAPI/user/fjordmaster - null null
2024-12-01 02:38:15.357 +01:00 [WRN] Error unprotecting the session cookie.
System.Security.Cryptography.CryptographicException: The payload was invalid. For more information go to https://aka.ms/aspnet/dataprotectionwarning
   at Microsoft.AspNetCore.DataProtection.Cng.CbcAuthenticatedEncryptor.DecryptImpl(Byte* pbCiphertext, UInt32 cbCiphertext, Byte* pbAdditionalAuthenticatedData, UInt32 cbAdditionalAuthenticatedData)
   at Microsoft.AspNetCore.DataProtection.Cng.Internal.CngAuthenticatedEncryptorBase.Decrypt(ArraySegment`1 ciphertext, ArraySegment`1 additionalAuthenticatedData)
   at Microsoft.AspNetCore.DataProtection.KeyManagement.KeyRingBasedDataProtector.UnprotectCore(Byte[] protectedData, Boolean allowOperationsOnRevokedKeys, UnprotectStatus& status)
   at Microsoft.AspNetCore.DataProtection.KeyManagement.KeyRingBasedDataProtector.Unprotect(Byte[] protectedData)
   at Microsoft.AspNetCore.Session.CookieProtection.Unprotect(IDataProtector protector, String protectedText, ILogger logger)
2024-12-01 02:38:15.357 +01:00 [INF] Executing endpoint 'Aplzz.Controllers.AccountProfileAPIController.Index (api)'
2024-12-01 02:38:15.358 +01:00 [INF] Route matched with {action = "Index", controller = "AccountProfileAPI"}. Executing controller action with signature System.Threading.Tasks.Task`1[Microsoft.AspNetCore.Mvc.IActionResult] Index(System.String) on controller Aplzz.Controllers.AccountProfileAPIController (api).
2024-12-01 02:38:15.365 +01:00 [INF] Executing OkObjectResult, writing value of type 'Aplzz.ViewModels.AccountViewModel'.
2024-12-01 02:38:15.371 +01:00 [INF] Executed action Aplzz.Controllers.AccountProfileAPIController.Index (api) in 13.0919ms
2024-12-01 02:38:15.371 +01:00 [INF] Executed endpoint 'Aplzz.Controllers.AccountProfileAPIController.Index (api)'
2024-12-01 02:38:15.371 +01:00 [INF] Request finished HTTP/1.1 GET http://localhost:5214/api/AccountProfileAPI/user/fjordmaster - 200 3178 application/json; charset=utf-8 20.347ms
2024-12-01 02:38:53.843 +01:00 [INF] Request starting HTTP/1.1 GET http://localhost:5214/api/postapi/posts - null null
2024-12-01 02:38:53.843 +01:00 [INF] CORS policy execution successful.
2024-12-01 02:38:53.843 +01:00 [INF] Executing endpoint 'Aplzz.Controllers.PostAPIController.GetPosts (api)'
2024-12-01 02:38:53.843 +01:00 [INF] Route matched with {action = "GetPosts", controller = "PostAPI"}. Executing controller action with signature System.Threading.Tasks.Task`1[Microsoft.AspNetCore.Mvc.IActionResult] GetPosts() on controller Aplzz.Controllers.PostAPIController (api).
2024-12-01 02:38:53.849 +01:00 [INF] Executing OkObjectResult, writing value of type 'System.Collections.Generic.List`1[[Aplzz.Models.Post, api, Version=1.0.0.0, Culture=neutral, PublicKeyToken=null]]'.
2024-12-01 02:38:53.853 +01:00 [INF] Executed action Aplzz.Controllers.PostAPIController.GetPosts (api) in 9.986ms
2024-12-01 02:38:53.853 +01:00 [INF] Executed endpoint 'Aplzz.Controllers.PostAPIController.GetPosts (api)'
2024-12-01 02:38:53.853 +01:00 [INF] Request finished HTTP/1.1 GET http://localhost:5214/api/postapi/posts - 200 8809 application/json; charset=utf-8 10.6775ms
2024-12-01 02:38:53.854 +01:00 [INF] Request starting HTTP/1.1 GET http://localhost:5214/api/postapi/posts - null null
2024-12-01 02:38:53.855 +01:00 [INF] CORS policy execution successful.
2024-12-01 02:38:53.855 +01:00 [INF] Executing endpoint 'Aplzz.Controllers.PostAPIController.GetPosts (api)'
2024-12-01 02:38:53.855 +01:00 [INF] Route matched with {action = "GetPosts", controller = "PostAPI"}. Executing controller action with signature System.Threading.Tasks.Task`1[Microsoft.AspNetCore.Mvc.IActionResult] GetPosts() on controller Aplzz.Controllers.PostAPIController (api).
2024-12-01 02:38:53.863 +01:00 [INF] Executing OkObjectResult, writing value of type 'System.Collections.Generic.List`1[[Aplzz.Models.Post, api, Version=1.0.0.0, Culture=neutral, PublicKeyToken=null]]'.
2024-12-01 02:38:53.867 +01:00 [INF] Executed action Aplzz.Controllers.PostAPIController.GetPosts (api) in 12.015ms
2024-12-01 02:38:53.868 +01:00 [INF] Executed endpoint 'Aplzz.Controllers.PostAPIController.GetPosts (api)'
2024-12-01 02:38:53.868 +01:00 [INF] Request finished HTTP/1.1 GET http://localhost:5214/api/postapi/posts - 200 8809 application/json; charset=utf-8 13.3187ms
2024-12-01 02:38:55.952 +01:00 [INF] Request starting HTTP/1.1 GET http://localhost:5214/api/postapi/posts - null null
2024-12-01 02:38:55.953 +01:00 [INF] CORS policy execution successful.
2024-12-01 02:38:55.953 +01:00 [INF] Executing endpoint 'Aplzz.Controllers.PostAPIController.GetPosts (api)'
2024-12-01 02:38:55.953 +01:00 [INF] Route matched with {action = "GetPosts", controller = "PostAPI"}. Executing controller action with signature System.Threading.Tasks.Task`1[Microsoft.AspNetCore.Mvc.IActionResult] GetPosts() on controller Aplzz.Controllers.PostAPIController (api).
2024-12-01 02:38:55.958 +01:00 [INF] Executing OkObjectResult, writing value of type 'System.Collections.Generic.List`1[[Aplzz.Models.Post, api, Version=1.0.0.0, Culture=neutral, PublicKeyToken=null]]'.
2024-12-01 02:38:55.961 +01:00 [INF] Executed action Aplzz.Controllers.PostAPIController.GetPosts (api) in 8.5588ms
2024-12-01 02:38:55.961 +01:00 [INF] Executed endpoint 'Aplzz.Controllers.PostAPIController.GetPosts (api)'
2024-12-01 02:38:55.961 +01:00 [INF] Request finished HTTP/1.1 GET http://localhost:5214/api/postapi/posts - 200 8809 application/json; charset=utf-8 9.0607ms
2024-12-01 02:38:55.962 +01:00 [INF] Request starting HTTP/1.1 GET http://localhost:5214/api/postapi/posts - null null
2024-12-01 02:38:55.962 +01:00 [INF] CORS policy execution successful.
2024-12-01 02:38:55.962 +01:00 [INF] Executing endpoint 'Aplzz.Controllers.PostAPIController.GetPosts (api)'
2024-12-01 02:38:55.962 +01:00 [INF] Route matched with {action = "GetPosts", controller = "PostAPI"}. Executing controller action with signature System.Threading.Tasks.Task`1[Microsoft.AspNetCore.Mvc.IActionResult] GetPosts() on controller Aplzz.Controllers.PostAPIController (api).
2024-12-01 02:38:55.968 +01:00 [INF] Executing OkObjectResult, writing value of type 'System.Collections.Generic.List`1[[Aplzz.Models.Post, api, Version=1.0.0.0, Culture=neutral, PublicKeyToken=null]]'.
2024-12-01 02:38:55.971 +01:00 [INF] Executed action Aplzz.Controllers.PostAPIController.GetPosts (api) in 9.1201ms
2024-12-01 02:38:55.971 +01:00 [INF] Executed endpoint 'Aplzz.Controllers.PostAPIController.GetPosts (api)'
2024-12-01 02:38:55.972 +01:00 [INF] Request finished HTTP/1.1 GET http://localhost:5214/api/postapi/posts - 200 8809 application/json; charset=utf-8 9.5681ms
2024-12-01 02:38:59.985 +01:00 [INF] Request starting HTTP/1.1 GET http://localhost:5214/api/postapi/posts - null null
2024-12-01 02:38:59.985 +01:00 [INF] CORS policy execution successful.
2024-12-01 02:38:59.985 +01:00 [INF] Executing endpoint 'Aplzz.Controllers.PostAPIController.GetPosts (api)'
2024-12-01 02:38:59.985 +01:00 [INF] Route matched with {action = "GetPosts", controller = "PostAPI"}. Executing controller action with signature System.Threading.Tasks.Task`1[Microsoft.AspNetCore.Mvc.IActionResult] GetPosts() on controller Aplzz.Controllers.PostAPIController (api).
2024-12-01 02:38:59.990 +01:00 [INF] Executing OkObjectResult, writing value of type 'System.Collections.Generic.List`1[[Aplzz.Models.Post, api, Version=1.0.0.0, Culture=neutral, PublicKeyToken=null]]'.
2024-12-01 02:38:59.995 +01:00 [INF] Executed action Aplzz.Controllers.PostAPIController.GetPosts (api) in 9.7849ms
2024-12-01 02:38:59.995 +01:00 [INF] Executed endpoint 'Aplzz.Controllers.PostAPIController.GetPosts (api)'
2024-12-01 02:38:59.995 +01:00 [INF] Request finished HTTP/1.1 GET http://localhost:5214/api/postapi/posts - 200 8809 application/json; charset=utf-8 10.2836ms
2024-12-01 02:38:59.996 +01:00 [INF] Request starting HTTP/1.1 GET http://localhost:5214/api/postapi/posts - null null
2024-12-01 02:38:59.996 +01:00 [INF] CORS policy execution successful.
2024-12-01 02:38:59.996 +01:00 [INF] Executing endpoint 'Aplzz.Controllers.PostAPIController.GetPosts (api)'
2024-12-01 02:38:59.996 +01:00 [INF] Route matched with {action = "GetPosts", controller = "PostAPI"}. Executing controller action with signature System.Threading.Tasks.Task`1[Microsoft.AspNetCore.Mvc.IActionResult] GetPosts() on controller Aplzz.Controllers.PostAPIController (api).
2024-12-01 02:39:00.001 +01:00 [INF] Executing OkObjectResult, writing value of type 'System.Collections.Generic.List`1[[Aplzz.Models.Post, api, Version=1.0.0.0, Culture=neutral, PublicKeyToken=null]]'.
2024-12-01 02:39:00.005 +01:00 [INF] Executed action Aplzz.Controllers.PostAPIController.GetPosts (api) in 9.3677ms
2024-12-01 02:39:00.005 +01:00 [INF] Executed endpoint 'Aplzz.Controllers.PostAPIController.GetPosts (api)'
2024-12-01 02:39:00.006 +01:00 [INF] Request finished HTTP/1.1 GET http://localhost:5214/api/postapi/posts - 200 8809 application/json; charset=utf-8 9.9076ms
2024-12-01 02:39:01.793 +01:00 [INF] Request starting HTTP/1.1 GET http://localhost:5214/api/postapi/posts - null null
2024-12-01 02:39:01.793 +01:00 [INF] CORS policy execution successful.
2024-12-01 02:39:01.793 +01:00 [INF] Executing endpoint 'Aplzz.Controllers.PostAPIController.GetPosts (api)'
2024-12-01 02:39:01.793 +01:00 [INF] Route matched with {action = "GetPosts", controller = "PostAPI"}. Executing controller action with signature System.Threading.Tasks.Task`1[Microsoft.AspNetCore.Mvc.IActionResult] GetPosts() on controller Aplzz.Controllers.PostAPIController (api).
2024-12-01 02:39:01.798 +01:00 [INF] Executing OkObjectResult, writing value of type 'System.Collections.Generic.List`1[[Aplzz.Models.Post, api, Version=1.0.0.0, Culture=neutral, PublicKeyToken=null]]'.
2024-12-01 02:39:01.803 +01:00 [INF] Executed action Aplzz.Controllers.PostAPIController.GetPosts (api) in 9.6659ms
2024-12-01 02:39:01.803 +01:00 [INF] Executed endpoint 'Aplzz.Controllers.PostAPIController.GetPosts (api)'
2024-12-01 02:39:01.803 +01:00 [INF] Request finished HTTP/1.1 GET http://localhost:5214/api/postapi/posts - 200 8809 application/json; charset=utf-8 10.2211ms
2024-12-01 02:39:01.803 +01:00 [INF] Request starting HTTP/1.1 GET http://localhost:5214/api/postapi/posts - null null
2024-12-01 02:39:01.804 +01:00 [INF] CORS policy execution successful.
2024-12-01 02:39:01.804 +01:00 [INF] Executing endpoint 'Aplzz.Controllers.PostAPIController.GetPosts (api)'
2024-12-01 02:39:01.804 +01:00 [INF] Route matched with {action = "GetPosts", controller = "PostAPI"}. Executing controller action with signature System.Threading.Tasks.Task`1[Microsoft.AspNetCore.Mvc.IActionResult] GetPosts() on controller Aplzz.Controllers.PostAPIController (api).
2024-12-01 02:39:01.808 +01:00 [INF] Executing OkObjectResult, writing value of type 'System.Collections.Generic.List`1[[Aplzz.Models.Post, api, Version=1.0.0.0, Culture=neutral, PublicKeyToken=null]]'.
2024-12-01 02:39:01.812 +01:00 [INF] Executed action Aplzz.Controllers.PostAPIController.GetPosts (api) in 8.3513ms
2024-12-01 02:39:01.812 +01:00 [INF] Executed endpoint 'Aplzz.Controllers.PostAPIController.GetPosts (api)'
2024-12-01 02:39:01.812 +01:00 [INF] Request finished HTTP/1.1 GET http://localhost:5214/api/postapi/posts - 200 8809 application/json; charset=utf-8 8.7927ms
2024-12-01 02:39:22.904 +01:00 [INF] Request starting HTTP/1.1 GET http://localhost:5214/api/postapi/posts - null null
2024-12-01 02:39:22.905 +01:00 [INF] CORS policy execution successful.
2024-12-01 02:39:22.905 +01:00 [INF] Executing endpoint 'Aplzz.Controllers.PostAPIController.GetPosts (api)'
2024-12-01 02:39:22.905 +01:00 [INF] Route matched with {action = "GetPosts", controller = "PostAPI"}. Executing controller action with signature System.Threading.Tasks.Task`1[Microsoft.AspNetCore.Mvc.IActionResult] GetPosts() on controller Aplzz.Controllers.PostAPIController (api).
2024-12-01 02:39:22.910 +01:00 [INF] Executing OkObjectResult, writing value of type 'System.Collections.Generic.List`1[[Aplzz.Models.Post, api, Version=1.0.0.0, Culture=neutral, PublicKeyToken=null]]'.
2024-12-01 02:39:22.914 +01:00 [INF] Executed action Aplzz.Controllers.PostAPIController.GetPosts (api) in 9.13ms
2024-12-01 02:39:22.914 +01:00 [INF] Executed endpoint 'Aplzz.Controllers.PostAPIController.GetPosts (api)'
2024-12-01 02:39:22.914 +01:00 [INF] Request finished HTTP/1.1 GET http://localhost:5214/api/postapi/posts - 200 8809 application/json; charset=utf-8 9.8697ms
2024-12-01 02:39:22.915 +01:00 [INF] Request starting HTTP/1.1 GET http://localhost:5214/api/postapi/posts - null null
2024-12-01 02:39:22.915 +01:00 [INF] CORS policy execution successful.
2024-12-01 02:39:22.915 +01:00 [INF] Executing endpoint 'Aplzz.Controllers.PostAPIController.GetPosts (api)'
2024-12-01 02:39:22.915 +01:00 [INF] Route matched with {action = "GetPosts", controller = "PostAPI"}. Executing controller action with signature System.Threading.Tasks.Task`1[Microsoft.AspNetCore.Mvc.IActionResult] GetPosts() on controller Aplzz.Controllers.PostAPIController (api).
2024-12-01 02:39:22.919 +01:00 [INF] Executing OkObjectResult, writing value of type 'System.Collections.Generic.List`1[[Aplzz.Models.Post, api, Version=1.0.0.0, Culture=neutral, PublicKeyToken=null]]'.
2024-12-01 02:39:22.923 +01:00 [INF] Executed action Aplzz.Controllers.PostAPIController.GetPosts (api) in 7.9877ms
2024-12-01 02:39:22.923 +01:00 [INF] Executed endpoint 'Aplzz.Controllers.PostAPIController.GetPosts (api)'
2024-12-01 02:39:22.923 +01:00 [INF] Request finished HTTP/1.1 GET http://localhost:5214/api/postapi/posts - 200 8809 application/json; charset=utf-8 8.4895ms
