2024-11-28 20:45:17.966 +01:00 [INF] User profile is available. Using '/Users/libansulub/.aspnet/DataProtection-Keys' as key repository; keys will not be encrypted at rest.
2024-11-28 20:45:18.440 +01:00 [WRN] The ASP.NET Core developer certificate is not trusted. For information about trusting the ASP.NET Core developer certificate, see https://aka.ms/aspnet/https-trust-dev-cert.
2024-11-28 20:45:18.467 +01:00 [INF] Now listening on: https://localhost:7135
2024-11-28 20:45:18.468 +01:00 [INF] Now listening on: http://localhost:5214
2024-11-28 20:45:18.473 +01:00 [INF] Application started. Press Ctrl+C to shut down.
2024-11-28 20:45:18.474 +01:00 [INF] Hosting environment: Development
2024-11-28 20:45:18.475 +01:00 [INF] Content root path: /Users/libansulub/Documents/Sub-Application 2 - React/api
2024-11-28 20:45:27.654 +01:00 [INF] Request starting HTTP/1.1 GET http://localhost:5214/api/postapi/posts - null null
2024-11-28 20:45:27.689 +01:00 [INF] CORS policy execution successful.
2024-11-28 20:45:27.691 +01:00 [INF] Executing endpoint 'Aplzz.Controllers.PostAPIController.GetPosts (api)'
2024-11-28 20:45:27.704 +01:00 [INF] Route matched with {action = "GetPosts", controller = "PostAPI"}. Executing controller action with signature System.Threading.Tasks.Task`1[Microsoft.AspNetCore.Mvc.IActionResult] GetPosts() on controller Aplzz.Controllers.PostAPIController (api).
2024-11-28 20:45:28.051 +01:00 [WRN] Compiling a query which loads related collections for more than one collection navigation, either via 'Include' or through projection, but no 'QuerySplittingBehavior' has been configured. By default, Entity Framework will use 'QuerySplittingBehavior.SingleQuery', which can potentially result in slow query performance. See https://go.microsoft.com/fwlink/?linkid=2134277 for more information. To identify the query that's triggering this warning call 'ConfigureWarnings(w => w.Throw(RelationalEventId.MultipleCollectionIncludeWarning))'.
2024-11-28 20:45:28.102 +01:00 [INF] Executing OkObjectResult, writing value of type 'System.Collections.Generic.List`1[[Aplzz.Models.Post, api, Version=1.0.0.0, Culture=neutral, PublicKeyToken=null]]'.
2024-11-28 20:45:28.172 +01:00 [INF] Executed action Aplzz.Controllers.PostAPIController.GetPosts (api) in 465.2252ms
2024-11-28 20:45:28.173 +01:00 [INF] Executed endpoint 'Aplzz.Controllers.PostAPIController.GetPosts (api)'
2024-11-28 20:45:28.176 +01:00 [INF] Request finished HTTP/1.1 GET http://localhost:5214/api/postapi/posts - 200 3413 application/json; charset=utf-8 524.0251ms
2024-11-28 20:45:28.177 +01:00 [INF] Request starting HTTP/1.1 GET http://localhost:5214/api/postapi/posts - null null
2024-11-28 20:45:28.179 +01:00 [INF] CORS policy execution successful.
2024-11-28 20:45:28.179 +01:00 [INF] Executing endpoint 'Aplzz.Controllers.PostAPIController.GetPosts (api)'
2024-11-28 20:45:28.179 +01:00 [INF] Route matched with {action = "GetPosts", controller = "PostAPI"}. Executing controller action with signature System.Threading.Tasks.Task`1[Microsoft.AspNetCore.Mvc.IActionResult] GetPosts() on controller Aplzz.Controllers.PostAPIController (api).
2024-11-28 20:45:28.223 +01:00 [INF] Executing OkObjectResult, writing value of type 'System.Collections.Generic.List`1[[Aplzz.Models.Post, api, Version=1.0.0.0, Culture=neutral, PublicKeyToken=null]]'.
2024-11-28 20:45:28.224 +01:00 [INF] Executed action Aplzz.Controllers.PostAPIController.GetPosts (api) in 44.3515ms
2024-11-28 20:45:28.224 +01:00 [INF] Executed endpoint 'Aplzz.Controllers.PostAPIController.GetPosts (api)'
2024-11-28 20:45:28.224 +01:00 [INF] Request finished HTTP/1.1 GET http://localhost:5214/api/postapi/posts - 200 3413 application/json; charset=utf-8 47.3109ms
2024-11-28 20:45:42.601 +01:00 [INF] Request starting HTTP/1.1 POST http://localhost:5214/api/postapi/likepost - application/x-www-form-urlencoded 8
2024-11-28 20:45:42.609 +01:00 [INF] CORS policy execution successful.
2024-11-28 20:45:42.610 +01:00 [INF] Executing endpoint 'Aplzz.Controllers.PostAPIController.LikePost (api)'
2024-11-28 20:45:42.626 +01:00 [INF] Route matched with {action = "LikePost", controller = "PostAPI"}. Executing controller action with signature System.Threading.Tasks.Task`1[Microsoft.AspNetCore.Mvc.IActionResult] LikePost(Int32) on controller Aplzz.Controllers.PostAPIController (api).
2024-11-28 20:45:42.715 +01:00 [INF] Executing OkObjectResult, writing value of type '<>f__AnonymousType2`3[[System.Boolean, System.Private.CoreLib, Version=8.0.0.0, Culture=neutral, PublicKeyToken=7cec85d7bea7798e],[System.Int32, System.Private.CoreLib, Version=8.0.0.0, Culture=neutral, PublicKeyToken=7cec85d7bea7798e],[System.Int32, System.Private.CoreLib, Version=8.0.0.0, Culture=neutral, PublicKeyToken=7cec85d7bea7798e]]'.
2024-11-28 20:45:42.720 +01:00 [INF] Executed action Aplzz.Controllers.PostAPIController.LikePost (api) in 93.8347ms
2024-11-28 20:45:42.720 +01:00 [INF] Executed endpoint 'Aplzz.Controllers.PostAPIController.LikePost (api)'
2024-11-28 20:45:42.720 +01:00 [INF] Request finished HTTP/1.1 POST http://localhost:5214/api/postapi/likepost - 200 43 application/json; charset=utf-8 119.8457ms
2024-11-28 20:45:43.275 +01:00 [INF] Request starting HTTP/1.1 POST http://localhost:5214/api/postapi/likepost - application/x-www-form-urlencoded 8
2024-11-28 20:45:43.275 +01:00 [INF] CORS policy execution successful.
2024-11-28 20:45:43.275 +01:00 [INF] Executing endpoint 'Aplzz.Controllers.PostAPIController.LikePost (api)'
2024-11-28 20:45:43.276 +01:00 [INF] Route matched with {action = "LikePost", controller = "PostAPI"}. Executing controller action with signature System.Threading.Tasks.Task`1[Microsoft.AspNetCore.Mvc.IActionResult] LikePost(Int32) on controller Aplzz.Controllers.PostAPIController (api).
2024-11-28 20:45:43.285 +01:00 [INF] Executing OkObjectResult, writing value of type '<>f__AnonymousType2`3[[System.Boolean, System.Private.CoreLib, Version=8.0.0.0, Culture=neutral, PublicKeyToken=7cec85d7bea7798e],[System.Int32, System.Private.CoreLib, Version=8.0.0.0, Culture=neutral, PublicKeyToken=7cec85d7bea7798e],[System.Int32, System.Private.CoreLib, Version=8.0.0.0, Culture=neutral, PublicKeyToken=7cec85d7bea7798e]]'.
2024-11-28 20:45:43.285 +01:00 [INF] Executed action Aplzz.Controllers.PostAPIController.LikePost (api) in 9.828ms
2024-11-28 20:45:43.285 +01:00 [INF] Executed endpoint 'Aplzz.Controllers.PostAPIController.LikePost (api)'
2024-11-28 20:45:43.286 +01:00 [INF] Request finished HTTP/1.1 POST http://localhost:5214/api/postapi/likepost - 200 42 application/json; charset=utf-8 10.9037ms
2024-11-28 20:51:41.620 +01:00 [INF] Request starting HTTP/1.1 GET http://localhost:5214/api/postapi/posts - null null
2024-11-28 20:51:41.627 +01:00 [INF] CORS policy execution successful.
2024-11-28 20:51:41.627 +01:00 [INF] Executing endpoint 'Aplzz.Controllers.PostAPIController.GetPosts (api)'
2024-11-28 20:51:41.628 +01:00 [INF] Route matched with {action = "GetPosts", controller = "PostAPI"}. Executing controller action with signature System.Threading.Tasks.Task`1[Microsoft.AspNetCore.Mvc.IActionResult] GetPosts() on controller Aplzz.Controllers.PostAPIController (api).
2024-11-28 20:51:41.670 +01:00 [INF] Executing OkObjectResult, writing value of type 'System.Collections.Generic.List`1[[Aplzz.Models.Post, api, Version=1.0.0.0, Culture=neutral, PublicKeyToken=null]]'.
2024-11-28 20:51:41.672 +01:00 [INF] Executed action Aplzz.Controllers.PostAPIController.GetPosts (api) in 43.612ms
2024-11-28 20:51:41.672 +01:00 [INF] Executed endpoint 'Aplzz.Controllers.PostAPIController.GetPosts (api)'
2024-11-28 20:51:41.673 +01:00 [INF] Request finished HTTP/1.1 GET http://localhost:5214/api/postapi/posts - 200 3413 application/json; charset=utf-8 55.6763ms
2024-11-28 20:51:41.674 +01:00 [INF] Request starting HTTP/1.1 GET http://localhost:5214/api/postapi/posts - null null
2024-11-28 20:51:41.674 +01:00 [INF] CORS policy execution successful.
2024-11-28 20:51:41.674 +01:00 [INF] Executing endpoint 'Aplzz.Controllers.PostAPIController.GetPosts (api)'
2024-11-28 20:51:41.674 +01:00 [INF] Route matched with {action = "GetPosts", controller = "PostAPI"}. Executing controller action with signature System.Threading.Tasks.Task`1[Microsoft.AspNetCore.Mvc.IActionResult] GetPosts() on controller Aplzz.Controllers.PostAPIController (api).
2024-11-28 20:51:41.758 +01:00 [INF] Request starting HTTP/1.1 GET http://localhost:5214/images/mountain.png - null null
2024-11-28 20:51:41.759 +01:00 [INF] Executing OkObjectResult, writing value of type 'System.Collections.Generic.List`1[[Aplzz.Models.Post, api, Version=1.0.0.0, Culture=neutral, PublicKeyToken=null]]'.
2024-11-28 20:51:41.760 +01:00 [INF] Executed action Aplzz.Controllers.PostAPIController.GetPosts (api) in 85.7397ms
2024-11-28 20:51:41.760 +01:00 [INF] Executed endpoint 'Aplzz.Controllers.PostAPIController.GetPosts (api)'
2024-11-28 20:51:41.760 +01:00 [INF] Request finished HTTP/1.1 GET http://localhost:5214/api/postapi/posts - 200 3413 application/json; charset=utf-8 86.7395ms
2024-11-28 20:51:41.810 +01:00 [WRN] Error unprotecting the session cookie.
System.Security.Cryptography.CryptographicException: The payload was invalid. For more information go to https://aka.ms/aspnet/dataprotectionwarning
   at Microsoft.AspNetCore.DataProtection.Managed.ManagedAuthenticatedEncryptor.Decrypt(ArraySegment`1 protectedPayload, ArraySegment`1 additionalAuthenticatedData)
   at Microsoft.AspNetCore.DataProtection.KeyManagement.KeyRingBasedDataProtector.UnprotectCore(Byte[] protectedData, Boolean allowOperationsOnRevokedKeys, UnprotectStatus& status)
   at Microsoft.AspNetCore.DataProtection.KeyManagement.KeyRingBasedDataProtector.Unprotect(Byte[] protectedData)
   at Microsoft.AspNetCore.Session.CookieProtection.Unprotect(IDataProtector protector, String protectedText, ILogger logger)
2024-11-28 20:51:41.823 +01:00 [INF] The file /images/mountain.png was not modified
2024-11-28 20:51:41.824 +01:00 [INF] Request finished HTTP/1.1 GET http://localhost:5214/images/mountain.png - 304 null image/png 65.8095ms
