2024-11-28 14:58:38.449 +01:00 [INF] User profile is available. Using '/Users/libansulub/.aspnet/DataProtection-Keys' as key repository; keys will not be encrypted at rest.
2024-11-28 14:58:38.858 +01:00 [WRN] The ASP.NET Core developer certificate is not trusted. For information about trusting the ASP.NET Core developer certificate, see https://aka.ms/aspnet/https-trust-dev-cert.
2024-11-28 14:58:38.884 +01:00 [INF] Now listening on: https://localhost:7135
2024-11-28 14:58:38.912 +01:00 [INF] Now listening on: http://localhost:5214
2024-11-28 14:58:38.943 +01:00 [INF] Application started. Press Ctrl+C to shut down.
2024-11-28 14:58:38.945 +01:00 [INF] Hosting environment: Development
2024-11-28 14:58:38.945 +01:00 [INF] Content root path: /Users/libansulub/Documents/Sub-Application 2 - React/api
2024-11-28 14:58:45.344 +01:00 [INF] Request starting HTTP/1.1 GET http://localhost:5214/api/postapi/posts - null null
2024-11-28 14:58:45.380 +01:00 [INF] CORS policy execution successful.
2024-11-28 14:58:45.382 +01:00 [INF] Executing endpoint 'Aplzz.Controllers.PostAPIController.GetPosts (api)'
2024-11-28 14:58:45.396 +01:00 [INF] Route matched with {action = "GetPosts", controller = "PostAPI"}. Executing controller action with signature System.Threading.Tasks.Task`1[Microsoft.AspNetCore.Mvc.IActionResult] GetPosts() on controller Aplzz.Controllers.PostAPIController (api).
2024-11-28 14:58:45.683 +01:00 [WRN] Compiling a query which loads related collections for more than one collection navigation, either via 'Include' or through projection, but no 'QuerySplittingBehavior' has been configured. By default, Entity Framework will use 'QuerySplittingBehavior.SingleQuery', which can potentially result in slow query performance. See https://go.microsoft.com/fwlink/?linkid=2134277 for more information. To identify the query that's triggering this warning call 'ConfigureWarnings(w => w.Throw(RelationalEventId.MultipleCollectionIncludeWarning))'.
2024-11-28 14:58:45.731 +01:00 [INF] Executing OkObjectResult, writing value of type 'System.Collections.Generic.List`1[[Aplzz.Models.Post, api, Version=1.0.0.0, Culture=neutral, PublicKeyToken=null]]'.
2024-11-28 14:58:45.801 +01:00 [INF] Executed action Aplzz.Controllers.PostAPIController.GetPosts (api) in 403.2412ms
2024-11-28 14:58:45.802 +01:00 [INF] Executed endpoint 'Aplzz.Controllers.PostAPIController.GetPosts (api)'
2024-11-28 14:58:45.805 +01:00 [INF] Request finished HTTP/1.1 GET http://localhost:5214/api/postapi/posts - 200 3359 application/json; charset=utf-8 462.953ms
2024-11-28 14:58:45.806 +01:00 [INF] Request starting HTTP/1.1 GET http://localhost:5214/api/postapi/posts - null null
2024-11-28 14:58:45.808 +01:00 [INF] CORS policy execution successful.
2024-11-28 14:58:45.808 +01:00 [INF] Executing endpoint 'Aplzz.Controllers.PostAPIController.GetPosts (api)'
2024-11-28 14:58:45.808 +01:00 [INF] Route matched with {action = "GetPosts", controller = "PostAPI"}. Executing controller action with signature System.Threading.Tasks.Task`1[Microsoft.AspNetCore.Mvc.IActionResult] GetPosts() on controller Aplzz.Controllers.PostAPIController (api).
2024-11-28 14:58:45.810 +01:00 [INF] Request starting HTTP/1.1 GET http://localhost:5214/images/mountain.png - null null
2024-11-28 14:58:45.830 +01:00 [WRN] Error unprotecting the session cookie.
System.Security.Cryptography.CryptographicException: The payload was invalid. For more information go to https://aka.ms/aspnet/dataprotectionwarning
   at Microsoft.AspNetCore.DataProtection.Managed.ManagedAuthenticatedEncryptor.Decrypt(ArraySegment`1 protectedPayload, ArraySegment`1 additionalAuthenticatedData)
   at Microsoft.AspNetCore.DataProtection.KeyManagement.KeyRingBasedDataProtector.UnprotectCore(Byte[] protectedData, Boolean allowOperationsOnRevokedKeys, UnprotectStatus& status)
   at Microsoft.AspNetCore.DataProtection.KeyManagement.KeyRingBasedDataProtector.Unprotect(Byte[] protectedData)
   at Microsoft.AspNetCore.Session.CookieProtection.Unprotect(IDataProtector protector, String protectedText, ILogger logger)
2024-11-28 14:58:45.837 +01:00 [INF] The file /images/mountain.png was not modified
2024-11-28 14:58:45.838 +01:00 [INF] Request finished HTTP/1.1 GET http://localhost:5214/images/mountain.png - 304 null image/png 27.9422ms
2024-11-28 14:58:45.862 +01:00 [INF] Executing OkObjectResult, writing value of type 'System.Collections.Generic.List`1[[Aplzz.Models.Post, api, Version=1.0.0.0, Culture=neutral, PublicKeyToken=null]]'.
2024-11-28 14:58:45.863 +01:00 [INF] Executed action Aplzz.Controllers.PostAPIController.GetPosts (api) in 54.4638ms
2024-11-28 14:58:45.863 +01:00 [INF] Executed endpoint 'Aplzz.Controllers.PostAPIController.GetPosts (api)'
2024-11-28 14:58:45.863 +01:00 [INF] Request finished HTTP/1.1 GET http://localhost:5214/api/postapi/posts - 200 3359 application/json; charset=utf-8 57.0178ms
2024-11-28 14:58:52.087 +01:00 [INF] Request starting HTTP/1.1 POST http://localhost:5214/api/postapi/create - multipart/form-data; boundary=----WebKitFormBoundary0baHufBAj6WzsFFd 354
2024-11-28 14:58:52.089 +01:00 [INF] CORS policy execution successful.
2024-11-28 14:58:52.090 +01:00 [INF] Executing endpoint 'Aplzz.Controllers.PostAPIController.CreatePost (api)'
2024-11-28 14:58:52.109 +01:00 [INF] Route matched with {action = "CreatePost", controller = "PostAPI"}. Executing controller action with signature System.Threading.Tasks.Task`1[Microsoft.AspNetCore.Mvc.IActionResult] CreatePost(Aplzz.Models.Post, Microsoft.AspNetCore.Http.IFormFile) on controller Aplzz.Controllers.PostAPIController (api).
2024-11-28 14:58:52.157 +01:00 [INF] Executing OkObjectResult, writing value of type 'Aplzz.Models.Post'.
2024-11-28 14:58:52.158 +01:00 [INF] Executed action Aplzz.Controllers.PostAPIController.CreatePost (api) in 48.9574ms
2024-11-28 14:58:52.158 +01:00 [INF] Executed endpoint 'Aplzz.Controllers.PostAPIController.CreatePost (api)'
2024-11-28 14:58:52.158 +01:00 [INF] Request finished HTTP/1.1 POST http://localhost:5214/api/postapi/create - 200 143 application/json; charset=utf-8 71.7924ms
2024-11-28 14:58:52.176 +01:00 [INF] Request starting HTTP/1.1 GET http://localhost:5214/api/postapi/posts - null null
2024-11-28 14:58:52.176 +01:00 [INF] CORS policy execution successful.
2024-11-28 14:58:52.176 +01:00 [INF] Executing endpoint 'Aplzz.Controllers.PostAPIController.GetPosts (api)'
2024-11-28 14:58:52.176 +01:00 [INF] Route matched with {action = "GetPosts", controller = "PostAPI"}. Executing controller action with signature System.Threading.Tasks.Task`1[Microsoft.AspNetCore.Mvc.IActionResult] GetPosts() on controller Aplzz.Controllers.PostAPIController (api).
2024-11-28 14:58:52.183 +01:00 [INF] Executing OkObjectResult, writing value of type 'System.Collections.Generic.List`1[[Aplzz.Models.Post, api, Version=1.0.0.0, Culture=neutral, PublicKeyToken=null]]'.
2024-11-28 14:58:52.184 +01:00 [INF] Executed action Aplzz.Controllers.PostAPIController.GetPosts (api) in 7.8101ms
2024-11-28 14:58:52.184 +01:00 [INF] Executed endpoint 'Aplzz.Controllers.PostAPIController.GetPosts (api)'
2024-11-28 14:58:52.184 +01:00 [INF] Request finished HTTP/1.1 GET http://localhost:5214/api/postapi/posts - 200 3721 application/json; charset=utf-8 8.5082ms
2024-11-28 14:58:52.185 +01:00 [INF] Request starting HTTP/1.1 GET http://localhost:5214/api/postapi/posts - null null
2024-11-28 14:58:52.185 +01:00 [INF] CORS policy execution successful.
2024-11-28 14:58:52.185 +01:00 [INF] Executing endpoint 'Aplzz.Controllers.PostAPIController.GetPosts (api)'
2024-11-28 14:58:52.185 +01:00 [INF] Route matched with {action = "GetPosts", controller = "PostAPI"}. Executing controller action with signature System.Threading.Tasks.Task`1[Microsoft.AspNetCore.Mvc.IActionResult] GetPosts() on controller Aplzz.Controllers.PostAPIController (api).
2024-11-28 14:58:52.193 +01:00 [INF] Executing OkObjectResult, writing value of type 'System.Collections.Generic.List`1[[Aplzz.Models.Post, api, Version=1.0.0.0, Culture=neutral, PublicKeyToken=null]]'.
2024-11-28 14:58:52.193 +01:00 [INF] Executed action Aplzz.Controllers.PostAPIController.GetPosts (api) in 7.9491ms
2024-11-28 14:58:52.194 +01:00 [INF] Executed endpoint 'Aplzz.Controllers.PostAPIController.GetPosts (api)'
2024-11-28 14:58:52.194 +01:00 [INF] Request finished HTTP/1.1 GET http://localhost:5214/api/postapi/posts - 200 3721 application/json; charset=utf-8 8.9046ms
2024-11-28 14:58:54.316 +01:00 [INF] Request starting HTTP/1.1 GET http://localhost:5214/api/postapi/4 - null null
2024-11-28 14:58:54.317 +01:00 [INF] CORS policy execution successful.
2024-11-28 14:58:54.317 +01:00 [INF] Executing endpoint 'Aplzz.Controllers.PostAPIController.GetPost (api)'
2024-11-28 14:58:54.321 +01:00 [INF] Route matched with {action = "GetPost", controller = "PostAPI"}. Executing controller action with signature System.Threading.Tasks.Task`1[Microsoft.AspNetCore.Mvc.IActionResult] GetPost(Int32) on controller Aplzz.Controllers.PostAPIController (api).
2024-11-28 14:58:54.353 +01:00 [WRN] Compiling a query which loads related collections for more than one collection navigation, either via 'Include' or through projection, but no 'QuerySplittingBehavior' has been configured. By default, Entity Framework will use 'QuerySplittingBehavior.SingleQuery', which can potentially result in slow query performance. See https://go.microsoft.com/fwlink/?linkid=2134277 for more information. To identify the query that's triggering this warning call 'ConfigureWarnings(w => w.Throw(RelationalEventId.MultipleCollectionIncludeWarning))'.
2024-11-28 14:58:54.364 +01:00 [INF] Executing OkObjectResult, writing value of type 'Castle.Proxies.PostProxy'.
2024-11-28 14:58:54.365 +01:00 [INF] Executed action Aplzz.Controllers.PostAPIController.GetPost (api) in 43.0894ms
2024-11-28 14:58:54.365 +01:00 [INF] Executed endpoint 'Aplzz.Controllers.PostAPIController.GetPost (api)'
2024-11-28 14:58:54.365 +01:00 [INF] Request finished HTTP/1.1 GET http://localhost:5214/api/postapi/4 - 200 361 application/json; charset=utf-8 48.8815ms
2024-11-28 14:58:54.366 +01:00 [INF] Request starting HTTP/1.1 GET http://localhost:5214/api/postapi/4 - null null
2024-11-28 14:58:54.366 +01:00 [INF] CORS policy execution successful.
2024-11-28 14:58:54.366 +01:00 [INF] Executing endpoint 'Aplzz.Controllers.PostAPIController.GetPost (api)'
2024-11-28 14:58:54.366 +01:00 [INF] Route matched with {action = "GetPost", controller = "PostAPI"}. Executing controller action with signature System.Threading.Tasks.Task`1[Microsoft.AspNetCore.Mvc.IActionResult] GetPost(Int32) on controller Aplzz.Controllers.PostAPIController (api).
2024-11-28 14:58:54.369 +01:00 [INF] Executing OkObjectResult, writing value of type 'Castle.Proxies.PostProxy'.
2024-11-28 14:58:54.369 +01:00 [INF] Executed action Aplzz.Controllers.PostAPIController.GetPost (api) in 3.5412ms
2024-11-28 14:58:54.370 +01:00 [INF] Executed endpoint 'Aplzz.Controllers.PostAPIController.GetPost (api)'
2024-11-28 14:58:54.370 +01:00 [INF] Request finished HTTP/1.1 GET http://localhost:5214/api/postapi/4 - 200 361 application/json; charset=utf-8 4.0556ms
2024-11-28 14:59:08.086 +01:00 [INF] Request starting HTTP/1.1 OPTIONS http://localhost:5214/api/postapi/update/4 - null null
2024-11-28 14:59:08.092 +01:00 [INF] CORS policy execution successful.
2024-11-28 14:59:08.096 +01:00 [INF] Request finished HTTP/1.1 OPTIONS http://localhost:5214/api/postapi/update/4 - 204 null null 9.8291ms
2024-11-28 14:59:08.097 +01:00 [INF] Request starting HTTP/1.1 PUT http://localhost:5214/api/postapi/update/4 - multipart/form-data; boundary=----WebKitFormBoundary8O2SQIrJvfEMrG5U 16623
2024-11-28 14:59:08.098 +01:00 [INF] CORS policy execution successful.
2024-11-28 14:59:08.098 +01:00 [INF] Executing endpoint 'Aplzz.Controllers.PostAPIController.Update (api)'
2024-11-28 14:59:08.107 +01:00 [INF] Route matched with {action = "Update", controller = "PostAPI"}. Executing controller action with signature System.Threading.Tasks.Task`1[Microsoft.AspNetCore.Mvc.IActionResult] Update(Int32, Aplzz.Models.Post, Microsoft.AspNetCore.Http.IFormFile) on controller Aplzz.Controllers.PostAPIController (api).
2024-11-28 14:59:08.211 +01:00 [INF] Executing OkObjectResult, writing value of type 'Castle.Proxies.PostProxy'.
2024-11-28 14:59:08.238 +01:00 [INF] Executed action Aplzz.Controllers.PostAPIController.Update (api) in 130.6474ms
2024-11-28 14:59:08.238 +01:00 [INF] Executed endpoint 'Aplzz.Controllers.PostAPIController.Update (api)'
2024-11-28 14:59:08.240 +01:00 [INF] Request finished HTTP/1.1 PUT http://localhost:5214/api/postapi/update/4 - 200 408 application/json; charset=utf-8 142.4642ms
2024-11-28 14:59:08.257 +01:00 [INF] Request starting HTTP/1.1 GET http://localhost:5214/api/postapi/posts - null null
2024-11-28 14:59:08.258 +01:00 [INF] CORS policy execution successful.
2024-11-28 14:59:08.258 +01:00 [INF] Executing endpoint 'Aplzz.Controllers.PostAPIController.GetPosts (api)'
2024-11-28 14:59:08.258 +01:00 [INF] Route matched with {action = "GetPosts", controller = "PostAPI"}. Executing controller action with signature System.Threading.Tasks.Task`1[Microsoft.AspNetCore.Mvc.IActionResult] GetPosts() on controller Aplzz.Controllers.PostAPIController (api).
2024-11-28 14:59:08.265 +01:00 [INF] Executing OkObjectResult, writing value of type 'System.Collections.Generic.List`1[[Aplzz.Models.Post, api, Version=1.0.0.0, Culture=neutral, PublicKeyToken=null]]'.
2024-11-28 14:59:08.265 +01:00 [INF] Executed action Aplzz.Controllers.PostAPIController.GetPosts (api) in 6.9061ms
2024-11-28 14:59:08.265 +01:00 [INF] Executed endpoint 'Aplzz.Controllers.PostAPIController.GetPosts (api)'
2024-11-28 14:59:08.265 +01:00 [INF] Request finished HTTP/1.1 GET http://localhost:5214/api/postapi/posts - 200 3768 application/json; charset=utf-8 8.2956ms
2024-11-28 14:59:08.266 +01:00 [INF] Request starting HTTP/1.1 GET http://localhost:5214/api/postapi/posts - null null
2024-11-28 14:59:08.266 +01:00 [INF] CORS policy execution successful.
2024-11-28 14:59:08.266 +01:00 [INF] Executing endpoint 'Aplzz.Controllers.PostAPIController.GetPosts (api)'
2024-11-28 14:59:08.266 +01:00 [INF] Route matched with {action = "GetPosts", controller = "PostAPI"}. Executing controller action with signature System.Threading.Tasks.Task`1[Microsoft.AspNetCore.Mvc.IActionResult] GetPosts() on controller Aplzz.Controllers.PostAPIController (api).
2024-11-28 14:59:08.272 +01:00 [INF] Executing OkObjectResult, writing value of type 'System.Collections.Generic.List`1[[Aplzz.Models.Post, api, Version=1.0.0.0, Culture=neutral, PublicKeyToken=null]]'.
2024-11-28 14:59:08.273 +01:00 [INF] Executed action Aplzz.Controllers.PostAPIController.GetPosts (api) in 6.2754ms
2024-11-28 14:59:08.273 +01:00 [INF] Executed endpoint 'Aplzz.Controllers.PostAPIController.GetPosts (api)'
2024-11-28 14:59:08.273 +01:00 [INF] Request finished HTTP/1.1 GET http://localhost:5214/api/postapi/posts - 200 3768 application/json; charset=utf-8 6.9047ms
2024-11-28 14:59:08.277 +01:00 [INF] Request starting HTTP/1.1 GET http://localhost:5214/images/7f4f9137-fb04-440a-8dae-a472b0f2cf4b.jpeg - null null
2024-11-28 14:59:08.281 +01:00 [WRN] Error unprotecting the session cookie.
System.Security.Cryptography.CryptographicException: The payload was invalid. For more information go to https://aka.ms/aspnet/dataprotectionwarning
   at Microsoft.AspNetCore.DataProtection.Managed.ManagedAuthenticatedEncryptor.Decrypt(ArraySegment`1 protectedPayload, ArraySegment`1 additionalAuthenticatedData)
   at Microsoft.AspNetCore.DataProtection.KeyManagement.KeyRingBasedDataProtector.UnprotectCore(Byte[] protectedData, Boolean allowOperationsOnRevokedKeys, UnprotectStatus& status)
   at Microsoft.AspNetCore.DataProtection.KeyManagement.KeyRingBasedDataProtector.Unprotect(Byte[] protectedData)
   at Microsoft.AspNetCore.Session.CookieProtection.Unprotect(IDataProtector protector, String protectedText, ILogger logger)
2024-11-28 14:59:08.299 +01:00 [INF] Sending file. Request path: '/images/7f4f9137-fb04-440a-8dae-a472b0f2cf4b.jpeg'. Physical path: '/Users/libansulub/Documents/Sub-Application 2 - React/api/wwwroot/images/7f4f9137-fb04-440a-8dae-a472b0f2cf4b.jpeg'
2024-11-28 14:59:08.299 +01:00 [INF] Request finished HTTP/1.1 GET http://localhost:5214/images/7f4f9137-fb04-440a-8dae-a472b0f2cf4b.jpeg - 200 16245 image/jpeg 22.1266ms
2024-11-28 14:59:11.302 +01:00 [INF] Request starting HTTP/1.1 OPTIONS http://localhost:5214/api/postapi/delete/4 - null null
2024-11-28 14:59:11.305 +01:00 [INF] CORS policy execution successful.
2024-11-28 14:59:11.306 +01:00 [INF] Request finished HTTP/1.1 OPTIONS http://localhost:5214/api/postapi/delete/4 - 204 null null 3.7298ms
2024-11-28 14:59:11.306 +01:00 [INF] Request starting HTTP/1.1 DELETE http://localhost:5214/api/postapi/delete/4 - null null
2024-11-28 14:59:11.307 +01:00 [INF] CORS policy execution successful.
2024-11-28 14:59:11.307 +01:00 [INF] Executing endpoint 'Aplzz.Controllers.PostAPIController.Delete (api)'
2024-11-28 14:59:11.314 +01:00 [INF] Route matched with {action = "Delete", controller = "PostAPI"}. Executing controller action with signature System.Threading.Tasks.Task`1[Microsoft.AspNetCore.Mvc.IActionResult] Delete(Int32) on controller Aplzz.Controllers.PostAPIController (api).
2024-11-28 14:59:11.344 +01:00 [INF] Executing StatusCodeResult, setting HTTP status code 204
2024-11-28 14:59:11.344 +01:00 [INF] Executed action Aplzz.Controllers.PostAPIController.Delete (api) in 29.7863ms
2024-11-28 14:59:11.344 +01:00 [INF] Executed endpoint 'Aplzz.Controllers.PostAPIController.Delete (api)'
2024-11-28 14:59:11.344 +01:00 [INF] Request finished HTTP/1.1 DELETE http://localhost:5214/api/postapi/delete/4 - 204 null null 37.5292ms
2024-11-28 14:59:22.266 +01:00 [INF] Request starting HTTP/1.1 GET http://localhost:5214/api/postapi/posts - null null
2024-11-28 14:59:22.268 +01:00 [INF] CORS policy execution successful.
2024-11-28 14:59:22.268 +01:00 [INF] Executing endpoint 'Aplzz.Controllers.PostAPIController.GetPosts (api)'
2024-11-28 14:59:22.268 +01:00 [INF] Route matched with {action = "GetPosts", controller = "PostAPI"}. Executing controller action with signature System.Threading.Tasks.Task`1[Microsoft.AspNetCore.Mvc.IActionResult] GetPosts() on controller Aplzz.Controllers.PostAPIController (api).
2024-11-28 14:59:22.279 +01:00 [INF] Executing OkObjectResult, writing value of type 'System.Collections.Generic.List`1[[Aplzz.Models.Post, api, Version=1.0.0.0, Culture=neutral, PublicKeyToken=null]]'.
2024-11-28 14:59:22.280 +01:00 [INF] Executed action Aplzz.Controllers.PostAPIController.GetPosts (api) in 11.698ms
2024-11-28 14:59:22.280 +01:00 [INF] Executed endpoint 'Aplzz.Controllers.PostAPIController.GetPosts (api)'
2024-11-28 14:59:22.280 +01:00 [INF] Request finished HTTP/1.1 GET http://localhost:5214/api/postapi/posts - 200 3359 application/json; charset=utf-8 14.2187ms
2024-11-28 14:59:22.282 +01:00 [INF] Request starting HTTP/1.1 GET http://localhost:5214/api/postapi/posts - null null
2024-11-28 14:59:22.283 +01:00 [INF] CORS policy execution successful.
2024-11-28 14:59:22.283 +01:00 [INF] Executing endpoint 'Aplzz.Controllers.PostAPIController.GetPosts (api)'
2024-11-28 14:59:22.283 +01:00 [INF] Route matched with {action = "GetPosts", controller = "PostAPI"}. Executing controller action with signature System.Threading.Tasks.Task`1[Microsoft.AspNetCore.Mvc.IActionResult] GetPosts() on controller Aplzz.Controllers.PostAPIController (api).
2024-11-28 14:59:22.291 +01:00 [INF] Executing OkObjectResult, writing value of type 'System.Collections.Generic.List`1[[Aplzz.Models.Post, api, Version=1.0.0.0, Culture=neutral, PublicKeyToken=null]]'.
2024-11-28 14:59:22.292 +01:00 [INF] Executed action Aplzz.Controllers.PostAPIController.GetPosts (api) in 8.7959ms
2024-11-28 14:59:22.292 +01:00 [INF] Executed endpoint 'Aplzz.Controllers.PostAPIController.GetPosts (api)'
2024-11-28 14:59:22.292 +01:00 [INF] Request finished HTTP/1.1 GET http://localhost:5214/api/postapi/posts - 200 3359 application/json; charset=utf-8 10.6535ms
2024-11-28 15:16:39.416 +01:00 [INF] Request starting HTTP/1.1 GET http://localhost:5214/api/postapi/posts - null null
2024-11-28 15:16:39.435 +01:00 [INF] CORS policy execution successful.
2024-11-28 15:16:39.440 +01:00 [INF] Executing endpoint 'Aplzz.Controllers.PostAPIController.GetPosts (api)'
2024-11-28 15:16:39.442 +01:00 [INF] Route matched with {action = "GetPosts", controller = "PostAPI"}. Executing controller action with signature System.Threading.Tasks.Task`1[Microsoft.AspNetCore.Mvc.IActionResult] GetPosts() on controller Aplzz.Controllers.PostAPIController (api).
2024-11-28 15:16:39.508 +01:00 [INF] Executing OkObjectResult, writing value of type 'System.Collections.Generic.List`1[[Aplzz.Models.Post, api, Version=1.0.0.0, Culture=neutral, PublicKeyToken=null]]'.
2024-11-28 15:16:39.510 +01:00 [INF] Executed action Aplzz.Controllers.PostAPIController.GetPosts (api) in 67.5366ms
2024-11-28 15:16:39.515 +01:00 [INF] Executed endpoint 'Aplzz.Controllers.PostAPIController.GetPosts (api)'
2024-11-28 15:16:39.516 +01:00 [INF] Request finished HTTP/1.1 GET http://localhost:5214/api/postapi/posts - 200 3359 application/json; charset=utf-8 102.678ms
2024-11-28 15:16:39.626 +01:00 [INF] Request starting HTTP/1.1 GET http://localhost:5214/api/postapi/posts - null null
2024-11-28 15:16:39.626 +01:00 [INF] CORS policy execution successful.
2024-11-28 15:16:39.627 +01:00 [INF] Executing endpoint 'Aplzz.Controllers.PostAPIController.GetPosts (api)'
2024-11-28 15:16:39.627 +01:00 [INF] Route matched with {action = "GetPosts", controller = "PostAPI"}. Executing controller action with signature System.Threading.Tasks.Task`1[Microsoft.AspNetCore.Mvc.IActionResult] GetPosts() on controller Aplzz.Controllers.PostAPIController (api).
2024-11-28 15:16:39.659 +01:00 [INF] Executing OkObjectResult, writing value of type 'System.Collections.Generic.List`1[[Aplzz.Models.Post, api, Version=1.0.0.0, Culture=neutral, PublicKeyToken=null]]'.
2024-11-28 15:16:39.664 +01:00 [INF] Executed action Aplzz.Controllers.PostAPIController.GetPosts (api) in 37.0922ms
2024-11-28 15:16:39.664 +01:00 [INF] Executed endpoint 'Aplzz.Controllers.PostAPIController.GetPosts (api)'
2024-11-28 15:16:39.664 +01:00 [INF] Request finished HTTP/1.1 GET http://localhost:5214/api/postapi/posts - 200 3359 application/json; charset=utf-8 38.4011ms
2024-11-28 15:16:57.087 +01:00 [INF] Request starting HTTP/1.1 GET http://localhost:5214/api/postapi/posts - null null
2024-11-28 15:16:57.091 +01:00 [INF] CORS policy execution successful.
2024-11-28 15:16:57.093 +01:00 [INF] Executing endpoint 'Aplzz.Controllers.PostAPIController.GetPosts (api)'
2024-11-28 15:16:57.093 +01:00 [INF] Route matched with {action = "GetPosts", controller = "PostAPI"}. Executing controller action with signature System.Threading.Tasks.Task`1[Microsoft.AspNetCore.Mvc.IActionResult] GetPosts() on controller Aplzz.Controllers.PostAPIController (api).
2024-11-28 15:16:57.107 +01:00 [INF] Executing OkObjectResult, writing value of type 'System.Collections.Generic.List`1[[Aplzz.Models.Post, api, Version=1.0.0.0, Culture=neutral, PublicKeyToken=null]]'.
2024-11-28 15:16:57.109 +01:00 [INF] Executed action Aplzz.Controllers.PostAPIController.GetPosts (api) in 15.5677ms
2024-11-28 15:16:57.109 +01:00 [INF] Executed endpoint 'Aplzz.Controllers.PostAPIController.GetPosts (api)'
2024-11-28 15:16:57.110 +01:00 [INF] Request finished HTTP/1.1 GET http://localhost:5214/api/postapi/posts - 200 3359 application/json; charset=utf-8 22.9257ms
2024-11-28 15:17:14.293 +01:00 [INF] Request starting HTTP/1.1 OPTIONS http://localhost:5214/api/postapi/addcomment - null null
2024-11-28 15:17:14.296 +01:00 [INF] CORS policy execution successful.
2024-11-28 15:17:14.297 +01:00 [INF] Request finished HTTP/1.1 OPTIONS http://localhost:5214/api/postapi/addcomment - 204 null null 4.6155ms
2024-11-28 15:17:14.298 +01:00 [INF] Request starting HTTP/1.1 POST http://localhost:5214/api/postapi/addcomment - application/json 32
2024-11-28 15:17:14.298 +01:00 [INF] CORS policy execution successful.
2024-11-28 15:17:14.299 +01:00 [INF] Executing endpoint '405 HTTP Method Not Supported'
2024-11-28 15:17:14.300 +01:00 [INF] Executed endpoint '405 HTTP Method Not Supported'
2024-11-28 15:17:14.301 +01:00 [INF] Request finished HTTP/1.1 POST http://localhost:5214/api/postapi/addcomment - 405 0 null 2.5137ms
2024-11-28 15:17:15.338 +01:00 [INF] Request starting HTTP/1.1 POST http://localhost:5214/api/postapi/addcomment - application/json 32
2024-11-28 15:17:15.339 +01:00 [INF] CORS policy execution successful.
2024-11-28 15:17:15.339 +01:00 [INF] Executing endpoint '405 HTTP Method Not Supported'
2024-11-28 15:17:15.339 +01:00 [INF] Executed endpoint '405 HTTP Method Not Supported'
2024-11-28 15:17:15.339 +01:00 [INF] Request finished HTTP/1.1 POST http://localhost:5214/api/postapi/addcomment - 405 0 null 0.9521ms
2024-11-28 15:17:53.187 +01:00 [INF] Request starting HTTP/1.1 GET http://localhost:5214/api/postapi/posts - null null
2024-11-28 15:17:53.189 +01:00 [INF] CORS policy execution successful.
2024-11-28 15:17:53.189 +01:00 [INF] Executing endpoint 'Aplzz.Controllers.PostAPIController.GetPosts (api)'
2024-11-28 15:17:53.189 +01:00 [INF] Route matched with {action = "GetPosts", controller = "PostAPI"}. Executing controller action with signature System.Threading.Tasks.Task`1[Microsoft.AspNetCore.Mvc.IActionResult] GetPosts() on controller Aplzz.Controllers.PostAPIController (api).
2024-11-28 15:17:53.197 +01:00 [INF] Executing OkObjectResult, writing value of type 'System.Collections.Generic.List`1[[Aplzz.Models.Post, api, Version=1.0.0.0, Culture=neutral, PublicKeyToken=null]]'.
2024-11-28 15:17:53.198 +01:00 [INF] Executed action Aplzz.Controllers.PostAPIController.GetPosts (api) in 8.0845ms
2024-11-28 15:17:53.198 +01:00 [INF] Executed endpoint 'Aplzz.Controllers.PostAPIController.GetPosts (api)'
2024-11-28 15:17:53.198 +01:00 [INF] Request finished HTTP/1.1 GET http://localhost:5214/api/postapi/posts - 200 3359 application/json; charset=utf-8 11.4927ms
