2024-11-29 21:32:12.502 +01:00 [INF] User profile is available. Using 'C:\Users\ahmad\AppData\Local\ASP.NET\DataProtection-Keys' as key repository and Windows DPAPI to encrypt keys at rest.
2024-11-29 21:32:12.593 +01:00 [WRN] The ASP.NET Core developer certificate is not trusted. For information about trusting the ASP.NET Core developer certificate, see https://aka.ms/aspnet/https-trust-dev-cert.
2024-11-29 21:32:12.631 +01:00 [INF] Now listening on: https://localhost:7135
2024-11-29 21:32:12.632 +01:00 [INF] Now listening on: http://localhost:5214
2024-11-29 21:32:12.637 +01:00 [INF] Application started. Press Ctrl+C to shut down.
2024-11-29 21:32:12.641 +01:00 [INF] Hosting environment: Development
2024-11-29 21:32:12.642 +01:00 [INF] Content root path: C:\Users\ahmad\OneDrive\Skrivebord\Sub-Application-2---React\api
2024-11-29 21:32:25.009 +01:00 [INF] Request starting HTTP/1.1 GET http://localhost:5214/api/postapi/posts - null null
2024-11-29 21:32:25.009 +01:00 [INF] Request starting HTTP/1.1 GET http://localhost:5214/api/postapi/posts - null null
2024-11-29 21:32:25.075 +01:00 [INF] CORS policy execution successful.
2024-11-29 21:32:25.075 +01:00 [INF] CORS policy execution successful.
2024-11-29 21:32:25.077 +01:00 [INF] Executing endpoint 'Aplzz.Controllers.PostAPIController.GetPosts (api)'
2024-11-29 21:32:25.077 +01:00 [INF] Executing endpoint 'Aplzz.Controllers.PostAPIController.GetPosts (api)'
2024-11-29 21:32:25.098 +01:00 [INF] Route matched with {action = "GetPosts", controller = "PostAPI"}. Executing controller action with signature System.Threading.Tasks.Task`1[Microsoft.AspNetCore.Mvc.IActionResult] GetPosts() on controller Aplzz.Controllers.PostAPIController (api).
2024-11-29 21:32:25.098 +01:00 [INF] Route matched with {action = "GetPosts", controller = "PostAPI"}. Executing controller action with signature System.Threading.Tasks.Task`1[Microsoft.AspNetCore.Mvc.IActionResult] GetPosts() on controller Aplzz.Controllers.PostAPIController (api).
2024-11-29 21:32:25.579 +01:00 [WRN] Compiling a query which loads related collections for more than one collection navigation, either via 'Include' or through projection, but no 'QuerySplittingBehavior' has been configured. By default, Entity Framework will use 'QuerySplittingBehavior.SingleQuery', which can potentially result in slow query performance. See https://go.microsoft.com/fwlink/?linkid=2134277 for more information. To identify the query that's triggering this warning call 'ConfigureWarnings(w => w.Throw(RelationalEventId.MultipleCollectionIncludeWarning))'.
2024-11-29 21:32:25.658 +01:00 [INF] Executing OkObjectResult, writing value of type 'System.Collections.Generic.List`1[[Aplzz.Models.Post, api, Version=1.0.0.0, Culture=neutral, PublicKeyToken=null]]'.
2024-11-29 21:32:25.658 +01:00 [INF] Executing OkObjectResult, writing value of type 'System.Collections.Generic.List`1[[Aplzz.Models.Post, api, Version=1.0.0.0, Culture=neutral, PublicKeyToken=null]]'.
2024-11-29 21:32:25.816 +01:00 [INF] Executed action Aplzz.Controllers.PostAPIController.GetPosts (api) in 713.7209ms
2024-11-29 21:32:25.816 +01:00 [INF] Executed action Aplzz.Controllers.PostAPIController.GetPosts (api) in 713.7198ms
2024-11-29 21:32:25.817 +01:00 [INF] Executed endpoint 'Aplzz.Controllers.PostAPIController.GetPosts (api)'
2024-11-29 21:32:25.817 +01:00 [INF] Executed endpoint 'Aplzz.Controllers.PostAPIController.GetPosts (api)'
2024-11-29 21:32:25.822 +01:00 [INF] Request finished HTTP/1.1 GET http://localhost:5214/api/postapi/posts - 200 8795 application/json; charset=utf-8 815.0163ms
2024-11-29 21:32:25.822 +01:00 [INF] Request finished HTTP/1.1 GET http://localhost:5214/api/postapi/posts - 200 8795 application/json; charset=utf-8 815.016ms
2024-11-29 21:32:25.901 +01:00 [INF] Request starting HTTP/1.1 GET http://localhost:5214/images/profile.jpg - null null
2024-11-29 21:32:25.905 +01:00 [INF] Request starting HTTP/1.1 GET http://localhost:5214/images/mountain.png - null null
2024-11-29 21:32:25.910 +01:00 [INF] Request starting HTTP/1.1 GET http://localhost:5214/images/scott.jpg - null null
2024-11-29 21:32:25.911 +01:00 [INF] Request starting HTTP/1.1 GET http://localhost:5214/images/pexels.jpg - null null
2024-11-29 21:32:25.914 +01:00 [INF] The file /images/pexels.jpg was not modified
2024-11-29 21:32:25.914 +01:00 [INF] The file /images/profile.jpg was not modified
2024-11-29 21:32:25.914 +01:00 [INF] The file /images/mountain.png was not modified
2024-11-29 21:32:25.914 +01:00 [INF] The file /images/scott.jpg was not modified
2024-11-29 21:32:25.916 +01:00 [INF] Request finished HTTP/1.1 GET http://localhost:5214/images/scott.jpg - 304 null image/jpeg 5.2533ms
2024-11-29 21:32:25.916 +01:00 [INF] Request finished HTTP/1.1 GET http://localhost:5214/images/profile.jpg - 304 null image/jpeg 14.3187ms
2024-11-29 21:32:25.916 +01:00 [INF] Request finished HTTP/1.1 GET http://localhost:5214/images/mountain.png - 304 null image/png 10.6349ms
2024-11-29 21:32:25.916 +01:00 [INF] Request finished HTTP/1.1 GET http://localhost:5214/images/pexels.jpg - 304 null image/jpeg 4.2918ms
2024-11-29 21:32:43.162 +01:00 [INF] Request starting HTTP/1.1 GET http://localhost:5214/images/profile.jpg - null null
2024-11-29 21:32:43.169 +01:00 [INF] Sending file. Request path: '/images/profile.jpg'. Physical path: 'C:\Users\ahmad\OneDrive\Skrivebord\Sub-Application-2---React\api\wwwroot\images\profile.jpg'
2024-11-29 21:32:43.169 +01:00 [INF] Request finished HTTP/1.1 GET http://localhost:5214/images/profile.jpg - 200 17436 image/jpeg 7.5678ms
2024-11-29 21:32:49.652 +01:00 [INF] Request starting HTTP/1.1 GET http://localhost:5214/api/postapi/posts - null null
2024-11-29 21:32:49.655 +01:00 [INF] CORS policy execution successful.
2024-11-29 21:32:49.655 +01:00 [INF] Executing endpoint 'Aplzz.Controllers.PostAPIController.GetPosts (api)'
2024-11-29 21:32:49.656 +01:00 [INF] Route matched with {action = "GetPosts", controller = "PostAPI"}. Executing controller action with signature System.Threading.Tasks.Task`1[Microsoft.AspNetCore.Mvc.IActionResult] GetPosts() on controller Aplzz.Controllers.PostAPIController (api).
2024-11-29 21:32:49.701 +01:00 [INF] Executing OkObjectResult, writing value of type 'System.Collections.Generic.List`1[[Aplzz.Models.Post, api, Version=1.0.0.0, Culture=neutral, PublicKeyToken=null]]'.
2024-11-29 21:32:49.707 +01:00 [INF] Executed action Aplzz.Controllers.PostAPIController.GetPosts (api) in 51.1401ms
2024-11-29 21:32:49.707 +01:00 [INF] Executed endpoint 'Aplzz.Controllers.PostAPIController.GetPosts (api)'
2024-11-29 21:32:49.707 +01:00 [INF] Request finished HTTP/1.1 GET http://localhost:5214/api/postapi/posts - 200 8795 application/json; charset=utf-8 54.7983ms
2024-11-29 21:32:49.708 +01:00 [INF] Request starting HTTP/1.1 GET http://localhost:5214/api/postapi/posts - null null
2024-11-29 21:32:49.708 +01:00 [INF] CORS policy execution successful.
2024-11-29 21:32:49.709 +01:00 [INF] Executing endpoint 'Aplzz.Controllers.PostAPIController.GetPosts (api)'
2024-11-29 21:32:49.709 +01:00 [INF] Route matched with {action = "GetPosts", controller = "PostAPI"}. Executing controller action with signature System.Threading.Tasks.Task`1[Microsoft.AspNetCore.Mvc.IActionResult] GetPosts() on controller Aplzz.Controllers.PostAPIController (api).
2024-11-29 21:32:49.716 +01:00 [INF] Executing OkObjectResult, writing value of type 'System.Collections.Generic.List`1[[Aplzz.Models.Post, api, Version=1.0.0.0, Culture=neutral, PublicKeyToken=null]]'.
2024-11-29 21:32:49.721 +01:00 [INF] Executed action Aplzz.Controllers.PostAPIController.GetPosts (api) in 12.5768ms
2024-11-29 21:32:49.721 +01:00 [INF] Executed endpoint 'Aplzz.Controllers.PostAPIController.GetPosts (api)'
2024-11-29 21:32:49.721 +01:00 [INF] Request finished HTTP/1.1 GET http://localhost:5214/api/postapi/posts - 200 8795 application/json; charset=utf-8 13.2018ms
2024-11-29 21:47:42.977 +01:00 [INF] Request starting HTTP/1.1 GET http://localhost:5214/api/postapi/posts - null null
2024-11-29 21:47:42.979 +01:00 [INF] CORS policy execution successful.
2024-11-29 21:47:42.979 +01:00 [INF] Executing endpoint 'Aplzz.Controllers.PostAPIController.GetPosts (api)'
2024-11-29 21:47:42.979 +01:00 [INF] Route matched with {action = "GetPosts", controller = "PostAPI"}. Executing controller action with signature System.Threading.Tasks.Task`1[Microsoft.AspNetCore.Mvc.IActionResult] GetPosts() on controller Aplzz.Controllers.PostAPIController (api).
2024-11-29 21:47:42.991 +01:00 [INF] Executing OkObjectResult, writing value of type 'System.Collections.Generic.List`1[[Aplzz.Models.Post, api, Version=1.0.0.0, Culture=neutral, PublicKeyToken=null]]'.
2024-11-29 21:47:42.996 +01:00 [INF] Executed action Aplzz.Controllers.PostAPIController.GetPosts (api) in 16.9646ms
2024-11-29 21:47:42.996 +01:00 [INF] Executed endpoint 'Aplzz.Controllers.PostAPIController.GetPosts (api)'
2024-11-29 21:47:42.996 +01:00 [INF] Request finished HTTP/1.1 GET http://localhost:5214/api/postapi/posts - 200 8795 application/json; charset=utf-8 19.1389ms
2024-11-29 21:47:42.998 +01:00 [INF] Request starting HTTP/1.1 GET http://localhost:5214/api/postapi/posts - null null
2024-11-29 21:47:42.998 +01:00 [INF] CORS policy execution successful.
2024-11-29 21:47:42.998 +01:00 [INF] Executing endpoint 'Aplzz.Controllers.PostAPIController.GetPosts (api)'
2024-11-29 21:47:43.000 +01:00 [INF] Route matched with {action = "GetPosts", controller = "PostAPI"}. Executing controller action with signature System.Threading.Tasks.Task`1[Microsoft.AspNetCore.Mvc.IActionResult] GetPosts() on controller Aplzz.Controllers.PostAPIController (api).
2024-11-29 21:47:43.006 +01:00 [INF] Executing OkObjectResult, writing value of type 'System.Collections.Generic.List`1[[Aplzz.Models.Post, api, Version=1.0.0.0, Culture=neutral, PublicKeyToken=null]]'.
2024-11-29 21:47:43.011 +01:00 [INF] Executed action Aplzz.Controllers.PostAPIController.GetPosts (api) in 10.8395ms
2024-11-29 21:47:43.011 +01:00 [INF] Executed endpoint 'Aplzz.Controllers.PostAPIController.GetPosts (api)'
2024-11-29 21:47:43.012 +01:00 [INF] Request finished HTTP/1.1 GET http://localhost:5214/api/postapi/posts - 200 8795 application/json; charset=utf-8 13.8705ms
2024-11-29 21:47:44.824 +01:00 [INF] Request starting HTTP/1.1 GET http://localhost:5214/api/postapi/posts - null null
2024-11-29 21:47:44.824 +01:00 [INF] CORS policy execution successful.
2024-11-29 21:47:44.825 +01:00 [INF] Executing endpoint 'Aplzz.Controllers.PostAPIController.GetPosts (api)'
2024-11-29 21:47:44.825 +01:00 [INF] Route matched with {action = "GetPosts", controller = "PostAPI"}. Executing controller action with signature System.Threading.Tasks.Task`1[Microsoft.AspNetCore.Mvc.IActionResult] GetPosts() on controller Aplzz.Controllers.PostAPIController (api).
2024-11-29 21:47:44.831 +01:00 [INF] Executing OkObjectResult, writing value of type 'System.Collections.Generic.List`1[[Aplzz.Models.Post, api, Version=1.0.0.0, Culture=neutral, PublicKeyToken=null]]'.
2024-11-29 21:47:44.835 +01:00 [INF] Executed action Aplzz.Controllers.PostAPIController.GetPosts (api) in 10.3336ms
2024-11-29 21:47:44.835 +01:00 [INF] Executed endpoint 'Aplzz.Controllers.PostAPIController.GetPosts (api)'
2024-11-29 21:47:44.835 +01:00 [INF] Request finished HTTP/1.1 GET http://localhost:5214/api/postapi/posts - 200 8795 application/json; charset=utf-8 10.9232ms
2024-11-29 21:47:44.836 +01:00 [INF] Request starting HTTP/1.1 GET http://localhost:5214/api/postapi/posts - null null
2024-11-29 21:47:44.836 +01:00 [INF] CORS policy execution successful.
2024-11-29 21:47:44.836 +01:00 [INF] Executing endpoint 'Aplzz.Controllers.PostAPIController.GetPosts (api)'
2024-11-29 21:47:44.836 +01:00 [INF] Route matched with {action = "GetPosts", controller = "PostAPI"}. Executing controller action with signature System.Threading.Tasks.Task`1[Microsoft.AspNetCore.Mvc.IActionResult] GetPosts() on controller Aplzz.Controllers.PostAPIController (api).
2024-11-29 21:47:44.841 +01:00 [INF] Executing OkObjectResult, writing value of type 'System.Collections.Generic.List`1[[Aplzz.Models.Post, api, Version=1.0.0.0, Culture=neutral, PublicKeyToken=null]]'.
2024-11-29 21:47:44.845 +01:00 [INF] Executed action Aplzz.Controllers.PostAPIController.GetPosts (api) in 9.1747ms
2024-11-29 21:47:44.845 +01:00 [INF] Executed endpoint 'Aplzz.Controllers.PostAPIController.GetPosts (api)'
2024-11-29 21:47:44.846 +01:00 [INF] Request finished HTTP/1.1 GET http://localhost:5214/api/postapi/posts - 200 8795 application/json; charset=utf-8 9.6711ms
2024-11-29 21:47:48.054 +01:00 [INF] Request starting HTTP/1.1 GET http://localhost:5214/api/postapi/posts - null null
2024-11-29 21:47:48.054 +01:00 [INF] CORS policy execution successful.
2024-11-29 21:47:48.054 +01:00 [INF] Executing endpoint 'Aplzz.Controllers.PostAPIController.GetPosts (api)'
2024-11-29 21:47:48.054 +01:00 [INF] Route matched with {action = "GetPosts", controller = "PostAPI"}. Executing controller action with signature System.Threading.Tasks.Task`1[Microsoft.AspNetCore.Mvc.IActionResult] GetPosts() on controller Aplzz.Controllers.PostAPIController (api).
2024-11-29 21:47:48.059 +01:00 [INF] Executing OkObjectResult, writing value of type 'System.Collections.Generic.List`1[[Aplzz.Models.Post, api, Version=1.0.0.0, Culture=neutral, PublicKeyToken=null]]'.
2024-11-29 21:47:48.063 +01:00 [INF] Executed action Aplzz.Controllers.PostAPIController.GetPosts (api) in 9.0338ms
2024-11-29 21:47:48.063 +01:00 [INF] Executed endpoint 'Aplzz.Controllers.PostAPIController.GetPosts (api)'
2024-11-29 21:47:48.063 +01:00 [INF] Request finished HTTP/1.1 GET http://localhost:5214/api/postapi/posts - 200 8795 application/json; charset=utf-8 9.5744ms
2024-11-29 21:47:48.064 +01:00 [INF] Request starting HTTP/1.1 GET http://localhost:5214/api/postapi/posts - null null
2024-11-29 21:47:48.064 +01:00 [INF] CORS policy execution successful.
2024-11-29 21:47:48.064 +01:00 [INF] Executing endpoint 'Aplzz.Controllers.PostAPIController.GetPosts (api)'
2024-11-29 21:47:48.064 +01:00 [INF] Route matched with {action = "GetPosts", controller = "PostAPI"}. Executing controller action with signature System.Threading.Tasks.Task`1[Microsoft.AspNetCore.Mvc.IActionResult] GetPosts() on controller Aplzz.Controllers.PostAPIController (api).
2024-11-29 21:47:48.069 +01:00 [INF] Executing OkObjectResult, writing value of type 'System.Collections.Generic.List`1[[Aplzz.Models.Post, api, Version=1.0.0.0, Culture=neutral, PublicKeyToken=null]]'.
2024-11-29 21:47:48.076 +01:00 [INF] Executed action Aplzz.Controllers.PostAPIController.GetPosts (api) in 12.1722ms
2024-11-29 21:47:48.076 +01:00 [INF] Executed endpoint 'Aplzz.Controllers.PostAPIController.GetPosts (api)'
2024-11-29 21:47:48.076 +01:00 [INF] Request finished HTTP/1.1 GET http://localhost:5214/api/postapi/posts - 200 8795 application/json; charset=utf-8 12.7867ms
2024-11-29 21:47:49.680 +01:00 [INF] Request starting HTTP/1.1 GET http://localhost:5214/api/postapi/2 - null null
2024-11-29 21:47:49.680 +01:00 [INF] CORS policy execution successful.
2024-11-29 21:47:49.680 +01:00 [INF] Executing endpoint 'Aplzz.Controllers.PostAPIController.GetPost (api)'
2024-11-29 21:47:49.687 +01:00 [INF] Route matched with {action = "GetPost", controller = "PostAPI"}. Executing controller action with signature System.Threading.Tasks.Task`1[Microsoft.AspNetCore.Mvc.IActionResult] GetPost(Int32) on controller Aplzz.Controllers.PostAPIController (api).
2024-11-29 21:47:49.710 +01:00 [WRN] Compiling a query which loads related collections for more than one collection navigation, either via 'Include' or through projection, but no 'QuerySplittingBehavior' has been configured. By default, Entity Framework will use 'QuerySplittingBehavior.SingleQuery', which can potentially result in slow query performance. See https://go.microsoft.com/fwlink/?linkid=2134277 for more information. To identify the query that's triggering this warning call 'ConfigureWarnings(w => w.Throw(RelationalEventId.MultipleCollectionIncludeWarning))'.
2024-11-29 21:47:49.718 +01:00 [INF] Executing OkObjectResult, writing value of type 'Castle.Proxies.PostProxy'.
2024-11-29 21:47:49.724 +01:00 [INF] Executed action Aplzz.Controllers.PostAPIController.GetPost (api) in 37.0152ms
2024-11-29 21:47:49.724 +01:00 [INF] Executed endpoint 'Aplzz.Controllers.PostAPIController.GetPost (api)'
2024-11-29 21:47:49.724 +01:00 [INF] Request finished HTTP/1.1 GET http://localhost:5214/api/postapi/2 - 200 2908 application/json; charset=utf-8 43.9325ms
2024-11-29 21:47:49.724 +01:00 [INF] Request starting HTTP/1.1 GET http://localhost:5214/api/postapi/2 - null null
2024-11-29 21:47:49.725 +01:00 [INF] CORS policy execution successful.
2024-11-29 21:47:49.725 +01:00 [INF] Executing endpoint 'Aplzz.Controllers.PostAPIController.GetPost (api)'
2024-11-29 21:47:49.725 +01:00 [INF] Route matched with {action = "GetPost", controller = "PostAPI"}. Executing controller action with signature System.Threading.Tasks.Task`1[Microsoft.AspNetCore.Mvc.IActionResult] GetPost(Int32) on controller Aplzz.Controllers.PostAPIController (api).
2024-11-29 21:47:49.729 +01:00 [INF] Executing OkObjectResult, writing value of type 'Castle.Proxies.PostProxy'.
2024-11-29 21:47:49.735 +01:00 [INF] Executed action Aplzz.Controllers.PostAPIController.GetPost (api) in 9.8043ms
2024-11-29 21:47:49.735 +01:00 [INF] Executed endpoint 'Aplzz.Controllers.PostAPIController.GetPost (api)'
2024-11-29 21:47:49.735 +01:00 [INF] Request finished HTTP/1.1 GET http://localhost:5214/api/postapi/2 - 200 2908 application/json; charset=utf-8 10.2652ms
2024-11-29 21:47:51.014 +01:00 [INF] Request starting HTTP/1.1 OPTIONS http://localhost:5214/api/postapi/update/2 - null null
2024-11-29 21:47:51.014 +01:00 [INF] CORS policy execution successful.
2024-11-29 21:47:51.015 +01:00 [INF] Request finished HTTP/1.1 OPTIONS http://localhost:5214/api/postapi/update/2 - 204 null null 0.8395ms
2024-11-29 21:47:51.016 +01:00 [INF] Request starting HTTP/1.1 PUT http://localhost:5214/api/postapi/update/2 - multipart/form-data; boundary=----WebKitFormBoundarylNlzuRxB1ku6hYio 261
2024-11-29 21:47:51.016 +01:00 [INF] CORS policy execution successful.
2024-11-29 21:47:51.016 +01:00 [INF] Executing endpoint 'Aplzz.Controllers.PostAPIController.Update (api)'
2024-11-29 21:47:51.023 +01:00 [INF] Route matched with {action = "Update", controller = "PostAPI"}. Executing controller action with signature System.Threading.Tasks.Task`1[Microsoft.AspNetCore.Mvc.IActionResult] Update(Int32, Aplzz.Models.Post, Microsoft.AspNetCore.Http.IFormFile) on controller Aplzz.Controllers.PostAPIController (api).
2024-11-29 21:47:51.066 +01:00 [INF] Executing OkObjectResult, writing value of type 'Castle.Proxies.PostProxy'.
2024-11-29 21:47:51.071 +01:00 [INF] Executed action Aplzz.Controllers.PostAPIController.Update (api) in 48.6528ms
2024-11-29 21:47:51.071 +01:00 [INF] Executed endpoint 'Aplzz.Controllers.PostAPIController.Update (api)'
2024-11-29 21:47:51.072 +01:00 [INF] Request finished HTTP/1.1 PUT http://localhost:5214/api/postapi/update/2 - 200 2908 application/json; charset=utf-8 55.7553ms
2024-11-29 21:47:51.077 +01:00 [INF] Request starting HTTP/1.1 GET http://localhost:5214/api/postapi/posts - null null
2024-11-29 21:47:51.077 +01:00 [INF] CORS policy execution successful.
2024-11-29 21:47:51.077 +01:00 [INF] Executing endpoint 'Aplzz.Controllers.PostAPIController.GetPosts (api)'
2024-11-29 21:47:51.077 +01:00 [INF] Route matched with {action = "GetPosts", controller = "PostAPI"}. Executing controller action with signature System.Threading.Tasks.Task`1[Microsoft.AspNetCore.Mvc.IActionResult] GetPosts() on controller Aplzz.Controllers.PostAPIController (api).
2024-11-29 21:47:51.082 +01:00 [INF] Executing OkObjectResult, writing value of type 'System.Collections.Generic.List`1[[Aplzz.Models.Post, api, Version=1.0.0.0, Culture=neutral, PublicKeyToken=null]]'.
2024-11-29 21:47:51.086 +01:00 [INF] Executed action Aplzz.Controllers.PostAPIController.GetPosts (api) in 8.6942ms
2024-11-29 21:47:51.086 +01:00 [INF] Executed endpoint 'Aplzz.Controllers.PostAPIController.GetPosts (api)'
2024-11-29 21:47:51.086 +01:00 [INF] Request finished HTTP/1.1 GET http://localhost:5214/api/postapi/posts - 200 8795 application/json; charset=utf-8 9.1505ms
2024-11-29 21:47:51.087 +01:00 [INF] Request starting HTTP/1.1 GET http://localhost:5214/api/postapi/posts - null null
2024-11-29 21:47:51.087 +01:00 [INF] CORS policy execution successful.
2024-11-29 21:47:51.087 +01:00 [INF] Executing endpoint 'Aplzz.Controllers.PostAPIController.GetPosts (api)'
2024-11-29 21:47:51.087 +01:00 [INF] Route matched with {action = "GetPosts", controller = "PostAPI"}. Executing controller action with signature System.Threading.Tasks.Task`1[Microsoft.AspNetCore.Mvc.IActionResult] GetPosts() on controller Aplzz.Controllers.PostAPIController (api).
2024-11-29 21:47:51.091 +01:00 [INF] Executing OkObjectResult, writing value of type 'System.Collections.Generic.List`1[[Aplzz.Models.Post, api, Version=1.0.0.0, Culture=neutral, PublicKeyToken=null]]'.
2024-11-29 21:47:51.095 +01:00 [INF] Executed action Aplzz.Controllers.PostAPIController.GetPosts (api) in 7.8619ms
2024-11-29 21:47:51.095 +01:00 [INF] Executed endpoint 'Aplzz.Controllers.PostAPIController.GetPosts (api)'
2024-11-29 21:47:51.095 +01:00 [INF] Request finished HTTP/1.1 GET http://localhost:5214/api/postapi/posts - 200 8795 application/json; charset=utf-8 8.2811ms
2024-11-29 21:48:06.588 +01:00 [INF] Request starting HTTP/1.1 GET http://localhost:5214/api/postapi/posts - null null
2024-11-29 21:48:06.589 +01:00 [INF] CORS policy execution successful.
2024-11-29 21:48:06.589 +01:00 [INF] Executing endpoint 'Aplzz.Controllers.PostAPIController.GetPosts (api)'
2024-11-29 21:48:06.589 +01:00 [INF] Route matched with {action = "GetPosts", controller = "PostAPI"}. Executing controller action with signature System.Threading.Tasks.Task`1[Microsoft.AspNetCore.Mvc.IActionResult] GetPosts() on controller Aplzz.Controllers.PostAPIController (api).
2024-11-29 21:48:06.594 +01:00 [INF] Executing OkObjectResult, writing value of type 'System.Collections.Generic.List`1[[Aplzz.Models.Post, api, Version=1.0.0.0, Culture=neutral, PublicKeyToken=null]]'.
2024-11-29 21:48:06.599 +01:00 [INF] Executed action Aplzz.Controllers.PostAPIController.GetPosts (api) in 9.7782ms
2024-11-29 21:48:06.599 +01:00 [INF] Executed endpoint 'Aplzz.Controllers.PostAPIController.GetPosts (api)'
2024-11-29 21:48:06.599 +01:00 [INF] Request finished HTTP/1.1 GET http://localhost:5214/api/postapi/posts - 200 8795 application/json; charset=utf-8 10.5896ms
2024-11-29 21:48:06.600 +01:00 [INF] Request starting HTTP/1.1 GET http://localhost:5214/api/postapi/posts - null null
2024-11-29 21:48:06.600 +01:00 [INF] CORS policy execution successful.
2024-11-29 21:48:06.600 +01:00 [INF] Executing endpoint 'Aplzz.Controllers.PostAPIController.GetPosts (api)'
2024-11-29 21:48:06.600 +01:00 [INF] Route matched with {action = "GetPosts", controller = "PostAPI"}. Executing controller action with signature System.Threading.Tasks.Task`1[Microsoft.AspNetCore.Mvc.IActionResult] GetPosts() on controller Aplzz.Controllers.PostAPIController (api).
2024-11-29 21:48:06.605 +01:00 [INF] Executing OkObjectResult, writing value of type 'System.Collections.Generic.List`1[[Aplzz.Models.Post, api, Version=1.0.0.0, Culture=neutral, PublicKeyToken=null]]'.
2024-11-29 21:48:06.609 +01:00 [INF] Executed action Aplzz.Controllers.PostAPIController.GetPosts (api) in 8.6225ms
2024-11-29 21:48:06.609 +01:00 [INF] Executed endpoint 'Aplzz.Controllers.PostAPIController.GetPosts (api)'
2024-11-29 21:48:06.609 +01:00 [INF] Request finished HTTP/1.1 GET http://localhost:5214/api/postapi/posts - 200 8795 application/json; charset=utf-8 9.1383ms
2024-11-29 21:48:10.479 +01:00 [INF] Request starting HTTP/1.1 GET http://localhost:5214/api/postapi/posts - null null
2024-11-29 21:48:10.480 +01:00 [INF] CORS policy execution successful.
2024-11-29 21:48:10.480 +01:00 [INF] Executing endpoint 'Aplzz.Controllers.PostAPIController.GetPosts (api)'
2024-11-29 21:48:10.480 +01:00 [INF] Route matched with {action = "GetPosts", controller = "PostAPI"}. Executing controller action with signature System.Threading.Tasks.Task`1[Microsoft.AspNetCore.Mvc.IActionResult] GetPosts() on controller Aplzz.Controllers.PostAPIController (api).
2024-11-29 21:48:10.486 +01:00 [INF] Executing OkObjectResult, writing value of type 'System.Collections.Generic.List`1[[Aplzz.Models.Post, api, Version=1.0.0.0, Culture=neutral, PublicKeyToken=null]]'.
2024-11-29 21:48:10.491 +01:00 [INF] Executed action Aplzz.Controllers.PostAPIController.GetPosts (api) in 11.1372ms
2024-11-29 21:48:10.491 +01:00 [INF] Executed endpoint 'Aplzz.Controllers.PostAPIController.GetPosts (api)'
2024-11-29 21:48:10.491 +01:00 [INF] Request finished HTTP/1.1 GET http://localhost:5214/api/postapi/posts - 200 8795 application/json; charset=utf-8 11.7174ms
2024-11-29 21:48:10.492 +01:00 [INF] Request starting HTTP/1.1 GET http://localhost:5214/api/postapi/posts - null null
2024-11-29 21:48:10.492 +01:00 [INF] CORS policy execution successful.
2024-11-29 21:48:10.492 +01:00 [INF] Executing endpoint 'Aplzz.Controllers.PostAPIController.GetPosts (api)'
2024-11-29 21:48:10.492 +01:00 [INF] Route matched with {action = "GetPosts", controller = "PostAPI"}. Executing controller action with signature System.Threading.Tasks.Task`1[Microsoft.AspNetCore.Mvc.IActionResult] GetPosts() on controller Aplzz.Controllers.PostAPIController (api).
2024-11-29 21:48:10.497 +01:00 [INF] Executing OkObjectResult, writing value of type 'System.Collections.Generic.List`1[[Aplzz.Models.Post, api, Version=1.0.0.0, Culture=neutral, PublicKeyToken=null]]'.
2024-11-29 21:48:10.500 +01:00 [INF] Executed action Aplzz.Controllers.PostAPIController.GetPosts (api) in 8.2826ms
2024-11-29 21:48:10.500 +01:00 [INF] Executed endpoint 'Aplzz.Controllers.PostAPIController.GetPosts (api)'
2024-11-29 21:48:10.500 +01:00 [INF] Request finished HTTP/1.1 GET http://localhost:5214/api/postapi/posts - 200 8795 application/json; charset=utf-8 8.7875ms
2024-11-29 21:48:14.470 +01:00 [INF] Request starting HTTP/1.1 GET http://localhost:5214/api/postapi/posts - null null
2024-11-29 21:48:14.470 +01:00 [INF] CORS policy execution successful.
2024-11-29 21:48:14.471 +01:00 [INF] Executing endpoint 'Aplzz.Controllers.PostAPIController.GetPosts (api)'
2024-11-29 21:48:14.471 +01:00 [INF] Route matched with {action = "GetPosts", controller = "PostAPI"}. Executing controller action with signature System.Threading.Tasks.Task`1[Microsoft.AspNetCore.Mvc.IActionResult] GetPosts() on controller Aplzz.Controllers.PostAPIController (api).
2024-11-29 21:48:14.476 +01:00 [INF] Executing OkObjectResult, writing value of type 'System.Collections.Generic.List`1[[Aplzz.Models.Post, api, Version=1.0.0.0, Culture=neutral, PublicKeyToken=null]]'.
2024-11-29 21:48:14.479 +01:00 [INF] Executed action Aplzz.Controllers.PostAPIController.GetPosts (api) in 8.5906ms
2024-11-29 21:48:14.479 +01:00 [INF] Executed endpoint 'Aplzz.Controllers.PostAPIController.GetPosts (api)'
2024-11-29 21:48:14.479 +01:00 [INF] Request finished HTTP/1.1 GET http://localhost:5214/api/postapi/posts - 200 8795 application/json; charset=utf-8 9.1303ms
2024-11-29 21:48:14.480 +01:00 [INF] Request starting HTTP/1.1 GET http://localhost:5214/api/postapi/posts - null null
2024-11-29 21:48:14.480 +01:00 [INF] CORS policy execution successful.
2024-11-29 21:48:14.480 +01:00 [INF] Executing endpoint 'Aplzz.Controllers.PostAPIController.GetPosts (api)'
2024-11-29 21:48:14.480 +01:00 [INF] Route matched with {action = "GetPosts", controller = "PostAPI"}. Executing controller action with signature System.Threading.Tasks.Task`1[Microsoft.AspNetCore.Mvc.IActionResult] GetPosts() on controller Aplzz.Controllers.PostAPIController (api).
2024-11-29 21:48:14.485 +01:00 [INF] Executing OkObjectResult, writing value of type 'System.Collections.Generic.List`1[[Aplzz.Models.Post, api, Version=1.0.0.0, Culture=neutral, PublicKeyToken=null]]'.
2024-11-29 21:48:14.488 +01:00 [INF] Executed action Aplzz.Controllers.PostAPIController.GetPosts (api) in 8.1229ms
2024-11-29 21:48:14.488 +01:00 [INF] Executed endpoint 'Aplzz.Controllers.PostAPIController.GetPosts (api)'
2024-11-29 21:48:14.489 +01:00 [INF] Request finished HTTP/1.1 GET http://localhost:5214/api/postapi/posts - 200 8795 application/json; charset=utf-8 8.6ms
2024-11-29 21:48:16.935 +01:00 [INF] Request starting HTTP/1.1 GET http://localhost:5214/api/postapi/posts - null null
2024-11-29 21:48:16.935 +01:00 [INF] CORS policy execution successful.
2024-11-29 21:48:16.935 +01:00 [INF] Executing endpoint 'Aplzz.Controllers.PostAPIController.GetPosts (api)'
2024-11-29 21:48:16.935 +01:00 [INF] Route matched with {action = "GetPosts", controller = "PostAPI"}. Executing controller action with signature System.Threading.Tasks.Task`1[Microsoft.AspNetCore.Mvc.IActionResult] GetPosts() on controller Aplzz.Controllers.PostAPIController (api).
2024-11-29 21:48:16.941 +01:00 [INF] Executing OkObjectResult, writing value of type 'System.Collections.Generic.List`1[[Aplzz.Models.Post, api, Version=1.0.0.0, Culture=neutral, PublicKeyToken=null]]'.
2024-11-29 21:48:16.944 +01:00 [INF] Executed action Aplzz.Controllers.PostAPIController.GetPosts (api) in 8.7768ms
2024-11-29 21:48:16.944 +01:00 [INF] Executed endpoint 'Aplzz.Controllers.PostAPIController.GetPosts (api)'
2024-11-29 21:48:16.944 +01:00 [INF] Request finished HTTP/1.1 GET http://localhost:5214/api/postapi/posts - 200 8795 application/json; charset=utf-8 9.3492ms
2024-11-29 21:48:16.945 +01:00 [INF] Request starting HTTP/1.1 GET http://localhost:5214/api/postapi/posts - null null
2024-11-29 21:48:16.945 +01:00 [INF] CORS policy execution successful.
2024-11-29 21:48:16.945 +01:00 [INF] Executing endpoint 'Aplzz.Controllers.PostAPIController.GetPosts (api)'
2024-11-29 21:48:16.945 +01:00 [INF] Route matched with {action = "GetPosts", controller = "PostAPI"}. Executing controller action with signature System.Threading.Tasks.Task`1[Microsoft.AspNetCore.Mvc.IActionResult] GetPosts() on controller Aplzz.Controllers.PostAPIController (api).
2024-11-29 21:48:16.949 +01:00 [INF] Executing OkObjectResult, writing value of type 'System.Collections.Generic.List`1[[Aplzz.Models.Post, api, Version=1.0.0.0, Culture=neutral, PublicKeyToken=null]]'.
2024-11-29 21:48:16.953 +01:00 [INF] Executed action Aplzz.Controllers.PostAPIController.GetPosts (api) in 8.0616ms
2024-11-29 21:48:16.953 +01:00 [INF] Executed endpoint 'Aplzz.Controllers.PostAPIController.GetPosts (api)'
2024-11-29 21:48:16.953 +01:00 [INF] Request finished HTTP/1.1 GET http://localhost:5214/api/postapi/posts - 200 8795 application/json; charset=utf-8 8.5288ms
2024-11-29 21:48:37.213 +01:00 [INF] Request starting HTTP/1.1 GET http://localhost:5214/api/postapi/posts - null null
2024-11-29 21:48:37.217 +01:00 [INF] CORS policy execution successful.
2024-11-29 21:48:37.217 +01:00 [INF] Executing endpoint 'Aplzz.Controllers.PostAPIController.GetPosts (api)'
2024-11-29 21:48:37.217 +01:00 [INF] Route matched with {action = "GetPosts", controller = "PostAPI"}. Executing controller action with signature System.Threading.Tasks.Task`1[Microsoft.AspNetCore.Mvc.IActionResult] GetPosts() on controller Aplzz.Controllers.PostAPIController (api).
2024-11-29 21:48:37.227 +01:00 [INF] Executing OkObjectResult, writing value of type 'System.Collections.Generic.List`1[[Aplzz.Models.Post, api, Version=1.0.0.0, Culture=neutral, PublicKeyToken=null]]'.
2024-11-29 21:48:37.231 +01:00 [INF] Executed action Aplzz.Controllers.PostAPIController.GetPosts (api) in 10.8585ms
2024-11-29 21:48:37.231 +01:00 [INF] Executed endpoint 'Aplzz.Controllers.PostAPIController.GetPosts (api)'
2024-11-29 21:48:37.231 +01:00 [INF] Request finished HTTP/1.1 GET http://localhost:5214/api/postapi/posts - 200 8795 application/json; charset=utf-8 17.3805ms
2024-11-29 21:48:37.232 +01:00 [INF] Request starting HTTP/1.1 GET http://localhost:5214/api/postapi/posts - null null
2024-11-29 21:48:37.234 +01:00 [INF] CORS policy execution successful.
2024-11-29 21:48:37.235 +01:00 [INF] Executing endpoint 'Aplzz.Controllers.PostAPIController.GetPosts (api)'
2024-11-29 21:48:37.236 +01:00 [INF] Route matched with {action = "GetPosts", controller = "PostAPI"}. Executing controller action with signature System.Threading.Tasks.Task`1[Microsoft.AspNetCore.Mvc.IActionResult] GetPosts() on controller Aplzz.Controllers.PostAPIController (api).
2024-11-29 21:48:37.244 +01:00 [INF] Executing OkObjectResult, writing value of type 'System.Collections.Generic.List`1[[Aplzz.Models.Post, api, Version=1.0.0.0, Culture=neutral, PublicKeyToken=null]]'.
2024-11-29 21:48:37.249 +01:00 [INF] Executed action Aplzz.Controllers.PostAPIController.GetPosts (api) in 13.4545ms
2024-11-29 21:48:37.249 +01:00 [INF] Executed endpoint 'Aplzz.Controllers.PostAPIController.GetPosts (api)'
2024-11-29 21:48:37.249 +01:00 [INF] Request finished HTTP/1.1 GET http://localhost:5214/api/postapi/posts - 200 8795 application/json; charset=utf-8 17.6297ms
