2024-11-30 23:50:25.305 +01:00 [INF] User profile is available. Using 'C:\Users\ahmad\AppData\Local\ASP.NET\DataProtection-Keys' as key repository and Windows DPAPI to encrypt keys at rest.
2024-11-30 23:50:25.434 +01:00 [INF] Now listening on: https://localhost:7135
2024-11-30 23:50:25.436 +01:00 [INF] Now listening on: http://localhost:5214
2024-11-30 23:50:25.440 +01:00 [INF] Application started. Press Ctrl+C to shut down.
2024-11-30 23:50:25.442 +01:00 [INF] Hosting environment: Development
2024-11-30 23:50:25.443 +01:00 [INF] Content root path: C:\Users\ahmad\OneDrive\Skrivebord\Sub-Application-2---React\api
2024-11-30 23:54:49.205 +01:00 [INF] Request starting HTTP/1.1 GET http://localhost:5214/api/postapi/posts - null null
2024-11-30 23:54:49.244 +01:00 [INF] CORS policy execution successful.
2024-11-30 23:54:49.245 +01:00 [INF] Executing endpoint 'Aplzz.Controllers.PostAPIController.GetPosts (api)'
2024-11-30 23:54:49.257 +01:00 [INF] Route matched with {action = "GetPosts", controller = "PostAPI"}. Executing controller action with signature System.Threading.Tasks.Task`1[Microsoft.AspNetCore.Mvc.IActionResult] GetPosts() on controller Aplzz.Controllers.PostAPIController (api).
2024-11-30 23:54:49.552 +01:00 [WRN] Compiling a query which loads related collections for more than one collection navigation, either via 'Include' or through projection, but no 'QuerySplittingBehavior' has been configured. By default, Entity Framework will use 'QuerySplittingBehavior.SingleQuery', which can potentially result in slow query performance. See https://go.microsoft.com/fwlink/?linkid=2134277 for more information. To identify the query that's triggering this warning call 'ConfigureWarnings(w => w.Throw(RelationalEventId.MultipleCollectionIncludeWarning))'.
2024-11-30 23:54:49.607 +01:00 [INF] Executing OkObjectResult, writing value of type 'System.Collections.Generic.List`1[[Aplzz.Models.Post, api, Version=1.0.0.0, Culture=neutral, PublicKeyToken=null]]'.
2024-11-30 23:54:49.702 +01:00 [INF] Executed action Aplzz.Controllers.PostAPIController.GetPosts (api) in 441.362ms
2024-11-30 23:54:49.703 +01:00 [INF] Executed endpoint 'Aplzz.Controllers.PostAPIController.GetPosts (api)'
2024-11-30 23:54:49.706 +01:00 [INF] Request finished HTTP/1.1 GET http://localhost:5214/api/postapi/posts - 200 8804 application/json; charset=utf-8 502.9796ms
2024-11-30 23:54:49.708 +01:00 [INF] Request starting HTTP/1.1 GET http://localhost:5214/api/postapi/posts - null null
2024-11-30 23:54:49.710 +01:00 [INF] CORS policy execution successful.
2024-11-30 23:54:49.710 +01:00 [INF] Executing endpoint 'Aplzz.Controllers.PostAPIController.GetPosts (api)'
2024-11-30 23:54:49.710 +01:00 [INF] Route matched with {action = "GetPosts", controller = "PostAPI"}. Executing controller action with signature System.Threading.Tasks.Task`1[Microsoft.AspNetCore.Mvc.IActionResult] GetPosts() on controller Aplzz.Controllers.PostAPIController (api).
2024-11-30 23:54:49.755 +01:00 [INF] Executing OkObjectResult, writing value of type 'System.Collections.Generic.List`1[[Aplzz.Models.Post, api, Version=1.0.0.0, Culture=neutral, PublicKeyToken=null]]'.
2024-11-30 23:54:49.760 +01:00 [INF] Executed action Aplzz.Controllers.PostAPIController.GetPosts (api) in 49.3806ms
2024-11-30 23:54:49.760 +01:00 [INF] Executed endpoint 'Aplzz.Controllers.PostAPIController.GetPosts (api)'
2024-11-30 23:54:49.760 +01:00 [INF] Request finished HTTP/1.1 GET http://localhost:5214/api/postapi/posts - 200 8804 application/json; charset=utf-8 52.5016ms
2024-11-30 23:54:56.775 +01:00 [INF] Request starting HTTP/1.1 OPTIONS http://localhost:5214/api/loginApi/loginPost - null null
2024-11-30 23:54:56.776 +01:00 [INF] CORS policy execution successful.
2024-11-30 23:54:56.777 +01:00 [INF] Request finished HTTP/1.1 OPTIONS http://localhost:5214/api/loginApi/loginPost - 204 null null 2.3118ms
2024-11-30 23:54:56.778 +01:00 [INF] Request starting HTTP/1.1 POST http://localhost:5214/api/loginApi/loginPost - application/json 53
2024-11-30 23:54:56.779 +01:00 [INF] CORS policy execution successful.
2024-11-30 23:54:56.779 +01:00 [INF] Executing endpoint 'Aplzz.Controllers.LoginAPIController.Index (api)'
2024-11-30 23:54:56.784 +01:00 [INF] Route matched with {action = "Index", controller = "LoginAPI"}. Executing controller action with signature Microsoft.AspNetCore.Mvc.IActionResult Index(Aplzz.Models.LoginModel) on controller Aplzz.Controllers.LoginAPIController (api).
2024-11-30 23:54:56.823 +01:00 [INF] Executing NotFoundObjectResult, writing value of type 'System.String'.
2024-11-30 23:54:56.823 +01:00 [INF] Executed action Aplzz.Controllers.LoginAPIController.Index (api) in 39.0811ms
2024-11-30 23:54:56.823 +01:00 [INF] Executed endpoint 'Aplzz.Controllers.LoginAPIController.Index (api)'
2024-11-30 23:54:56.823 +01:00 [INF] Request finished HTTP/1.1 POST http://localhost:5214/api/loginApi/loginPost - 404 null text/plain; charset=utf-8 45.4511ms
2024-11-30 23:55:01.374 +01:00 [INF] Request starting HTTP/1.1 POST http://localhost:5214/api/loginApi/loginPost - application/json 53
2024-11-30 23:55:01.374 +01:00 [INF] CORS policy execution successful.
2024-11-30 23:55:01.374 +01:00 [INF] Executing endpoint 'Aplzz.Controllers.LoginAPIController.Index (api)'
2024-11-30 23:55:01.374 +01:00 [INF] Route matched with {action = "Index", controller = "LoginAPI"}. Executing controller action with signature Microsoft.AspNetCore.Mvc.IActionResult Index(Aplzz.Models.LoginModel) on controller Aplzz.Controllers.LoginAPIController (api).
2024-11-30 23:55:01.380 +01:00 [INF] Executing NotFoundObjectResult, writing value of type 'System.String'.
2024-11-30 23:55:01.380 +01:00 [INF] Executed action Aplzz.Controllers.LoginAPIController.Index (api) in 6.0637ms
2024-11-30 23:55:01.380 +01:00 [INF] Executed endpoint 'Aplzz.Controllers.LoginAPIController.Index (api)'
2024-11-30 23:55:01.381 +01:00 [INF] Request finished HTTP/1.1 POST http://localhost:5214/api/loginApi/loginPost - 404 null text/plain; charset=utf-8 6.7544ms
2024-11-30 23:57:00.459 +01:00 [INF] Request starting HTTP/1.1 GET http://localhost:5214/api/postapi - null null
2024-11-30 23:57:00.477 +01:00 [WRN] Error unprotecting the session cookie.
System.Security.Cryptography.CryptographicException: The payload was invalid. For more information go to https://aka.ms/aspnet/dataprotectionwarning
   at Microsoft.AspNetCore.DataProtection.Cng.CbcAuthenticatedEncryptor.DecryptImpl(Byte* pbCiphertext, UInt32 cbCiphertext, Byte* pbAdditionalAuthenticatedData, UInt32 cbAdditionalAuthenticatedData)
   at Microsoft.AspNetCore.DataProtection.Cng.Internal.CngAuthenticatedEncryptorBase.Decrypt(ArraySegment`1 ciphertext, ArraySegment`1 additionalAuthenticatedData)
   at Microsoft.AspNetCore.DataProtection.KeyManagement.KeyRingBasedDataProtector.UnprotectCore(Byte[] protectedData, Boolean allowOperationsOnRevokedKeys, UnprotectStatus& status)
   at Microsoft.AspNetCore.DataProtection.KeyManagement.KeyRingBasedDataProtector.Unprotect(Byte[] protectedData)
   at Microsoft.AspNetCore.Session.CookieProtection.Unprotect(IDataProtector protector, String protectedText, ILogger logger)
2024-11-30 23:57:00.478 +01:00 [INF] Request finished HTTP/1.1 GET http://localhost:5214/api/postapi - 404 0 null 18.7248ms
2024-11-30 23:57:00.478 +01:00 [INF] Request reached the end of the middleware pipeline without being handled by application code. Request path: GET http://localhost:5214/api/postapi, Response status code: 404
2024-11-30 23:57:02.163 +01:00 [INF] Request starting HTTP/1.1 GET http://localhost:5214/ - null null
2024-11-30 23:57:02.165 +01:00 [WRN] Error unprotecting the session cookie.
System.Security.Cryptography.CryptographicException: The payload was invalid. For more information go to https://aka.ms/aspnet/dataprotectionwarning
   at Microsoft.AspNetCore.DataProtection.Cng.CbcAuthenticatedEncryptor.DecryptImpl(Byte* pbCiphertext, UInt32 cbCiphertext, Byte* pbAdditionalAuthenticatedData, UInt32 cbAdditionalAuthenticatedData)
   at Microsoft.AspNetCore.DataProtection.Cng.Internal.CngAuthenticatedEncryptorBase.Decrypt(ArraySegment`1 ciphertext, ArraySegment`1 additionalAuthenticatedData)
   at Microsoft.AspNetCore.DataProtection.KeyManagement.KeyRingBasedDataProtector.UnprotectCore(Byte[] protectedData, Boolean allowOperationsOnRevokedKeys, UnprotectStatus& status)
   at Microsoft.AspNetCore.DataProtection.KeyManagement.KeyRingBasedDataProtector.Unprotect(Byte[] protectedData)
   at Microsoft.AspNetCore.Session.CookieProtection.Unprotect(IDataProtector protector, String protectedText, ILogger logger)
2024-11-30 23:57:02.166 +01:00 [INF] Request finished HTTP/1.1 GET http://localhost:5214/ - 404 0 null 2.8173ms
2024-11-30 23:57:02.166 +01:00 [INF] Request reached the end of the middleware pipeline without being handled by application code. Request path: GET http://localhost:5214/, Response status code: 404
2024-11-30 23:57:05.856 +01:00 [INF] Request starting HTTP/1.1 GET http://localhost:5214/swagger/index.html - null null
2024-11-30 23:57:05.890 +01:00 [INF] Request finished HTTP/1.1 GET http://localhost:5214/swagger/index.html - 200 null text/html;charset=utf-8 34.2804ms
2024-11-30 23:57:06.022 +01:00 [INF] Request starting HTTP/1.1 GET http://localhost:5214/swagger/v1/swagger.json - null null
2024-11-30 23:57:06.046 +01:00 [ERR] An unhandled exception has occurred while executing the request.
Swashbuckle.AspNetCore.SwaggerGen.SwaggerGeneratorException: Ambiguous HTTP method for action - Aplzz.Controllers.AccountProfileController.Index (api). Actions require an explicit HttpMethod binding for Swagger/OpenAPI 3.0
   at Swashbuckle.AspNetCore.SwaggerGen.SwaggerGenerator.GenerateOperations(IEnumerable`1 apiDescriptions, SchemaRepository schemaRepository)
   at Swashbuckle.AspNetCore.SwaggerGen.SwaggerGenerator.GeneratePaths(IEnumerable`1 apiDescriptions, SchemaRepository schemaRepository)
   at Swashbuckle.AspNetCore.SwaggerGen.SwaggerGenerator.GetSwaggerDocumentWithoutFilters(String documentName, String host, String basePath)
   at Swashbuckle.AspNetCore.SwaggerGen.SwaggerGenerator.GetSwaggerAsync(String documentName, String host, String basePath)
   at Swashbuckle.AspNetCore.Swagger.SwaggerMiddleware.Invoke(HttpContext httpContext, ISwaggerProvider swaggerProvider)
   at Microsoft.AspNetCore.Diagnostics.DeveloperExceptionPageMiddlewareImpl.Invoke(HttpContext context)
2024-11-30 23:57:06.049 +01:00 [INF] Request finished HTTP/1.1 GET http://localhost:5214/swagger/v1/swagger.json - 500 null text/plain; charset=utf-8 27.3306ms
2024-11-30 23:57:37.292 +01:00 [INF] Request starting HTTP/1.1 GET http://localhost:5214/swagger/v1/swagger.json - null null
2024-11-30 23:57:37.299 +01:00 [ERR] An unhandled exception has occurred while executing the request.
Swashbuckle.AspNetCore.SwaggerGen.SwaggerGeneratorException: Ambiguous HTTP method for action - Aplzz.Controllers.AccountProfileController.Index (api). Actions require an explicit HttpMethod binding for Swagger/OpenAPI 3.0
   at Swashbuckle.AspNetCore.SwaggerGen.SwaggerGenerator.GenerateOperations(IEnumerable`1 apiDescriptions, SchemaRepository schemaRepository)
   at Swashbuckle.AspNetCore.SwaggerGen.SwaggerGenerator.GeneratePaths(IEnumerable`1 apiDescriptions, SchemaRepository schemaRepository)
   at Swashbuckle.AspNetCore.SwaggerGen.SwaggerGenerator.GetSwaggerDocumentWithoutFilters(String documentName, String host, String basePath)
   at Swashbuckle.AspNetCore.SwaggerGen.SwaggerGenerator.GetSwaggerAsync(String documentName, String host, String basePath)
   at Swashbuckle.AspNetCore.Swagger.SwaggerMiddleware.Invoke(HttpContext httpContext, ISwaggerProvider swaggerProvider)
   at Microsoft.AspNetCore.Diagnostics.DeveloperExceptionPageMiddlewareImpl.Invoke(HttpContext context)
2024-11-30 23:57:37.308 +01:00 [INF] Request finished HTTP/1.1 GET http://localhost:5214/swagger/v1/swagger.json - 500 null text/html; charset=utf-8 16.2887ms
