2024-11-27 22:45:37.755 +01:00 [INF] User profile is available. Using '/Users/libansulub/.aspnet/DataProtection-Keys' as key repository; keys will not be encrypted at rest.
2024-11-27 22:45:38.554 +01:00 [WRN] The ASP.NET Core developer certificate is not trusted. For information about trusting the ASP.NET Core developer certificate, see https://aka.ms/aspnet/https-trust-dev-cert.
2024-11-27 22:45:38.586 +01:00 [INF] Now listening on: https://localhost:7135
2024-11-27 22:45:38.589 +01:00 [INF] Now listening on: http://localhost:5214
2024-11-27 22:45:38.594 +01:00 [INF] Application started. Press Ctrl+C to shut down.
2024-11-27 22:45:38.596 +01:00 [INF] Hosting environment: Development
2024-11-27 22:45:38.597 +01:00 [INF] Content root path: /Users/libansulub/Documents/Sub-Application 2 - React/api
2024-11-27 22:46:24.248 +01:00 [INF] Request starting HTTP/1.1 GET http://localhost:5214/api/postapi - null null
2024-11-27 22:46:24.337 +01:00 [INF] CORS policy execution successful.
2024-11-27 22:46:24.375 +01:00 [INF] Request finished HTTP/1.1 GET http://localhost:5214/api/postapi - 404 0 null 125.771ms
2024-11-27 22:46:24.377 +01:00 [INF] Request reached the end of the middleware pipeline without being handled by application code. Request path: GET http://localhost:5214/api/postapi, Response status code: 404
2024-11-27 22:46:24.378 +01:00 [INF] Request starting HTTP/1.1 GET http://localhost:5214/api/postapi - null null
2024-11-27 22:46:24.380 +01:00 [INF] CORS policy execution successful.
2024-11-27 22:46:24.381 +01:00 [INF] Request finished HTTP/1.1 GET http://localhost:5214/api/postapi - 404 0 null 2.3916ms
2024-11-27 22:46:24.381 +01:00 [INF] Request reached the end of the middleware pipeline without being handled by application code. Request path: GET http://localhost:5214/api/postapi, Response status code: 404
2024-11-27 22:48:33.223 +01:00 [INF] Request starting HTTP/1.1 GET http://localhost:5214/api/postapi - null null
2024-11-27 22:48:33.232 +01:00 [INF] CORS policy execution successful.
2024-11-27 22:48:33.233 +01:00 [INF] Request finished HTTP/1.1 GET http://localhost:5214/api/postapi - 404 0 null 10.3325ms
2024-11-27 22:48:33.233 +01:00 [INF] Request reached the end of the middleware pipeline without being handled by application code. Request path: GET http://localhost:5214/api/postapi, Response status code: 404
2024-11-27 22:48:33.285 +01:00 [INF] Request starting HTTP/1.1 GET http://localhost:5214/api/postapi - null null
2024-11-27 22:48:33.286 +01:00 [INF] CORS policy execution successful.
2024-11-27 22:48:33.286 +01:00 [INF] Request finished HTTP/1.1 GET http://localhost:5214/api/postapi - 404 0 null 0.7212ms
2024-11-27 22:48:33.286 +01:00 [INF] Request reached the end of the middleware pipeline without being handled by application code. Request path: GET http://localhost:5214/api/postapi, Response status code: 404
2024-11-27 22:49:56.936 +01:00 [INF] Request starting HTTP/1.1 GET http://localhost:5214/api/postapi/posts - null null
2024-11-27 22:49:56.950 +01:00 [INF] CORS policy execution successful.
2024-11-27 22:49:56.954 +01:00 [INF] Executing endpoint 'Aplzz.Controllers.PostAPIController.GetPosts (api)'
2024-11-27 22:49:56.990 +01:00 [INF] Route matched with {action = "GetPosts", controller = "PostAPI"}. Executing controller action with signature System.Threading.Tasks.Task`1[Microsoft.AspNetCore.Mvc.IActionResult] GetPosts() on controller Aplzz.Controllers.PostAPIController (api).
2024-11-27 22:49:57.644 +01:00 [WRN] Compiling a query which loads related collections for more than one collection navigation, either via 'Include' or through projection, but no 'QuerySplittingBehavior' has been configured. By default, Entity Framework will use 'QuerySplittingBehavior.SingleQuery', which can potentially result in slow query performance. See https://go.microsoft.com/fwlink/?linkid=2134277 for more information. To identify the query that's triggering this warning call 'ConfigureWarnings(w => w.Throw(RelationalEventId.MultipleCollectionIncludeWarning))'.
2024-11-27 22:49:57.781 +01:00 [INF] Executing OkObjectResult, writing value of type 'System.Collections.Generic.List`1[[Aplzz.Models.Post, api, Version=1.0.0.0, Culture=neutral, PublicKeyToken=null]]'.
2024-11-27 22:49:57.964 +01:00 [INF] Executed action Aplzz.Controllers.PostAPIController.GetPosts (api) in 968.8183ms
2024-11-27 22:49:57.964 +01:00 [INF] Executed endpoint 'Aplzz.Controllers.PostAPIController.GetPosts (api)'
2024-11-27 22:49:57.969 +01:00 [INF] Request finished HTTP/1.1 GET http://localhost:5214/api/postapi/posts - 200 1942 application/json; charset=utf-8 1033.3074ms
2024-11-27 22:49:58.045 +01:00 [INF] Request starting HTTP/1.1 GET http://localhost:5214/images/scott.jpg - null null
2024-11-27 22:49:58.045 +01:00 [INF] Request starting HTTP/1.1 GET http://localhost:5214/images/pexels.jpg - null null
2024-11-27 22:49:58.076 +01:00 [WRN] Error unprotecting the session cookie.
System.Security.Cryptography.CryptographicException: The payload was invalid. For more information go to https://aka.ms/aspnet/dataprotectionwarning
   at Microsoft.AspNetCore.DataProtection.Managed.ManagedAuthenticatedEncryptor.Decrypt(ArraySegment`1 protectedPayload, ArraySegment`1 additionalAuthenticatedData)
   at Microsoft.AspNetCore.DataProtection.KeyManagement.KeyRingBasedDataProtector.UnprotectCore(Byte[] protectedData, Boolean allowOperationsOnRevokedKeys, UnprotectStatus& status)
   at Microsoft.AspNetCore.DataProtection.KeyManagement.KeyRingBasedDataProtector.Unprotect(Byte[] protectedData)
   at Microsoft.AspNetCore.Session.CookieProtection.Unprotect(IDataProtector protector, String protectedText, ILogger logger)
2024-11-27 22:49:58.101 +01:00 [WRN] Error unprotecting the session cookie.
System.Security.Cryptography.CryptographicException: The payload was invalid. For more information go to https://aka.ms/aspnet/dataprotectionwarning
   at Microsoft.AspNetCore.DataProtection.Managed.ManagedAuthenticatedEncryptor.Decrypt(ArraySegment`1 protectedPayload, ArraySegment`1 additionalAuthenticatedData)
   at Microsoft.AspNetCore.DataProtection.KeyManagement.KeyRingBasedDataProtector.UnprotectCore(Byte[] protectedData, Boolean allowOperationsOnRevokedKeys, UnprotectStatus& status)
   at Microsoft.AspNetCore.DataProtection.KeyManagement.KeyRingBasedDataProtector.Unprotect(Byte[] protectedData)
   at Microsoft.AspNetCore.Session.CookieProtection.Unprotect(IDataProtector protector, String protectedText, ILogger logger)
2024-11-27 22:49:58.366 +01:00 [INF] Sending file. Request path: '/images/scott.jpg'. Physical path: '/Users/libansulub/Documents/Sub-Application 2 - React/api/wwwroot/images/scott.jpg'
2024-11-27 22:49:58.366 +01:00 [INF] Sending file. Request path: '/images/pexels.jpg'. Physical path: '/Users/libansulub/Documents/Sub-Application 2 - React/api/wwwroot/images/pexels.jpg'
2024-11-27 22:49:58.370 +01:00 [INF] Request finished HTTP/1.1 GET http://localhost:5214/images/pexels.jpg - 200 2472748 image/jpeg 324.8268ms
2024-11-27 22:49:58.370 +01:00 [INF] Request finished HTTP/1.1 GET http://localhost:5214/images/scott.jpg - 200 2722731 image/jpeg 324.8534ms
