2024-11-30 12:26:18.673 +01:00 [INF] User profile is available. Using 'C:\Users\ahmad\AppData\Local\ASP.NET\DataProtection-Keys' as key repository and Windows DPAPI to encrypt keys at rest.
2024-11-30 12:26:18.701 +01:00 [INF] Creating key {7e19975d-a967-4f3e-9b4f-f003a722834f} with creation date 2024-11-30 11:26:18Z, activation date 2024-12-01 22:58:29Z, and expiration date 2025-02-28 11:26:18Z.
2024-11-30 12:26:18.713 +01:00 [INF] Writing data to file 'C:\Users\ahmad\AppData\Local\ASP.NET\DataProtection-Keys\key-7e19975d-a967-4f3e-9b4f-f003a722834f.xml'.
2024-11-30 12:26:18.799 +01:00 [WRN] The ASP.NET Core developer certificate is not trusted. For information about trusting the ASP.NET Core developer certificate, see https://aka.ms/aspnet/https-trust-dev-cert.
2024-11-30 12:26:18.838 +01:00 [INF] Now listening on: https://localhost:7135
2024-11-30 12:26:18.840 +01:00 [INF] Now listening on: http://localhost:5214
2024-11-30 12:26:18.846 +01:00 [INF] Application started. Press Ctrl+C to shut down.
2024-11-30 12:26:18.849 +01:00 [INF] Hosting environment: Development
2024-11-30 12:26:18.851 +01:00 [INF] Content root path: C:\Users\ahmad\OneDrive\Skrivebord\Sub-Application-2---React\api
2024-11-30 12:26:38.082 +01:00 [INF] Request starting HTTP/1.1 GET http://localhost:5214/api/postapi/posts - null null
2024-11-30 12:26:38.116 +01:00 [INF] CORS policy execution successful.
2024-11-30 12:26:38.118 +01:00 [INF] Executing endpoint 'Aplzz.Controllers.PostAPIController.GetPosts (api)'
2024-11-30 12:26:38.133 +01:00 [INF] Route matched with {action = "GetPosts", controller = "PostAPI"}. Executing controller action with signature System.Threading.Tasks.Task`1[Microsoft.AspNetCore.Mvc.IActionResult] GetPosts() on controller Aplzz.Controllers.PostAPIController (api).
2024-11-30 12:26:38.152 +01:00 [INF] Request starting HTTP/1.1 GET http://localhost:5214/api/postapi/posts - null null
2024-11-30 12:26:38.160 +01:00 [INF] CORS policy execution successful.
2024-11-30 12:26:38.161 +01:00 [INF] Executing endpoint 'Aplzz.Controllers.PostAPIController.GetPosts (api)'
2024-11-30 12:26:38.161 +01:00 [INF] Route matched with {action = "GetPosts", controller = "PostAPI"}. Executing controller action with signature System.Threading.Tasks.Task`1[Microsoft.AspNetCore.Mvc.IActionResult] GetPosts() on controller Aplzz.Controllers.PostAPIController (api).
2024-11-30 12:26:38.535 +01:00 [WRN] Compiling a query which loads related collections for more than one collection navigation, either via 'Include' or through projection, but no 'QuerySplittingBehavior' has been configured. By default, Entity Framework will use 'QuerySplittingBehavior.SingleQuery', which can potentially result in slow query performance. See https://go.microsoft.com/fwlink/?linkid=2134277 for more information. To identify the query that's triggering this warning call 'ConfigureWarnings(w => w.Throw(RelationalEventId.MultipleCollectionIncludeWarning))'.
2024-11-30 12:26:38.619 +01:00 [INF] Executing OkObjectResult, writing value of type 'System.Collections.Generic.List`1[[Aplzz.Models.Post, api, Version=1.0.0.0, Culture=neutral, PublicKeyToken=null]]'.
2024-11-30 12:26:38.619 +01:00 [INF] Executing OkObjectResult, writing value of type 'System.Collections.Generic.List`1[[Aplzz.Models.Post, api, Version=1.0.0.0, Culture=neutral, PublicKeyToken=null]]'.
2024-11-30 12:26:38.767 +01:00 [INF] Executed action Aplzz.Controllers.PostAPIController.GetPosts (api) in 603.4454ms
2024-11-30 12:26:38.767 +01:00 [INF] Executed action Aplzz.Controllers.PostAPIController.GetPosts (api) in 630.8663ms
2024-11-30 12:26:38.769 +01:00 [INF] Executed endpoint 'Aplzz.Controllers.PostAPIController.GetPosts (api)'
2024-11-30 12:26:38.769 +01:00 [INF] Executed endpoint 'Aplzz.Controllers.PostAPIController.GetPosts (api)'
2024-11-30 12:26:38.774 +01:00 [INF] Request finished HTTP/1.1 GET http://localhost:5214/api/postapi/posts - 200 8807 application/json; charset=utf-8 692.9835ms
2024-11-30 12:26:38.774 +01:00 [INF] Request finished HTTP/1.1 GET http://localhost:5214/api/postapi/posts - 200 8807 application/json; charset=utf-8 622.0023ms
2024-11-30 12:26:38.895 +01:00 [INF] Request starting HTTP/1.1 GET http://localhost:5214/images/pexels.jpg - null null
2024-11-30 12:26:38.896 +01:00 [INF] Request starting HTTP/1.1 GET http://localhost:5214/images/scott.jpg - null null
2024-11-30 12:26:38.896 +01:00 [INF] Request starting HTTP/1.1 GET http://localhost:5214/images/mountain.png - null null
2024-11-30 12:26:38.896 +01:00 [INF] Request starting HTTP/1.1 GET http://localhost:5214/images/profile.jpg - null null
2024-11-30 12:26:38.903 +01:00 [INF] The file /images/scott.jpg was not modified
2024-11-30 12:26:38.903 +01:00 [INF] The file /images/pexels.jpg was not modified
2024-11-30 12:26:38.903 +01:00 [INF] The file /images/mountain.png was not modified
2024-11-30 12:26:38.903 +01:00 [INF] The file /images/profile.jpg was not modified
2024-11-30 12:26:38.904 +01:00 [INF] Request finished HTTP/1.1 GET http://localhost:5214/images/mountain.png - 304 null image/png 8.1927ms
2024-11-30 12:26:38.904 +01:00 [INF] Request finished HTTP/1.1 GET http://localhost:5214/images/profile.jpg - 304 null image/jpeg 8.1482ms
2024-11-30 12:26:38.904 +01:00 [INF] Request finished HTTP/1.1 GET http://localhost:5214/images/pexels.jpg - 304 null image/jpeg 8.986ms
2024-11-30 12:26:38.904 +01:00 [INF] Request finished HTTP/1.1 GET http://localhost:5214/images/scott.jpg - 304 null image/jpeg 8.3969ms
2024-11-30 12:27:55.999 +01:00 [INF] Request starting HTTP/1.1 GET http://localhost:5214/api/postapi/posts - null null
2024-11-30 12:27:56.001 +01:00 [INF] CORS policy execution successful.
2024-11-30 12:27:56.001 +01:00 [INF] Executing endpoint 'Aplzz.Controllers.PostAPIController.GetPosts (api)'
2024-11-30 12:27:56.001 +01:00 [INF] Route matched with {action = "GetPosts", controller = "PostAPI"}. Executing controller action with signature System.Threading.Tasks.Task`1[Microsoft.AspNetCore.Mvc.IActionResult] GetPosts() on controller Aplzz.Controllers.PostAPIController (api).
2024-11-30 12:27:56.014 +01:00 [INF] Executing OkObjectResult, writing value of type 'System.Collections.Generic.List`1[[Aplzz.Models.Post, api, Version=1.0.0.0, Culture=neutral, PublicKeyToken=null]]'.
2024-11-30 12:27:56.021 +01:00 [INF] Executed action Aplzz.Controllers.PostAPIController.GetPosts (api) in 19.3082ms
2024-11-30 12:27:56.021 +01:00 [INF] Executed endpoint 'Aplzz.Controllers.PostAPIController.GetPosts (api)'
2024-11-30 12:27:56.021 +01:00 [INF] Request finished HTTP/1.1 GET http://localhost:5214/api/postapi/posts - 200 8807 application/json; charset=utf-8 22.3642ms
2024-11-30 12:27:56.023 +01:00 [INF] Request starting HTTP/1.1 GET http://localhost:5214/api/postapi/posts - null null
2024-11-30 12:27:56.025 +01:00 [INF] CORS policy execution successful.
2024-11-30 12:27:56.026 +01:00 [INF] Executing endpoint 'Aplzz.Controllers.PostAPIController.GetPosts (api)'
2024-11-30 12:27:56.027 +01:00 [INF] Route matched with {action = "GetPosts", controller = "PostAPI"}. Executing controller action with signature System.Threading.Tasks.Task`1[Microsoft.AspNetCore.Mvc.IActionResult] GetPosts() on controller Aplzz.Controllers.PostAPIController (api).
2024-11-30 12:27:56.034 +01:00 [INF] Executing OkObjectResult, writing value of type 'System.Collections.Generic.List`1[[Aplzz.Models.Post, api, Version=1.0.0.0, Culture=neutral, PublicKeyToken=null]]'.
2024-11-30 12:27:56.041 +01:00 [INF] Executed action Aplzz.Controllers.PostAPIController.GetPosts (api) in 13.9086ms
2024-11-30 12:27:56.041 +01:00 [INF] Executed endpoint 'Aplzz.Controllers.PostAPIController.GetPosts (api)'
2024-11-30 12:27:56.041 +01:00 [INF] Request finished HTTP/1.1 GET http://localhost:5214/api/postapi/posts - 200 8807 application/json; charset=utf-8 17.9386ms
2024-11-30 12:27:56.051 +01:00 [INF] Request starting HTTP/1.1 GET http://localhost:5214/images/profile.jpg - null null
2024-11-30 12:27:56.052 +01:00 [INF] Request starting HTTP/1.1 GET http://localhost:5214/images/mountain.png - null null
2024-11-30 12:27:56.052 +01:00 [INF] Request starting HTTP/1.1 GET http://localhost:5214/images/scott.jpg - null null
2024-11-30 12:27:56.052 +01:00 [INF] The file /images/profile.jpg was not modified
2024-11-30 12:27:56.054 +01:00 [INF] The file /images/mountain.png was not modified
2024-11-30 12:27:56.055 +01:00 [INF] Request finished HTTP/1.1 GET http://localhost:5214/images/mountain.png - 304 null image/png 3.2085ms
2024-11-30 12:27:56.056 +01:00 [INF] Request finished HTTP/1.1 GET http://localhost:5214/images/profile.jpg - 304 null image/jpeg 4.1434ms
2024-11-30 12:27:56.056 +01:00 [INF] The file /images/scott.jpg was not modified
2024-11-30 12:27:56.058 +01:00 [INF] Request finished HTTP/1.1 GET http://localhost:5214/images/scott.jpg - 304 null image/jpeg 4.9384ms
2024-11-30 12:27:56.058 +01:00 [INF] Request starting HTTP/1.1 GET http://localhost:5214/images/pexels.jpg - null null
2024-11-30 12:27:56.060 +01:00 [INF] The file /images/pexels.jpg was not modified
2024-11-30 12:27:56.060 +01:00 [INF] Request finished HTTP/1.1 GET http://localhost:5214/images/pexels.jpg - 304 null image/jpeg 2.557ms
2024-11-30 12:28:06.292 +01:00 [INF] Request starting HTTP/1.1 GET http://localhost:5214/api/postapi/posts - null null
2024-11-30 12:28:06.293 +01:00 [INF] CORS policy execution successful.
2024-11-30 12:28:06.293 +01:00 [INF] Executing endpoint 'Aplzz.Controllers.PostAPIController.GetPosts (api)'
2024-11-30 12:28:06.293 +01:00 [INF] Route matched with {action = "GetPosts", controller = "PostAPI"}. Executing controller action with signature System.Threading.Tasks.Task`1[Microsoft.AspNetCore.Mvc.IActionResult] GetPosts() on controller Aplzz.Controllers.PostAPIController (api).
2024-11-30 12:28:06.299 +01:00 [INF] Executing OkObjectResult, writing value of type 'System.Collections.Generic.List`1[[Aplzz.Models.Post, api, Version=1.0.0.0, Culture=neutral, PublicKeyToken=null]]'.
2024-11-30 12:28:06.303 +01:00 [INF] Executed action Aplzz.Controllers.PostAPIController.GetPosts (api) in 10.2752ms
2024-11-30 12:28:06.303 +01:00 [INF] Executed endpoint 'Aplzz.Controllers.PostAPIController.GetPosts (api)'
2024-11-30 12:28:06.303 +01:00 [INF] Request finished HTTP/1.1 GET http://localhost:5214/api/postapi/posts - 200 8807 application/json; charset=utf-8 10.9497ms
2024-11-30 12:28:06.304 +01:00 [INF] Request starting HTTP/1.1 GET http://localhost:5214/api/postapi/posts - null null
2024-11-30 12:28:06.304 +01:00 [INF] CORS policy execution successful.
2024-11-30 12:28:06.304 +01:00 [INF] Executing endpoint 'Aplzz.Controllers.PostAPIController.GetPosts (api)'
2024-11-30 12:28:06.304 +01:00 [INF] Route matched with {action = "GetPosts", controller = "PostAPI"}. Executing controller action with signature System.Threading.Tasks.Task`1[Microsoft.AspNetCore.Mvc.IActionResult] GetPosts() on controller Aplzz.Controllers.PostAPIController (api).
2024-11-30 12:28:06.309 +01:00 [INF] Executing OkObjectResult, writing value of type 'System.Collections.Generic.List`1[[Aplzz.Models.Post, api, Version=1.0.0.0, Culture=neutral, PublicKeyToken=null]]'.
2024-11-30 12:28:06.315 +01:00 [INF] Executed action Aplzz.Controllers.PostAPIController.GetPosts (api) in 10.2685ms
2024-11-30 12:28:06.315 +01:00 [INF] Executed endpoint 'Aplzz.Controllers.PostAPIController.GetPosts (api)'
2024-11-30 12:28:06.315 +01:00 [INF] Request finished HTTP/1.1 GET http://localhost:5214/api/postapi/posts - 200 8807 application/json; charset=utf-8 10.8208ms
2024-11-30 12:30:39.323 +01:00 [INF] Request starting HTTP/1.1 GET http://localhost:5214/api/postapi/posts - null null
2024-11-30 12:30:39.324 +01:00 [INF] CORS policy execution successful.
2024-11-30 12:30:39.324 +01:00 [INF] Executing endpoint 'Aplzz.Controllers.PostAPIController.GetPosts (api)'
2024-11-30 12:30:39.324 +01:00 [INF] Route matched with {action = "GetPosts", controller = "PostAPI"}. Executing controller action with signature System.Threading.Tasks.Task`1[Microsoft.AspNetCore.Mvc.IActionResult] GetPosts() on controller Aplzz.Controllers.PostAPIController (api).
2024-11-30 12:30:39.362 +01:00 [INF] Executing OkObjectResult, writing value of type 'System.Collections.Generic.List`1[[Aplzz.Models.Post, api, Version=1.0.0.0, Culture=neutral, PublicKeyToken=null]]'.
2024-11-30 12:30:39.367 +01:00 [INF] Executed action Aplzz.Controllers.PostAPIController.GetPosts (api) in 42.6603ms
2024-11-30 12:30:39.367 +01:00 [INF] Executed endpoint 'Aplzz.Controllers.PostAPIController.GetPosts (api)'
2024-11-30 12:30:39.367 +01:00 [INF] Request finished HTTP/1.1 GET http://localhost:5214/api/postapi/posts - 200 8807 application/json; charset=utf-8 43.8004ms
2024-11-30 12:30:39.367 +01:00 [INF] Request starting HTTP/1.1 GET http://localhost:5214/api/postapi/posts - null null
2024-11-30 12:30:39.367 +01:00 [INF] CORS policy execution successful.
2024-11-30 12:30:39.368 +01:00 [INF] Executing endpoint 'Aplzz.Controllers.PostAPIController.GetPosts (api)'
2024-11-30 12:30:39.368 +01:00 [INF] Route matched with {action = "GetPosts", controller = "PostAPI"}. Executing controller action with signature System.Threading.Tasks.Task`1[Microsoft.AspNetCore.Mvc.IActionResult] GetPosts() on controller Aplzz.Controllers.PostAPIController (api).
2024-11-30 12:30:39.373 +01:00 [INF] Executing OkObjectResult, writing value of type 'System.Collections.Generic.List`1[[Aplzz.Models.Post, api, Version=1.0.0.0, Culture=neutral, PublicKeyToken=null]]'.
2024-11-30 12:30:39.378 +01:00 [INF] Executed action Aplzz.Controllers.PostAPIController.GetPosts (api) in 10.2509ms
2024-11-30 12:30:39.378 +01:00 [INF] Executed endpoint 'Aplzz.Controllers.PostAPIController.GetPosts (api)'
2024-11-30 12:30:39.378 +01:00 [INF] Request finished HTTP/1.1 GET http://localhost:5214/api/postapi/posts - 200 8807 application/json; charset=utf-8 10.7987ms
2024-11-30 12:42:24.312 +01:00 [INF] Request starting HTTP/1.1 GET http://localhost:5214/api/postapi/posts - null null
2024-11-30 12:42:24.312 +01:00 [INF] CORS policy execution successful.
2024-11-30 12:42:24.312 +01:00 [INF] Executing endpoint 'Aplzz.Controllers.PostAPIController.GetPosts (api)'
2024-11-30 12:42:24.312 +01:00 [INF] Route matched with {action = "GetPosts", controller = "PostAPI"}. Executing controller action with signature System.Threading.Tasks.Task`1[Microsoft.AspNetCore.Mvc.IActionResult] GetPosts() on controller Aplzz.Controllers.PostAPIController (api).
2024-11-30 12:42:24.319 +01:00 [INF] Executing OkObjectResult, writing value of type 'System.Collections.Generic.List`1[[Aplzz.Models.Post, api, Version=1.0.0.0, Culture=neutral, PublicKeyToken=null]]'.
2024-11-30 12:42:24.324 +01:00 [INF] Executed action Aplzz.Controllers.PostAPIController.GetPosts (api) in 11.5593ms
2024-11-30 12:42:24.324 +01:00 [INF] Executed endpoint 'Aplzz.Controllers.PostAPIController.GetPosts (api)'
2024-11-30 12:42:24.324 +01:00 [INF] Request finished HTTP/1.1 GET http://localhost:5214/api/postapi/posts - 200 8807 application/json; charset=utf-8 12.2557ms
2024-11-30 12:42:24.325 +01:00 [INF] Request starting HTTP/1.1 GET http://localhost:5214/api/postapi/posts - null null
2024-11-30 12:42:24.325 +01:00 [INF] CORS policy execution successful.
2024-11-30 12:42:24.325 +01:00 [INF] Executing endpoint 'Aplzz.Controllers.PostAPIController.GetPosts (api)'
2024-11-30 12:42:24.325 +01:00 [INF] Route matched with {action = "GetPosts", controller = "PostAPI"}. Executing controller action with signature System.Threading.Tasks.Task`1[Microsoft.AspNetCore.Mvc.IActionResult] GetPosts() on controller Aplzz.Controllers.PostAPIController (api).
2024-11-30 12:42:24.330 +01:00 [INF] Executing OkObjectResult, writing value of type 'System.Collections.Generic.List`1[[Aplzz.Models.Post, api, Version=1.0.0.0, Culture=neutral, PublicKeyToken=null]]'.
2024-11-30 12:42:24.334 +01:00 [INF] Executed action Aplzz.Controllers.PostAPIController.GetPosts (api) in 8.2403ms
2024-11-30 12:42:24.334 +01:00 [INF] Executed endpoint 'Aplzz.Controllers.PostAPIController.GetPosts (api)'
2024-11-30 12:42:24.334 +01:00 [INF] Request finished HTTP/1.1 GET http://localhost:5214/api/postapi/posts - 200 8807 application/json; charset=utf-8 8.7277ms
2024-11-30 12:42:27.877 +01:00 [INF] Request starting HTTP/1.1 GET http://localhost:5214/api/postapi/2 - null null
2024-11-30 12:42:27.878 +01:00 [INF] CORS policy execution successful.
2024-11-30 12:42:27.878 +01:00 [INF] Executing endpoint 'Aplzz.Controllers.PostAPIController.GetPost (api)'
2024-11-30 12:42:27.884 +01:00 [INF] Route matched with {action = "GetPost", controller = "PostAPI"}. Executing controller action with signature System.Threading.Tasks.Task`1[Microsoft.AspNetCore.Mvc.IActionResult] GetPost(Int32) on controller Aplzz.Controllers.PostAPIController (api).
2024-11-30 12:42:27.908 +01:00 [WRN] Compiling a query which loads related collections for more than one collection navigation, either via 'Include' or through projection, but no 'QuerySplittingBehavior' has been configured. By default, Entity Framework will use 'QuerySplittingBehavior.SingleQuery', which can potentially result in slow query performance. See https://go.microsoft.com/fwlink/?linkid=2134277 for more information. To identify the query that's triggering this warning call 'ConfigureWarnings(w => w.Throw(RelationalEventId.MultipleCollectionIncludeWarning))'.
2024-11-30 12:42:27.915 +01:00 [INF] Executing OkObjectResult, writing value of type 'Castle.Proxies.PostProxy'.
2024-11-30 12:42:27.921 +01:00 [INF] Executed action Aplzz.Controllers.PostAPIController.GetPost (api) in 36.8825ms
2024-11-30 12:42:27.921 +01:00 [INF] Executed endpoint 'Aplzz.Controllers.PostAPIController.GetPost (api)'
2024-11-30 12:42:27.921 +01:00 [INF] Request finished HTTP/1.1 GET http://localhost:5214/api/postapi/2 - 200 2913 application/json; charset=utf-8 43.6238ms
2024-11-30 12:42:27.922 +01:00 [INF] Request starting HTTP/1.1 GET http://localhost:5214/api/postapi/2 - null null
2024-11-30 12:42:27.922 +01:00 [INF] CORS policy execution successful.
2024-11-30 12:42:27.922 +01:00 [INF] Executing endpoint 'Aplzz.Controllers.PostAPIController.GetPost (api)'
2024-11-30 12:42:27.922 +01:00 [INF] Route matched with {action = "GetPost", controller = "PostAPI"}. Executing controller action with signature System.Threading.Tasks.Task`1[Microsoft.AspNetCore.Mvc.IActionResult] GetPost(Int32) on controller Aplzz.Controllers.PostAPIController (api).
2024-11-30 12:42:27.927 +01:00 [INF] Executing OkObjectResult, writing value of type 'Castle.Proxies.PostProxy'.
2024-11-30 12:42:27.932 +01:00 [INF] Executed action Aplzz.Controllers.PostAPIController.GetPost (api) in 9.9741ms
2024-11-30 12:42:27.932 +01:00 [INF] Executed endpoint 'Aplzz.Controllers.PostAPIController.GetPost (api)'
2024-11-30 12:42:27.932 +01:00 [INF] Request finished HTTP/1.1 GET http://localhost:5214/api/postapi/2 - 200 2913 application/json; charset=utf-8 10.4274ms
2024-11-30 12:42:30.393 +01:00 [INF] Request starting HTTP/1.1 GET http://localhost:5214/api/postapi/6 - null null
2024-11-30 12:42:30.393 +01:00 [INF] CORS policy execution successful.
2024-11-30 12:42:30.393 +01:00 [INF] Executing endpoint 'Aplzz.Controllers.PostAPIController.GetPost (api)'
2024-11-30 12:42:30.393 +01:00 [INF] Route matched with {action = "GetPost", controller = "PostAPI"}. Executing controller action with signature System.Threading.Tasks.Task`1[Microsoft.AspNetCore.Mvc.IActionResult] GetPost(Int32) on controller Aplzz.Controllers.PostAPIController (api).
2024-11-30 12:42:30.400 +01:00 [ERR] [PostAPIController] Post not found for the PostId 0006
2024-11-30 12:42:30.401 +01:00 [INF] Executing NotFoundObjectResult, writing value of type 'System.String'.
2024-11-30 12:42:30.401 +01:00 [INF] Executed action Aplzz.Controllers.PostAPIController.GetPost (api) in 7.7679ms
2024-11-30 12:42:30.401 +01:00 [INF] Executed endpoint 'Aplzz.Controllers.PostAPIController.GetPost (api)'
2024-11-30 12:42:30.401 +01:00 [INF] Request finished HTTP/1.1 GET http://localhost:5214/api/postapi/6 - 404 null text/plain; charset=utf-8 8.3733ms
2024-11-30 12:42:30.402 +01:00 [INF] Request starting HTTP/1.1 GET http://localhost:5214/api/postapi/6 - null null
2024-11-30 12:42:30.402 +01:00 [INF] CORS policy execution successful.
2024-11-30 12:42:30.402 +01:00 [INF] Executing endpoint 'Aplzz.Controllers.PostAPIController.GetPost (api)'
2024-11-30 12:42:30.402 +01:00 [INF] Route matched with {action = "GetPost", controller = "PostAPI"}. Executing controller action with signature System.Threading.Tasks.Task`1[Microsoft.AspNetCore.Mvc.IActionResult] GetPost(Int32) on controller Aplzz.Controllers.PostAPIController (api).
2024-11-30 12:42:30.407 +01:00 [ERR] [PostAPIController] Post not found for the PostId 0006
2024-11-30 12:42:30.408 +01:00 [INF] Executing NotFoundObjectResult, writing value of type 'System.String'.
2024-11-30 12:42:30.408 +01:00 [INF] Executed action Aplzz.Controllers.PostAPIController.GetPost (api) in 5.7632ms
2024-11-30 12:42:30.408 +01:00 [INF] Executed endpoint 'Aplzz.Controllers.PostAPIController.GetPost (api)'
2024-11-30 12:42:30.408 +01:00 [INF] Request finished HTTP/1.1 GET http://localhost:5214/api/postapi/6 - 404 null text/plain; charset=utf-8 6.1745ms
2024-11-30 12:42:33.992 +01:00 [INF] Request starting HTTP/1.1 GET http://localhost:5214/api/postapi/1 - null null
2024-11-30 12:42:33.992 +01:00 [INF] CORS policy execution successful.
2024-11-30 12:42:33.992 +01:00 [INF] Executing endpoint 'Aplzz.Controllers.PostAPIController.GetPost (api)'
2024-11-30 12:42:33.992 +01:00 [INF] Route matched with {action = "GetPost", controller = "PostAPI"}. Executing controller action with signature System.Threading.Tasks.Task`1[Microsoft.AspNetCore.Mvc.IActionResult] GetPost(Int32) on controller Aplzz.Controllers.PostAPIController (api).
2024-11-30 12:42:33.997 +01:00 [INF] Executing OkObjectResult, writing value of type 'Castle.Proxies.PostProxy'.
2024-11-30 12:42:34.004 +01:00 [INF] Executed action Aplzz.Controllers.PostAPIController.GetPost (api) in 11.6535ms
2024-11-30 12:42:34.004 +01:00 [INF] Executed endpoint 'Aplzz.Controllers.PostAPIController.GetPost (api)'
2024-11-30 12:42:34.004 +01:00 [INF] Request finished HTTP/1.1 GET http://localhost:5214/api/postapi/1 - 200 2952 application/json; charset=utf-8 12.1478ms
2024-11-30 12:42:34.004 +01:00 [INF] Request starting HTTP/1.1 GET http://localhost:5214/api/postapi/1 - null null
2024-11-30 12:42:34.005 +01:00 [INF] CORS policy execution successful.
2024-11-30 12:42:34.005 +01:00 [INF] Executing endpoint 'Aplzz.Controllers.PostAPIController.GetPost (api)'
2024-11-30 12:42:34.005 +01:00 [INF] Route matched with {action = "GetPost", controller = "PostAPI"}. Executing controller action with signature System.Threading.Tasks.Task`1[Microsoft.AspNetCore.Mvc.IActionResult] GetPost(Int32) on controller Aplzz.Controllers.PostAPIController (api).
2024-11-30 12:42:34.009 +01:00 [INF] Executing OkObjectResult, writing value of type 'Castle.Proxies.PostProxy'.
2024-11-30 12:42:34.017 +01:00 [INF] Executed action Aplzz.Controllers.PostAPIController.GetPost (api) in 12.1056ms
2024-11-30 12:42:34.017 +01:00 [INF] Executed endpoint 'Aplzz.Controllers.PostAPIController.GetPost (api)'
2024-11-30 12:42:34.017 +01:00 [INF] Request finished HTTP/1.1 GET http://localhost:5214/api/postapi/1 - 200 2952 application/json; charset=utf-8 12.5516ms
2024-11-30 12:42:37.019 +01:00 [INF] Request starting HTTP/1.1 GET http://localhost:5214/api/postapi/2 - null null
2024-11-30 12:42:37.020 +01:00 [INF] CORS policy execution successful.
2024-11-30 12:42:37.020 +01:00 [INF] Executing endpoint 'Aplzz.Controllers.PostAPIController.GetPost (api)'
2024-11-30 12:42:37.020 +01:00 [INF] Route matched with {action = "GetPost", controller = "PostAPI"}. Executing controller action with signature System.Threading.Tasks.Task`1[Microsoft.AspNetCore.Mvc.IActionResult] GetPost(Int32) on controller Aplzz.Controllers.PostAPIController (api).
2024-11-30 12:42:37.025 +01:00 [INF] Executing OkObjectResult, writing value of type 'Castle.Proxies.PostProxy'.
2024-11-30 12:42:37.030 +01:00 [INF] Executed action Aplzz.Controllers.PostAPIController.GetPost (api) in 10.2957ms
2024-11-30 12:42:37.030 +01:00 [INF] Executed endpoint 'Aplzz.Controllers.PostAPIController.GetPost (api)'
2024-11-30 12:42:37.030 +01:00 [INF] Request finished HTTP/1.1 GET http://localhost:5214/api/postapi/2 - 200 2913 application/json; charset=utf-8 10.8152ms
2024-11-30 12:42:37.031 +01:00 [INF] Request starting HTTP/1.1 GET http://localhost:5214/api/postapi/2 - null null
2024-11-30 12:42:37.031 +01:00 [INF] CORS policy execution successful.
2024-11-30 12:42:37.031 +01:00 [INF] Executing endpoint 'Aplzz.Controllers.PostAPIController.GetPost (api)'
2024-11-30 12:42:37.031 +01:00 [INF] Route matched with {action = "GetPost", controller = "PostAPI"}. Executing controller action with signature System.Threading.Tasks.Task`1[Microsoft.AspNetCore.Mvc.IActionResult] GetPost(Int32) on controller Aplzz.Controllers.PostAPIController (api).
2024-11-30 12:42:37.035 +01:00 [INF] Executing OkObjectResult, writing value of type 'Castle.Proxies.PostProxy'.
2024-11-30 12:42:37.039 +01:00 [INF] Executed action Aplzz.Controllers.PostAPIController.GetPost (api) in 8.3941ms
2024-11-30 12:42:37.039 +01:00 [INF] Executed endpoint 'Aplzz.Controllers.PostAPIController.GetPost (api)'
2024-11-30 12:42:37.039 +01:00 [INF] Request finished HTTP/1.1 GET http://localhost:5214/api/postapi/2 - 200 2913 application/json; charset=utf-8 8.7975ms
2024-11-30 12:42:38.820 +01:00 [INF] Request starting HTTP/1.1 GET http://localhost:5214/api/postapi/3 - null null
2024-11-30 12:42:38.820 +01:00 [INF] CORS policy execution successful.
2024-11-30 12:42:38.820 +01:00 [INF] Executing endpoint 'Aplzz.Controllers.PostAPIController.GetPost (api)'
2024-11-30 12:42:38.820 +01:00 [INF] Route matched with {action = "GetPost", controller = "PostAPI"}. Executing controller action with signature System.Threading.Tasks.Task`1[Microsoft.AspNetCore.Mvc.IActionResult] GetPost(Int32) on controller Aplzz.Controllers.PostAPIController (api).
2024-11-30 12:42:38.825 +01:00 [INF] Executing OkObjectResult, writing value of type 'Castle.Proxies.PostProxy'.
2024-11-30 12:42:38.831 +01:00 [INF] Executed action Aplzz.Controllers.PostAPIController.GetPost (api) in 10.0853ms
2024-11-30 12:42:38.831 +01:00 [INF] Executed endpoint 'Aplzz.Controllers.PostAPIController.GetPost (api)'
2024-11-30 12:42:38.831 +01:00 [INF] Request finished HTTP/1.1 GET http://localhost:5214/api/postapi/3 - 200 2938 application/json; charset=utf-8 10.644ms
2024-11-30 12:42:38.831 +01:00 [INF] Request starting HTTP/1.1 GET http://localhost:5214/api/postapi/3 - null null
2024-11-30 12:42:38.831 +01:00 [INF] CORS policy execution successful.
2024-11-30 12:42:38.831 +01:00 [INF] Executing endpoint 'Aplzz.Controllers.PostAPIController.GetPost (api)'
2024-11-30 12:42:38.831 +01:00 [INF] Route matched with {action = "GetPost", controller = "PostAPI"}. Executing controller action with signature System.Threading.Tasks.Task`1[Microsoft.AspNetCore.Mvc.IActionResult] GetPost(Int32) on controller Aplzz.Controllers.PostAPIController (api).
2024-11-30 12:42:38.836 +01:00 [INF] Executing OkObjectResult, writing value of type 'Castle.Proxies.PostProxy'.
2024-11-30 12:42:38.840 +01:00 [INF] Executed action Aplzz.Controllers.PostAPIController.GetPost (api) in 8.758ms
2024-11-30 12:42:38.840 +01:00 [INF] Executed endpoint 'Aplzz.Controllers.PostAPIController.GetPost (api)'
2024-11-30 12:42:38.840 +01:00 [INF] Request finished HTTP/1.1 GET http://localhost:5214/api/postapi/3 - 200 2938 application/json; charset=utf-8 9.1721ms
2024-11-30 12:42:40.299 +01:00 [INF] Request starting HTTP/1.1 GET http://localhost:5214/api/postapi/posts - null null
2024-11-30 12:42:40.299 +01:00 [INF] CORS policy execution successful.
2024-11-30 12:42:40.299 +01:00 [INF] Executing endpoint 'Aplzz.Controllers.PostAPIController.GetPosts (api)'
2024-11-30 12:42:40.299 +01:00 [INF] Route matched with {action = "GetPosts", controller = "PostAPI"}. Executing controller action with signature System.Threading.Tasks.Task`1[Microsoft.AspNetCore.Mvc.IActionResult] GetPosts() on controller Aplzz.Controllers.PostAPIController (api).
2024-11-30 12:42:40.304 +01:00 [INF] Executing OkObjectResult, writing value of type 'System.Collections.Generic.List`1[[Aplzz.Models.Post, api, Version=1.0.0.0, Culture=neutral, PublicKeyToken=null]]'.
2024-11-30 12:42:40.307 +01:00 [INF] Executed action Aplzz.Controllers.PostAPIController.GetPosts (api) in 8.4336ms
2024-11-30 12:42:40.308 +01:00 [INF] Executed endpoint 'Aplzz.Controllers.PostAPIController.GetPosts (api)'
2024-11-30 12:42:40.308 +01:00 [INF] Request finished HTTP/1.1 GET http://localhost:5214/api/postapi/posts - 200 8807 application/json; charset=utf-8 8.954ms
2024-11-30 12:42:40.309 +01:00 [INF] Request starting HTTP/1.1 GET http://localhost:5214/api/postapi/posts - null null
2024-11-30 12:42:40.309 +01:00 [INF] CORS policy execution successful.
2024-11-30 12:42:40.309 +01:00 [INF] Executing endpoint 'Aplzz.Controllers.PostAPIController.GetPosts (api)'
2024-11-30 12:42:40.309 +01:00 [INF] Route matched with {action = "GetPosts", controller = "PostAPI"}. Executing controller action with signature System.Threading.Tasks.Task`1[Microsoft.AspNetCore.Mvc.IActionResult] GetPosts() on controller Aplzz.Controllers.PostAPIController (api).
2024-11-30 12:42:40.315 +01:00 [INF] Executing OkObjectResult, writing value of type 'System.Collections.Generic.List`1[[Aplzz.Models.Post, api, Version=1.0.0.0, Culture=neutral, PublicKeyToken=null]]'.
2024-11-30 12:42:40.319 +01:00 [INF] Executed action Aplzz.Controllers.PostAPIController.GetPosts (api) in 9.896ms
2024-11-30 12:42:40.319 +01:00 [INF] Executed endpoint 'Aplzz.Controllers.PostAPIController.GetPosts (api)'
2024-11-30 12:42:40.319 +01:00 [INF] Request finished HTTP/1.1 GET http://localhost:5214/api/postapi/posts - 200 8807 application/json; charset=utf-8 10.5703ms
