2024-11-28 14:34:24.223 +01:00 [INF] User profile is available. Using '/Users/libansulub/.aspnet/DataProtection-Keys' as key repository; keys will not be encrypted at rest.
2024-11-28 14:34:24.508 +01:00 [WRN] The ASP.NET Core developer certificate is not trusted. For information about trusting the ASP.NET Core developer certificate, see https://aka.ms/aspnet/https-trust-dev-cert.
2024-11-28 14:34:24.530 +01:00 [INF] Now listening on: https://localhost:7135
2024-11-28 14:34:24.531 +01:00 [INF] Now listening on: http://localhost:5214
2024-11-28 14:34:24.535 +01:00 [INF] Application started. Press Ctrl+C to shut down.
2024-11-28 14:34:24.536 +01:00 [INF] Hosting environment: Development
2024-11-28 14:34:24.536 +01:00 [INF] Content root path: /Users/libansulub/Documents/Sub-Application 2 - React/api
2024-11-28 14:34:32.843 +01:00 [INF] Request starting HTTP/1.1 GET http://localhost:5214/api/postapi/posts - null null
2024-11-28 14:34:32.879 +01:00 [INF] CORS policy execution successful.
2024-11-28 14:34:32.881 +01:00 [INF] Executing endpoint 'Aplzz.Controllers.PostAPIController.GetPosts (api)'
2024-11-28 14:34:32.895 +01:00 [INF] Route matched with {action = "GetPosts", controller = "PostAPI"}. Executing controller action with signature System.Threading.Tasks.Task`1[Microsoft.AspNetCore.Mvc.IActionResult] GetPosts() on controller Aplzz.Controllers.PostAPIController (api).
2024-11-28 14:34:33.180 +01:00 [WRN] Compiling a query which loads related collections for more than one collection navigation, either via 'Include' or through projection, but no 'QuerySplittingBehavior' has been configured. By default, Entity Framework will use 'QuerySplittingBehavior.SingleQuery', which can potentially result in slow query performance. See https://go.microsoft.com/fwlink/?linkid=2134277 for more information. To identify the query that's triggering this warning call 'ConfigureWarnings(w => w.Throw(RelationalEventId.MultipleCollectionIncludeWarning))'.
2024-11-28 14:34:33.230 +01:00 [INF] Executing OkObjectResult, writing value of type 'System.Collections.Generic.List`1[[Aplzz.Models.Post, api, Version=1.0.0.0, Culture=neutral, PublicKeyToken=null]]'.
2024-11-28 14:34:33.298 +01:00 [INF] Executed action Aplzz.Controllers.PostAPIController.GetPosts (api) in 400.3738ms
2024-11-28 14:34:33.298 +01:00 [INF] Executed endpoint 'Aplzz.Controllers.PostAPIController.GetPosts (api)'
2024-11-28 14:34:33.301 +01:00 [INF] Request finished HTTP/1.1 GET http://localhost:5214/api/postapi/posts - 200 3358 application/json; charset=utf-8 459.7025ms
2024-11-28 14:34:33.302 +01:00 [INF] Request starting HTTP/1.1 GET http://localhost:5214/api/postapi/posts - null null
2024-11-28 14:34:33.304 +01:00 [INF] CORS policy execution successful.
2024-11-28 14:34:33.304 +01:00 [INF] Executing endpoint 'Aplzz.Controllers.PostAPIController.GetPosts (api)'
2024-11-28 14:34:33.304 +01:00 [INF] Route matched with {action = "GetPosts", controller = "PostAPI"}. Executing controller action with signature System.Threading.Tasks.Task`1[Microsoft.AspNetCore.Mvc.IActionResult] GetPosts() on controller Aplzz.Controllers.PostAPIController (api).
2024-11-28 14:34:33.347 +01:00 [INF] Executing OkObjectResult, writing value of type 'System.Collections.Generic.List`1[[Aplzz.Models.Post, api, Version=1.0.0.0, Culture=neutral, PublicKeyToken=null]]'.
2024-11-28 14:34:33.348 +01:00 [INF] Executed action Aplzz.Controllers.PostAPIController.GetPosts (api) in 43.0994ms
2024-11-28 14:34:33.348 +01:00 [INF] Executed endpoint 'Aplzz.Controllers.PostAPIController.GetPosts (api)'
2024-11-28 14:34:33.348 +01:00 [INF] Request finished HTTP/1.1 GET http://localhost:5214/api/postapi/posts - 200 3358 application/json; charset=utf-8 45.7027ms
2024-11-28 14:34:42.150 +01:00 [INF] Request starting HTTP/1.1 GET http://localhost:5214/api/postapi/2 - null null
2024-11-28 14:34:42.155 +01:00 [INF] CORS policy execution successful.
2024-11-28 14:34:42.155 +01:00 [INF] Executing endpoint 'Aplzz.Controllers.PostAPIController.GetPost (api)'
2024-11-28 14:34:42.167 +01:00 [INF] Route matched with {action = "GetPost", controller = "PostAPI"}. Executing controller action with signature System.Threading.Tasks.Task`1[Microsoft.AspNetCore.Mvc.IActionResult] GetPost(Int32) on controller Aplzz.Controllers.PostAPIController (api).
2024-11-28 14:34:42.201 +01:00 [WRN] Compiling a query which loads related collections for more than one collection navigation, either via 'Include' or through projection, but no 'QuerySplittingBehavior' has been configured. By default, Entity Framework will use 'QuerySplittingBehavior.SingleQuery', which can potentially result in slow query performance. See https://go.microsoft.com/fwlink/?linkid=2134277 for more information. To identify the query that's triggering this warning call 'ConfigureWarnings(w => w.Throw(RelationalEventId.MultipleCollectionIncludeWarning))'.
2024-11-28 14:34:42.212 +01:00 [INF] Executing OkObjectResult, writing value of type 'Castle.Proxies.PostProxy'.
2024-11-28 14:34:42.213 +01:00 [INF] Executed action Aplzz.Controllers.PostAPIController.GetPost (api) in 45.9553ms
2024-11-28 14:34:42.213 +01:00 [INF] Executed endpoint 'Aplzz.Controllers.PostAPIController.GetPost (api)'
2024-11-28 14:34:42.214 +01:00 [INF] Request finished HTTP/1.1 GET http://localhost:5214/api/postapi/2 - 200 1025 application/json; charset=utf-8 64.0748ms
2024-11-28 14:34:42.214 +01:00 [INF] Request starting HTTP/1.1 GET http://localhost:5214/api/postapi/2 - null null
2024-11-28 14:34:42.214 +01:00 [INF] CORS policy execution successful.
2024-11-28 14:34:42.214 +01:00 [INF] Executing endpoint 'Aplzz.Controllers.PostAPIController.GetPost (api)'
2024-11-28 14:34:42.215 +01:00 [INF] Route matched with {action = "GetPost", controller = "PostAPI"}. Executing controller action with signature System.Threading.Tasks.Task`1[Microsoft.AspNetCore.Mvc.IActionResult] GetPost(Int32) on controller Aplzz.Controllers.PostAPIController (api).
2024-11-28 14:34:42.220 +01:00 [INF] Executing OkObjectResult, writing value of type 'Castle.Proxies.PostProxy'.
2024-11-28 14:34:42.221 +01:00 [INF] Executed action Aplzz.Controllers.PostAPIController.GetPost (api) in 5.9366ms
2024-11-28 14:34:42.221 +01:00 [INF] Executed endpoint 'Aplzz.Controllers.PostAPIController.GetPost (api)'
2024-11-28 14:34:42.221 +01:00 [INF] Request finished HTTP/1.1 GET http://localhost:5214/api/postapi/2 - 200 1025 application/json; charset=utf-8 6.7566ms
2024-11-28 14:34:44.122 +01:00 [INF] Request starting HTTP/1.1 GET http://localhost:5214/api/postapi/posts - null null
2024-11-28 14:34:44.123 +01:00 [INF] CORS policy execution successful.
2024-11-28 14:34:44.123 +01:00 [INF] Executing endpoint 'Aplzz.Controllers.PostAPIController.GetPosts (api)'
2024-11-28 14:34:44.123 +01:00 [INF] Route matched with {action = "GetPosts", controller = "PostAPI"}. Executing controller action with signature System.Threading.Tasks.Task`1[Microsoft.AspNetCore.Mvc.IActionResult] GetPosts() on controller Aplzz.Controllers.PostAPIController (api).
2024-11-28 14:34:44.134 +01:00 [INF] Executing OkObjectResult, writing value of type 'System.Collections.Generic.List`1[[Aplzz.Models.Post, api, Version=1.0.0.0, Culture=neutral, PublicKeyToken=null]]'.
2024-11-28 14:34:44.135 +01:00 [INF] Executed action Aplzz.Controllers.PostAPIController.GetPosts (api) in 12.081ms
2024-11-28 14:34:44.135 +01:00 [INF] Executed endpoint 'Aplzz.Controllers.PostAPIController.GetPosts (api)'
2024-11-28 14:34:44.136 +01:00 [INF] Request finished HTTP/1.1 GET http://localhost:5214/api/postapi/posts - 200 3358 application/json; charset=utf-8 14.0308ms
2024-11-28 14:34:44.186 +01:00 [INF] Request starting HTTP/1.1 GET http://localhost:5214/api/postapi/posts - null null
2024-11-28 14:34:44.186 +01:00 [INF] CORS policy execution successful.
2024-11-28 14:34:44.186 +01:00 [INF] Executing endpoint 'Aplzz.Controllers.PostAPIController.GetPosts (api)'
2024-11-28 14:34:44.187 +01:00 [INF] Route matched with {action = "GetPosts", controller = "PostAPI"}. Executing controller action with signature System.Threading.Tasks.Task`1[Microsoft.AspNetCore.Mvc.IActionResult] GetPosts() on controller Aplzz.Controllers.PostAPIController (api).
2024-11-28 14:34:44.193 +01:00 [INF] Executing OkObjectResult, writing value of type 'System.Collections.Generic.List`1[[Aplzz.Models.Post, api, Version=1.0.0.0, Culture=neutral, PublicKeyToken=null]]'.
2024-11-28 14:34:44.194 +01:00 [INF] Executed action Aplzz.Controllers.PostAPIController.GetPosts (api) in 6.9156ms
2024-11-28 14:34:44.194 +01:00 [INF] Executed endpoint 'Aplzz.Controllers.PostAPIController.GetPosts (api)'
2024-11-28 14:34:44.194 +01:00 [INF] Request finished HTTP/1.1 GET http://localhost:5214/api/postapi/posts - 200 3358 application/json; charset=utf-8 8.1429ms
2024-11-28 14:34:47.757 +01:00 [INF] Request starting HTTP/1.1 GET http://localhost:5214/api/postapi/2 - null null
2024-11-28 14:34:47.758 +01:00 [INF] CORS policy execution successful.
2024-11-28 14:34:47.758 +01:00 [INF] Executing endpoint 'Aplzz.Controllers.PostAPIController.GetPost (api)'
2024-11-28 14:34:47.758 +01:00 [INF] Route matched with {action = "GetPost", controller = "PostAPI"}. Executing controller action with signature System.Threading.Tasks.Task`1[Microsoft.AspNetCore.Mvc.IActionResult] GetPost(Int32) on controller Aplzz.Controllers.PostAPIController (api).
2024-11-28 14:34:47.766 +01:00 [INF] Executing OkObjectResult, writing value of type 'Castle.Proxies.PostProxy'.
2024-11-28 14:34:47.767 +01:00 [INF] Executed action Aplzz.Controllers.PostAPIController.GetPost (api) in 8.373ms
2024-11-28 14:34:47.767 +01:00 [INF] Executed endpoint 'Aplzz.Controllers.PostAPIController.GetPost (api)'
2024-11-28 14:34:47.767 +01:00 [INF] Request finished HTTP/1.1 GET http://localhost:5214/api/postapi/2 - 200 1025 application/json; charset=utf-8 9.749ms
2024-11-28 14:34:47.767 +01:00 [INF] Request starting HTTP/1.1 GET http://localhost:5214/api/postapi/2 - null null
2024-11-28 14:34:47.768 +01:00 [INF] CORS policy execution successful.
2024-11-28 14:34:47.768 +01:00 [INF] Executing endpoint 'Aplzz.Controllers.PostAPIController.GetPost (api)'
2024-11-28 14:34:47.768 +01:00 [INF] Route matched with {action = "GetPost", controller = "PostAPI"}. Executing controller action with signature System.Threading.Tasks.Task`1[Microsoft.AspNetCore.Mvc.IActionResult] GetPost(Int32) on controller Aplzz.Controllers.PostAPIController (api).
2024-11-28 14:34:47.773 +01:00 [INF] Executing OkObjectResult, writing value of type 'Castle.Proxies.PostProxy'.
2024-11-28 14:34:47.773 +01:00 [INF] Executed action Aplzz.Controllers.PostAPIController.GetPost (api) in 5.6365ms
2024-11-28 14:34:47.774 +01:00 [INF] Executed endpoint 'Aplzz.Controllers.PostAPIController.GetPost (api)'
2024-11-28 14:34:47.774 +01:00 [INF] Request finished HTTP/1.1 GET http://localhost:5214/api/postapi/2 - 200 1025 application/json; charset=utf-8 6.353ms
2024-11-28 14:34:50.893 +01:00 [INF] Request starting HTTP/1.1 OPTIONS http://localhost:5214/api/postapi/update/2 - null null
2024-11-28 14:34:50.894 +01:00 [INF] CORS policy execution successful.
2024-11-28 14:34:50.896 +01:00 [INF] Request finished HTTP/1.1 OPTIONS http://localhost:5214/api/postapi/update/2 - 204 null null 3.537ms
2024-11-28 14:34:50.898 +01:00 [INF] Request starting HTTP/1.1 PUT http://localhost:5214/api/postapi/update/2 - multipart/form-data; boundary=----WebKitFormBoundary6tUwmlLNwApJklkb 261
2024-11-28 14:34:50.899 +01:00 [INF] CORS policy execution successful.
2024-11-28 14:34:50.899 +01:00 [INF] Executing endpoint 'Aplzz.Controllers.PostAPIController.Update (api)'
2024-11-28 14:34:50.919 +01:00 [INF] Route matched with {action = "Update", controller = "PostAPI"}. Executing controller action with signature System.Threading.Tasks.Task`1[Microsoft.AspNetCore.Mvc.IActionResult] Update(Int32, Aplzz.Models.Post, Microsoft.AspNetCore.Http.IFormFile) on controller Aplzz.Controllers.PostAPIController (api).
2024-11-28 14:34:50.954 +01:00 [INF] Executing OkObjectResult, writing value of type 'Castle.Proxies.PostProxy'.
2024-11-28 14:34:50.955 +01:00 [INF] Executed action Aplzz.Controllers.PostAPIController.Update (api) in 35.6486ms
2024-11-28 14:34:50.955 +01:00 [INF] Executed endpoint 'Aplzz.Controllers.PostAPIController.Update (api)'
2024-11-28 14:34:50.955 +01:00 [INF] Request finished HTTP/1.1 PUT http://localhost:5214/api/postapi/update/2 - 200 1025 application/json; charset=utf-8 56.6067ms
2024-11-28 14:34:50.971 +01:00 [INF] Request starting HTTP/1.1 GET http://localhost:5214/api/postapi/posts - null null
2024-11-28 14:34:50.971 +01:00 [INF] CORS policy execution successful.
2024-11-28 14:34:50.971 +01:00 [INF] Executing endpoint 'Aplzz.Controllers.PostAPIController.GetPosts (api)'
2024-11-28 14:34:50.971 +01:00 [INF] Route matched with {action = "GetPosts", controller = "PostAPI"}. Executing controller action with signature System.Threading.Tasks.Task`1[Microsoft.AspNetCore.Mvc.IActionResult] GetPosts() on controller Aplzz.Controllers.PostAPIController (api).
2024-11-28 14:34:50.976 +01:00 [INF] Executing OkObjectResult, writing value of type 'System.Collections.Generic.List`1[[Aplzz.Models.Post, api, Version=1.0.0.0, Culture=neutral, PublicKeyToken=null]]'.
2024-11-28 14:34:50.976 +01:00 [INF] Executed action Aplzz.Controllers.PostAPIController.GetPosts (api) in 4.7473ms
2024-11-28 14:34:50.976 +01:00 [INF] Executed endpoint 'Aplzz.Controllers.PostAPIController.GetPosts (api)'
2024-11-28 14:34:50.976 +01:00 [INF] Request finished HTTP/1.1 GET http://localhost:5214/api/postapi/posts - 200 3358 application/json; charset=utf-8 5.3634ms
2024-11-28 14:34:50.976 +01:00 [INF] Request starting HTTP/1.1 GET http://localhost:5214/api/postapi/posts - null null
2024-11-28 14:34:50.977 +01:00 [INF] CORS policy execution successful.
2024-11-28 14:34:50.977 +01:00 [INF] Executing endpoint 'Aplzz.Controllers.PostAPIController.GetPosts (api)'
2024-11-28 14:34:50.977 +01:00 [INF] Route matched with {action = "GetPosts", controller = "PostAPI"}. Executing controller action with signature System.Threading.Tasks.Task`1[Microsoft.AspNetCore.Mvc.IActionResult] GetPosts() on controller Aplzz.Controllers.PostAPIController (api).
2024-11-28 14:34:50.981 +01:00 [INF] Executing OkObjectResult, writing value of type 'System.Collections.Generic.List`1[[Aplzz.Models.Post, api, Version=1.0.0.0, Culture=neutral, PublicKeyToken=null]]'.
2024-11-28 14:34:50.982 +01:00 [INF] Executed action Aplzz.Controllers.PostAPIController.GetPosts (api) in 4.8914ms
2024-11-28 14:34:50.982 +01:00 [INF] Executed endpoint 'Aplzz.Controllers.PostAPIController.GetPosts (api)'
2024-11-28 14:34:50.982 +01:00 [INF] Request finished HTTP/1.1 GET http://localhost:5214/api/postapi/posts - 200 3358 application/json; charset=utf-8 5.4317ms
2024-11-28 14:34:53.431 +01:00 [INF] Request starting HTTP/1.1 GET http://localhost:5214/api/postapi/2 - null null
2024-11-28 14:34:53.432 +01:00 [INF] CORS policy execution successful.
2024-11-28 14:34:53.432 +01:00 [INF] Executing endpoint 'Aplzz.Controllers.PostAPIController.GetPost (api)'
2024-11-28 14:34:53.432 +01:00 [INF] Route matched with {action = "GetPost", controller = "PostAPI"}. Executing controller action with signature System.Threading.Tasks.Task`1[Microsoft.AspNetCore.Mvc.IActionResult] GetPost(Int32) on controller Aplzz.Controllers.PostAPIController (api).
2024-11-28 14:34:53.441 +01:00 [INF] Executing OkObjectResult, writing value of type 'Castle.Proxies.PostProxy'.
2024-11-28 14:34:53.442 +01:00 [INF] Executed action Aplzz.Controllers.PostAPIController.GetPost (api) in 9.5952ms
2024-11-28 14:34:53.442 +01:00 [INF] Executed endpoint 'Aplzz.Controllers.PostAPIController.GetPost (api)'
2024-11-28 14:34:53.443 +01:00 [INF] Request finished HTTP/1.1 GET http://localhost:5214/api/postapi/2 - 200 1025 application/json; charset=utf-8 11.2743ms
2024-11-28 14:34:53.443 +01:00 [INF] Request starting HTTP/1.1 GET http://localhost:5214/api/postapi/2 - null null
2024-11-28 14:34:53.444 +01:00 [INF] CORS policy execution successful.
2024-11-28 14:34:53.444 +01:00 [INF] Executing endpoint 'Aplzz.Controllers.PostAPIController.GetPost (api)'
2024-11-28 14:34:53.444 +01:00 [INF] Route matched with {action = "GetPost", controller = "PostAPI"}. Executing controller action with signature System.Threading.Tasks.Task`1[Microsoft.AspNetCore.Mvc.IActionResult] GetPost(Int32) on controller Aplzz.Controllers.PostAPIController (api).
2024-11-28 14:34:53.451 +01:00 [INF] Executing OkObjectResult, writing value of type 'Castle.Proxies.PostProxy'.
2024-11-28 14:34:53.451 +01:00 [INF] Executed action Aplzz.Controllers.PostAPIController.GetPost (api) in 6.7146ms
2024-11-28 14:34:53.451 +01:00 [INF] Executed endpoint 'Aplzz.Controllers.PostAPIController.GetPost (api)'
2024-11-28 14:34:53.451 +01:00 [INF] Request finished HTTP/1.1 GET http://localhost:5214/api/postapi/2 - 200 1025 application/json; charset=utf-8 7.7129ms
2024-11-28 14:35:01.650 +01:00 [INF] Request starting HTTP/1.1 OPTIONS http://localhost:5214/api/postapi/update/2 - null null
2024-11-28 14:35:01.652 +01:00 [INF] CORS policy execution successful.
2024-11-28 14:35:01.654 +01:00 [INF] Request finished HTTP/1.1 OPTIONS http://localhost:5214/api/postapi/update/2 - 204 null null 4.4427ms
2024-11-28 14:35:01.655 +01:00 [INF] Request starting HTTP/1.1 PUT http://localhost:5214/api/postapi/update/2 - multipart/form-data; boundary=----WebKitFormBoundaryj5sL7hdO585etkrD 238
2024-11-28 14:35:01.655 +01:00 [INF] CORS policy execution successful.
2024-11-28 14:35:01.655 +01:00 [INF] Executing endpoint 'Aplzz.Controllers.PostAPIController.Update (api)'
2024-11-28 14:35:01.655 +01:00 [INF] Route matched with {action = "Update", controller = "PostAPI"}. Executing controller action with signature System.Threading.Tasks.Task`1[Microsoft.AspNetCore.Mvc.IActionResult] Update(Int32, Aplzz.Models.Post, Microsoft.AspNetCore.Http.IFormFile) on controller Aplzz.Controllers.PostAPIController (api).
2024-11-28 14:35:01.672 +01:00 [INF] Executing OkObjectResult, writing value of type 'Castle.Proxies.PostProxy'.
2024-11-28 14:35:01.673 +01:00 [INF] Executed action Aplzz.Controllers.PostAPIController.Update (api) in 17.1583ms
2024-11-28 14:35:01.673 +01:00 [INF] Executed endpoint 'Aplzz.Controllers.PostAPIController.Update (api)'
2024-11-28 14:35:01.673 +01:00 [INF] Request finished HTTP/1.1 PUT http://localhost:5214/api/postapi/update/2 - 200 1002 application/json; charset=utf-8 18.1795ms
2024-11-28 14:35:01.698 +01:00 [INF] Request starting HTTP/1.1 GET http://localhost:5214/api/postapi/posts - null null
2024-11-28 14:35:01.698 +01:00 [INF] CORS policy execution successful.
2024-11-28 14:35:01.699 +01:00 [INF] Executing endpoint 'Aplzz.Controllers.PostAPIController.GetPosts (api)'
2024-11-28 14:35:01.699 +01:00 [INF] Route matched with {action = "GetPosts", controller = "PostAPI"}. Executing controller action with signature System.Threading.Tasks.Task`1[Microsoft.AspNetCore.Mvc.IActionResult] GetPosts() on controller Aplzz.Controllers.PostAPIController (api).
2024-11-28 14:35:01.705 +01:00 [INF] Executing OkObjectResult, writing value of type 'System.Collections.Generic.List`1[[Aplzz.Models.Post, api, Version=1.0.0.0, Culture=neutral, PublicKeyToken=null]]'.
2024-11-28 14:35:01.706 +01:00 [INF] Executed action Aplzz.Controllers.PostAPIController.GetPosts (api) in 6.9926ms
2024-11-28 14:35:01.706 +01:00 [INF] Executed endpoint 'Aplzz.Controllers.PostAPIController.GetPosts (api)'
2024-11-28 14:35:01.706 +01:00 [INF] Request finished HTTP/1.1 GET http://localhost:5214/api/postapi/posts - 200 3335 application/json; charset=utf-8 8.3537ms
2024-11-28 14:35:01.707 +01:00 [INF] Request starting HTTP/1.1 GET http://localhost:5214/api/postapi/posts - null null
2024-11-28 14:35:01.707 +01:00 [INF] CORS policy execution successful.
2024-11-28 14:35:01.707 +01:00 [INF] Executing endpoint 'Aplzz.Controllers.PostAPIController.GetPosts (api)'
2024-11-28 14:35:01.707 +01:00 [INF] Route matched with {action = "GetPosts", controller = "PostAPI"}. Executing controller action with signature System.Threading.Tasks.Task`1[Microsoft.AspNetCore.Mvc.IActionResult] GetPosts() on controller Aplzz.Controllers.PostAPIController (api).
2024-11-28 14:35:01.716 +01:00 [INF] Executing OkObjectResult, writing value of type 'System.Collections.Generic.List`1[[Aplzz.Models.Post, api, Version=1.0.0.0, Culture=neutral, PublicKeyToken=null]]'.
2024-11-28 14:35:01.717 +01:00 [INF] Executed action Aplzz.Controllers.PostAPIController.GetPosts (api) in 9.1482ms
2024-11-28 14:35:01.717 +01:00 [INF] Executed endpoint 'Aplzz.Controllers.PostAPIController.GetPosts (api)'
2024-11-28 14:35:01.717 +01:00 [INF] Request finished HTTP/1.1 GET http://localhost:5214/api/postapi/posts - 200 3335 application/json; charset=utf-8 9.9975ms
2024-11-28 14:35:14.079 +01:00 [INF] Request starting HTTP/1.1 GET http://localhost:5214/api/postapi/2 - null null
2024-11-28 14:35:14.080 +01:00 [INF] CORS policy execution successful.
2024-11-28 14:35:14.081 +01:00 [INF] Executing endpoint 'Aplzz.Controllers.PostAPIController.GetPost (api)'
2024-11-28 14:35:14.081 +01:00 [INF] Route matched with {action = "GetPost", controller = "PostAPI"}. Executing controller action with signature System.Threading.Tasks.Task`1[Microsoft.AspNetCore.Mvc.IActionResult] GetPost(Int32) on controller Aplzz.Controllers.PostAPIController (api).
2024-11-28 14:35:14.093 +01:00 [INF] Executing OkObjectResult, writing value of type 'Castle.Proxies.PostProxy'.
2024-11-28 14:35:14.094 +01:00 [INF] Executed action Aplzz.Controllers.PostAPIController.GetPost (api) in 12.6862ms
2024-11-28 14:35:14.094 +01:00 [INF] Executed endpoint 'Aplzz.Controllers.PostAPIController.GetPost (api)'
2024-11-28 14:35:14.094 +01:00 [INF] Request finished HTTP/1.1 GET http://localhost:5214/api/postapi/2 - 200 1002 application/json; charset=utf-8 15.5612ms
2024-11-28 14:35:14.095 +01:00 [INF] Request starting HTTP/1.1 GET http://localhost:5214/api/postapi/2 - null null
2024-11-28 14:35:14.096 +01:00 [INF] CORS policy execution successful.
2024-11-28 14:35:14.096 +01:00 [INF] Executing endpoint 'Aplzz.Controllers.PostAPIController.GetPost (api)'
2024-11-28 14:35:14.096 +01:00 [INF] Route matched with {action = "GetPost", controller = "PostAPI"}. Executing controller action with signature System.Threading.Tasks.Task`1[Microsoft.AspNetCore.Mvc.IActionResult] GetPost(Int32) on controller Aplzz.Controllers.PostAPIController (api).
2024-11-28 14:35:14.102 +01:00 [INF] Executing OkObjectResult, writing value of type 'Castle.Proxies.PostProxy'.
2024-11-28 14:35:14.102 +01:00 [INF] Executed action Aplzz.Controllers.PostAPIController.GetPost (api) in 5.8528ms
2024-11-28 14:35:14.102 +01:00 [INF] Executed endpoint 'Aplzz.Controllers.PostAPIController.GetPost (api)'
2024-11-28 14:35:14.102 +01:00 [INF] Request finished HTTP/1.1 GET http://localhost:5214/api/postapi/2 - 200 1002 application/json; charset=utf-8 6.8821ms
2024-11-28 14:35:17.238 +01:00 [INF] Request starting HTTP/1.1 OPTIONS http://localhost:5214/api/postapi/update/2 - null null
2024-11-28 14:35:17.239 +01:00 [INF] CORS policy execution successful.
2024-11-28 14:35:17.239 +01:00 [INF] Request finished HTTP/1.1 OPTIONS http://localhost:5214/api/postapi/update/2 - 204 null null 1.1542ms
2024-11-28 14:35:17.241 +01:00 [INF] Request starting HTTP/1.1 PUT http://localhost:5214/api/postapi/update/2 - multipart/form-data; boundary=----WebKitFormBoundarygIC4SV0DHTva5W1A 238
2024-11-28 14:35:17.241 +01:00 [INF] CORS policy execution successful.
2024-11-28 14:35:17.241 +01:00 [INF] Executing endpoint 'Aplzz.Controllers.PostAPIController.Update (api)'
2024-11-28 14:35:17.241 +01:00 [INF] Route matched with {action = "Update", controller = "PostAPI"}. Executing controller action with signature System.Threading.Tasks.Task`1[Microsoft.AspNetCore.Mvc.IActionResult] Update(Int32, Aplzz.Models.Post, Microsoft.AspNetCore.Http.IFormFile) on controller Aplzz.Controllers.PostAPIController (api).
2024-11-28 14:35:17.283 +01:00 [INF] Executing OkObjectResult, writing value of type 'Castle.Proxies.PostProxy'.
2024-11-28 14:35:17.284 +01:00 [INF] Executed action Aplzz.Controllers.PostAPIController.Update (api) in 42.2918ms
2024-11-28 14:35:17.284 +01:00 [INF] Executed endpoint 'Aplzz.Controllers.PostAPIController.Update (api)'
2024-11-28 14:35:17.284 +01:00 [INF] Request finished HTTP/1.1 PUT http://localhost:5214/api/postapi/update/2 - 200 1002 application/json; charset=utf-8 43.3165ms
2024-11-28 14:35:17.298 +01:00 [INF] Request starting HTTP/1.1 GET http://localhost:5214/api/postapi/posts - null null
2024-11-28 14:35:17.299 +01:00 [INF] CORS policy execution successful.
2024-11-28 14:35:17.299 +01:00 [INF] Executing endpoint 'Aplzz.Controllers.PostAPIController.GetPosts (api)'
2024-11-28 14:35:17.299 +01:00 [INF] Route matched with {action = "GetPosts", controller = "PostAPI"}. Executing controller action with signature System.Threading.Tasks.Task`1[Microsoft.AspNetCore.Mvc.IActionResult] GetPosts() on controller Aplzz.Controllers.PostAPIController (api).
2024-11-28 14:35:17.304 +01:00 [INF] Executing OkObjectResult, writing value of type 'System.Collections.Generic.List`1[[Aplzz.Models.Post, api, Version=1.0.0.0, Culture=neutral, PublicKeyToken=null]]'.
2024-11-28 14:35:17.304 +01:00 [INF] Executed action Aplzz.Controllers.PostAPIController.GetPosts (api) in 5.6636ms
2024-11-28 14:35:17.304 +01:00 [INF] Executed endpoint 'Aplzz.Controllers.PostAPIController.GetPosts (api)'
2024-11-28 14:35:17.304 +01:00 [INF] Request finished HTTP/1.1 GET http://localhost:5214/api/postapi/posts - 200 3335 application/json; charset=utf-8 6.272ms
2024-11-28 14:35:17.305 +01:00 [INF] Request starting HTTP/1.1 GET http://localhost:5214/api/postapi/posts - null null
2024-11-28 14:35:17.306 +01:00 [INF] CORS policy execution successful.
2024-11-28 14:35:17.306 +01:00 [INF] Executing endpoint 'Aplzz.Controllers.PostAPIController.GetPosts (api)'
2024-11-28 14:35:17.306 +01:00 [INF] Route matched with {action = "GetPosts", controller = "PostAPI"}. Executing controller action with signature System.Threading.Tasks.Task`1[Microsoft.AspNetCore.Mvc.IActionResult] GetPosts() on controller Aplzz.Controllers.PostAPIController (api).
2024-11-28 14:35:17.310 +01:00 [INF] Executing OkObjectResult, writing value of type 'System.Collections.Generic.List`1[[Aplzz.Models.Post, api, Version=1.0.0.0, Culture=neutral, PublicKeyToken=null]]'.
2024-11-28 14:35:17.310 +01:00 [INF] Executed action Aplzz.Controllers.PostAPIController.GetPosts (api) in 4.2987ms
2024-11-28 14:35:17.310 +01:00 [INF] Executed endpoint 'Aplzz.Controllers.PostAPIController.GetPosts (api)'
2024-11-28 14:35:17.310 +01:00 [INF] Request finished HTTP/1.1 GET http://localhost:5214/api/postapi/posts - 200 3335 application/json; charset=utf-8 5.0975ms
