2024-11-28 15:23:17.954 +01:00 [INF] User profile is available. Using '/Users/libansulub/.aspnet/DataProtection-Keys' as key repository; keys will not be encrypted at rest.
2024-11-28 15:23:18.322 +01:00 [WRN] The ASP.NET Core developer certificate is not trusted. For information about trusting the ASP.NET Core developer certificate, see https://aka.ms/aspnet/https-trust-dev-cert.
2024-11-28 15:23:18.366 +01:00 [INF] Now listening on: https://localhost:7135
2024-11-28 15:23:18.367 +01:00 [INF] Now listening on: http://localhost:5214
2024-11-28 15:23:18.372 +01:00 [INF] Application started. Press Ctrl+C to shut down.
2024-11-28 15:23:18.373 +01:00 [INF] Hosting environment: Development
2024-11-28 15:23:18.374 +01:00 [INF] Content root path: /Users/libansulub/Documents/Sub-Application 2 - React/api
2024-11-28 15:23:29.180 +01:00 [INF] Request starting HTTP/1.1 GET http://localhost:5214/api/postapi/posts - null null
2024-11-28 15:23:29.228 +01:00 [INF] CORS policy execution successful.
2024-11-28 15:23:29.229 +01:00 [INF] Executing endpoint 'Aplzz.Controllers.PostAPIController.GetPosts (api)'
2024-11-28 15:23:29.250 +01:00 [INF] Route matched with {action = "GetPosts", controller = "PostAPI"}. Executing controller action with signature System.Threading.Tasks.Task`1[Microsoft.AspNetCore.Mvc.IActionResult] GetPosts() on controller Aplzz.Controllers.PostAPIController (api).
2024-11-28 15:23:29.565 +01:00 [WRN] Compiling a query which loads related collections for more than one collection navigation, either via 'Include' or through projection, but no 'QuerySplittingBehavior' has been configured. By default, Entity Framework will use 'QuerySplittingBehavior.SingleQuery', which can potentially result in slow query performance. See https://go.microsoft.com/fwlink/?linkid=2134277 for more information. To identify the query that's triggering this warning call 'ConfigureWarnings(w => w.Throw(RelationalEventId.MultipleCollectionIncludeWarning))'.
2024-11-28 15:23:29.622 +01:00 [INF] Executing OkObjectResult, writing value of type 'System.Collections.Generic.List`1[[Aplzz.Models.Post, api, Version=1.0.0.0, Culture=neutral, PublicKeyToken=null]]'.
2024-11-28 15:23:29.698 +01:00 [INF] Executed action Aplzz.Controllers.PostAPIController.GetPosts (api) in 445.4335ms
2024-11-28 15:23:29.699 +01:00 [INF] Executed endpoint 'Aplzz.Controllers.PostAPIController.GetPosts (api)'
2024-11-28 15:23:29.703 +01:00 [INF] Request finished HTTP/1.1 GET http://localhost:5214/api/postapi/posts - 200 3357 application/json; charset=utf-8 524.0135ms
2024-11-28 15:23:29.704 +01:00 [INF] Request starting HTTP/1.1 GET http://localhost:5214/api/postapi/posts - null null
2024-11-28 15:23:29.707 +01:00 [INF] CORS policy execution successful.
2024-11-28 15:23:29.707 +01:00 [INF] Executing endpoint 'Aplzz.Controllers.PostAPIController.GetPosts (api)'
2024-11-28 15:23:29.707 +01:00 [INF] Route matched with {action = "GetPosts", controller = "PostAPI"}. Executing controller action with signature System.Threading.Tasks.Task`1[Microsoft.AspNetCore.Mvc.IActionResult] GetPosts() on controller Aplzz.Controllers.PostAPIController (api).
2024-11-28 15:23:29.726 +01:00 [INF] Request starting HTTP/1.1 GET http://localhost:5214/images/mountain.png - null null
2024-11-28 15:23:29.763 +01:00 [WRN] Error unprotecting the session cookie.
System.Security.Cryptography.CryptographicException: The payload was invalid. For more information go to https://aka.ms/aspnet/dataprotectionwarning
   at Microsoft.AspNetCore.DataProtection.Managed.ManagedAuthenticatedEncryptor.Decrypt(ArraySegment`1 protectedPayload, ArraySegment`1 additionalAuthenticatedData)
   at Microsoft.AspNetCore.DataProtection.KeyManagement.KeyRingBasedDataProtector.UnprotectCore(Byte[] protectedData, Boolean allowOperationsOnRevokedKeys, UnprotectStatus& status)
   at Microsoft.AspNetCore.DataProtection.KeyManagement.KeyRingBasedDataProtector.Unprotect(Byte[] protectedData)
   at Microsoft.AspNetCore.Session.CookieProtection.Unprotect(IDataProtector protector, String protectedText, ILogger logger)
2024-11-28 15:23:29.767 +01:00 [INF] The file /images/mountain.png was not modified
2024-11-28 15:23:29.768 +01:00 [INF] Request finished HTTP/1.1 GET http://localhost:5214/images/mountain.png - 304 null image/png 41.6027ms
2024-11-28 15:23:29.776 +01:00 [INF] Executing OkObjectResult, writing value of type 'System.Collections.Generic.List`1[[Aplzz.Models.Post, api, Version=1.0.0.0, Culture=neutral, PublicKeyToken=null]]'.
2024-11-28 15:23:29.777 +01:00 [INF] Executed action Aplzz.Controllers.PostAPIController.GetPosts (api) in 69.5501ms
2024-11-28 15:23:29.777 +01:00 [INF] Executed endpoint 'Aplzz.Controllers.PostAPIController.GetPosts (api)'
2024-11-28 15:23:29.777 +01:00 [INF] Request finished HTTP/1.1 GET http://localhost:5214/api/postapi/posts - 200 3357 application/json; charset=utf-8 73.5577ms
2024-11-28 15:23:38.975 +01:00 [INF] Request starting HTTP/1.1 POST http://localhost:5214/api/postapi/addcomment - application/x-www-form-urlencoded 23
2024-11-28 15:23:38.979 +01:00 [INF] CORS policy execution successful.
2024-11-28 15:23:38.979 +01:00 [INF] Executing endpoint 'Aplzz.Controllers.PostAPIController.AddComment (api)'
2024-11-28 15:23:38.991 +01:00 [INF] Route matched with {action = "AddComment", controller = "PostAPI"}. Executing controller action with signature System.Threading.Tasks.Task`1[Microsoft.AspNetCore.Mvc.IActionResult] AddComment(Int32, System.String) on controller Aplzz.Controllers.PostAPIController (api).
2024-11-28 15:23:39.048 +01:00 [INF] Executing OkObjectResult, writing value of type '<>f__AnonymousType1`5[[System.Int32, System.Private.CoreLib, Version=8.0.0.0, Culture=neutral, PublicKeyToken=7cec85d7bea7798e],[System.String, System.Private.CoreLib, Version=8.0.0.0, Culture=neutral, PublicKeyToken=7cec85d7bea7798e],[System.DateTime, System.Private.CoreLib, Version=8.0.0.0, Culture=neutral, PublicKeyToken=7cec85d7bea7798e],[System.Int32, System.Private.CoreLib, Version=8.0.0.0, Culture=neutral, PublicKeyToken=7cec85d7bea7798e],[System.String, System.Private.CoreLib, Version=8.0.0.0, Culture=neutral, PublicKeyToken=7cec85d7bea7798e]]'.
2024-11-28 15:23:39.054 +01:00 [INF] Executed action Aplzz.Controllers.PostAPIController.AddComment (api) in 62.8852ms
2024-11-28 15:23:39.054 +01:00 [INF] Executed endpoint 'Aplzz.Controllers.PostAPIController.AddComment (api)'
2024-11-28 15:23:39.055 +01:00 [INF] Request finished HTTP/1.1 POST http://localhost:5214/api/postapi/addcomment - 200 112 application/json; charset=utf-8 79.5602ms
2024-11-28 15:24:06.129 +01:00 [INF] Request starting HTTP/1.1 POST http://localhost:5214/api/postapi/create - multipart/form-data; boundary=----WebKitFormBoundarylurh9UilRAuy96Ks 354
2024-11-28 15:24:06.135 +01:00 [INF] CORS policy execution successful.
2024-11-28 15:24:06.136 +01:00 [INF] Executing endpoint 'Aplzz.Controllers.PostAPIController.CreatePost (api)'
2024-11-28 15:24:06.153 +01:00 [INF] Route matched with {action = "CreatePost", controller = "PostAPI"}. Executing controller action with signature System.Threading.Tasks.Task`1[Microsoft.AspNetCore.Mvc.IActionResult] CreatePost(Aplzz.Models.Post, Microsoft.AspNetCore.Http.IFormFile) on controller Aplzz.Controllers.PostAPIController (api).
2024-11-28 15:24:06.187 +01:00 [INF] Executing OkObjectResult, writing value of type 'Aplzz.Models.Post'.
2024-11-28 15:24:06.189 +01:00 [INF] Executed action Aplzz.Controllers.PostAPIController.CreatePost (api) in 35.6043ms
2024-11-28 15:24:06.189 +01:00 [INF] Executed endpoint 'Aplzz.Controllers.PostAPIController.CreatePost (api)'
2024-11-28 15:24:06.189 +01:00 [INF] Request finished HTTP/1.1 POST http://localhost:5214/api/postapi/create - 200 143 application/json; charset=utf-8 60.0009ms
2024-11-28 15:24:06.218 +01:00 [INF] Request starting HTTP/1.1 GET http://localhost:5214/api/postapi/posts - null null
2024-11-28 15:24:06.219 +01:00 [INF] CORS policy execution successful.
2024-11-28 15:24:06.219 +01:00 [INF] Executing endpoint 'Aplzz.Controllers.PostAPIController.GetPosts (api)'
2024-11-28 15:24:06.219 +01:00 [INF] Route matched with {action = "GetPosts", controller = "PostAPI"}. Executing controller action with signature System.Threading.Tasks.Task`1[Microsoft.AspNetCore.Mvc.IActionResult] GetPosts() on controller Aplzz.Controllers.PostAPIController (api).
2024-11-28 15:24:06.225 +01:00 [INF] Executing OkObjectResult, writing value of type 'System.Collections.Generic.List`1[[Aplzz.Models.Post, api, Version=1.0.0.0, Culture=neutral, PublicKeyToken=null]]'.
2024-11-28 15:24:06.226 +01:00 [INF] Executed action Aplzz.Controllers.PostAPIController.GetPosts (api) in 7.4789ms
2024-11-28 15:24:06.226 +01:00 [INF] Executed endpoint 'Aplzz.Controllers.PostAPIController.GetPosts (api)'
2024-11-28 15:24:06.226 +01:00 [INF] Request finished HTTP/1.1 GET http://localhost:5214/api/postapi/posts - 200 4053 application/json; charset=utf-8 8.6834ms
2024-11-28 15:24:06.252 +01:00 [INF] Request starting HTTP/1.1 GET http://localhost:5214/api/postapi/posts - null null
2024-11-28 15:24:06.254 +01:00 [INF] CORS policy execution successful.
2024-11-28 15:24:06.255 +01:00 [INF] Executing endpoint 'Aplzz.Controllers.PostAPIController.GetPosts (api)'
2024-11-28 15:24:06.255 +01:00 [INF] Route matched with {action = "GetPosts", controller = "PostAPI"}. Executing controller action with signature System.Threading.Tasks.Task`1[Microsoft.AspNetCore.Mvc.IActionResult] GetPosts() on controller Aplzz.Controllers.PostAPIController (api).
2024-11-28 15:24:06.261 +01:00 [INF] Executing OkObjectResult, writing value of type 'System.Collections.Generic.List`1[[Aplzz.Models.Post, api, Version=1.0.0.0, Culture=neutral, PublicKeyToken=null]]'.
2024-11-28 15:24:06.262 +01:00 [INF] Executed action Aplzz.Controllers.PostAPIController.GetPosts (api) in 6.1765ms
2024-11-28 15:24:06.262 +01:00 [INF] Executed endpoint 'Aplzz.Controllers.PostAPIController.GetPosts (api)'
2024-11-28 15:24:06.262 +01:00 [INF] Request finished HTTP/1.1 GET http://localhost:5214/api/postapi/posts - 200 4053 application/json; charset=utf-8 9.3234ms
2024-11-28 15:24:08.146 +01:00 [INF] Request starting HTTP/1.1 GET http://localhost:5214/api/postapi/4 - null null
2024-11-28 15:24:08.147 +01:00 [INF] CORS policy execution successful.
2024-11-28 15:24:08.147 +01:00 [INF] Executing endpoint 'Aplzz.Controllers.PostAPIController.GetPost (api)'
2024-11-28 15:24:08.150 +01:00 [INF] Route matched with {action = "GetPost", controller = "PostAPI"}. Executing controller action with signature System.Threading.Tasks.Task`1[Microsoft.AspNetCore.Mvc.IActionResult] GetPost(Int32) on controller Aplzz.Controllers.PostAPIController (api).
2024-11-28 15:24:08.167 +01:00 [WRN] Compiling a query which loads related collections for more than one collection navigation, either via 'Include' or through projection, but no 'QuerySplittingBehavior' has been configured. By default, Entity Framework will use 'QuerySplittingBehavior.SingleQuery', which can potentially result in slow query performance. See https://go.microsoft.com/fwlink/?linkid=2134277 for more information. To identify the query that's triggering this warning call 'ConfigureWarnings(w => w.Throw(RelationalEventId.MultipleCollectionIncludeWarning))'.
2024-11-28 15:24:08.175 +01:00 [INF] Executing OkObjectResult, writing value of type 'Castle.Proxies.PostProxy'.
2024-11-28 15:24:08.175 +01:00 [INF] Executed action Aplzz.Controllers.PostAPIController.GetPost (api) in 25.4047ms
2024-11-28 15:24:08.175 +01:00 [INF] Executed endpoint 'Aplzz.Controllers.PostAPIController.GetPost (api)'
2024-11-28 15:24:08.175 +01:00 [INF] Request finished HTTP/1.1 GET http://localhost:5214/api/postapi/4 - 200 361 application/json; charset=utf-8 29.0529ms
2024-11-28 15:24:08.176 +01:00 [INF] Request starting HTTP/1.1 GET http://localhost:5214/api/postapi/4 - null null
2024-11-28 15:24:08.176 +01:00 [INF] CORS policy execution successful.
2024-11-28 15:24:08.176 +01:00 [INF] Executing endpoint 'Aplzz.Controllers.PostAPIController.GetPost (api)'
2024-11-28 15:24:08.176 +01:00 [INF] Route matched with {action = "GetPost", controller = "PostAPI"}. Executing controller action with signature System.Threading.Tasks.Task`1[Microsoft.AspNetCore.Mvc.IActionResult] GetPost(Int32) on controller Aplzz.Controllers.PostAPIController (api).
2024-11-28 15:24:08.181 +01:00 [INF] Executing OkObjectResult, writing value of type 'Castle.Proxies.PostProxy'.
2024-11-28 15:24:08.181 +01:00 [INF] Executed action Aplzz.Controllers.PostAPIController.GetPost (api) in 4.8532ms
2024-11-28 15:24:08.181 +01:00 [INF] Executed endpoint 'Aplzz.Controllers.PostAPIController.GetPost (api)'
2024-11-28 15:24:08.181 +01:00 [INF] Request finished HTTP/1.1 GET http://localhost:5214/api/postapi/4 - 200 361 application/json; charset=utf-8 5.4752ms
2024-11-28 15:24:11.710 +01:00 [INF] Request starting HTTP/1.1 OPTIONS http://localhost:5214/api/postapi/update/4 - null null
2024-11-28 15:24:11.711 +01:00 [INF] CORS policy execution successful.
2024-11-28 15:24:11.712 +01:00 [INF] Request finished HTTP/1.1 OPTIONS http://localhost:5214/api/postapi/update/4 - 204 null null 1.2374ms
2024-11-28 15:24:11.712 +01:00 [INF] Request starting HTTP/1.1 PUT http://localhost:5214/api/postapi/update/4 - multipart/form-data; boundary=----WebKitFormBoundaryBF53ys9ZvUPdNnd9 237
2024-11-28 15:24:11.712 +01:00 [INF] CORS policy execution successful.
2024-11-28 15:24:11.712 +01:00 [INF] Executing endpoint 'Aplzz.Controllers.PostAPIController.Update (api)'
2024-11-28 15:24:11.715 +01:00 [INF] Route matched with {action = "Update", controller = "PostAPI"}. Executing controller action with signature System.Threading.Tasks.Task`1[Microsoft.AspNetCore.Mvc.IActionResult] Update(Int32, Aplzz.Models.Post, Microsoft.AspNetCore.Http.IFormFile) on controller Aplzz.Controllers.PostAPIController (api).
2024-11-28 15:24:11.727 +01:00 [INF] Executing OkObjectResult, writing value of type 'Castle.Proxies.PostProxy'.
2024-11-28 15:24:11.727 +01:00 [INF] Executed action Aplzz.Controllers.PostAPIController.Update (api) in 11.8344ms
2024-11-28 15:24:11.727 +01:00 [INF] Executed endpoint 'Aplzz.Controllers.PostAPIController.Update (api)'
2024-11-28 15:24:11.727 +01:00 [INF] Request finished HTTP/1.1 PUT http://localhost:5214/api/postapi/update/4 - 200 364 application/json; charset=utf-8 14.7966ms
2024-11-28 15:24:11.736 +01:00 [INF] Request starting HTTP/1.1 GET http://localhost:5214/api/postapi/posts - null null
2024-11-28 15:24:11.737 +01:00 [INF] CORS policy execution successful.
2024-11-28 15:24:11.737 +01:00 [INF] Executing endpoint 'Aplzz.Controllers.PostAPIController.GetPosts (api)'
2024-11-28 15:24:11.737 +01:00 [INF] Route matched with {action = "GetPosts", controller = "PostAPI"}. Executing controller action with signature System.Threading.Tasks.Task`1[Microsoft.AspNetCore.Mvc.IActionResult] GetPosts() on controller Aplzz.Controllers.PostAPIController (api).
2024-11-28 15:24:11.743 +01:00 [INF] Executing OkObjectResult, writing value of type 'System.Collections.Generic.List`1[[Aplzz.Models.Post, api, Version=1.0.0.0, Culture=neutral, PublicKeyToken=null]]'.
2024-11-28 15:24:11.744 +01:00 [INF] Executed action Aplzz.Controllers.PostAPIController.GetPosts (api) in 6.3051ms
2024-11-28 15:24:11.744 +01:00 [INF] Executed endpoint 'Aplzz.Controllers.PostAPIController.GetPosts (api)'
2024-11-28 15:24:11.744 +01:00 [INF] Request finished HTTP/1.1 GET http://localhost:5214/api/postapi/posts - 200 4056 application/json; charset=utf-8 7.6358ms
2024-11-28 15:24:11.771 +01:00 [INF] Request starting HTTP/1.1 GET http://localhost:5214/api/postapi/posts - null null
2024-11-28 15:24:11.771 +01:00 [INF] CORS policy execution successful.
2024-11-28 15:24:11.771 +01:00 [INF] Executing endpoint 'Aplzz.Controllers.PostAPIController.GetPosts (api)'
2024-11-28 15:24:11.771 +01:00 [INF] Route matched with {action = "GetPosts", controller = "PostAPI"}. Executing controller action with signature System.Threading.Tasks.Task`1[Microsoft.AspNetCore.Mvc.IActionResult] GetPosts() on controller Aplzz.Controllers.PostAPIController (api).
2024-11-28 15:24:11.775 +01:00 [INF] Executing OkObjectResult, writing value of type 'System.Collections.Generic.List`1[[Aplzz.Models.Post, api, Version=1.0.0.0, Culture=neutral, PublicKeyToken=null]]'.
2024-11-28 15:24:11.775 +01:00 [INF] Executed action Aplzz.Controllers.PostAPIController.GetPosts (api) in 4.0895ms
2024-11-28 15:24:11.775 +01:00 [INF] Executed endpoint 'Aplzz.Controllers.PostAPIController.GetPosts (api)'
2024-11-28 15:24:11.775 +01:00 [INF] Request finished HTTP/1.1 GET http://localhost:5214/api/postapi/posts - 200 4056 application/json; charset=utf-8 4.9542ms
2024-11-28 15:24:18.008 +01:00 [INF] Request starting HTTP/1.1 POST http://localhost:5214/api/postapi/addcomment - application/x-www-form-urlencoded 23
2024-11-28 15:24:18.008 +01:00 [INF] CORS policy execution successful.
2024-11-28 15:24:18.008 +01:00 [INF] Executing endpoint 'Aplzz.Controllers.PostAPIController.AddComment (api)'
2024-11-28 15:24:18.008 +01:00 [INF] Route matched with {action = "AddComment", controller = "PostAPI"}. Executing controller action with signature System.Threading.Tasks.Task`1[Microsoft.AspNetCore.Mvc.IActionResult] AddComment(Int32, System.String) on controller Aplzz.Controllers.PostAPIController (api).
2024-11-28 15:24:18.015 +01:00 [INF] Executing OkObjectResult, writing value of type '<>f__AnonymousType1`5[[System.Int32, System.Private.CoreLib, Version=8.0.0.0, Culture=neutral, PublicKeyToken=7cec85d7bea7798e],[System.String, System.Private.CoreLib, Version=8.0.0.0, Culture=neutral, PublicKeyToken=7cec85d7bea7798e],[System.DateTime, System.Private.CoreLib, Version=8.0.0.0, Culture=neutral, PublicKeyToken=7cec85d7bea7798e],[System.Int32, System.Private.CoreLib, Version=8.0.0.0, Culture=neutral, PublicKeyToken=7cec85d7bea7798e],[System.String, System.Private.CoreLib, Version=8.0.0.0, Culture=neutral, PublicKeyToken=7cec85d7bea7798e]]'.
2024-11-28 15:24:18.015 +01:00 [INF] Executed action Aplzz.Controllers.PostAPIController.AddComment (api) in 7.067ms
2024-11-28 15:24:18.015 +01:00 [INF] Executed endpoint 'Aplzz.Controllers.PostAPIController.AddComment (api)'
2024-11-28 15:24:18.016 +01:00 [INF] Request finished HTTP/1.1 POST http://localhost:5214/api/postapi/addcomment - 200 112 application/json; charset=utf-8 7.8188ms
2024-11-28 15:24:21.135 +01:00 [INF] Request starting HTTP/1.1 OPTIONS http://localhost:5214/api/postapi/delete/4 - null null
2024-11-28 15:24:21.135 +01:00 [INF] CORS policy execution successful.
2024-11-28 15:24:21.136 +01:00 [INF] Request finished HTTP/1.1 OPTIONS http://localhost:5214/api/postapi/delete/4 - 204 null null 0.5485ms
2024-11-28 15:24:21.137 +01:00 [INF] Request starting HTTP/1.1 DELETE http://localhost:5214/api/postapi/delete/4 - null null
2024-11-28 15:24:21.137 +01:00 [INF] CORS policy execution successful.
2024-11-28 15:24:21.137 +01:00 [INF] Executing endpoint 'Aplzz.Controllers.PostAPIController.Delete (api)'
2024-11-28 15:24:21.139 +01:00 [INF] Route matched with {action = "Delete", controller = "PostAPI"}. Executing controller action with signature System.Threading.Tasks.Task`1[Microsoft.AspNetCore.Mvc.IActionResult] Delete(Int32) on controller Aplzz.Controllers.PostAPIController (api).
2024-11-28 15:24:21.187 +01:00 [INF] Executing StatusCodeResult, setting HTTP status code 204
2024-11-28 15:24:21.187 +01:00 [INF] Executed action Aplzz.Controllers.PostAPIController.Delete (api) in 47.6936ms
2024-11-28 15:24:21.187 +01:00 [INF] Executed endpoint 'Aplzz.Controllers.PostAPIController.Delete (api)'
2024-11-28 15:24:21.187 +01:00 [INF] Request finished HTTP/1.1 DELETE http://localhost:5214/api/postapi/delete/4 - 204 null null 50.554ms
2024-11-28 15:45:28.217 +01:00 [INF] Request starting HTTP/1.1 GET http://localhost:5214/api/postapi/posts - null null
2024-11-28 15:45:28.222 +01:00 [INF] CORS policy execution successful.
2024-11-28 15:45:28.222 +01:00 [INF] Executing endpoint 'Aplzz.Controllers.PostAPIController.GetPosts (api)'
2024-11-28 15:45:28.224 +01:00 [INF] Route matched with {action = "GetPosts", controller = "PostAPI"}. Executing controller action with signature System.Threading.Tasks.Task`1[Microsoft.AspNetCore.Mvc.IActionResult] GetPosts() on controller Aplzz.Controllers.PostAPIController (api).
2024-11-28 15:45:28.251 +01:00 [INF] Executing OkObjectResult, writing value of type 'System.Collections.Generic.List`1[[Aplzz.Models.Post, api, Version=1.0.0.0, Culture=neutral, PublicKeyToken=null]]'.
2024-11-28 15:45:28.254 +01:00 [INF] Executed action Aplzz.Controllers.PostAPIController.GetPosts (api) in 29.4902ms
2024-11-28 15:45:28.254 +01:00 [INF] Executed endpoint 'Aplzz.Controllers.PostAPIController.GetPosts (api)'
2024-11-28 15:45:28.254 +01:00 [INF] Request finished HTTP/1.1 GET http://localhost:5214/api/postapi/posts - 200 3691 application/json; charset=utf-8 37.1807ms
2024-11-28 15:45:37.137 +01:00 [INF] Request starting HTTP/1.1 GET http://localhost:5214/api/postapi/posts - null null
2024-11-28 15:45:37.146 +01:00 [INF] CORS policy execution successful.
2024-11-28 15:45:37.147 +01:00 [INF] Executing endpoint 'Aplzz.Controllers.PostAPIController.GetPosts (api)'
2024-11-28 15:45:37.147 +01:00 [INF] Route matched with {action = "GetPosts", controller = "PostAPI"}. Executing controller action with signature System.Threading.Tasks.Task`1[Microsoft.AspNetCore.Mvc.IActionResult] GetPosts() on controller Aplzz.Controllers.PostAPIController (api).
2024-11-28 15:45:37.158 +01:00 [INF] Executing OkObjectResult, writing value of type 'System.Collections.Generic.List`1[[Aplzz.Models.Post, api, Version=1.0.0.0, Culture=neutral, PublicKeyToken=null]]'.
2024-11-28 15:45:37.159 +01:00 [INF] Executed action Aplzz.Controllers.PostAPIController.GetPosts (api) in 12.151ms
2024-11-28 15:45:37.159 +01:00 [INF] Executed endpoint 'Aplzz.Controllers.PostAPIController.GetPosts (api)'
2024-11-28 15:45:37.160 +01:00 [INF] Request finished HTTP/1.1 GET http://localhost:5214/api/postapi/posts - 200 3691 application/json; charset=utf-8 22.6434ms
