2024-11-27 20:30:17.222 +01:00 [INF] User profile is available. Using '/Users/libansulub/.aspnet/DataProtection-Keys' as key repository; keys will not be encrypted at rest.
2024-11-27 20:30:17.680 +01:00 [WRN] The ASP.NET Core developer certificate is not trusted. For information about trusting the ASP.NET Core developer certificate, see https://aka.ms/aspnet/https-trust-dev-cert.
2024-11-27 20:30:17.708 +01:00 [INF] Now listening on: https://localhost:7135
2024-11-27 20:30:17.709 +01:00 [INF] Now listening on: http://localhost:5214
2024-11-27 20:30:17.714 +01:00 [INF] Application started. Press Ctrl+C to shut down.
2024-11-27 20:30:17.716 +01:00 [INF] Hosting environment: Development
2024-11-27 20:30:17.716 +01:00 [INF] Content root path: /Users/libansulub/Documents/Sub-Application 2 - React/api
2024-11-27 20:30:26.206 +01:00 [INF] Request starting HTTP/1.1 GET http://localhost:5214/swagger/index.html - null null
2024-11-27 20:30:26.265 +01:00 [INF] Request finished HTTP/1.1 GET http://localhost:5214/swagger/index.html - 200 null text/html;charset=utf-8 60.8159ms
2024-11-27 20:30:26.373 +01:00 [INF] Request starting HTTP/1.1 GET http://localhost:5214/swagger/v1/swagger.json - null null
2024-11-27 20:30:26.407 +01:00 [ERR] An unhandled exception has occurred while executing the request.
Swashbuckle.AspNetCore.SwaggerGen.SwaggerGeneratorException: Ambiguous HTTP method for action - Aplzz.Controllers.AccountProfileController.Index (api). Actions require an explicit HttpMethod binding for Swagger/OpenAPI 3.0
   at Swashbuckle.AspNetCore.SwaggerGen.SwaggerGenerator.GenerateOperations(IEnumerable`1 apiDescriptions, SchemaRepository schemaRepository)
   at Swashbuckle.AspNetCore.SwaggerGen.SwaggerGenerator.GeneratePaths(IEnumerable`1 apiDescriptions, SchemaRepository schemaRepository)
   at Swashbuckle.AspNetCore.SwaggerGen.SwaggerGenerator.GetSwaggerDocumentWithoutFilters(String documentName, String host, String basePath)
   at Swashbuckle.AspNetCore.SwaggerGen.SwaggerGenerator.GetSwaggerAsync(String documentName, String host, String basePath)
   at Swashbuckle.AspNetCore.Swagger.SwaggerMiddleware.Invoke(HttpContext httpContext, ISwaggerProvider swaggerProvider)
   at Microsoft.AspNetCore.Diagnostics.DeveloperExceptionPageMiddlewareImpl.Invoke(HttpContext context)
2024-11-27 20:30:26.411 +01:00 [INF] Request finished HTTP/1.1 GET http://localhost:5214/swagger/v1/swagger.json - 500 null text/plain; charset=utf-8 37.2875ms
2024-11-27 20:34:22.508 +01:00 [INF] Request starting HTTP/1.1 GET http://localhost:5214/swagger/index.html - null null
2024-11-27 20:34:22.519 +01:00 [INF] Request finished HTTP/1.1 GET http://localhost:5214/swagger/index.html - 200 null text/html;charset=utf-8 11.6422ms
2024-11-27 20:34:22.696 +01:00 [INF] Request starting HTTP/1.1 GET http://localhost:5214/swagger/v1/swagger.json - null null
2024-11-27 20:34:22.709 +01:00 [ERR] An unhandled exception has occurred while executing the request.
Swashbuckle.AspNetCore.SwaggerGen.SwaggerGeneratorException: Ambiguous HTTP method for action - Aplzz.Controllers.AccountProfileController.Index (api). Actions require an explicit HttpMethod binding for Swagger/OpenAPI 3.0
   at Swashbuckle.AspNetCore.SwaggerGen.SwaggerGenerator.GenerateOperations(IEnumerable`1 apiDescriptions, SchemaRepository schemaRepository)
   at Swashbuckle.AspNetCore.SwaggerGen.SwaggerGenerator.GeneratePaths(IEnumerable`1 apiDescriptions, SchemaRepository schemaRepository)
   at Swashbuckle.AspNetCore.SwaggerGen.SwaggerGenerator.GetSwaggerDocumentWithoutFilters(String documentName, String host, String basePath)
   at Swashbuckle.AspNetCore.SwaggerGen.SwaggerGenerator.GetSwaggerAsync(String documentName, String host, String basePath)
   at Swashbuckle.AspNetCore.Swagger.SwaggerMiddleware.Invoke(HttpContext httpContext, ISwaggerProvider swaggerProvider)
   at Microsoft.AspNetCore.Diagnostics.DeveloperExceptionPageMiddlewareImpl.Invoke(HttpContext context)
2024-11-27 20:34:22.712 +01:00 [INF] Request finished HTTP/1.1 GET http://localhost:5214/swagger/v1/swagger.json - 500 null text/plain; charset=utf-8 16.1095ms
