2024-11-30 23:42:10.780 +01:00 [INF] User profile is available. Using 'C:\Users\ahmad\AppData\Local\ASP.NET\DataProtection-Keys' as key repository and Windows DPAPI to encrypt keys at rest.
2024-11-30 23:42:10.900 +01:00 [INF] Now listening on: https://localhost:7135
2024-11-30 23:42:10.901 +01:00 [INF] Now listening on: http://localhost:5214
2024-11-30 23:42:10.906 +01:00 [INF] Application started. Press Ctrl+C to shut down.
2024-11-30 23:42:10.908 +01:00 [INF] Hosting environment: Development
2024-11-30 23:42:10.909 +01:00 [INF] Content root path: C:\Users\ahmad\OneDrive\Skrivebord\Sub-Application-2---React\api
2024-11-30 23:42:12.644 +01:00 [INF] Request starting HTTP/1.1 GET http://localhost:5214/api/loginapi/ - null null
2024-11-30 23:42:12.682 +01:00 [WRN] Error unprotecting the session cookie.
System.Security.Cryptography.CryptographicException: The payload was invalid. For more information go to https://aka.ms/aspnet/dataprotectionwarning
   at Microsoft.AspNetCore.DataProtection.Cng.CbcAuthenticatedEncryptor.DecryptImpl(Byte* pbCiphertext, UInt32 cbCiphertext, Byte* pbAdditionalAuthenticatedData, UInt32 cbAdditionalAuthenticatedData)
   at Microsoft.AspNetCore.DataProtection.Cng.Internal.CngAuthenticatedEncryptorBase.Decrypt(ArraySegment`1 ciphertext, ArraySegment`1 additionalAuthenticatedData)
   at Microsoft.AspNetCore.DataProtection.KeyManagement.KeyRingBasedDataProtector.UnprotectCore(Byte[] protectedData, Boolean allowOperationsOnRevokedKeys, UnprotectStatus& status)
   at Microsoft.AspNetCore.DataProtection.KeyManagement.KeyRingBasedDataProtector.Unprotect(Byte[] protectedData)
   at Microsoft.AspNetCore.Session.CookieProtection.Unprotect(IDataProtector protector, String protectedText, ILogger logger)
2024-11-30 23:42:12.703 +01:00 [INF] Request finished HTTP/1.1 GET http://localhost:5214/api/loginapi/ - 404 0 null 60.0361ms
2024-11-30 23:42:12.705 +01:00 [INF] Request reached the end of the middleware pipeline without being handled by application code. Request path: GET http://localhost:5214/api/loginapi/, Response status code: 404
2024-11-30 23:42:16.157 +01:00 [INF] Request starting HTTP/1.1 GET http://localhost:5214/api/loginapi - null null
2024-11-30 23:42:16.160 +01:00 [WRN] Error unprotecting the session cookie.
System.Security.Cryptography.CryptographicException: The payload was invalid. For more information go to https://aka.ms/aspnet/dataprotectionwarning
   at Microsoft.AspNetCore.DataProtection.Cng.CbcAuthenticatedEncryptor.DecryptImpl(Byte* pbCiphertext, UInt32 cbCiphertext, Byte* pbAdditionalAuthenticatedData, UInt32 cbAdditionalAuthenticatedData)
   at Microsoft.AspNetCore.DataProtection.Cng.Internal.CngAuthenticatedEncryptorBase.Decrypt(ArraySegment`1 ciphertext, ArraySegment`1 additionalAuthenticatedData)
   at Microsoft.AspNetCore.DataProtection.KeyManagement.KeyRingBasedDataProtector.UnprotectCore(Byte[] protectedData, Boolean allowOperationsOnRevokedKeys, UnprotectStatus& status)
   at Microsoft.AspNetCore.DataProtection.KeyManagement.KeyRingBasedDataProtector.Unprotect(Byte[] protectedData)
   at Microsoft.AspNetCore.Session.CookieProtection.Unprotect(IDataProtector protector, String protectedText, ILogger logger)
2024-11-30 23:42:16.162 +01:00 [INF] Request finished HTTP/1.1 GET http://localhost:5214/api/loginapi - 404 0 null 4.6606ms
2024-11-30 23:42:16.162 +01:00 [INF] Request reached the end of the middleware pipeline without being handled by application code. Request path: GET http://localhost:5214/api/loginapi, Response status code: 404
2024-11-30 23:42:21.324 +01:00 [INF] Request starting HTTP/1.1 GET http://localhost:5214/api/loginapi/loginpost - null null
2024-11-30 23:42:21.326 +01:00 [WRN] Error unprotecting the session cookie.
System.Security.Cryptography.CryptographicException: The payload was invalid. For more information go to https://aka.ms/aspnet/dataprotectionwarning
   at Microsoft.AspNetCore.DataProtection.Cng.CbcAuthenticatedEncryptor.DecryptImpl(Byte* pbCiphertext, UInt32 cbCiphertext, Byte* pbAdditionalAuthenticatedData, UInt32 cbAdditionalAuthenticatedData)
   at Microsoft.AspNetCore.DataProtection.Cng.Internal.CngAuthenticatedEncryptorBase.Decrypt(ArraySegment`1 ciphertext, ArraySegment`1 additionalAuthenticatedData)
   at Microsoft.AspNetCore.DataProtection.KeyManagement.KeyRingBasedDataProtector.UnprotectCore(Byte[] protectedData, Boolean allowOperationsOnRevokedKeys, UnprotectStatus& status)
   at Microsoft.AspNetCore.DataProtection.KeyManagement.KeyRingBasedDataProtector.Unprotect(Byte[] protectedData)
   at Microsoft.AspNetCore.Session.CookieProtection.Unprotect(IDataProtector protector, String protectedText, ILogger logger)
2024-11-30 23:42:21.328 +01:00 [INF] Executing endpoint '405 HTTP Method Not Supported'
2024-11-30 23:42:21.328 +01:00 [INF] Executed endpoint '405 HTTP Method Not Supported'
2024-11-30 23:42:21.328 +01:00 [INF] Request finished HTTP/1.1 GET http://localhost:5214/api/loginapi/loginpost - 405 0 null 4.4517ms
2024-11-30 23:42:27.371 +01:00 [INF] Request starting HTTP/1.1 GET http://localhost:5214/api/postapi/loginpost - null null
2024-11-30 23:42:27.374 +01:00 [WRN] Error unprotecting the session cookie.
System.Security.Cryptography.CryptographicException: The payload was invalid. For more information go to https://aka.ms/aspnet/dataprotectionwarning
   at Microsoft.AspNetCore.DataProtection.Cng.CbcAuthenticatedEncryptor.DecryptImpl(Byte* pbCiphertext, UInt32 cbCiphertext, Byte* pbAdditionalAuthenticatedData, UInt32 cbAdditionalAuthenticatedData)
   at Microsoft.AspNetCore.DataProtection.Cng.Internal.CngAuthenticatedEncryptorBase.Decrypt(ArraySegment`1 ciphertext, ArraySegment`1 additionalAuthenticatedData)
   at Microsoft.AspNetCore.DataProtection.KeyManagement.KeyRingBasedDataProtector.UnprotectCore(Byte[] protectedData, Boolean allowOperationsOnRevokedKeys, UnprotectStatus& status)
   at Microsoft.AspNetCore.DataProtection.KeyManagement.KeyRingBasedDataProtector.Unprotect(Byte[] protectedData)
   at Microsoft.AspNetCore.Session.CookieProtection.Unprotect(IDataProtector protector, String protectedText, ILogger logger)
2024-11-30 23:42:27.375 +01:00 [INF] Executing endpoint 'Aplzz.Controllers.PostAPIController.GetPost (api)'
2024-11-30 23:42:27.398 +01:00 [INF] Route matched with {action = "GetPost", controller = "PostAPI"}. Executing controller action with signature System.Threading.Tasks.Task`1[Microsoft.AspNetCore.Mvc.IActionResult] GetPost(Int32) on controller Aplzz.Controllers.PostAPIController (api).
2024-11-30 23:42:27.440 +01:00 [INF] Executing BadRequestObjectResult, writing value of type 'Microsoft.AspNetCore.Mvc.ValidationProblemDetails'.
2024-11-30 23:42:27.512 +01:00 [INF] Executed action Aplzz.Controllers.PostAPIController.GetPost (api) in 112.1591ms
2024-11-30 23:42:27.512 +01:00 [INF] Executed endpoint 'Aplzz.Controllers.PostAPIController.GetPost (api)'
2024-11-30 23:42:27.514 +01:00 [INF] Request finished HTTP/1.1 GET http://localhost:5214/api/postapi/loginpost - 400 248 application/problem+json; charset=utf-8 143.1191ms
2024-11-30 23:42:27.533 +01:00 [INF] Request starting HTTP/1.1 GET http://localhost:5214/favicon.ico - null null
2024-11-30 23:42:27.535 +01:00 [WRN] Error unprotecting the session cookie.
System.Security.Cryptography.CryptographicException: The payload was invalid. For more information go to https://aka.ms/aspnet/dataprotectionwarning
   at Microsoft.AspNetCore.DataProtection.Cng.CbcAuthenticatedEncryptor.DecryptImpl(Byte* pbCiphertext, UInt32 cbCiphertext, Byte* pbAdditionalAuthenticatedData, UInt32 cbAdditionalAuthenticatedData)
   at Microsoft.AspNetCore.DataProtection.Cng.Internal.CngAuthenticatedEncryptorBase.Decrypt(ArraySegment`1 ciphertext, ArraySegment`1 additionalAuthenticatedData)
   at Microsoft.AspNetCore.DataProtection.KeyManagement.KeyRingBasedDataProtector.UnprotectCore(Byte[] protectedData, Boolean allowOperationsOnRevokedKeys, UnprotectStatus& status)
   at Microsoft.AspNetCore.DataProtection.KeyManagement.KeyRingBasedDataProtector.Unprotect(Byte[] protectedData)
   at Microsoft.AspNetCore.Session.CookieProtection.Unprotect(IDataProtector protector, String protectedText, ILogger logger)
2024-11-30 23:42:27.541 +01:00 [INF] Sending file. Request path: '/favicon.ico'. Physical path: 'C:\Users\ahmad\OneDrive\Skrivebord\Sub-Application-2---React\api\wwwroot\favicon.ico'
2024-11-30 23:42:27.541 +01:00 [INF] Request finished HTTP/1.1 GET http://localhost:5214/favicon.ico - 200 5430 image/x-icon 8.2971ms
2024-11-30 23:48:47.948 +01:00 [INF] Request starting HTTP/1.1 OPTIONS http://localhost:5214/api/loginApi/loginPost - null null
2024-11-30 23:48:47.950 +01:00 [INF] CORS policy execution successful.
2024-11-30 23:48:47.951 +01:00 [INF] Request finished HTTP/1.1 OPTIONS http://localhost:5214/api/loginApi/loginPost - 204 null null 3.504ms
2024-11-30 23:48:47.954 +01:00 [INF] Request starting HTTP/1.1 POST http://localhost:5214/api/loginApi/loginPost - application/json 52
2024-11-30 23:48:47.956 +01:00 [INF] CORS policy execution successful.
2024-11-30 23:48:47.956 +01:00 [INF] Executing endpoint 'Aplzz.Controllers.LoginAPIController.Index (api)'
2024-11-30 23:48:47.958 +01:00 [INF] Route matched with {action = "Index", controller = "LoginAPI"}. Executing controller action with signature Microsoft.AspNetCore.Mvc.IActionResult Index(Aplzz.Models.LoginModel) on controller Aplzz.Controllers.LoginAPIController (api).
2024-11-30 23:48:48.153 +01:00 [INF] Executing NotFoundObjectResult, writing value of type 'System.String'.
2024-11-30 23:48:48.154 +01:00 [INF] Executed action Aplzz.Controllers.LoginAPIController.Index (api) in 195.7378ms
2024-11-30 23:48:48.154 +01:00 [INF] Executed endpoint 'Aplzz.Controllers.LoginAPIController.Index (api)'
2024-11-30 23:48:48.154 +01:00 [INF] Request finished HTTP/1.1 POST http://localhost:5214/api/loginApi/loginPost - 404 null text/plain; charset=utf-8 199.5524ms
2024-11-30 23:48:48.943 +01:00 [INF] Request starting HTTP/1.1 POST http://localhost:5214/api/loginApi/loginPost - application/json 52
2024-11-30 23:48:48.943 +01:00 [INF] CORS policy execution successful.
2024-11-30 23:48:48.943 +01:00 [INF] Executing endpoint 'Aplzz.Controllers.LoginAPIController.Index (api)'
2024-11-30 23:48:48.943 +01:00 [INF] Route matched with {action = "Index", controller = "LoginAPI"}. Executing controller action with signature Microsoft.AspNetCore.Mvc.IActionResult Index(Aplzz.Models.LoginModel) on controller Aplzz.Controllers.LoginAPIController (api).
2024-11-30 23:48:48.953 +01:00 [INF] Executing NotFoundObjectResult, writing value of type 'System.String'.
2024-11-30 23:48:48.953 +01:00 [INF] Executed action Aplzz.Controllers.LoginAPIController.Index (api) in 9.9929ms
2024-11-30 23:48:48.953 +01:00 [INF] Executed endpoint 'Aplzz.Controllers.LoginAPIController.Index (api)'
2024-11-30 23:48:48.954 +01:00 [INF] Request finished HTTP/1.1 POST http://localhost:5214/api/loginApi/loginPost - 404 null text/plain; charset=utf-8 10.7807ms
2024-11-30 23:48:49.624 +01:00 [INF] Request starting HTTP/1.1 POST http://localhost:5214/api/loginApi/loginPost - application/json 52
2024-11-30 23:48:49.624 +01:00 [INF] CORS policy execution successful.
2024-11-30 23:48:49.624 +01:00 [INF] Executing endpoint 'Aplzz.Controllers.LoginAPIController.Index (api)'
2024-11-30 23:48:49.624 +01:00 [INF] Route matched with {action = "Index", controller = "LoginAPI"}. Executing controller action with signature Microsoft.AspNetCore.Mvc.IActionResult Index(Aplzz.Models.LoginModel) on controller Aplzz.Controllers.LoginAPIController (api).
2024-11-30 23:48:49.630 +01:00 [INF] Executing NotFoundObjectResult, writing value of type 'System.String'.
2024-11-30 23:48:49.630 +01:00 [INF] Executed action Aplzz.Controllers.LoginAPIController.Index (api) in 5.7214ms
2024-11-30 23:48:49.630 +01:00 [INF] Executed endpoint 'Aplzz.Controllers.LoginAPIController.Index (api)'
2024-11-30 23:48:49.630 +01:00 [INF] Request finished HTTP/1.1 POST http://localhost:5214/api/loginApi/loginPost - 404 null text/plain; charset=utf-8 6.2355ms
2024-11-30 23:48:50.999 +01:00 [INF] Request starting HTTP/1.1 POST http://localhost:5214/api/loginApi/loginPost - application/json 52
2024-11-30 23:48:50.999 +01:00 [INF] CORS policy execution successful.
2024-11-30 23:48:51.000 +01:00 [INF] Executing endpoint 'Aplzz.Controllers.LoginAPIController.Index (api)'
2024-11-30 23:48:51.000 +01:00 [INF] Route matched with {action = "Index", controller = "LoginAPI"}. Executing controller action with signature Microsoft.AspNetCore.Mvc.IActionResult Index(Aplzz.Models.LoginModel) on controller Aplzz.Controllers.LoginAPIController (api).
2024-11-30 23:48:51.006 +01:00 [INF] Executing NotFoundObjectResult, writing value of type 'System.String'.
2024-11-30 23:48:51.006 +01:00 [INF] Executed action Aplzz.Controllers.LoginAPIController.Index (api) in 6.5195ms
2024-11-30 23:48:51.006 +01:00 [INF] Executed endpoint 'Aplzz.Controllers.LoginAPIController.Index (api)'
2024-11-30 23:48:51.006 +01:00 [INF] Request finished HTTP/1.1 POST http://localhost:5214/api/loginApi/loginPost - 404 null text/plain; charset=utf-8 7.0359ms
2024-11-30 23:48:51.312 +01:00 [INF] Request starting HTTP/1.1 POST http://localhost:5214/api/loginApi/loginPost - application/json 52
2024-11-30 23:48:51.312 +01:00 [INF] CORS policy execution successful.
2024-11-30 23:48:51.312 +01:00 [INF] Executing endpoint 'Aplzz.Controllers.LoginAPIController.Index (api)'
2024-11-30 23:48:51.313 +01:00 [INF] Route matched with {action = "Index", controller = "LoginAPI"}. Executing controller action with signature Microsoft.AspNetCore.Mvc.IActionResult Index(Aplzz.Models.LoginModel) on controller Aplzz.Controllers.LoginAPIController (api).
2024-11-30 23:48:51.318 +01:00 [INF] Executing NotFoundObjectResult, writing value of type 'System.String'.
2024-11-30 23:48:51.318 +01:00 [INF] Executed action Aplzz.Controllers.LoginAPIController.Index (api) in 5.4912ms
2024-11-30 23:48:51.318 +01:00 [INF] Executed endpoint 'Aplzz.Controllers.LoginAPIController.Index (api)'
2024-11-30 23:48:51.318 +01:00 [INF] Request finished HTTP/1.1 POST http://localhost:5214/api/loginApi/loginPost - 404 null text/plain; charset=utf-8 5.954ms
2024-11-30 23:48:51.474 +01:00 [INF] Request starting HTTP/1.1 POST http://localhost:5214/api/loginApi/loginPost - application/json 52
2024-11-30 23:48:51.475 +01:00 [INF] CORS policy execution successful.
2024-11-30 23:48:51.475 +01:00 [INF] Executing endpoint 'Aplzz.Controllers.LoginAPIController.Index (api)'
2024-11-30 23:48:51.475 +01:00 [INF] Route matched with {action = "Index", controller = "LoginAPI"}. Executing controller action with signature Microsoft.AspNetCore.Mvc.IActionResult Index(Aplzz.Models.LoginModel) on controller Aplzz.Controllers.LoginAPIController (api).
2024-11-30 23:48:51.481 +01:00 [INF] Executing NotFoundObjectResult, writing value of type 'System.String'.
2024-11-30 23:48:51.481 +01:00 [INF] Executed action Aplzz.Controllers.LoginAPIController.Index (api) in 6.3106ms
2024-11-30 23:48:51.481 +01:00 [INF] Executed endpoint 'Aplzz.Controllers.LoginAPIController.Index (api)'
2024-11-30 23:48:51.481 +01:00 [INF] Request finished HTTP/1.1 POST http://localhost:5214/api/loginApi/loginPost - 404 null text/plain; charset=utf-8 6.7712ms
2024-11-30 23:48:51.632 +01:00 [INF] Request starting HTTP/1.1 POST http://localhost:5214/api/loginApi/loginPost - application/json 52
2024-11-30 23:48:51.632 +01:00 [INF] CORS policy execution successful.
2024-11-30 23:48:51.632 +01:00 [INF] Executing endpoint 'Aplzz.Controllers.LoginAPIController.Index (api)'
2024-11-30 23:48:51.632 +01:00 [INF] Route matched with {action = "Index", controller = "LoginAPI"}. Executing controller action with signature Microsoft.AspNetCore.Mvc.IActionResult Index(Aplzz.Models.LoginModel) on controller Aplzz.Controllers.LoginAPIController (api).
2024-11-30 23:48:51.638 +01:00 [INF] Executing NotFoundObjectResult, writing value of type 'System.String'.
2024-11-30 23:48:51.638 +01:00 [INF] Executed action Aplzz.Controllers.LoginAPIController.Index (api) in 6.2801ms
2024-11-30 23:48:51.638 +01:00 [INF] Executed endpoint 'Aplzz.Controllers.LoginAPIController.Index (api)'
2024-11-30 23:48:51.639 +01:00 [INF] Request finished HTTP/1.1 POST http://localhost:5214/api/loginApi/loginPost - 404 null text/plain; charset=utf-8 6.7149ms
2024-11-30 23:48:51.787 +01:00 [INF] Request starting HTTP/1.1 POST http://localhost:5214/api/loginApi/loginPost - application/json 52
2024-11-30 23:48:51.787 +01:00 [INF] CORS policy execution successful.
2024-11-30 23:48:51.787 +01:00 [INF] Executing endpoint 'Aplzz.Controllers.LoginAPIController.Index (api)'
2024-11-30 23:48:51.787 +01:00 [INF] Route matched with {action = "Index", controller = "LoginAPI"}. Executing controller action with signature Microsoft.AspNetCore.Mvc.IActionResult Index(Aplzz.Models.LoginModel) on controller Aplzz.Controllers.LoginAPIController (api).
2024-11-30 23:48:51.793 +01:00 [INF] Executing NotFoundObjectResult, writing value of type 'System.String'.
2024-11-30 23:48:51.793 +01:00 [INF] Executed action Aplzz.Controllers.LoginAPIController.Index (api) in 5.6955ms
2024-11-30 23:48:51.793 +01:00 [INF] Executed endpoint 'Aplzz.Controllers.LoginAPIController.Index (api)'
2024-11-30 23:48:51.793 +01:00 [INF] Request finished HTTP/1.1 POST http://localhost:5214/api/loginApi/loginPost - 404 null text/plain; charset=utf-8 6.295ms
2024-11-30 23:48:51.979 +01:00 [INF] Request starting HTTP/1.1 POST http://localhost:5214/api/loginApi/loginPost - application/json 52
2024-11-30 23:48:51.979 +01:00 [INF] CORS policy execution successful.
2024-11-30 23:48:51.979 +01:00 [INF] Executing endpoint 'Aplzz.Controllers.LoginAPIController.Index (api)'
2024-11-30 23:48:51.979 +01:00 [INF] Route matched with {action = "Index", controller = "LoginAPI"}. Executing controller action with signature Microsoft.AspNetCore.Mvc.IActionResult Index(Aplzz.Models.LoginModel) on controller Aplzz.Controllers.LoginAPIController (api).
2024-11-30 23:48:51.985 +01:00 [INF] Executing NotFoundObjectResult, writing value of type 'System.String'.
2024-11-30 23:48:51.985 +01:00 [INF] Executed action Aplzz.Controllers.LoginAPIController.Index (api) in 5.6025ms
2024-11-30 23:48:51.985 +01:00 [INF] Executed endpoint 'Aplzz.Controllers.LoginAPIController.Index (api)'
2024-11-30 23:48:51.985 +01:00 [INF] Request finished HTTP/1.1 POST http://localhost:5214/api/loginApi/loginPost - 404 null text/plain; charset=utf-8 6.0227ms
2024-11-30 23:48:52.307 +01:00 [INF] Request starting HTTP/1.1 POST http://localhost:5214/api/loginApi/loginPost - application/json 52
2024-11-30 23:48:52.308 +01:00 [INF] CORS policy execution successful.
2024-11-30 23:48:52.308 +01:00 [INF] Executing endpoint 'Aplzz.Controllers.LoginAPIController.Index (api)'
2024-11-30 23:48:52.308 +01:00 [INF] Route matched with {action = "Index", controller = "LoginAPI"}. Executing controller action with signature Microsoft.AspNetCore.Mvc.IActionResult Index(Aplzz.Models.LoginModel) on controller Aplzz.Controllers.LoginAPIController (api).
2024-11-30 23:48:52.314 +01:00 [INF] Executing NotFoundObjectResult, writing value of type 'System.String'.
2024-11-30 23:48:52.314 +01:00 [INF] Executed action Aplzz.Controllers.LoginAPIController.Index (api) in 6.0742ms
2024-11-30 23:48:52.314 +01:00 [INF] Executed endpoint 'Aplzz.Controllers.LoginAPIController.Index (api)'
2024-11-30 23:48:52.314 +01:00 [INF] Request finished HTTP/1.1 POST http://localhost:5214/api/loginApi/loginPost - 404 null text/plain; charset=utf-8 6.5931ms
