2024-11-28 13:50:12.339 +01:00 [INF] User profile is available. Using '/Users/libansulub/.aspnet/DataProtection-Keys' as key repository; keys will not be encrypted at rest.
2024-11-28 13:50:12.873 +01:00 [WRN] The ASP.NET Core developer certificate is not trusted. For information about trusting the ASP.NET Core developer certificate, see https://aka.ms/aspnet/https-trust-dev-cert.
2024-11-28 13:50:12.925 +01:00 [INF] Now listening on: https://localhost:7135
2024-11-28 13:50:12.927 +01:00 [INF] Now listening on: http://localhost:5214
2024-11-28 13:50:12.934 +01:00 [INF] Application started. Press Ctrl+C to shut down.
2024-11-28 13:50:12.936 +01:00 [INF] Hosting environment: Development
2024-11-28 13:50:12.937 +01:00 [INF] Content root path: /Users/libansulub/Documents/Sub-Application 2 - React/api
2024-11-28 13:50:23.609 +01:00 [INF] Request starting HTTP/1.1 GET http://localhost:5214/api/postapi/posts - null null
2024-11-28 13:50:23.665 +01:00 [INF] CORS policy execution successful.
2024-11-28 13:50:23.667 +01:00 [INF] Executing endpoint 'Aplzz.Controllers.PostAPIController.GetPosts (api)'
2024-11-28 13:50:23.685 +01:00 [INF] Route matched with {action = "GetPosts", controller = "PostAPI"}. Executing controller action with signature System.Threading.Tasks.Task`1[Microsoft.AspNetCore.Mvc.IActionResult] GetPosts() on controller Aplzz.Controllers.PostAPIController (api).
2024-11-28 13:50:23.974 +01:00 [WRN] Compiling a query which loads related collections for more than one collection navigation, either via 'Include' or through projection, but no 'QuerySplittingBehavior' has been configured. By default, Entity Framework will use 'QuerySplittingBehavior.SingleQuery', which can potentially result in slow query performance. See https://go.microsoft.com/fwlink/?linkid=2134277 for more information. To identify the query that's triggering this warning call 'ConfigureWarnings(w => w.Throw(RelationalEventId.MultipleCollectionIncludeWarning))'.
2024-11-28 13:50:24.049 +01:00 [INF] Executing OkObjectResult, writing value of type 'System.Collections.Generic.List`1[[Aplzz.Models.Post, api, Version=1.0.0.0, Culture=neutral, PublicKeyToken=null]]'.
2024-11-28 13:50:24.117 +01:00 [INF] Executed action Aplzz.Controllers.PostAPIController.GetPosts (api) in 429.9878ms
2024-11-28 13:50:24.118 +01:00 [INF] Executed endpoint 'Aplzz.Controllers.PostAPIController.GetPosts (api)'
2024-11-28 13:50:24.121 +01:00 [INF] Request finished HTTP/1.1 GET http://localhost:5214/api/postapi/posts - 200 3359 application/json; charset=utf-8 513.7867ms
2024-11-28 13:50:24.122 +01:00 [INF] Request starting HTTP/1.1 GET http://localhost:5214/api/postapi/posts - null null
2024-11-28 13:50:24.124 +01:00 [INF] CORS policy execution successful.
2024-11-28 13:50:24.124 +01:00 [INF] Executing endpoint 'Aplzz.Controllers.PostAPIController.GetPosts (api)'
2024-11-28 13:50:24.124 +01:00 [INF] Route matched with {action = "GetPosts", controller = "PostAPI"}. Executing controller action with signature System.Threading.Tasks.Task`1[Microsoft.AspNetCore.Mvc.IActionResult] GetPosts() on controller Aplzz.Controllers.PostAPIController (api).
2024-11-28 13:50:24.150 +01:00 [INF] Request starting HTTP/1.1 GET http://localhost:5214/images/mountain.png - null null
2024-11-28 13:50:24.198 +01:00 [INF] Executing OkObjectResult, writing value of type 'System.Collections.Generic.List`1[[Aplzz.Models.Post, api, Version=1.0.0.0, Culture=neutral, PublicKeyToken=null]]'.
2024-11-28 13:50:24.199 +01:00 [INF] Executed action Aplzz.Controllers.PostAPIController.GetPosts (api) in 74.8752ms
2024-11-28 13:50:24.199 +01:00 [INF] Executed endpoint 'Aplzz.Controllers.PostAPIController.GetPosts (api)'
2024-11-28 13:50:24.200 +01:00 [INF] Request finished HTTP/1.1 GET http://localhost:5214/api/postapi/posts - 200 3359 application/json; charset=utf-8 77.5428ms
2024-11-28 13:50:24.201 +01:00 [WRN] Error unprotecting the session cookie.
System.Security.Cryptography.CryptographicException: The payload was invalid. For more information go to https://aka.ms/aspnet/dataprotectionwarning
   at Microsoft.AspNetCore.DataProtection.Managed.ManagedAuthenticatedEncryptor.Decrypt(ArraySegment`1 protectedPayload, ArraySegment`1 additionalAuthenticatedData)
   at Microsoft.AspNetCore.DataProtection.KeyManagement.KeyRingBasedDataProtector.UnprotectCore(Byte[] protectedData, Boolean allowOperationsOnRevokedKeys, UnprotectStatus& status)
   at Microsoft.AspNetCore.DataProtection.KeyManagement.KeyRingBasedDataProtector.Unprotect(Byte[] protectedData)
   at Microsoft.AspNetCore.Session.CookieProtection.Unprotect(IDataProtector protector, String protectedText, ILogger logger)
2024-11-28 13:50:24.205 +01:00 [INF] The file /images/mountain.png was not modified
2024-11-28 13:50:24.206 +01:00 [INF] Request finished HTTP/1.1 GET http://localhost:5214/images/mountain.png - 304 null image/png 55.6838ms
2024-11-28 13:51:30.705 +01:00 [INF] Request starting HTTP/1.1 GET http://localhost:5214/api/postapi/posts - null null
2024-11-28 13:51:30.711 +01:00 [INF] CORS policy execution successful.
2024-11-28 13:51:30.712 +01:00 [INF] Executing endpoint 'Aplzz.Controllers.PostAPIController.GetPosts (api)'
2024-11-28 13:51:30.712 +01:00 [INF] Route matched with {action = "GetPosts", controller = "PostAPI"}. Executing controller action with signature System.Threading.Tasks.Task`1[Microsoft.AspNetCore.Mvc.IActionResult] GetPosts() on controller Aplzz.Controllers.PostAPIController (api).
2024-11-28 13:51:30.727 +01:00 [INF] Executing OkObjectResult, writing value of type 'System.Collections.Generic.List`1[[Aplzz.Models.Post, api, Version=1.0.0.0, Culture=neutral, PublicKeyToken=null]]'.
2024-11-28 13:51:30.729 +01:00 [INF] Executed action Aplzz.Controllers.PostAPIController.GetPosts (api) in 16.3788ms
2024-11-28 13:51:30.729 +01:00 [INF] Executed endpoint 'Aplzz.Controllers.PostAPIController.GetPosts (api)'
2024-11-28 13:51:30.729 +01:00 [INF] Request finished HTTP/1.1 GET http://localhost:5214/api/postapi/posts - 200 3359 application/json; charset=utf-8 25.2127ms
2024-11-28 13:51:30.730 +01:00 [INF] Request starting HTTP/1.1 GET http://localhost:5214/api/postapi/posts - null null
2024-11-28 13:51:30.730 +01:00 [INF] CORS policy execution successful.
2024-11-28 13:51:30.730 +01:00 [INF] Executing endpoint 'Aplzz.Controllers.PostAPIController.GetPosts (api)'
2024-11-28 13:51:30.730 +01:00 [INF] Route matched with {action = "GetPosts", controller = "PostAPI"}. Executing controller action with signature System.Threading.Tasks.Task`1[Microsoft.AspNetCore.Mvc.IActionResult] GetPosts() on controller Aplzz.Controllers.PostAPIController (api).
2024-11-28 13:51:30.736 +01:00 [INF] Executing OkObjectResult, writing value of type 'System.Collections.Generic.List`1[[Aplzz.Models.Post, api, Version=1.0.0.0, Culture=neutral, PublicKeyToken=null]]'.
2024-11-28 13:51:30.736 +01:00 [INF] Executed action Aplzz.Controllers.PostAPIController.GetPosts (api) in 5.9842ms
2024-11-28 13:51:30.736 +01:00 [INF] Executed endpoint 'Aplzz.Controllers.PostAPIController.GetPosts (api)'
2024-11-28 13:51:30.737 +01:00 [INF] Request finished HTTP/1.1 GET http://localhost:5214/api/postapi/posts - 200 3359 application/json; charset=utf-8 6.7509ms
2024-11-28 13:51:56.686 +01:00 [INF] Request starting HTTP/1.1 POST http://localhost:5214/api/postapi/create - multipart/form-data; boundary=----WebKitFormBoundaryvWBHU1DmTcX1BBtR 16745
2024-11-28 13:51:56.692 +01:00 [INF] CORS policy execution successful.
2024-11-28 13:51:56.693 +01:00 [INF] Executing endpoint 'Aplzz.Controllers.PostAPIController.CreatePost (api)'
2024-11-28 13:51:56.729 +01:00 [INF] Route matched with {action = "CreatePost", controller = "PostAPI"}. Executing controller action with signature System.Threading.Tasks.Task`1[Microsoft.AspNetCore.Mvc.IActionResult] CreatePost(Aplzz.Models.Post, Microsoft.AspNetCore.Http.IFormFile) on controller Aplzz.Controllers.PostAPIController (api).
2024-11-28 13:51:56.841 +01:00 [INF] Executing OkObjectResult, writing value of type 'Aplzz.Models.Post'.
2024-11-28 13:51:56.844 +01:00 [INF] Executed action Aplzz.Controllers.PostAPIController.CreatePost (api) in 114.2272ms
2024-11-28 13:51:56.844 +01:00 [INF] Executed endpoint 'Aplzz.Controllers.PostAPIController.CreatePost (api)'
2024-11-28 13:51:56.845 +01:00 [INF] Request finished HTTP/1.1 POST http://localhost:5214/api/postapi/create - 200 192 application/json; charset=utf-8 160.2134ms
2024-11-28 13:51:56.860 +01:00 [INF] Request starting HTTP/1.1 GET http://localhost:5214/api/postapi/posts - null null
2024-11-28 13:51:56.861 +01:00 [INF] CORS policy execution successful.
2024-11-28 13:51:56.861 +01:00 [INF] Executing endpoint 'Aplzz.Controllers.PostAPIController.GetPosts (api)'
2024-11-28 13:51:56.861 +01:00 [INF] Route matched with {action = "GetPosts", controller = "PostAPI"}. Executing controller action with signature System.Threading.Tasks.Task`1[Microsoft.AspNetCore.Mvc.IActionResult] GetPosts() on controller Aplzz.Controllers.PostAPIController (api).
2024-11-28 13:51:56.868 +01:00 [INF] Executing OkObjectResult, writing value of type 'System.Collections.Generic.List`1[[Aplzz.Models.Post, api, Version=1.0.0.0, Culture=neutral, PublicKeyToken=null]]'.
2024-11-28 13:51:56.869 +01:00 [INF] Executed action Aplzz.Controllers.PostAPIController.GetPosts (api) in 7.5395ms
2024-11-28 13:51:56.869 +01:00 [INF] Executed endpoint 'Aplzz.Controllers.PostAPIController.GetPosts (api)'
2024-11-28 13:51:56.869 +01:00 [INF] Request finished HTTP/1.1 GET http://localhost:5214/api/postapi/posts - 200 3770 application/json; charset=utf-8 9.1886ms
2024-11-28 13:51:56.869 +01:00 [INF] Request starting HTTP/1.1 GET http://localhost:5214/api/postapi/posts - null null
2024-11-28 13:51:56.870 +01:00 [INF] CORS policy execution successful.
2024-11-28 13:51:56.870 +01:00 [INF] Executing endpoint 'Aplzz.Controllers.PostAPIController.GetPosts (api)'
2024-11-28 13:51:56.870 +01:00 [INF] Route matched with {action = "GetPosts", controller = "PostAPI"}. Executing controller action with signature System.Threading.Tasks.Task`1[Microsoft.AspNetCore.Mvc.IActionResult] GetPosts() on controller Aplzz.Controllers.PostAPIController (api).
2024-11-28 13:51:56.875 +01:00 [INF] Executing OkObjectResult, writing value of type 'System.Collections.Generic.List`1[[Aplzz.Models.Post, api, Version=1.0.0.0, Culture=neutral, PublicKeyToken=null]]'.
2024-11-28 13:51:56.947 +01:00 [INF] Request starting HTTP/1.1 GET http://localhost:5214/images/c6ba57d6-3bcc-45f3-988e-c76507210ed6.jpeg - null null
2024-11-28 13:51:56.947 +01:00 [INF] Executed action Aplzz.Controllers.PostAPIController.GetPosts (api) in 77.465ms
2024-11-28 13:51:56.947 +01:00 [INF] Executed endpoint 'Aplzz.Controllers.PostAPIController.GetPosts (api)'
2024-11-28 13:51:56.948 +01:00 [INF] Request finished HTTP/1.1 GET http://localhost:5214/api/postapi/posts - 200 3770 application/json; charset=utf-8 78.1781ms
2024-11-28 13:51:56.953 +01:00 [WRN] Error unprotecting the session cookie.
System.Security.Cryptography.CryptographicException: The payload was invalid. For more information go to https://aka.ms/aspnet/dataprotectionwarning
   at Microsoft.AspNetCore.DataProtection.Managed.ManagedAuthenticatedEncryptor.Decrypt(ArraySegment`1 protectedPayload, ArraySegment`1 additionalAuthenticatedData)
   at Microsoft.AspNetCore.DataProtection.KeyManagement.KeyRingBasedDataProtector.UnprotectCore(Byte[] protectedData, Boolean allowOperationsOnRevokedKeys, UnprotectStatus& status)
   at Microsoft.AspNetCore.DataProtection.KeyManagement.KeyRingBasedDataProtector.Unprotect(Byte[] protectedData)
   at Microsoft.AspNetCore.Session.CookieProtection.Unprotect(IDataProtector protector, String protectedText, ILogger logger)
2024-11-28 13:51:56.989 +01:00 [INF] Sending file. Request path: '/images/c6ba57d6-3bcc-45f3-988e-c76507210ed6.jpeg'. Physical path: '/Users/libansulub/Documents/Sub-Application 2 - React/api/wwwroot/images/c6ba57d6-3bcc-45f3-988e-c76507210ed6.jpeg'
2024-11-28 13:51:56.990 +01:00 [INF] Request finished HTTP/1.1 GET http://localhost:5214/images/c6ba57d6-3bcc-45f3-988e-c76507210ed6.jpeg - 200 16245 image/jpeg 42.6675ms
