2024-11-28 15:46:02.319 +01:00 [INF] User profile is available. Using '/Users/libansulub/.aspnet/DataProtection-Keys' as key repository; keys will not be encrypted at rest.
2024-11-28 15:46:02.702 +01:00 [WRN] The ASP.NET Core developer certificate is not trusted. For information about trusting the ASP.NET Core developer certificate, see https://aka.ms/aspnet/https-trust-dev-cert.
2024-11-28 15:46:02.726 +01:00 [INF] Now listening on: https://localhost:7135
2024-11-28 15:46:02.727 +01:00 [INF] Now listening on: http://localhost:5214
2024-11-28 15:46:02.731 +01:00 [INF] Application started. Press Ctrl+C to shut down.
2024-11-28 15:46:02.732 +01:00 [INF] Hosting environment: Development
2024-11-28 15:46:02.733 +01:00 [INF] Content root path: /Users/libansulub/Documents/Sub-Application 2 - React/api
2024-11-28 15:46:09.268 +01:00 [INF] Request starting HTTP/1.1 GET http://localhost:5214/api/postapi/posts - null null
2024-11-28 15:46:09.313 +01:00 [INF] CORS policy execution successful.
2024-11-28 15:46:09.315 +01:00 [INF] Executing endpoint 'Aplzz.Controllers.PostAPIController.GetPosts (api)'
2024-11-28 15:46:09.329 +01:00 [INF] Route matched with {action = "GetPosts", controller = "PostAPI"}. Executing controller action with signature System.Threading.Tasks.Task`1[Microsoft.AspNetCore.Mvc.IActionResult] GetPosts() on controller Aplzz.Controllers.PostAPIController (api).
2024-11-28 15:46:09.640 +01:00 [WRN] Compiling a query which loads related collections for more than one collection navigation, either via 'Include' or through projection, but no 'QuerySplittingBehavior' has been configured. By default, Entity Framework will use 'QuerySplittingBehavior.SingleQuery', which can potentially result in slow query performance. See https://go.microsoft.com/fwlink/?linkid=2134277 for more information. To identify the query that's triggering this warning call 'ConfigureWarnings(w => w.Throw(RelationalEventId.MultipleCollectionIncludeWarning))'.
2024-11-28 15:46:09.691 +01:00 [INF] Executing OkObjectResult, writing value of type 'System.Collections.Generic.List`1[[Aplzz.Models.Post, api, Version=1.0.0.0, Culture=neutral, PublicKeyToken=null]]'.
2024-11-28 15:46:09.760 +01:00 [INF] Executed action Aplzz.Controllers.PostAPIController.GetPosts (api) in 428.684ms
2024-11-28 15:46:09.760 +01:00 [INF] Executed endpoint 'Aplzz.Controllers.PostAPIController.GetPosts (api)'
2024-11-28 15:46:09.764 +01:00 [INF] Request finished HTTP/1.1 GET http://localhost:5214/api/postapi/posts - 200 3359 application/json; charset=utf-8 497.9375ms
2024-11-28 15:46:09.765 +01:00 [INF] Request starting HTTP/1.1 GET http://localhost:5214/api/postapi/posts - null null
2024-11-28 15:46:09.768 +01:00 [INF] CORS policy execution successful.
2024-11-28 15:46:09.768 +01:00 [INF] Executing endpoint 'Aplzz.Controllers.PostAPIController.GetPosts (api)'
2024-11-28 15:46:09.768 +01:00 [INF] Route matched with {action = "GetPosts", controller = "PostAPI"}. Executing controller action with signature System.Threading.Tasks.Task`1[Microsoft.AspNetCore.Mvc.IActionResult] GetPosts() on controller Aplzz.Controllers.PostAPIController (api).
2024-11-28 15:46:09.800 +01:00 [INF] Request starting HTTP/1.1 GET http://localhost:5214/images/mountain.png - null null
2024-11-28 15:46:09.839 +01:00 [WRN] Error unprotecting the session cookie.
System.Security.Cryptography.CryptographicException: The payload was invalid. For more information go to https://aka.ms/aspnet/dataprotectionwarning
   at Microsoft.AspNetCore.DataProtection.Managed.ManagedAuthenticatedEncryptor.Decrypt(ArraySegment`1 protectedPayload, ArraySegment`1 additionalAuthenticatedData)
   at Microsoft.AspNetCore.DataProtection.KeyManagement.KeyRingBasedDataProtector.UnprotectCore(Byte[] protectedData, Boolean allowOperationsOnRevokedKeys, UnprotectStatus& status)
   at Microsoft.AspNetCore.DataProtection.KeyManagement.KeyRingBasedDataProtector.Unprotect(Byte[] protectedData)
   at Microsoft.AspNetCore.Session.CookieProtection.Unprotect(IDataProtector protector, String protectedText, ILogger logger)
2024-11-28 15:46:09.844 +01:00 [INF] The file /images/mountain.png was not modified
2024-11-28 15:46:09.844 +01:00 [INF] Request finished HTTP/1.1 GET http://localhost:5214/images/mountain.png - 304 null image/png 44.6061ms
2024-11-28 15:46:09.863 +01:00 [INF] Executing OkObjectResult, writing value of type 'System.Collections.Generic.List`1[[Aplzz.Models.Post, api, Version=1.0.0.0, Culture=neutral, PublicKeyToken=null]]'.
2024-11-28 15:46:09.864 +01:00 [INF] Executed action Aplzz.Controllers.PostAPIController.GetPosts (api) in 96.0441ms
2024-11-28 15:46:09.864 +01:00 [INF] Executed endpoint 'Aplzz.Controllers.PostAPIController.GetPosts (api)'
2024-11-28 15:46:09.865 +01:00 [INF] Request finished HTTP/1.1 GET http://localhost:5214/api/postapi/posts - 200 3359 application/json; charset=utf-8 99.5807ms
2024-11-28 15:46:13.431 +01:00 [INF] Request starting HTTP/1.1 POST http://localhost:5214/api/postapi/likepost - application/x-www-form-urlencoded 8
2024-11-28 15:46:13.434 +01:00 [INF] CORS policy execution successful.
2024-11-28 15:46:13.435 +01:00 [INF] Executing endpoint '405 HTTP Method Not Supported'
2024-11-28 15:46:13.435 +01:00 [INF] Executed endpoint '405 HTTP Method Not Supported'
2024-11-28 15:46:13.435 +01:00 [INF] Request finished HTTP/1.1 POST http://localhost:5214/api/postapi/likepost - 405 0 null 4.7371ms
2024-11-28 15:46:14.822 +01:00 [INF] Request starting HTTP/1.1 GET http://localhost:5214/api/postapi/4 - null null
2024-11-28 15:46:14.823 +01:00 [INF] CORS policy execution successful.
2024-11-28 15:46:14.823 +01:00 [INF] Executing endpoint 'Aplzz.Controllers.PostAPIController.GetPost (api)'
2024-11-28 15:46:14.836 +01:00 [INF] Route matched with {action = "GetPost", controller = "PostAPI"}. Executing controller action with signature System.Threading.Tasks.Task`1[Microsoft.AspNetCore.Mvc.IActionResult] GetPost(Int32) on controller Aplzz.Controllers.PostAPIController (api).
2024-11-28 15:46:14.873 +01:00 [WRN] Compiling a query which loads related collections for more than one collection navigation, either via 'Include' or through projection, but no 'QuerySplittingBehavior' has been configured. By default, Entity Framework will use 'QuerySplittingBehavior.SingleQuery', which can potentially result in slow query performance. See https://go.microsoft.com/fwlink/?linkid=2134277 for more information. To identify the query that's triggering this warning call 'ConfigureWarnings(w => w.Throw(RelationalEventId.MultipleCollectionIncludeWarning))'.
2024-11-28 15:46:14.886 +01:00 [ERR] [PostAPIController] Post not found for the PostId 0004
2024-11-28 15:46:14.887 +01:00 [INF] Executing NotFoundObjectResult, writing value of type 'System.String'.
2024-11-28 15:46:14.888 +01:00 [INF] Executed action Aplzz.Controllers.PostAPIController.GetPost (api) in 51.6923ms
2024-11-28 15:46:14.888 +01:00 [INF] Executed endpoint 'Aplzz.Controllers.PostAPIController.GetPost (api)'
2024-11-28 15:46:14.888 +01:00 [INF] Request finished HTTP/1.1 GET http://localhost:5214/api/postapi/4 - 404 null text/plain; charset=utf-8 65.7858ms
2024-11-28 15:46:14.889 +01:00 [INF] Request starting HTTP/1.1 GET http://localhost:5214/api/postapi/4 - null null
2024-11-28 15:46:14.889 +01:00 [INF] CORS policy execution successful.
2024-11-28 15:46:14.889 +01:00 [INF] Executing endpoint 'Aplzz.Controllers.PostAPIController.GetPost (api)'
2024-11-28 15:46:14.889 +01:00 [INF] Route matched with {action = "GetPost", controller = "PostAPI"}. Executing controller action with signature System.Threading.Tasks.Task`1[Microsoft.AspNetCore.Mvc.IActionResult] GetPost(Int32) on controller Aplzz.Controllers.PostAPIController (api).
2024-11-28 15:46:14.894 +01:00 [ERR] [PostAPIController] Post not found for the PostId 0004
2024-11-28 15:46:14.894 +01:00 [INF] Executing NotFoundObjectResult, writing value of type 'System.String'.
2024-11-28 15:46:14.894 +01:00 [INF] Executed action Aplzz.Controllers.PostAPIController.GetPost (api) in 4.8106ms
2024-11-28 15:46:14.894 +01:00 [INF] Executed endpoint 'Aplzz.Controllers.PostAPIController.GetPost (api)'
2024-11-28 15:46:14.894 +01:00 [INF] Request finished HTTP/1.1 GET http://localhost:5214/api/postapi/4 - 404 null text/plain; charset=utf-8 5.3929ms
2024-11-28 15:46:15.635 +01:00 [INF] Request starting HTTP/1.1 GET http://localhost:5214/api/postapi/posts - null null
2024-11-28 15:46:15.636 +01:00 [INF] CORS policy execution successful.
2024-11-28 15:46:15.636 +01:00 [INF] Executing endpoint 'Aplzz.Controllers.PostAPIController.GetPosts (api)'
2024-11-28 15:46:15.636 +01:00 [INF] Route matched with {action = "GetPosts", controller = "PostAPI"}. Executing controller action with signature System.Threading.Tasks.Task`1[Microsoft.AspNetCore.Mvc.IActionResult] GetPosts() on controller Aplzz.Controllers.PostAPIController (api).
2024-11-28 15:46:15.641 +01:00 [INF] Executing OkObjectResult, writing value of type 'System.Collections.Generic.List`1[[Aplzz.Models.Post, api, Version=1.0.0.0, Culture=neutral, PublicKeyToken=null]]'.
2024-11-28 15:46:15.642 +01:00 [INF] Executed action Aplzz.Controllers.PostAPIController.GetPosts (api) in 5.7957ms
2024-11-28 15:46:15.642 +01:00 [INF] Executed endpoint 'Aplzz.Controllers.PostAPIController.GetPosts (api)'
2024-11-28 15:46:15.642 +01:00 [INF] Request finished HTTP/1.1 GET http://localhost:5214/api/postapi/posts - 200 3359 application/json; charset=utf-8 6.7036ms
2024-11-28 15:46:15.642 +01:00 [INF] Request starting HTTP/1.1 GET http://localhost:5214/api/postapi/posts - null null
2024-11-28 15:46:15.643 +01:00 [INF] CORS policy execution successful.
2024-11-28 15:46:15.643 +01:00 [INF] Executing endpoint 'Aplzz.Controllers.PostAPIController.GetPosts (api)'
2024-11-28 15:46:15.643 +01:00 [INF] Route matched with {action = "GetPosts", controller = "PostAPI"}. Executing controller action with signature System.Threading.Tasks.Task`1[Microsoft.AspNetCore.Mvc.IActionResult] GetPosts() on controller Aplzz.Controllers.PostAPIController (api).
2024-11-28 15:46:15.648 +01:00 [INF] Executing OkObjectResult, writing value of type 'System.Collections.Generic.List`1[[Aplzz.Models.Post, api, Version=1.0.0.0, Culture=neutral, PublicKeyToken=null]]'.
2024-11-28 15:46:15.648 +01:00 [INF] Executed action Aplzz.Controllers.PostAPIController.GetPosts (api) in 5.3142ms
2024-11-28 15:46:15.648 +01:00 [INF] Executed endpoint 'Aplzz.Controllers.PostAPIController.GetPosts (api)'
2024-11-28 15:46:15.648 +01:00 [INF] Request finished HTTP/1.1 GET http://localhost:5214/api/postapi/posts - 200 3359 application/json; charset=utf-8 5.835ms
2024-11-28 15:46:18.456 +01:00 [INF] Request starting HTTP/1.1 POST http://localhost:5214/api/postapi/likepost - application/x-www-form-urlencoded 8
2024-11-28 15:46:18.457 +01:00 [INF] CORS policy execution successful.
2024-11-28 15:46:18.457 +01:00 [INF] Executing endpoint '405 HTTP Method Not Supported'
2024-11-28 15:46:18.457 +01:00 [INF] Executed endpoint '405 HTTP Method Not Supported'
2024-11-28 15:46:18.457 +01:00 [INF] Request finished HTTP/1.1 POST http://localhost:5214/api/postapi/likepost - 405 0 null 1.3247ms
2024-11-28 15:46:20.092 +01:00 [INF] Request starting HTTP/1.1 GET http://localhost:5214/api/postapi/posts - null null
2024-11-28 15:46:20.093 +01:00 [INF] CORS policy execution successful.
2024-11-28 15:46:20.093 +01:00 [INF] Executing endpoint 'Aplzz.Controllers.PostAPIController.GetPosts (api)'
2024-11-28 15:46:20.094 +01:00 [INF] Route matched with {action = "GetPosts", controller = "PostAPI"}. Executing controller action with signature System.Threading.Tasks.Task`1[Microsoft.AspNetCore.Mvc.IActionResult] GetPosts() on controller Aplzz.Controllers.PostAPIController (api).
2024-11-28 15:46:20.103 +01:00 [INF] Executing OkObjectResult, writing value of type 'System.Collections.Generic.List`1[[Aplzz.Models.Post, api, Version=1.0.0.0, Culture=neutral, PublicKeyToken=null]]'.
2024-11-28 15:46:20.103 +01:00 [INF] Executed action Aplzz.Controllers.PostAPIController.GetPosts (api) in 9.47ms
2024-11-28 15:46:20.103 +01:00 [INF] Executed endpoint 'Aplzz.Controllers.PostAPIController.GetPosts (api)'
2024-11-28 15:46:20.103 +01:00 [INF] Request finished HTTP/1.1 GET http://localhost:5214/api/postapi/posts - 200 3359 application/json; charset=utf-8 11.2079ms
2024-11-28 15:46:20.127 +01:00 [INF] Request starting HTTP/1.1 GET http://localhost:5214/api/postapi/posts - null null
2024-11-28 15:46:20.127 +01:00 [INF] CORS policy execution successful.
2024-11-28 15:46:20.127 +01:00 [INF] Executing endpoint 'Aplzz.Controllers.PostAPIController.GetPosts (api)'
2024-11-28 15:46:20.127 +01:00 [INF] Route matched with {action = "GetPosts", controller = "PostAPI"}. Executing controller action with signature System.Threading.Tasks.Task`1[Microsoft.AspNetCore.Mvc.IActionResult] GetPosts() on controller Aplzz.Controllers.PostAPIController (api).
2024-11-28 15:46:20.131 +01:00 [INF] Executing OkObjectResult, writing value of type 'System.Collections.Generic.List`1[[Aplzz.Models.Post, api, Version=1.0.0.0, Culture=neutral, PublicKeyToken=null]]'.
2024-11-28 15:46:20.132 +01:00 [INF] Executed action Aplzz.Controllers.PostAPIController.GetPosts (api) in 4.4667ms
2024-11-28 15:46:20.132 +01:00 [INF] Executed endpoint 'Aplzz.Controllers.PostAPIController.GetPosts (api)'
2024-11-28 15:46:20.132 +01:00 [INF] Request finished HTTP/1.1 GET http://localhost:5214/api/postapi/posts - 200 3359 application/json; charset=utf-8 5.123ms
2024-11-28 15:46:22.509 +01:00 [INF] Request starting HTTP/1.1 POST http://localhost:5214/api/postapi/likepost - application/x-www-form-urlencoded 8
2024-11-28 15:46:22.512 +01:00 [INF] CORS policy execution successful.
2024-11-28 15:46:22.512 +01:00 [INF] Executing endpoint '405 HTTP Method Not Supported'
2024-11-28 15:46:22.512 +01:00 [INF] Executed endpoint '405 HTTP Method Not Supported'
2024-11-28 15:46:22.513 +01:00 [INF] Request finished HTTP/1.1 POST http://localhost:5214/api/postapi/likepost - 405 0 null 3.4578ms
2024-11-28 15:46:25.770 +01:00 [INF] Request starting HTTP/1.1 GET http://localhost:5214/api/postapi/posts - null null
2024-11-28 15:46:25.772 +01:00 [INF] CORS policy execution successful.
2024-11-28 15:46:25.772 +01:00 [INF] Executing endpoint 'Aplzz.Controllers.PostAPIController.GetPosts (api)'
2024-11-28 15:46:25.773 +01:00 [INF] Route matched with {action = "GetPosts", controller = "PostAPI"}. Executing controller action with signature System.Threading.Tasks.Task`1[Microsoft.AspNetCore.Mvc.IActionResult] GetPosts() on controller Aplzz.Controllers.PostAPIController (api).
2024-11-28 15:46:25.783 +01:00 [INF] Executing OkObjectResult, writing value of type 'System.Collections.Generic.List`1[[Aplzz.Models.Post, api, Version=1.0.0.0, Culture=neutral, PublicKeyToken=null]]'.
2024-11-28 15:46:25.783 +01:00 [INF] Executed action Aplzz.Controllers.PostAPIController.GetPosts (api) in 10.7311ms
2024-11-28 15:46:25.783 +01:00 [INF] Executed endpoint 'Aplzz.Controllers.PostAPIController.GetPosts (api)'
2024-11-28 15:46:25.784 +01:00 [INF] Request finished HTTP/1.1 GET http://localhost:5214/api/postapi/posts - 200 3359 application/json; charset=utf-8 13.8926ms
2024-11-28 15:46:25.785 +01:00 [INF] Request starting HTTP/1.1 GET http://localhost:5214/api/postapi/posts - null null
2024-11-28 15:46:25.785 +01:00 [INF] CORS policy execution successful.
2024-11-28 15:46:25.785 +01:00 [INF] Executing endpoint 'Aplzz.Controllers.PostAPIController.GetPosts (api)'
2024-11-28 15:46:25.785 +01:00 [INF] Route matched with {action = "GetPosts", controller = "PostAPI"}. Executing controller action with signature System.Threading.Tasks.Task`1[Microsoft.AspNetCore.Mvc.IActionResult] GetPosts() on controller Aplzz.Controllers.PostAPIController (api).
2024-11-28 15:46:25.790 +01:00 [INF] Executing OkObjectResult, writing value of type 'System.Collections.Generic.List`1[[Aplzz.Models.Post, api, Version=1.0.0.0, Culture=neutral, PublicKeyToken=null]]'.
2024-11-28 15:46:25.791 +01:00 [INF] Executed action Aplzz.Controllers.PostAPIController.GetPosts (api) in 5.5492ms
2024-11-28 15:46:25.791 +01:00 [INF] Executed endpoint 'Aplzz.Controllers.PostAPIController.GetPosts (api)'
2024-11-28 15:46:25.791 +01:00 [INF] Request finished HTTP/1.1 GET http://localhost:5214/api/postapi/posts - 200 3359 application/json; charset=utf-8 6.0832ms
2024-11-28 15:46:29.209 +01:00 [INF] Request starting HTTP/1.1 GET http://localhost:5214/api/postapi/2 - null null
2024-11-28 15:46:29.210 +01:00 [INF] CORS policy execution successful.
2024-11-28 15:46:29.210 +01:00 [INF] Executing endpoint 'Aplzz.Controllers.PostAPIController.GetPost (api)'
2024-11-28 15:46:29.210 +01:00 [INF] Route matched with {action = "GetPost", controller = "PostAPI"}. Executing controller action with signature System.Threading.Tasks.Task`1[Microsoft.AspNetCore.Mvc.IActionResult] GetPost(Int32) on controller Aplzz.Controllers.PostAPIController (api).
2024-11-28 15:46:29.239 +01:00 [INF] Executing OkObjectResult, writing value of type 'Castle.Proxies.PostProxy'.
2024-11-28 15:46:29.241 +01:00 [INF] Executed action Aplzz.Controllers.PostAPIController.GetPost (api) in 30.6893ms
2024-11-28 15:46:29.241 +01:00 [INF] Executed endpoint 'Aplzz.Controllers.PostAPIController.GetPost (api)'
2024-11-28 15:46:29.242 +01:00 [INF] Request finished HTTP/1.1 GET http://localhost:5214/api/postapi/2 - 200 1025 application/json; charset=utf-8 32.7927ms
2024-11-28 15:46:29.282 +01:00 [INF] Request starting HTTP/1.1 GET http://localhost:5214/api/postapi/2 - null null
2024-11-28 15:46:29.284 +01:00 [INF] CORS policy execution successful.
2024-11-28 15:46:29.284 +01:00 [INF] Executing endpoint 'Aplzz.Controllers.PostAPIController.GetPost (api)'
2024-11-28 15:46:29.284 +01:00 [INF] Route matched with {action = "GetPost", controller = "PostAPI"}. Executing controller action with signature System.Threading.Tasks.Task`1[Microsoft.AspNetCore.Mvc.IActionResult] GetPost(Int32) on controller Aplzz.Controllers.PostAPIController (api).
2024-11-28 15:46:29.296 +01:00 [INF] Executing OkObjectResult, writing value of type 'Castle.Proxies.PostProxy'.
2024-11-28 15:46:29.296 +01:00 [INF] Executed action Aplzz.Controllers.PostAPIController.GetPost (api) in 12.4425ms
2024-11-28 15:46:29.296 +01:00 [INF] Executed endpoint 'Aplzz.Controllers.PostAPIController.GetPost (api)'
2024-11-28 15:46:29.298 +01:00 [INF] Request finished HTTP/1.1 GET http://localhost:5214/api/postapi/2 - 200 1025 application/json; charset=utf-8 15.8824ms
2024-11-28 15:46:30.356 +01:00 [INF] Request starting HTTP/1.1 GET http://localhost:5214/api/postapi/posts - null null
2024-11-28 15:46:30.357 +01:00 [INF] CORS policy execution successful.
2024-11-28 15:46:30.357 +01:00 [INF] Executing endpoint 'Aplzz.Controllers.PostAPIController.GetPosts (api)'
2024-11-28 15:46:30.357 +01:00 [INF] Route matched with {action = "GetPosts", controller = "PostAPI"}. Executing controller action with signature System.Threading.Tasks.Task`1[Microsoft.AspNetCore.Mvc.IActionResult] GetPosts() on controller Aplzz.Controllers.PostAPIController (api).
2024-11-28 15:46:30.362 +01:00 [INF] Executing OkObjectResult, writing value of type 'System.Collections.Generic.List`1[[Aplzz.Models.Post, api, Version=1.0.0.0, Culture=neutral, PublicKeyToken=null]]'.
2024-11-28 15:46:30.362 +01:00 [INF] Executed action Aplzz.Controllers.PostAPIController.GetPosts (api) in 5.1452ms
2024-11-28 15:46:30.362 +01:00 [INF] Executed endpoint 'Aplzz.Controllers.PostAPIController.GetPosts (api)'
2024-11-28 15:46:30.363 +01:00 [INF] Request finished HTTP/1.1 GET http://localhost:5214/api/postapi/posts - 200 3359 application/json; charset=utf-8 6.7696ms
2024-11-28 15:46:30.363 +01:00 [INF] Request starting HTTP/1.1 GET http://localhost:5214/api/postapi/posts - null null
2024-11-28 15:46:30.363 +01:00 [INF] CORS policy execution successful.
2024-11-28 15:46:30.363 +01:00 [INF] Executing endpoint 'Aplzz.Controllers.PostAPIController.GetPosts (api)'
2024-11-28 15:46:30.363 +01:00 [INF] Route matched with {action = "GetPosts", controller = "PostAPI"}. Executing controller action with signature System.Threading.Tasks.Task`1[Microsoft.AspNetCore.Mvc.IActionResult] GetPosts() on controller Aplzz.Controllers.PostAPIController (api).
2024-11-28 15:46:30.368 +01:00 [INF] Executing OkObjectResult, writing value of type 'System.Collections.Generic.List`1[[Aplzz.Models.Post, api, Version=1.0.0.0, Culture=neutral, PublicKeyToken=null]]'.
2024-11-28 15:46:30.368 +01:00 [INF] Executed action Aplzz.Controllers.PostAPIController.GetPosts (api) in 5.1283ms
2024-11-28 15:46:30.368 +01:00 [INF] Executed endpoint 'Aplzz.Controllers.PostAPIController.GetPosts (api)'
2024-11-28 15:46:30.369 +01:00 [INF] Request finished HTTP/1.1 GET http://localhost:5214/api/postapi/posts - 200 3359 application/json; charset=utf-8 5.6016ms
2024-11-28 15:48:59.174 +01:00 [INF] Request starting HTTP/1.1 GET http://localhost:5214/api/postapi/posts - null null
2024-11-28 15:48:59.177 +01:00 [INF] CORS policy execution successful.
2024-11-28 15:48:59.177 +01:00 [INF] Executing endpoint 'Aplzz.Controllers.PostAPIController.GetPosts (api)'
2024-11-28 15:48:59.178 +01:00 [INF] Route matched with {action = "GetPosts", controller = "PostAPI"}. Executing controller action with signature System.Threading.Tasks.Task`1[Microsoft.AspNetCore.Mvc.IActionResult] GetPosts() on controller Aplzz.Controllers.PostAPIController (api).
2024-11-28 15:48:59.190 +01:00 [INF] Executing OkObjectResult, writing value of type 'System.Collections.Generic.List`1[[Aplzz.Models.Post, api, Version=1.0.0.0, Culture=neutral, PublicKeyToken=null]]'.
2024-11-28 15:48:59.191 +01:00 [INF] Executed action Aplzz.Controllers.PostAPIController.GetPosts (api) in 12.7908ms
2024-11-28 15:48:59.191 +01:00 [INF] Executed endpoint 'Aplzz.Controllers.PostAPIController.GetPosts (api)'
2024-11-28 15:48:59.191 +01:00 [INF] Request finished HTTP/1.1 GET http://localhost:5214/api/postapi/posts - 200 3359 application/json; charset=utf-8 17.8745ms
