2024-12-02 05:23:24.125 +01:00 [INF] User profile is available. Using 'C:\Users\ahmad\AppData\Local\ASP.NET\DataProtection-Keys' as key repository and Windows DPAPI to encrypt keys at rest.
2024-12-02 05:23:24.243 +01:00 [INF] Now listening on: https://localhost:7135
2024-12-02 05:23:24.244 +01:00 [INF] Now listening on: http://localhost:5214
2024-12-02 05:23:24.248 +01:00 [INF] Application started. Press Ctrl+C to shut down.
2024-12-02 05:23:24.250 +01:00 [INF] Hosting environment: Development
2024-12-02 05:23:24.251 +01:00 [INF] Content root path: C:\Users\ahmad\OneDrive\Skrivebord\Sub-Application-2---React\api
2024-12-02 05:23:27.698 +01:00 [INF] Request starting HTTP/1.1 GET http://localhost:5214/swagger/index.html - null null
2024-12-02 05:23:27.755 +01:00 [INF] Request finished HTTP/1.1 GET http://localhost:5214/swagger/index.html - 200 null text/html;charset=utf-8 57.4985ms
2024-12-02 05:23:27.879 +01:00 [INF] Request starting HTTP/1.1 GET http://localhost:5214/swagger/v1/swagger.json - null null
2024-12-02 05:23:27.967 +01:00 [INF] Request finished HTTP/1.1 GET http://localhost:5214/swagger/v1/swagger.json - 200 null application/json;charset=utf-8 88.2248ms
2024-12-02 05:28:18.237 +01:00 [INF] Request starting HTTP/1.1 GET http://localhost:5214/api/postapi/posts - null null
2024-12-02 05:28:18.265 +01:00 [INF] CORS policy execution successful.
2024-12-02 05:28:18.267 +01:00 [INF] Executing endpoint 'Aplzz.Controllers.PostAPIController.GetPosts (api)'
2024-12-02 05:28:18.279 +01:00 [INF] Route matched with {action = "GetPosts", controller = "PostAPI"}. Executing controller action with signature System.Threading.Tasks.Task`1[Microsoft.AspNetCore.Mvc.IActionResult] GetPosts() on controller Aplzz.Controllers.PostAPIController (api).
2024-12-02 05:28:18.586 +01:00 [WRN] Compiling a query which loads related collections for more than one collection navigation, either via 'Include' or through projection, but no 'QuerySplittingBehavior' has been configured. By default, Entity Framework will use 'QuerySplittingBehavior.SingleQuery', which can potentially result in slow query performance. See https://go.microsoft.com/fwlink/?linkid=2134277 for more information. To identify the query that's triggering this warning call 'ConfigureWarnings(w => w.Throw(RelationalEventId.MultipleCollectionIncludeWarning))'.
2024-12-02 05:28:18.634 +01:00 [INF] Executing OkObjectResult, writing value of type 'System.Collections.Generic.List`1[[Aplzz.Models.Post, api, Version=1.0.0.0, Culture=neutral, PublicKeyToken=null]]'.
2024-12-02 05:28:18.728 +01:00 [INF] Executed action Aplzz.Controllers.PostAPIController.GetPosts (api) in 442.9767ms
2024-12-02 05:28:18.729 +01:00 [INF] Executed endpoint 'Aplzz.Controllers.PostAPIController.GetPosts (api)'
2024-12-02 05:28:18.731 +01:00 [INF] Request finished HTTP/1.1 GET http://localhost:5214/api/postapi/posts - 200 8803 application/json; charset=utf-8 494.5337ms
2024-12-02 05:28:18.731 +01:00 [INF] Request starting HTTP/1.1 GET http://localhost:5214/api/postapi/posts - null null
2024-12-02 05:28:18.733 +01:00 [INF] CORS policy execution successful.
2024-12-02 05:28:18.734 +01:00 [INF] Executing endpoint 'Aplzz.Controllers.PostAPIController.GetPosts (api)'
2024-12-02 05:28:18.734 +01:00 [INF] Route matched with {action = "GetPosts", controller = "PostAPI"}. Executing controller action with signature System.Threading.Tasks.Task`1[Microsoft.AspNetCore.Mvc.IActionResult] GetPosts() on controller Aplzz.Controllers.PostAPIController (api).
2024-12-02 05:28:18.778 +01:00 [INF] Executing OkObjectResult, writing value of type 'System.Collections.Generic.List`1[[Aplzz.Models.Post, api, Version=1.0.0.0, Culture=neutral, PublicKeyToken=null]]'.
2024-12-02 05:28:18.783 +01:00 [INF] Executed action Aplzz.Controllers.PostAPIController.GetPosts (api) in 48.7789ms
2024-12-02 05:28:18.783 +01:00 [INF] Executed endpoint 'Aplzz.Controllers.PostAPIController.GetPosts (api)'
2024-12-02 05:28:18.783 +01:00 [INF] Request finished HTTP/1.1 GET http://localhost:5214/api/postapi/posts - 200 8803 application/json; charset=utf-8 51.4604ms
2024-12-02 05:28:22.908 +01:00 [INF] Request starting HTTP/1.1 GET http://localhost:5214/api/postapi/posts - null null
2024-12-02 05:28:22.909 +01:00 [INF] CORS policy execution successful.
2024-12-02 05:28:22.909 +01:00 [INF] Executing endpoint 'Aplzz.Controllers.PostAPIController.GetPosts (api)'
2024-12-02 05:28:22.909 +01:00 [INF] Route matched with {action = "GetPosts", controller = "PostAPI"}. Executing controller action with signature System.Threading.Tasks.Task`1[Microsoft.AspNetCore.Mvc.IActionResult] GetPosts() on controller Aplzz.Controllers.PostAPIController (api).
2024-12-02 05:28:22.919 +01:00 [INF] Executing OkObjectResult, writing value of type 'System.Collections.Generic.List`1[[Aplzz.Models.Post, api, Version=1.0.0.0, Culture=neutral, PublicKeyToken=null]]'.
2024-12-02 05:28:22.924 +01:00 [INF] Executed action Aplzz.Controllers.PostAPIController.GetPosts (api) in 14.8086ms
2024-12-02 05:28:22.924 +01:00 [INF] Executed endpoint 'Aplzz.Controllers.PostAPIController.GetPosts (api)'
2024-12-02 05:28:22.924 +01:00 [INF] Request finished HTTP/1.1 GET http://localhost:5214/api/postapi/posts - 200 8803 application/json; charset=utf-8 16.2613ms
2024-12-02 05:28:22.925 +01:00 [INF] Request starting HTTP/1.1 GET http://localhost:5214/api/postapi/posts - null null
2024-12-02 05:28:22.925 +01:00 [INF] CORS policy execution successful.
2024-12-02 05:28:22.925 +01:00 [INF] Executing endpoint 'Aplzz.Controllers.PostAPIController.GetPosts (api)'
2024-12-02 05:28:22.925 +01:00 [INF] Route matched with {action = "GetPosts", controller = "PostAPI"}. Executing controller action with signature System.Threading.Tasks.Task`1[Microsoft.AspNetCore.Mvc.IActionResult] GetPosts() on controller Aplzz.Controllers.PostAPIController (api).
2024-12-02 05:28:22.931 +01:00 [INF] Executing OkObjectResult, writing value of type 'System.Collections.Generic.List`1[[Aplzz.Models.Post, api, Version=1.0.0.0, Culture=neutral, PublicKeyToken=null]]'.
2024-12-02 05:28:22.936 +01:00 [INF] Executed action Aplzz.Controllers.PostAPIController.GetPosts (api) in 11.2403ms
2024-12-02 05:28:22.936 +01:00 [INF] Executed endpoint 'Aplzz.Controllers.PostAPIController.GetPosts (api)'
2024-12-02 05:28:22.937 +01:00 [INF] Request finished HTTP/1.1 GET http://localhost:5214/api/postapi/posts - 200 8803 application/json; charset=utf-8 12.0354ms
2024-12-02 05:28:27.173 +01:00 [INF] Request starting HTTP/1.1 GET http://localhost:5214/api/postapi/posts - null null
2024-12-02 05:28:27.174 +01:00 [INF] CORS policy execution successful.
2024-12-02 05:28:27.174 +01:00 [INF] Executing endpoint 'Aplzz.Controllers.PostAPIController.GetPosts (api)'
2024-12-02 05:28:27.174 +01:00 [INF] Route matched with {action = "GetPosts", controller = "PostAPI"}. Executing controller action with signature System.Threading.Tasks.Task`1[Microsoft.AspNetCore.Mvc.IActionResult] GetPosts() on controller Aplzz.Controllers.PostAPIController (api).
2024-12-02 05:28:27.180 +01:00 [INF] Executing OkObjectResult, writing value of type 'System.Collections.Generic.List`1[[Aplzz.Models.Post, api, Version=1.0.0.0, Culture=neutral, PublicKeyToken=null]]'.
2024-12-02 05:28:27.185 +01:00 [INF] Executed action Aplzz.Controllers.PostAPIController.GetPosts (api) in 10.9674ms
2024-12-02 05:28:27.185 +01:00 [INF] Executed endpoint 'Aplzz.Controllers.PostAPIController.GetPosts (api)'
2024-12-02 05:28:27.185 +01:00 [INF] Request finished HTTP/1.1 GET http://localhost:5214/api/postapi/posts - 200 8803 application/json; charset=utf-8 12.094ms
2024-12-02 05:28:27.186 +01:00 [INF] Request starting HTTP/1.1 GET http://localhost:5214/api/postapi/posts - null null
2024-12-02 05:28:27.186 +01:00 [INF] CORS policy execution successful.
2024-12-02 05:28:27.186 +01:00 [INF] Executing endpoint 'Aplzz.Controllers.PostAPIController.GetPosts (api)'
2024-12-02 05:28:27.186 +01:00 [INF] Route matched with {action = "GetPosts", controller = "PostAPI"}. Executing controller action with signature System.Threading.Tasks.Task`1[Microsoft.AspNetCore.Mvc.IActionResult] GetPosts() on controller Aplzz.Controllers.PostAPIController (api).
2024-12-02 05:28:27.192 +01:00 [INF] Executing OkObjectResult, writing value of type 'System.Collections.Generic.List`1[[Aplzz.Models.Post, api, Version=1.0.0.0, Culture=neutral, PublicKeyToken=null]]'.
2024-12-02 05:28:27.196 +01:00 [INF] Executed action Aplzz.Controllers.PostAPIController.GetPosts (api) in 9.9903ms
2024-12-02 05:28:27.196 +01:00 [INF] Executed endpoint 'Aplzz.Controllers.PostAPIController.GetPosts (api)'
2024-12-02 05:28:27.196 +01:00 [INF] Request finished HTTP/1.1 GET http://localhost:5214/api/postapi/posts - 200 8803 application/json; charset=utf-8 10.7921ms
2024-12-02 05:28:32.769 +01:00 [INF] Request starting HTTP/1.1 POST http://localhost:5214/api/postapi/addcomment - application/x-www-form-urlencoded 23
2024-12-02 05:28:32.769 +01:00 [INF] CORS policy execution successful.
2024-12-02 05:28:32.769 +01:00 [INF] Executing endpoint 'Aplzz.Controllers.PostAPIController.AddComment (api)'
2024-12-02 05:28:32.775 +01:00 [INF] Route matched with {action = "AddComment", controller = "PostAPI"}. Executing controller action with signature System.Threading.Tasks.Task`1[Microsoft.AspNetCore.Mvc.IActionResult] AddComment(Int32, System.String) on controller Aplzz.Controllers.PostAPIController (api).
2024-12-02 05:28:32.812 +01:00 [INF] Executing OkObjectResult, writing value of type '<>f__AnonymousType2`5[[System.Int32, System.Private.CoreLib, Version=8.0.0.0, Culture=neutral, PublicKeyToken=7cec85d7bea7798e],[System.String, System.Private.CoreLib, Version=8.0.0.0, Culture=neutral, PublicKeyToken=7cec85d7bea7798e],[System.DateTime, System.Private.CoreLib, Version=8.0.0.0, Culture=neutral, PublicKeyToken=7cec85d7bea7798e],[System.Int32, System.Private.CoreLib, Version=8.0.0.0, Culture=neutral, PublicKeyToken=7cec85d7bea7798e],[System.String, System.Private.CoreLib, Version=8.0.0.0, Culture=neutral, PublicKeyToken=7cec85d7bea7798e]]'.
2024-12-02 05:28:32.816 +01:00 [INF] Executed action Aplzz.Controllers.PostAPIController.AddComment (api) in 40.625ms
2024-12-02 05:28:32.816 +01:00 [INF] Executed endpoint 'Aplzz.Controllers.PostAPIController.AddComment (api)'
2024-12-02 05:28:32.816 +01:00 [INF] Request finished HTTP/1.1 POST http://localhost:5214/api/postapi/addcomment - 200 114 application/json; charset=utf-8 47.5499ms
2024-12-02 05:28:34.308 +01:00 [INF] Request starting HTTP/1.1 GET http://localhost:5214/api/postapi/posts - null null
2024-12-02 05:28:34.309 +01:00 [INF] CORS policy execution successful.
2024-12-02 05:28:34.309 +01:00 [INF] Executing endpoint 'Aplzz.Controllers.PostAPIController.GetPosts (api)'
2024-12-02 05:28:34.309 +01:00 [INF] Route matched with {action = "GetPosts", controller = "PostAPI"}. Executing controller action with signature System.Threading.Tasks.Task`1[Microsoft.AspNetCore.Mvc.IActionResult] GetPosts() on controller Aplzz.Controllers.PostAPIController (api).
2024-12-02 05:28:34.314 +01:00 [INF] Executing OkObjectResult, writing value of type 'System.Collections.Generic.List`1[[Aplzz.Models.Post, api, Version=1.0.0.0, Culture=neutral, PublicKeyToken=null]]'.
2024-12-02 05:28:34.318 +01:00 [INF] Executed action Aplzz.Controllers.PostAPIController.GetPosts (api) in 9.3019ms
2024-12-02 05:28:34.318 +01:00 [INF] Executed endpoint 'Aplzz.Controllers.PostAPIController.GetPosts (api)'
2024-12-02 05:28:34.318 +01:00 [INF] Request finished HTTP/1.1 GET http://localhost:5214/api/postapi/posts - 200 9147 application/json; charset=utf-8 9.9463ms
2024-12-02 05:28:34.319 +01:00 [INF] Request starting HTTP/1.1 GET http://localhost:5214/api/postapi/posts - null null
2024-12-02 05:28:34.319 +01:00 [INF] CORS policy execution successful.
2024-12-02 05:28:34.319 +01:00 [INF] Executing endpoint 'Aplzz.Controllers.PostAPIController.GetPosts (api)'
2024-12-02 05:28:34.319 +01:00 [INF] Route matched with {action = "GetPosts", controller = "PostAPI"}. Executing controller action with signature System.Threading.Tasks.Task`1[Microsoft.AspNetCore.Mvc.IActionResult] GetPosts() on controller Aplzz.Controllers.PostAPIController (api).
2024-12-02 05:28:34.324 +01:00 [INF] Executing OkObjectResult, writing value of type 'System.Collections.Generic.List`1[[Aplzz.Models.Post, api, Version=1.0.0.0, Culture=neutral, PublicKeyToken=null]]'.
2024-12-02 05:28:34.328 +01:00 [INF] Executed action Aplzz.Controllers.PostAPIController.GetPosts (api) in 8.7444ms
2024-12-02 05:28:34.328 +01:00 [INF] Executed endpoint 'Aplzz.Controllers.PostAPIController.GetPosts (api)'
2024-12-02 05:28:34.328 +01:00 [INF] Request finished HTTP/1.1 GET http://localhost:5214/api/postapi/posts - 200 9147 application/json; charset=utf-8 9.2242ms
2024-12-02 05:38:11.362 +01:00 [INF] Request starting HTTP/1.1 GET http://localhost:5214/api/postapi/posts - null null
2024-12-02 05:38:11.364 +01:00 [INF] CORS policy execution successful.
2024-12-02 05:38:11.364 +01:00 [INF] Executing endpoint 'Aplzz.Controllers.PostAPIController.GetPosts (api)'
2024-12-02 05:38:11.364 +01:00 [INF] Route matched with {action = "GetPosts", controller = "PostAPI"}. Executing controller action with signature System.Threading.Tasks.Task`1[Microsoft.AspNetCore.Mvc.IActionResult] GetPosts() on controller Aplzz.Controllers.PostAPIController (api).
2024-12-02 05:38:11.374 +01:00 [INF] Executing OkObjectResult, writing value of type 'System.Collections.Generic.List`1[[Aplzz.Models.Post, api, Version=1.0.0.0, Culture=neutral, PublicKeyToken=null]]'.
2024-12-02 05:38:11.379 +01:00 [INF] Executed action Aplzz.Controllers.PostAPIController.GetPosts (api) in 14.5468ms
2024-12-02 05:38:11.379 +01:00 [INF] Executed endpoint 'Aplzz.Controllers.PostAPIController.GetPosts (api)'
2024-12-02 05:38:11.379 +01:00 [INF] Request finished HTTP/1.1 GET http://localhost:5214/api/postapi/posts - 200 9147 application/json; charset=utf-8 17.1299ms
2024-12-02 05:38:11.380 +01:00 [INF] Request starting HTTP/1.1 GET http://localhost:5214/api/postapi/posts - null null
2024-12-02 05:38:11.381 +01:00 [INF] CORS policy execution successful.
2024-12-02 05:38:11.384 +01:00 [INF] Executing endpoint 'Aplzz.Controllers.PostAPIController.GetPosts (api)'
2024-12-02 05:38:11.384 +01:00 [INF] Route matched with {action = "GetPosts", controller = "PostAPI"}. Executing controller action with signature System.Threading.Tasks.Task`1[Microsoft.AspNetCore.Mvc.IActionResult] GetPosts() on controller Aplzz.Controllers.PostAPIController (api).
2024-12-02 05:38:11.413 +01:00 [INF] Executing OkObjectResult, writing value of type 'System.Collections.Generic.List`1[[Aplzz.Models.Post, api, Version=1.0.0.0, Culture=neutral, PublicKeyToken=null]]'.
2024-12-02 05:38:11.417 +01:00 [INF] Executed action Aplzz.Controllers.PostAPIController.GetPosts (api) in 33.3765ms
2024-12-02 05:38:11.417 +01:00 [INF] Executed endpoint 'Aplzz.Controllers.PostAPIController.GetPosts (api)'
2024-12-02 05:38:11.417 +01:00 [INF] Request finished HTTP/1.1 GET http://localhost:5214/api/postapi/posts - 200 9147 application/json; charset=utf-8 37.139ms
2024-12-02 05:39:13.380 +01:00 [INF] Request starting HTTP/1.1 GET http://localhost:5214/api/postapi/posts - null null
2024-12-02 05:39:13.380 +01:00 [INF] CORS policy execution successful.
2024-12-02 05:39:13.380 +01:00 [INF] Executing endpoint 'Aplzz.Controllers.PostAPIController.GetPosts (api)'
2024-12-02 05:39:13.380 +01:00 [INF] Route matched with {action = "GetPosts", controller = "PostAPI"}. Executing controller action with signature System.Threading.Tasks.Task`1[Microsoft.AspNetCore.Mvc.IActionResult] GetPosts() on controller Aplzz.Controllers.PostAPIController (api).
2024-12-02 05:39:13.386 +01:00 [INF] Executing OkObjectResult, writing value of type 'System.Collections.Generic.List`1[[Aplzz.Models.Post, api, Version=1.0.0.0, Culture=neutral, PublicKeyToken=null]]'.
2024-12-02 05:39:13.390 +01:00 [INF] Executed action Aplzz.Controllers.PostAPIController.GetPosts (api) in 9.4189ms
2024-12-02 05:39:13.390 +01:00 [INF] Executed endpoint 'Aplzz.Controllers.PostAPIController.GetPosts (api)'
2024-12-02 05:39:13.390 +01:00 [INF] Request finished HTTP/1.1 GET http://localhost:5214/api/postapi/posts - 200 9147 application/json; charset=utf-8 10.1467ms
2024-12-02 05:39:13.391 +01:00 [INF] Request starting HTTP/1.1 GET http://localhost:5214/api/postapi/posts - null null
2024-12-02 05:39:13.392 +01:00 [INF] CORS policy execution successful.
2024-12-02 05:39:13.392 +01:00 [INF] Executing endpoint 'Aplzz.Controllers.PostAPIController.GetPosts (api)'
2024-12-02 05:39:13.392 +01:00 [INF] Route matched with {action = "GetPosts", controller = "PostAPI"}. Executing controller action with signature System.Threading.Tasks.Task`1[Microsoft.AspNetCore.Mvc.IActionResult] GetPosts() on controller Aplzz.Controllers.PostAPIController (api).
2024-12-02 05:39:13.400 +01:00 [INF] Executing OkObjectResult, writing value of type 'System.Collections.Generic.List`1[[Aplzz.Models.Post, api, Version=1.0.0.0, Culture=neutral, PublicKeyToken=null]]'.
2024-12-02 05:39:13.404 +01:00 [INF] Executed action Aplzz.Controllers.PostAPIController.GetPosts (api) in 11.5084ms
2024-12-02 05:39:13.404 +01:00 [INF] Executed endpoint 'Aplzz.Controllers.PostAPIController.GetPosts (api)'
2024-12-02 05:39:13.404 +01:00 [INF] Request finished HTTP/1.1 GET http://localhost:5214/api/postapi/posts - 200 9147 application/json; charset=utf-8 12.8587ms
2024-12-02 05:39:18.098 +01:00 [INF] Request starting HTTP/1.1 GET http://localhost:5214/api/postapi/posts - null null
2024-12-02 05:39:18.099 +01:00 [INF] CORS policy execution successful.
2024-12-02 05:39:18.099 +01:00 [INF] Executing endpoint 'Aplzz.Controllers.PostAPIController.GetPosts (api)'
2024-12-02 05:39:18.099 +01:00 [INF] Route matched with {action = "GetPosts", controller = "PostAPI"}. Executing controller action with signature System.Threading.Tasks.Task`1[Microsoft.AspNetCore.Mvc.IActionResult] GetPosts() on controller Aplzz.Controllers.PostAPIController (api).
2024-12-02 05:39:18.105 +01:00 [INF] Executing OkObjectResult, writing value of type 'System.Collections.Generic.List`1[[Aplzz.Models.Post, api, Version=1.0.0.0, Culture=neutral, PublicKeyToken=null]]'.
2024-12-02 05:39:18.109 +01:00 [INF] Executed action Aplzz.Controllers.PostAPIController.GetPosts (api) in 9.8482ms
2024-12-02 05:39:18.109 +01:00 [INF] Executed endpoint 'Aplzz.Controllers.PostAPIController.GetPosts (api)'
2024-12-02 05:39:18.109 +01:00 [INF] Request finished HTTP/1.1 GET http://localhost:5214/api/postapi/posts - 200 9147 application/json; charset=utf-8 10.6656ms
2024-12-02 05:39:18.110 +01:00 [INF] Request starting HTTP/1.1 GET http://localhost:5214/api/postapi/posts - null null
2024-12-02 05:39:18.110 +01:00 [INF] CORS policy execution successful.
2024-12-02 05:39:18.110 +01:00 [INF] Executing endpoint 'Aplzz.Controllers.PostAPIController.GetPosts (api)'
2024-12-02 05:39:18.110 +01:00 [INF] Route matched with {action = "GetPosts", controller = "PostAPI"}. Executing controller action with signature System.Threading.Tasks.Task`1[Microsoft.AspNetCore.Mvc.IActionResult] GetPosts() on controller Aplzz.Controllers.PostAPIController (api).
2024-12-02 05:39:18.114 +01:00 [INF] Executing OkObjectResult, writing value of type 'System.Collections.Generic.List`1[[Aplzz.Models.Post, api, Version=1.0.0.0, Culture=neutral, PublicKeyToken=null]]'.
2024-12-02 05:39:18.118 +01:00 [INF] Executed action Aplzz.Controllers.PostAPIController.GetPosts (api) in 8.3785ms
2024-12-02 05:39:18.118 +01:00 [INF] Executed endpoint 'Aplzz.Controllers.PostAPIController.GetPosts (api)'
2024-12-02 05:39:18.118 +01:00 [INF] Request finished HTTP/1.1 GET http://localhost:5214/api/postapi/posts - 200 9147 application/json; charset=utf-8 8.8547ms
2024-12-02 05:39:18.906 +01:00 [INF] Request starting HTTP/1.1 GET http://localhost:5214/api/postapi/posts - null null
2024-12-02 05:39:18.906 +01:00 [INF] CORS policy execution successful.
2024-12-02 05:39:18.906 +01:00 [INF] Executing endpoint 'Aplzz.Controllers.PostAPIController.GetPosts (api)'
2024-12-02 05:39:18.906 +01:00 [INF] Route matched with {action = "GetPosts", controller = "PostAPI"}. Executing controller action with signature System.Threading.Tasks.Task`1[Microsoft.AspNetCore.Mvc.IActionResult] GetPosts() on controller Aplzz.Controllers.PostAPIController (api).
2024-12-02 05:39:18.911 +01:00 [INF] Executing OkObjectResult, writing value of type 'System.Collections.Generic.List`1[[Aplzz.Models.Post, api, Version=1.0.0.0, Culture=neutral, PublicKeyToken=null]]'.
2024-12-02 05:39:18.915 +01:00 [INF] Executed action Aplzz.Controllers.PostAPIController.GetPosts (api) in 9.0305ms
2024-12-02 05:39:18.915 +01:00 [INF] Executed endpoint 'Aplzz.Controllers.PostAPIController.GetPosts (api)'
2024-12-02 05:39:18.915 +01:00 [INF] Request finished HTTP/1.1 GET http://localhost:5214/api/postapi/posts - 200 9147 application/json; charset=utf-8 9.6921ms
2024-12-02 05:39:18.916 +01:00 [INF] Request starting HTTP/1.1 GET http://localhost:5214/api/postapi/posts - null null
2024-12-02 05:39:18.916 +01:00 [INF] CORS policy execution successful.
2024-12-02 05:39:18.916 +01:00 [INF] Executing endpoint 'Aplzz.Controllers.PostAPIController.GetPosts (api)'
2024-12-02 05:39:18.916 +01:00 [INF] Route matched with {action = "GetPosts", controller = "PostAPI"}. Executing controller action with signature System.Threading.Tasks.Task`1[Microsoft.AspNetCore.Mvc.IActionResult] GetPosts() on controller Aplzz.Controllers.PostAPIController (api).
2024-12-02 05:39:18.921 +01:00 [INF] Executing OkObjectResult, writing value of type 'System.Collections.Generic.List`1[[Aplzz.Models.Post, api, Version=1.0.0.0, Culture=neutral, PublicKeyToken=null]]'.
2024-12-02 05:39:18.927 +01:00 [INF] Executed action Aplzz.Controllers.PostAPIController.GetPosts (api) in 11.025ms
2024-12-02 05:39:18.927 +01:00 [INF] Executed endpoint 'Aplzz.Controllers.PostAPIController.GetPosts (api)'
2024-12-02 05:39:18.927 +01:00 [INF] Request finished HTTP/1.1 GET http://localhost:5214/api/postapi/posts - 200 9147 application/json; charset=utf-8 11.5504ms
2024-12-02 05:39:19.512 +01:00 [INF] Request starting HTTP/1.1 GET http://localhost:5214/api/postapi/posts - null null
2024-12-02 05:39:19.512 +01:00 [INF] CORS policy execution successful.
2024-12-02 05:39:19.512 +01:00 [INF] Executing endpoint 'Aplzz.Controllers.PostAPIController.GetPosts (api)'
2024-12-02 05:39:19.512 +01:00 [INF] Route matched with {action = "GetPosts", controller = "PostAPI"}. Executing controller action with signature System.Threading.Tasks.Task`1[Microsoft.AspNetCore.Mvc.IActionResult] GetPosts() on controller Aplzz.Controllers.PostAPIController (api).
2024-12-02 05:39:19.517 +01:00 [INF] Executing OkObjectResult, writing value of type 'System.Collections.Generic.List`1[[Aplzz.Models.Post, api, Version=1.0.0.0, Culture=neutral, PublicKeyToken=null]]'.
2024-12-02 05:39:19.521 +01:00 [INF] Executed action Aplzz.Controllers.PostAPIController.GetPosts (api) in 8.7543ms
2024-12-02 05:39:19.521 +01:00 [INF] Executed endpoint 'Aplzz.Controllers.PostAPIController.GetPosts (api)'
2024-12-02 05:39:19.521 +01:00 [INF] Request finished HTTP/1.1 GET http://localhost:5214/api/postapi/posts - 200 9147 application/json; charset=utf-8 9.3362ms
2024-12-02 05:39:19.521 +01:00 [INF] Request starting HTTP/1.1 GET http://localhost:5214/api/postapi/posts - null null
2024-12-02 05:39:19.522 +01:00 [INF] CORS policy execution successful.
2024-12-02 05:39:19.522 +01:00 [INF] Executing endpoint 'Aplzz.Controllers.PostAPIController.GetPosts (api)'
2024-12-02 05:39:19.522 +01:00 [INF] Route matched with {action = "GetPosts", controller = "PostAPI"}. Executing controller action with signature System.Threading.Tasks.Task`1[Microsoft.AspNetCore.Mvc.IActionResult] GetPosts() on controller Aplzz.Controllers.PostAPIController (api).
2024-12-02 05:39:19.526 +01:00 [INF] Executing OkObjectResult, writing value of type 'System.Collections.Generic.List`1[[Aplzz.Models.Post, api, Version=1.0.0.0, Culture=neutral, PublicKeyToken=null]]'.
2024-12-02 05:39:19.529 +01:00 [INF] Executed action Aplzz.Controllers.PostAPIController.GetPosts (api) in 7.5112ms
2024-12-02 05:39:19.529 +01:00 [INF] Executed endpoint 'Aplzz.Controllers.PostAPIController.GetPosts (api)'
2024-12-02 05:39:19.530 +01:00 [INF] Request finished HTTP/1.1 GET http://localhost:5214/api/postapi/posts - 200 9147 application/json; charset=utf-8 8.1017ms
2024-12-02 05:39:19.982 +01:00 [INF] Request starting HTTP/1.1 GET http://localhost:5214/api/postapi/posts - null null
2024-12-02 05:39:19.982 +01:00 [INF] CORS policy execution successful.
2024-12-02 05:39:19.982 +01:00 [INF] Executing endpoint 'Aplzz.Controllers.PostAPIController.GetPosts (api)'
2024-12-02 05:39:19.982 +01:00 [INF] Route matched with {action = "GetPosts", controller = "PostAPI"}. Executing controller action with signature System.Threading.Tasks.Task`1[Microsoft.AspNetCore.Mvc.IActionResult] GetPosts() on controller Aplzz.Controllers.PostAPIController (api).
2024-12-02 05:39:19.987 +01:00 [INF] Executing OkObjectResult, writing value of type 'System.Collections.Generic.List`1[[Aplzz.Models.Post, api, Version=1.0.0.0, Culture=neutral, PublicKeyToken=null]]'.
2024-12-02 05:39:19.991 +01:00 [INF] Executed action Aplzz.Controllers.PostAPIController.GetPosts (api) in 8.6247ms
2024-12-02 05:39:19.991 +01:00 [INF] Executed endpoint 'Aplzz.Controllers.PostAPIController.GetPosts (api)'
2024-12-02 05:39:19.991 +01:00 [INF] Request finished HTTP/1.1 GET http://localhost:5214/api/postapi/posts - 200 9147 application/json; charset=utf-8 9.0825ms
2024-12-02 05:39:19.992 +01:00 [INF] Request starting HTTP/1.1 GET http://localhost:5214/api/postapi/posts - null null
2024-12-02 05:39:19.992 +01:00 [INF] CORS policy execution successful.
2024-12-02 05:39:19.992 +01:00 [INF] Executing endpoint 'Aplzz.Controllers.PostAPIController.GetPosts (api)'
2024-12-02 05:39:19.992 +01:00 [INF] Route matched with {action = "GetPosts", controller = "PostAPI"}. Executing controller action with signature System.Threading.Tasks.Task`1[Microsoft.AspNetCore.Mvc.IActionResult] GetPosts() on controller Aplzz.Controllers.PostAPIController (api).
2024-12-02 05:39:19.996 +01:00 [INF] Executing OkObjectResult, writing value of type 'System.Collections.Generic.List`1[[Aplzz.Models.Post, api, Version=1.0.0.0, Culture=neutral, PublicKeyToken=null]]'.
2024-12-02 05:39:20.034 +01:00 [INF] Executed action Aplzz.Controllers.PostAPIController.GetPosts (api) in 42.3447ms
2024-12-02 05:39:20.034 +01:00 [INF] Executed endpoint 'Aplzz.Controllers.PostAPIController.GetPosts (api)'
2024-12-02 05:39:20.034 +01:00 [INF] Request finished HTTP/1.1 GET http://localhost:5214/api/postapi/posts - 200 9147 application/json; charset=utf-8 42.893ms
2024-12-02 05:40:17.545 +01:00 [INF] Request starting HTTP/1.1 GET http://localhost:5214/api/postapi/posts - null null
2024-12-02 05:40:17.546 +01:00 [INF] CORS policy execution successful.
2024-12-02 05:40:17.548 +01:00 [INF] Executing endpoint 'Aplzz.Controllers.PostAPIController.GetPosts (api)'
2024-12-02 05:40:17.548 +01:00 [INF] Route matched with {action = "GetPosts", controller = "PostAPI"}. Executing controller action with signature System.Threading.Tasks.Task`1[Microsoft.AspNetCore.Mvc.IActionResult] GetPosts() on controller Aplzz.Controllers.PostAPIController (api).
2024-12-02 05:40:17.554 +01:00 [INF] Executing OkObjectResult, writing value of type 'System.Collections.Generic.List`1[[Aplzz.Models.Post, api, Version=1.0.0.0, Culture=neutral, PublicKeyToken=null]]'.
2024-12-02 05:40:17.558 +01:00 [INF] Executed action Aplzz.Controllers.PostAPIController.GetPosts (api) in 9.9459ms
2024-12-02 05:40:17.558 +01:00 [INF] Executed endpoint 'Aplzz.Controllers.PostAPIController.GetPosts (api)'
2024-12-02 05:40:17.559 +01:00 [INF] Request finished HTTP/1.1 GET http://localhost:5214/api/postapi/posts - 200 9147 application/json; charset=utf-8 13.3637ms
2024-12-02 05:40:17.559 +01:00 [INF] Request starting HTTP/1.1 GET http://localhost:5214/api/postapi/posts - null null
2024-12-02 05:40:17.559 +01:00 [INF] CORS policy execution successful.
2024-12-02 05:40:17.559 +01:00 [INF] Executing endpoint 'Aplzz.Controllers.PostAPIController.GetPosts (api)'
2024-12-02 05:40:17.559 +01:00 [INF] Route matched with {action = "GetPosts", controller = "PostAPI"}. Executing controller action with signature System.Threading.Tasks.Task`1[Microsoft.AspNetCore.Mvc.IActionResult] GetPosts() on controller Aplzz.Controllers.PostAPIController (api).
2024-12-02 05:40:17.564 +01:00 [INF] Executing OkObjectResult, writing value of type 'System.Collections.Generic.List`1[[Aplzz.Models.Post, api, Version=1.0.0.0, Culture=neutral, PublicKeyToken=null]]'.
2024-12-02 05:40:17.568 +01:00 [INF] Executed action Aplzz.Controllers.PostAPIController.GetPosts (api) in 8.7372ms
2024-12-02 05:40:17.568 +01:00 [INF] Executed endpoint 'Aplzz.Controllers.PostAPIController.GetPosts (api)'
2024-12-02 05:40:17.568 +01:00 [INF] Request finished HTTP/1.1 GET http://localhost:5214/api/postapi/posts - 200 9147 application/json; charset=utf-8 9.2743ms
2024-12-02 05:40:24.347 +01:00 [INF] Request starting HTTP/1.1 OPTIONS http://localhost:5214/api/loginApi/loginPost - null null
2024-12-02 05:40:24.347 +01:00 [INF] CORS policy execution successful.
2024-12-02 05:40:24.348 +01:00 [INF] Request finished HTTP/1.1 OPTIONS http://localhost:5214/api/loginApi/loginPost - 204 null null 0.9877ms
2024-12-02 05:40:24.348 +01:00 [INF] Request starting HTTP/1.1 POST http://localhost:5214/api/loginApi/loginPost - application/json 56
2024-12-02 05:40:24.349 +01:00 [INF] CORS policy execution successful.
2024-12-02 05:40:24.349 +01:00 [INF] Executing endpoint 'Aplzz.Controllers.LoginAPIController.Index (api)'
2024-12-02 05:40:24.350 +01:00 [INF] Route matched with {action = "Index", controller = "LoginAPI"}. Executing controller action with signature Microsoft.AspNetCore.Mvc.IActionResult Index(Aplzz.Models.LoginModel) on controller Aplzz.Controllers.LoginAPIController (api).
2024-12-02 05:40:24.386 +01:00 [INF] Executing OkObjectResult, writing value of type '<>f__AnonymousType0`6[[System.String, System.Private.CoreLib, Version=8.0.0.0, Culture=neutral, PublicKeyToken=7cec85d7bea7798e],[System.String, System.Private.CoreLib, Version=8.0.0.0, Culture=neutral, PublicKeyToken=7cec85d7bea7798e],[System.String, System.Private.CoreLib, Version=8.0.0.0, Culture=neutral, PublicKeyToken=7cec85d7bea7798e],[System.String, System.Private.CoreLib, Version=8.0.0.0, Culture=neutral, PublicKeyToken=7cec85d7bea7798e],[System.String, System.Private.CoreLib, Version=8.0.0.0, Culture=neutral, PublicKeyToken=7cec85d7bea7798e],[System.String, System.Private.CoreLib, Version=8.0.0.0, Culture=neutral, PublicKeyToken=7cec85d7bea7798e]]'.
2024-12-02 05:40:24.390 +01:00 [INF] Executed action Aplzz.Controllers.LoginAPIController.Index (api) in 39.6778ms
2024-12-02 05:40:24.390 +01:00 [INF] Executed endpoint 'Aplzz.Controllers.LoginAPIController.Index (api)'
2024-12-02 05:40:24.390 +01:00 [INF] Session started; Key:b6e82a6e-0973-d6d3-4886-53e3cf5c1d97, Id:e19f443e-48fa-f142-48a4-a7343b68ba79
2024-12-02 05:40:24.391 +01:00 [INF] Request finished HTTP/1.1 POST http://localhost:5214/api/loginApi/loginPost - 200 187 application/json; charset=utf-8 42.8481ms
2024-12-02 05:40:24.393 +01:00 [INF] Request starting HTTP/1.1 OPTIONS http://localhost:5214/api/loginApi/loginPost - null null
2024-12-02 05:40:24.393 +01:00 [INF] CORS policy execution successful.
2024-12-02 05:40:24.393 +01:00 [INF] Request finished HTTP/1.1 OPTIONS http://localhost:5214/api/loginApi/loginPost - 204 null null 0.2251ms
2024-12-02 05:40:24.394 +01:00 [INF] Request starting HTTP/1.1 POST http://localhost:5214/api/loginApi/loginPost - application/json 56
2024-12-02 05:40:24.395 +01:00 [INF] CORS policy execution successful.
2024-12-02 05:40:24.395 +01:00 [INF] Executing endpoint 'Aplzz.Controllers.LoginAPIController.Index (api)'
2024-12-02 05:40:24.395 +01:00 [INF] Route matched with {action = "Index", controller = "LoginAPI"}. Executing controller action with signature Microsoft.AspNetCore.Mvc.IActionResult Index(Aplzz.Models.LoginModel) on controller Aplzz.Controllers.LoginAPIController (api).
2024-12-02 05:40:24.402 +01:00 [INF] Accessing expired session, Key:4f1723b6-fab9-325b-e04c-bba278189f24
2024-12-02 05:40:24.402 +01:00 [INF] Executing OkObjectResult, writing value of type '<>f__AnonymousType0`6[[System.String, System.Private.CoreLib, Version=8.0.0.0, Culture=neutral, PublicKeyToken=7cec85d7bea7798e],[System.String, System.Private.CoreLib, Version=8.0.0.0, Culture=neutral, PublicKeyToken=7cec85d7bea7798e],[System.String, System.Private.CoreLib, Version=8.0.0.0, Culture=neutral, PublicKeyToken=7cec85d7bea7798e],[System.String, System.Private.CoreLib, Version=8.0.0.0, Culture=neutral, PublicKeyToken=7cec85d7bea7798e],[System.String, System.Private.CoreLib, Version=8.0.0.0, Culture=neutral, PublicKeyToken=7cec85d7bea7798e],[System.String, System.Private.CoreLib, Version=8.0.0.0, Culture=neutral, PublicKeyToken=7cec85d7bea7798e]]'.
2024-12-02 05:40:24.402 +01:00 [INF] Executed action Aplzz.Controllers.LoginAPIController.Index (api) in 6.9314ms
2024-12-02 05:40:24.402 +01:00 [INF] Executed endpoint 'Aplzz.Controllers.LoginAPIController.Index (api)'
2024-12-02 05:40:24.402 +01:00 [INF] Session started; Key:4f1723b6-fab9-325b-e04c-bba278189f24, Id:5bd9d32b-aeb7-ff07-5448-8ce5868e5c54
2024-12-02 05:40:24.402 +01:00 [INF] Request finished HTTP/1.1 POST http://localhost:5214/api/loginApi/loginPost - 200 187 application/json; charset=utf-8 8.3837ms
