2024-11-28 13:22:46.423 +01:00 [INF] User profile is available. Using '/Users/libansulub/.aspnet/DataProtection-Keys' as key repository; keys will not be encrypted at rest.
2024-11-28 13:22:46.729 +01:00 [WRN] The ASP.NET Core developer certificate is not trusted. For information about trusting the ASP.NET Core developer certificate, see https://aka.ms/aspnet/https-trust-dev-cert.
2024-11-28 13:22:46.751 +01:00 [INF] Now listening on: https://localhost:7135
2024-11-28 13:22:46.752 +01:00 [INF] Now listening on: http://localhost:5214
2024-11-28 13:22:46.755 +01:00 [INF] Application started. Press Ctrl+C to shut down.
2024-11-28 13:22:46.756 +01:00 [INF] Hosting environment: Development
2024-11-28 13:22:46.757 +01:00 [INF] Content root path: /Users/libansulub/Documents/Sub-Application 2 - React/api
2024-11-28 13:22:52.884 +01:00 [INF] Request starting HTTP/1.1 GET http://localhost:5214/api/postapi/posts - null null
2024-11-28 13:22:52.921 +01:00 [INF] CORS policy execution successful.
2024-11-28 13:22:52.923 +01:00 [INF] Executing endpoint 'Aplzz.Controllers.PostAPIController.GetPosts (api)'
2024-11-28 13:22:52.937 +01:00 [INF] Route matched with {action = "GetPosts", controller = "PostAPI"}. Executing controller action with signature System.Threading.Tasks.Task`1[Microsoft.AspNetCore.Mvc.IActionResult] GetPosts() on controller Aplzz.Controllers.PostAPIController (api).
2024-11-28 13:22:53.220 +01:00 [WRN] Compiling a query which loads related collections for more than one collection navigation, either via 'Include' or through projection, but no 'QuerySplittingBehavior' has been configured. By default, Entity Framework will use 'QuerySplittingBehavior.SingleQuery', which can potentially result in slow query performance. See https://go.microsoft.com/fwlink/?linkid=2134277 for more information. To identify the query that's triggering this warning call 'ConfigureWarnings(w => w.Throw(RelationalEventId.MultipleCollectionIncludeWarning))'.
2024-11-28 13:22:53.273 +01:00 [INF] Executing OkObjectResult, writing value of type 'System.Collections.Generic.List`1[[Aplzz.Models.Post, api, Version=1.0.0.0, Culture=neutral, PublicKeyToken=null]]'.
2024-11-28 13:22:53.343 +01:00 [INF] Executed action Aplzz.Controllers.PostAPIController.GetPosts (api) in 404.6492ms
2024-11-28 13:22:53.344 +01:00 [INF] Executed endpoint 'Aplzz.Controllers.PostAPIController.GetPosts (api)'
2024-11-28 13:22:53.347 +01:00 [INF] Request finished HTTP/1.1 GET http://localhost:5214/api/postapi/posts - 200 3358 application/json; charset=utf-8 465.158ms
2024-11-28 13:22:53.348 +01:00 [INF] Request starting HTTP/1.1 GET http://localhost:5214/api/postapi/posts - null null
2024-11-28 13:22:53.350 +01:00 [INF] CORS policy execution successful.
2024-11-28 13:22:53.350 +01:00 [INF] Executing endpoint 'Aplzz.Controllers.PostAPIController.GetPosts (api)'
2024-11-28 13:22:53.350 +01:00 [INF] Route matched with {action = "GetPosts", controller = "PostAPI"}. Executing controller action with signature System.Threading.Tasks.Task`1[Microsoft.AspNetCore.Mvc.IActionResult] GetPosts() on controller Aplzz.Controllers.PostAPIController (api).
2024-11-28 13:22:53.391 +01:00 [INF] Executing OkObjectResult, writing value of type 'System.Collections.Generic.List`1[[Aplzz.Models.Post, api, Version=1.0.0.0, Culture=neutral, PublicKeyToken=null]]'.
2024-11-28 13:22:53.391 +01:00 [INF] Executed action Aplzz.Controllers.PostAPIController.GetPosts (api) in 41.4277ms
2024-11-28 13:22:53.392 +01:00 [INF] Executed endpoint 'Aplzz.Controllers.PostAPIController.GetPosts (api)'
2024-11-28 13:22:53.392 +01:00 [INF] Request finished HTTP/1.1 GET http://localhost:5214/api/postapi/posts - 200 3358 application/json; charset=utf-8 43.8963ms
2024-11-28 13:23:56.803 +01:00 [INF] Request starting HTTP/1.1 GET http://localhost:5214/api/postapi/posts - null null
2024-11-28 13:23:56.808 +01:00 [INF] CORS policy execution successful.
2024-11-28 13:23:56.808 +01:00 [INF] Executing endpoint 'Aplzz.Controllers.PostAPIController.GetPosts (api)'
2024-11-28 13:23:56.809 +01:00 [INF] Route matched with {action = "GetPosts", controller = "PostAPI"}. Executing controller action with signature System.Threading.Tasks.Task`1[Microsoft.AspNetCore.Mvc.IActionResult] GetPosts() on controller Aplzz.Controllers.PostAPIController (api).
2024-11-28 13:23:56.822 +01:00 [INF] Executing OkObjectResult, writing value of type 'System.Collections.Generic.List`1[[Aplzz.Models.Post, api, Version=1.0.0.0, Culture=neutral, PublicKeyToken=null]]'.
2024-11-28 13:23:56.823 +01:00 [INF] Executed action Aplzz.Controllers.PostAPIController.GetPosts (api) in 14.5372ms
2024-11-28 13:23:56.824 +01:00 [INF] Executed endpoint 'Aplzz.Controllers.PostAPIController.GetPosts (api)'
2024-11-28 13:23:56.824 +01:00 [INF] Request finished HTTP/1.1 GET http://localhost:5214/api/postapi/posts - 200 3358 application/json; charset=utf-8 21.8954ms
2024-11-28 13:24:02.029 +01:00 [INF] Request starting HTTP/1.1 GET http://localhost:5214/api/postapi/posts - null null
2024-11-28 13:24:02.031 +01:00 [INF] CORS policy execution successful.
2024-11-28 13:24:02.031 +01:00 [INF] Executing endpoint 'Aplzz.Controllers.PostAPIController.GetPosts (api)'
2024-11-28 13:24:02.032 +01:00 [INF] Route matched with {action = "GetPosts", controller = "PostAPI"}. Executing controller action with signature System.Threading.Tasks.Task`1[Microsoft.AspNetCore.Mvc.IActionResult] GetPosts() on controller Aplzz.Controllers.PostAPIController (api).
2024-11-28 13:24:02.044 +01:00 [INF] Executing OkObjectResult, writing value of type 'System.Collections.Generic.List`1[[Aplzz.Models.Post, api, Version=1.0.0.0, Culture=neutral, PublicKeyToken=null]]'.
2024-11-28 13:24:02.046 +01:00 [INF] Executed action Aplzz.Controllers.PostAPIController.GetPosts (api) in 13.8026ms
2024-11-28 13:24:02.046 +01:00 [INF] Executed endpoint 'Aplzz.Controllers.PostAPIController.GetPosts (api)'
2024-11-28 13:24:02.046 +01:00 [INF] Request finished HTTP/1.1 GET http://localhost:5214/api/postapi/posts - 200 3358 application/json; charset=utf-8 17.3703ms
2024-11-28 13:24:02.047 +01:00 [INF] Request starting HTTP/1.1 GET http://localhost:5214/api/postapi/posts - null null
2024-11-28 13:24:02.047 +01:00 [INF] CORS policy execution successful.
2024-11-28 13:24:02.047 +01:00 [INF] Executing endpoint 'Aplzz.Controllers.PostAPIController.GetPosts (api)'
2024-11-28 13:24:02.048 +01:00 [INF] Route matched with {action = "GetPosts", controller = "PostAPI"}. Executing controller action with signature System.Threading.Tasks.Task`1[Microsoft.AspNetCore.Mvc.IActionResult] GetPosts() on controller Aplzz.Controllers.PostAPIController (api).
2024-11-28 13:24:02.053 +01:00 [INF] Executing OkObjectResult, writing value of type 'System.Collections.Generic.List`1[[Aplzz.Models.Post, api, Version=1.0.0.0, Culture=neutral, PublicKeyToken=null]]'.
2024-11-28 13:24:02.053 +01:00 [INF] Executed action Aplzz.Controllers.PostAPIController.GetPosts (api) in 5.5415ms
2024-11-28 13:24:02.053 +01:00 [INF] Executed endpoint 'Aplzz.Controllers.PostAPIController.GetPosts (api)'
2024-11-28 13:24:02.053 +01:00 [INF] Request finished HTTP/1.1 GET http://localhost:5214/api/postapi/posts - 200 3358 application/json; charset=utf-8 6.4455ms
2024-11-28 13:24:38.968 +01:00 [INF] Request starting HTTP/1.1 POST http://localhost:5214/api/postapi/create - multipart/form-data; boundary=----WebKitFormBoundaryLAaZl85Dvu40HQBr 391900
2024-11-28 13:24:38.973 +01:00 [INF] CORS policy execution successful.
2024-11-28 13:24:38.973 +01:00 [INF] Executing endpoint 'Aplzz.Controllers.PostAPIController.CreatePost (api)'
2024-11-28 13:24:39.003 +01:00 [INF] Route matched with {action = "CreatePost", controller = "PostAPI"}. Executing controller action with signature System.Threading.Tasks.Task`1[Microsoft.AspNetCore.Mvc.IActionResult] CreatePost(Aplzz.Models.Post, Microsoft.AspNetCore.Http.IFormFile) on controller Aplzz.Controllers.PostAPIController (api).
2024-11-28 13:24:39.287 +01:00 [INF] Executing OkObjectResult, writing value of type 'Aplzz.Models.Post'.
2024-11-28 13:24:39.289 +01:00 [INF] Executed action Aplzz.Controllers.PostAPIController.CreatePost (api) in 285.9531ms
2024-11-28 13:24:39.290 +01:00 [INF] Executed endpoint 'Aplzz.Controllers.PostAPIController.CreatePost (api)'
2024-11-28 13:24:39.292 +01:00 [INF] Request finished HTTP/1.1 POST http://localhost:5214/api/postapi/create - 200 192 application/json; charset=utf-8 323.814ms
2024-11-28 13:24:39.323 +01:00 [INF] Request starting HTTP/1.1 GET http://localhost:5214/api/postapi/posts - null null
2024-11-28 13:24:39.325 +01:00 [INF] CORS policy execution successful.
2024-11-28 13:24:39.326 +01:00 [INF] Executing endpoint 'Aplzz.Controllers.PostAPIController.GetPosts (api)'
2024-11-28 13:24:39.326 +01:00 [INF] Route matched with {action = "GetPosts", controller = "PostAPI"}. Executing controller action with signature System.Threading.Tasks.Task`1[Microsoft.AspNetCore.Mvc.IActionResult] GetPosts() on controller Aplzz.Controllers.PostAPIController (api).
2024-11-28 13:24:39.334 +01:00 [INF] Executing OkObjectResult, writing value of type 'System.Collections.Generic.List`1[[Aplzz.Models.Post, api, Version=1.0.0.0, Culture=neutral, PublicKeyToken=null]]'.
2024-11-28 13:24:39.334 +01:00 [INF] Executed action Aplzz.Controllers.PostAPIController.GetPosts (api) in 8.2989ms
2024-11-28 13:24:39.334 +01:00 [INF] Executed endpoint 'Aplzz.Controllers.PostAPIController.GetPosts (api)'
2024-11-28 13:24:39.334 +01:00 [INF] Request finished HTTP/1.1 GET http://localhost:5214/api/postapi/posts - 200 3769 application/json; charset=utf-8 11.2654ms
2024-11-28 13:24:39.335 +01:00 [INF] Request starting HTTP/1.1 GET http://localhost:5214/api/postapi/posts - null null
2024-11-28 13:24:39.335 +01:00 [INF] CORS policy execution successful.
2024-11-28 13:24:39.335 +01:00 [INF] Executing endpoint 'Aplzz.Controllers.PostAPIController.GetPosts (api)'
2024-11-28 13:24:39.336 +01:00 [INF] Route matched with {action = "GetPosts", controller = "PostAPI"}. Executing controller action with signature System.Threading.Tasks.Task`1[Microsoft.AspNetCore.Mvc.IActionResult] GetPosts() on controller Aplzz.Controllers.PostAPIController (api).
2024-11-28 13:24:39.342 +01:00 [INF] Request starting HTTP/1.1 GET http://localhost:5214/images/0e931c77-b5a7-4e7b-a009-9e79be1b5402.png - null null
2024-11-28 13:24:39.342 +01:00 [INF] Executing OkObjectResult, writing value of type 'System.Collections.Generic.List`1[[Aplzz.Models.Post, api, Version=1.0.0.0, Culture=neutral, PublicKeyToken=null]]'.
2024-11-28 13:24:39.343 +01:00 [INF] Executed action Aplzz.Controllers.PostAPIController.GetPosts (api) in 6.9964ms
2024-11-28 13:24:39.343 +01:00 [INF] Executed endpoint 'Aplzz.Controllers.PostAPIController.GetPosts (api)'
2024-11-28 13:24:39.343 +01:00 [INF] Request finished HTTP/1.1 GET http://localhost:5214/api/postapi/posts - 200 3769 application/json; charset=utf-8 7.8269ms
2024-11-28 13:24:39.369 +01:00 [WRN] Error unprotecting the session cookie.
System.Security.Cryptography.CryptographicException: The payload was invalid. For more information go to https://aka.ms/aspnet/dataprotectionwarning
   at Microsoft.AspNetCore.DataProtection.Managed.ManagedAuthenticatedEncryptor.Decrypt(ArraySegment`1 protectedPayload, ArraySegment`1 additionalAuthenticatedData)
   at Microsoft.AspNetCore.DataProtection.KeyManagement.KeyRingBasedDataProtector.UnprotectCore(Byte[] protectedData, Boolean allowOperationsOnRevokedKeys, UnprotectStatus& status)
   at Microsoft.AspNetCore.DataProtection.KeyManagement.KeyRingBasedDataProtector.Unprotect(Byte[] protectedData)
   at Microsoft.AspNetCore.Session.CookieProtection.Unprotect(IDataProtector protector, String protectedText, ILogger logger)
2024-11-28 13:24:39.410 +01:00 [INF] Sending file. Request path: '/images/0e931c77-b5a7-4e7b-a009-9e79be1b5402.png'. Physical path: '/Users/libansulub/Documents/Sub-Application 2 - React/api/wwwroot/images/0e931c77-b5a7-4e7b-a009-9e79be1b5402.png'
2024-11-28 13:24:39.410 +01:00 [INF] Request finished HTTP/1.1 GET http://localhost:5214/images/0e931c77-b5a7-4e7b-a009-9e79be1b5402.png - 200 391396 image/png 68.3977ms
2024-11-28 13:24:54.572 +01:00 [INF] Request starting HTTP/1.1 POST http://localhost:5214/api/postapi/create - multipart/form-data; boundary=----WebKitFormBoundaryYRwuMwGAwoIxfP4F 356
2024-11-28 13:24:54.576 +01:00 [INF] CORS policy execution successful.
2024-11-28 13:24:54.577 +01:00 [INF] Executing endpoint 'Aplzz.Controllers.PostAPIController.CreatePost (api)'
2024-11-28 13:24:54.578 +01:00 [INF] Route matched with {action = "CreatePost", controller = "PostAPI"}. Executing controller action with signature System.Threading.Tasks.Task`1[Microsoft.AspNetCore.Mvc.IActionResult] CreatePost(Aplzz.Models.Post, Microsoft.AspNetCore.Http.IFormFile) on controller Aplzz.Controllers.PostAPIController (api).
2024-11-28 13:24:54.597 +01:00 [INF] Executing OkObjectResult, writing value of type 'Aplzz.Models.Post'.
2024-11-28 13:24:54.597 +01:00 [INF] Executed action Aplzz.Controllers.PostAPIController.CreatePost (api) in 19.8785ms
2024-11-28 13:24:54.598 +01:00 [INF] Executed endpoint 'Aplzz.Controllers.PostAPIController.CreatePost (api)'
2024-11-28 13:24:54.598 +01:00 [INF] Request finished HTTP/1.1 POST http://localhost:5214/api/postapi/create - 200 145 application/json; charset=utf-8 26.1244ms
2024-11-28 13:24:54.617 +01:00 [INF] Request starting HTTP/1.1 GET http://localhost:5214/api/postapi/posts - null null
2024-11-28 13:24:54.618 +01:00 [INF] CORS policy execution successful.
2024-11-28 13:24:54.618 +01:00 [INF] Executing endpoint 'Aplzz.Controllers.PostAPIController.GetPosts (api)'
2024-11-28 13:24:54.618 +01:00 [INF] Route matched with {action = "GetPosts", controller = "PostAPI"}. Executing controller action with signature System.Threading.Tasks.Task`1[Microsoft.AspNetCore.Mvc.IActionResult] GetPosts() on controller Aplzz.Controllers.PostAPIController (api).
2024-11-28 13:24:54.651 +01:00 [INF] Executing OkObjectResult, writing value of type 'System.Collections.Generic.List`1[[Aplzz.Models.Post, api, Version=1.0.0.0, Culture=neutral, PublicKeyToken=null]]'.
2024-11-28 13:24:54.654 +01:00 [INF] Executed action Aplzz.Controllers.PostAPIController.GetPosts (api) in 35.9377ms
2024-11-28 13:24:54.655 +01:00 [INF] Executed endpoint 'Aplzz.Controllers.PostAPIController.GetPosts (api)'
2024-11-28 13:24:54.655 +01:00 [INF] Request finished HTTP/1.1 GET http://localhost:5214/api/postapi/posts - 200 4133 application/json; charset=utf-8 37.7546ms
2024-11-28 13:24:54.657 +01:00 [INF] Request starting HTTP/1.1 GET http://localhost:5214/api/postapi/posts - null null
2024-11-28 13:24:54.683 +01:00 [INF] CORS policy execution successful.
2024-11-28 13:24:54.684 +01:00 [INF] Executing endpoint 'Aplzz.Controllers.PostAPIController.GetPosts (api)'
2024-11-28 13:24:54.684 +01:00 [INF] Route matched with {action = "GetPosts", controller = "PostAPI"}. Executing controller action with signature System.Threading.Tasks.Task`1[Microsoft.AspNetCore.Mvc.IActionResult] GetPosts() on controller Aplzz.Controllers.PostAPIController (api).
2024-11-28 13:24:54.688 +01:00 [INF] Executing OkObjectResult, writing value of type 'System.Collections.Generic.List`1[[Aplzz.Models.Post, api, Version=1.0.0.0, Culture=neutral, PublicKeyToken=null]]'.
2024-11-28 13:24:54.688 +01:00 [INF] Executed action Aplzz.Controllers.PostAPIController.GetPosts (api) in 4.2606ms
2024-11-28 13:24:54.688 +01:00 [INF] Executed endpoint 'Aplzz.Controllers.PostAPIController.GetPosts (api)'
2024-11-28 13:24:54.688 +01:00 [INF] Request finished HTTP/1.1 GET http://localhost:5214/api/postapi/posts - 200 4133 application/json; charset=utf-8 31.3982ms
