2024-11-29 19:40:18.021 +01:00 [INF] User profile is available. Using 'C:\Users\yaha-\AppData\Local\ASP.NET\DataProtection-Keys' as key repository and Windows DPAPI to encrypt keys at rest.
2024-11-29 19:40:18.577 +01:00 [INF] Now listening on: https://localhost:7135
2024-11-29 19:40:18.582 +01:00 [INF] Now listening on: http://localhost:5214
2024-11-29 19:40:18.597 +01:00 [INF] Application started. Press Ctrl+C to shut down.
2024-11-29 19:40:18.602 +01:00 [INF] Hosting environment: Development
2024-11-29 19:40:18.606 +01:00 [INF] Content root path: C:\Users\yaha-\OneDrive\Dokumenter\Webapplikasjoner\Ny mappe\Sub-Application-2---React\api
2024-11-29 19:40:27.327 +01:00 [INF] Request starting HTTP/2 GET https://localhost:7135/ - null null
2024-11-29 19:40:27.497 +01:00 [INF] Request finished HTTP/2 GET https://localhost:7135/ - 404 0 null 155.5381ms
2024-11-29 19:40:27.532 +01:00 [INF] Request reached the end of the middleware pipeline without being handled by application code. Request path: GET https://localhost:7135/, Response status code: 404
2024-11-29 19:40:36.530 +01:00 [INF] Request starting HTTP/2 GET https://localhost:7135/ - null null
2024-11-29 19:40:36.536 +01:00 [INF] Request finished HTTP/2 GET https://localhost:7135/ - 404 0 null 5.5185ms
2024-11-29 19:40:36.536 +01:00 [INF] Request reached the end of the middleware pipeline without being handled by application code. Request path: GET https://localhost:7135/, Response status code: 404
2024-11-29 19:40:58.701 +01:00 [INF] Request starting HTTP/2 GET https://localhost:7135/post - null null
2024-11-29 19:40:58.716 +01:00 [INF] Executing endpoint 'Aplzz.Controllers.PostController.Index (api)'
2024-11-29 19:40:58.775 +01:00 [INF] Route matched with {action = "Index", controller = "Post"}. Executing controller action with signature System.Threading.Tasks.Task`1[Microsoft.AspNetCore.Mvc.IActionResult] Index() on controller Aplzz.Controllers.PostController (api).
2024-11-29 19:41:00.352 +01:00 [WRN] Compiling a query which loads related collections for more than one collection navigation, either via 'Include' or through projection, but no 'QuerySplittingBehavior' has been configured. By default, Entity Framework will use 'QuerySplittingBehavior.SingleQuery', which can potentially result in slow query performance. See https://go.microsoft.com/fwlink/?linkid=2134277 for more information. To identify the query that's triggering this warning call 'ConfigureWarnings(w => w.Throw(RelationalEventId.MultipleCollectionIncludeWarning))'.
2024-11-29 19:41:00.669 +01:00 [INF] Executing ViewResult, running view Index.
2024-11-29 19:41:00.691 +01:00 [ERR] The view 'Index' was not found. Searched locations: ["/Views/Post/Index.cshtml","/Views/Shared/Index.cshtml"]
2024-11-29 19:41:00.713 +01:00 [INF] Executed action Aplzz.Controllers.PostController.Index (api) in 1930.1969ms
2024-11-29 19:41:00.715 +01:00 [INF] Executed endpoint 'Aplzz.Controllers.PostController.Index (api)'
2024-11-29 19:41:00.850 +01:00 [ERR] An unhandled exception has occurred while executing the request.
System.InvalidOperationException: The view 'Index' was not found. The following locations were searched:
/Views/Post/Index.cshtml
/Views/Shared/Index.cshtml
   at Microsoft.AspNetCore.Mvc.ViewEngines.ViewEngineResult.EnsureSuccessful(IEnumerable`1 originalLocations)
   at Microsoft.AspNetCore.Mvc.ViewFeatures.ViewResultExecutor.ExecuteAsync(ActionContext context, ViewResult result)
   at Microsoft.AspNetCore.Mvc.ViewResult.ExecuteResultAsync(ActionContext context)
   at Microsoft.AspNetCore.Mvc.Infrastructure.ResourceInvoker.<InvokeNextResultFilterAsync>g__Awaited|30_0[TFilter,TFilterAsync](ResourceInvoker invoker, Task lastTask, State next, Scope scope, Object state, Boolean isCompleted)
   at Microsoft.AspNetCore.Mvc.Infrastructure.ResourceInvoker.Rethrow(ResultExecutedContextSealed context)
   at Microsoft.AspNetCore.Mvc.Infrastructure.ResourceInvoker.ResultNext[TFilter,TFilterAsync](State& next, Scope& scope, Object& state, Boolean& isCompleted)
   at Microsoft.AspNetCore.Mvc.Infrastructure.ResourceInvoker.InvokeResultFilters()
--- End of stack trace from previous location ---
   at Microsoft.AspNetCore.Mvc.Infrastructure.ResourceInvoker.<InvokeNextResourceFilter>g__Awaited|25_0(ResourceInvoker invoker, Task lastTask, State next, Scope scope, Object state, Boolean isCompleted)
   at Microsoft.AspNetCore.Mvc.Infrastructure.ResourceInvoker.Rethrow(ResourceExecutedContextSealed context)
   at Microsoft.AspNetCore.Mvc.Infrastructure.ResourceInvoker.Next(State& next, Scope& scope, Object& state, Boolean& isCompleted)
   at Microsoft.AspNetCore.Mvc.Infrastructure.ResourceInvoker.InvokeFilterPipelineAsync()
--- End of stack trace from previous location ---
   at Microsoft.AspNetCore.Mvc.Infrastructure.ResourceInvoker.<InvokeAsync>g__Logged|17_1(ResourceInvoker invoker)
   at Microsoft.AspNetCore.Mvc.Infrastructure.ResourceInvoker.<InvokeAsync>g__Logged|17_1(ResourceInvoker invoker)
   at Microsoft.AspNetCore.Routing.EndpointMiddleware.<Invoke>g__AwaitRequestTask|7_0(Endpoint endpoint, Task requestTask, ILogger logger)
   at Microsoft.AspNetCore.Session.SessionMiddleware.Invoke(HttpContext context)
   at Microsoft.AspNetCore.Session.SessionMiddleware.Invoke(HttpContext context)
   at Microsoft.AspNetCore.Authorization.AuthorizationMiddleware.Invoke(HttpContext context)
   at Microsoft.AspNetCore.Authentication.AuthenticationMiddleware.Invoke(HttpContext context)
   at Swashbuckle.AspNetCore.SwaggerUI.SwaggerUIMiddleware.Invoke(HttpContext httpContext)
   at Swashbuckle.AspNetCore.Swagger.SwaggerMiddleware.Invoke(HttpContext httpContext, ISwaggerProvider swaggerProvider)
   at Microsoft.AspNetCore.Diagnostics.DeveloperExceptionPageMiddlewareImpl.Invoke(HttpContext context)
2024-11-29 19:41:01.016 +01:00 [INF] Request finished HTTP/2 GET https://localhost:7135/post - 500 null text/html; charset=utf-8 2314.6404ms
2024-11-29 19:41:01.242 +01:00 [INF] Request starting HTTP/2 GET https://localhost:7135/favicon.ico - null null
2024-11-29 19:41:01.282 +01:00 [INF] Sending file. Request path: '/favicon.ico'. Physical path: 'C:\Users\yaha-\OneDrive\Dokumenter\Webapplikasjoner\Ny mappe\Sub-Application-2---React\api\wwwroot\favicon.ico'
2024-11-29 19:41:01.285 +01:00 [INF] Request finished HTTP/2 GET https://localhost:7135/favicon.ico - 200 5430 image/x-icon 43.4825ms
