2024-11-29 20:15:07.076 +01:00 [INF] User profile is available. Using 'C:\Users\yaha-\AppData\Local\ASP.NET\DataProtection-Keys' as key repository and Windows DPAPI to encrypt keys at rest.
2024-11-29 20:15:07.375 +01:00 [INF] Now listening on: https://localhost:7135
2024-11-29 20:15:07.379 +01:00 [INF] Now listening on: http://localhost:5214
2024-11-29 20:15:07.393 +01:00 [INF] Application started. Press Ctrl+C to shut down.
2024-11-29 20:15:07.397 +01:00 [INF] Hosting environment: Development
2024-11-29 20:15:07.402 +01:00 [INF] Content root path: C:\Users\yaha-\OneDrive\Dokumenter\Webapplikasjoner\Ny mappe\Sub-Application-2---React\api
2024-11-29 20:15:22.658 +01:00 [INF] Request starting HTTP/1.1 GET http://localhost:5214/api/postapi/posts - null null
2024-11-29 20:15:22.808 +01:00 [INF] CORS policy execution successful.
2024-11-29 20:15:22.815 +01:00 [INF] Executing endpoint 'Aplzz.Controllers.PostAPIController.GetPosts (api)'
2024-11-29 20:15:22.865 +01:00 [INF] Route matched with {action = "GetPosts", controller = "PostAPI"}. Executing controller action with signature System.Threading.Tasks.Task`1[Microsoft.AspNetCore.Mvc.IActionResult] GetPosts() on controller Aplzz.Controllers.PostAPIController (api).
2024-11-29 20:15:23.891 +01:00 [WRN] Compiling a query which loads related collections for more than one collection navigation, either via 'Include' or through projection, but no 'QuerySplittingBehavior' has been configured. By default, Entity Framework will use 'QuerySplittingBehavior.SingleQuery', which can potentially result in slow query performance. See https://go.microsoft.com/fwlink/?linkid=2134277 for more information. To identify the query that's triggering this warning call 'ConfigureWarnings(w => w.Throw(RelationalEventId.MultipleCollectionIncludeWarning))'.
2024-11-29 20:15:24.085 +01:00 [INF] Executing OkObjectResult, writing value of type 'System.Collections.Generic.List`1[[Aplzz.Models.Post, api, Version=1.0.0.0, Culture=neutral, PublicKeyToken=null]]'.
2024-11-29 20:15:24.387 +01:00 [INF] Executed action Aplzz.Controllers.PostAPIController.GetPosts (api) in 1510.9973ms
2024-11-29 20:15:24.390 +01:00 [INF] Executed endpoint 'Aplzz.Controllers.PostAPIController.GetPosts (api)'
2024-11-29 20:15:24.390 +01:00 [INF] Request starting HTTP/1.1 GET http://localhost:5214/api/postapi/posts - null null
2024-11-29 20:15:24.399 +01:00 [INF] CORS policy execution successful.
2024-11-29 20:15:24.399 +01:00 [INF] Executing endpoint 'Aplzz.Controllers.PostAPIController.GetPosts (api)'
2024-11-29 20:15:24.400 +01:00 [INF] Route matched with {action = "GetPosts", controller = "PostAPI"}. Executing controller action with signature System.Threading.Tasks.Task`1[Microsoft.AspNetCore.Mvc.IActionResult] GetPosts() on controller Aplzz.Controllers.PostAPIController (api).
2024-11-29 20:15:24.419 +01:00 [INF] Request finished HTTP/1.1 GET http://localhost:5214/api/postapi/posts - 200 8763 application/json; charset=utf-8 1765.6503ms
2024-11-29 20:15:24.503 +01:00 [INF] Request starting HTTP/1.1 GET http://localhost:5214/images/profile.jpg - null null
2024-11-29 20:15:24.505 +01:00 [INF] Request starting HTTP/1.1 GET http://localhost:5214/images/mountain.png - null null
2024-11-29 20:15:24.508 +01:00 [INF] Request starting HTTP/1.1 GET http://localhost:5214/images/scott.jpg - null null
2024-11-29 20:15:24.574 +01:00 [INF] Request starting HTTP/1.1 GET http://localhost:5214/images/pexels.jpg - null null
2024-11-29 20:15:24.585 +01:00 [INF] Sending file. Request path: '/images/profile.jpg'. Physical path: 'C:\Users\yaha-\OneDrive\Dokumenter\Webapplikasjoner\Ny mappe\Sub-Application-2---React\api\wwwroot\images\profile.jpg'
2024-11-29 20:15:24.590 +01:00 [INF] Request finished HTTP/1.1 GET http://localhost:5214/images/profile.jpg - 200 17436 image/jpeg 87.4187ms
2024-11-29 20:15:24.786 +01:00 [INF] Executing OkObjectResult, writing value of type 'System.Collections.Generic.List`1[[Aplzz.Models.Post, api, Version=1.0.0.0, Culture=neutral, PublicKeyToken=null]]'.
2024-11-29 20:15:24.792 +01:00 [INF] Sending file. Request path: '/images/mountain.png'. Physical path: 'C:\Users\yaha-\OneDrive\Dokumenter\Webapplikasjoner\Ny mappe\Sub-Application-2---React\api\wwwroot\images\mountain.png'
2024-11-29 20:15:24.793 +01:00 [INF] Request finished HTTP/1.1 GET http://localhost:5214/images/mountain.png - 200 1218970 image/png 287.2131ms
2024-11-29 20:15:24.835 +01:00 [INF] Executed action Aplzz.Controllers.PostAPIController.GetPosts (api) in 434.3235ms
2024-11-29 20:15:24.835 +01:00 [INF] Executed endpoint 'Aplzz.Controllers.PostAPIController.GetPosts (api)'
2024-11-29 20:15:24.836 +01:00 [INF] Request finished HTTP/1.1 GET http://localhost:5214/api/postapi/posts - 200 8763 application/json; charset=utf-8 445.9539ms
2024-11-29 20:15:24.914 +01:00 [INF] Sending file. Request path: '/images/pexels.jpg'. Physical path: 'C:\Users\yaha-\OneDrive\Dokumenter\Webapplikasjoner\Ny mappe\Sub-Application-2---React\api\wwwroot\images\pexels.jpg'
2024-11-29 20:15:24.915 +01:00 [INF] Request finished HTTP/1.1 GET http://localhost:5214/images/pexels.jpg - 200 2472748 image/jpeg 341.2936ms
2024-11-29 20:15:24.917 +01:00 [INF] Sending file. Request path: '/images/scott.jpg'. Physical path: 'C:\Users\yaha-\OneDrive\Dokumenter\Webapplikasjoner\Ny mappe\Sub-Application-2---React\api\wwwroot\images\scott.jpg'
2024-11-29 20:15:24.918 +01:00 [INF] Request finished HTTP/1.1 GET http://localhost:5214/images/scott.jpg - 200 2722731 image/jpeg 410.0756ms
2024-11-29 20:15:44.270 +01:00 [INF] Request starting HTTP/1.1 GET http://localhost:5214/api/postapi/posts - null null
2024-11-29 20:15:44.274 +01:00 [INF] CORS policy execution successful.
2024-11-29 20:15:44.275 +01:00 [INF] Executing endpoint 'Aplzz.Controllers.PostAPIController.GetPosts (api)'
2024-11-29 20:15:44.282 +01:00 [INF] Route matched with {action = "GetPosts", controller = "PostAPI"}. Executing controller action with signature System.Threading.Tasks.Task`1[Microsoft.AspNetCore.Mvc.IActionResult] GetPosts() on controller Aplzz.Controllers.PostAPIController (api).
2024-11-29 20:15:44.320 +01:00 [INF] Executing OkObjectResult, writing value of type 'System.Collections.Generic.List`1[[Aplzz.Models.Post, api, Version=1.0.0.0, Culture=neutral, PublicKeyToken=null]]'.
2024-11-29 20:15:44.340 +01:00 [INF] Executed action Aplzz.Controllers.PostAPIController.GetPosts (api) in 56.202ms
2024-11-29 20:15:44.340 +01:00 [INF] Executed endpoint 'Aplzz.Controllers.PostAPIController.GetPosts (api)'
2024-11-29 20:15:44.341 +01:00 [INF] Request finished HTTP/1.1 GET http://localhost:5214/api/postapi/posts - 200 8763 application/json; charset=utf-8 70.2587ms
2024-11-29 20:15:44.354 +01:00 [INF] Request starting HTTP/1.1 GET http://localhost:5214/api/postapi/posts - null null
2024-11-29 20:15:44.354 +01:00 [INF] CORS policy execution successful.
2024-11-29 20:15:44.354 +01:00 [INF] Executing endpoint 'Aplzz.Controllers.PostAPIController.GetPosts (api)'
2024-11-29 20:15:44.356 +01:00 [INF] Route matched with {action = "GetPosts", controller = "PostAPI"}. Executing controller action with signature System.Threading.Tasks.Task`1[Microsoft.AspNetCore.Mvc.IActionResult] GetPosts() on controller Aplzz.Controllers.PostAPIController (api).
2024-11-29 20:15:44.425 +01:00 [INF] Executing OkObjectResult, writing value of type 'System.Collections.Generic.List`1[[Aplzz.Models.Post, api, Version=1.0.0.0, Culture=neutral, PublicKeyToken=null]]'.
2024-11-29 20:15:44.604 +01:00 [INF] Executed action Aplzz.Controllers.PostAPIController.GetPosts (api) in 247.2687ms
2024-11-29 20:15:44.604 +01:00 [INF] Executed endpoint 'Aplzz.Controllers.PostAPIController.GetPosts (api)'
2024-11-29 20:15:44.605 +01:00 [INF] Request finished HTTP/1.1 GET http://localhost:5214/api/postapi/posts - 200 8763 application/json; charset=utf-8 251.0296ms
2024-11-29 20:16:47.562 +01:00 [INF] Request starting HTTP/1.1 GET http://localhost:5214/api/postapi/posts - null null
2024-11-29 20:16:47.562 +01:00 [INF] CORS policy execution successful.
2024-11-29 20:16:47.563 +01:00 [INF] Executing endpoint 'Aplzz.Controllers.PostAPIController.GetPosts (api)'
2024-11-29 20:16:47.564 +01:00 [INF] Route matched with {action = "GetPosts", controller = "PostAPI"}. Executing controller action with signature System.Threading.Tasks.Task`1[Microsoft.AspNetCore.Mvc.IActionResult] GetPosts() on controller Aplzz.Controllers.PostAPIController (api).
2024-11-29 20:16:47.599 +01:00 [INF] Executing OkObjectResult, writing value of type 'System.Collections.Generic.List`1[[Aplzz.Models.Post, api, Version=1.0.0.0, Culture=neutral, PublicKeyToken=null]]'.
2024-11-29 20:16:47.615 +01:00 [INF] Executed action Aplzz.Controllers.PostAPIController.GetPosts (api) in 47.7791ms
2024-11-29 20:16:47.615 +01:00 [INF] Executed endpoint 'Aplzz.Controllers.PostAPIController.GetPosts (api)'
2024-11-29 20:16:47.616 +01:00 [INF] Request finished HTTP/1.1 GET http://localhost:5214/api/postapi/posts - 200 8763 application/json; charset=utf-8 54.269ms
2024-11-29 20:16:47.626 +01:00 [INF] Request starting HTTP/1.1 GET http://localhost:5214/api/postapi/posts - null null
2024-11-29 20:16:47.626 +01:00 [INF] CORS policy execution successful.
2024-11-29 20:16:47.626 +01:00 [INF] Executing endpoint 'Aplzz.Controllers.PostAPIController.GetPosts (api)'
2024-11-29 20:16:47.627 +01:00 [INF] Route matched with {action = "GetPosts", controller = "PostAPI"}. Executing controller action with signature System.Threading.Tasks.Task`1[Microsoft.AspNetCore.Mvc.IActionResult] GetPosts() on controller Aplzz.Controllers.PostAPIController (api).
2024-11-29 20:16:47.740 +01:00 [INF] Executing OkObjectResult, writing value of type 'System.Collections.Generic.List`1[[Aplzz.Models.Post, api, Version=1.0.0.0, Culture=neutral, PublicKeyToken=null]]'.
2024-11-29 20:16:47.783 +01:00 [INF] Executed action Aplzz.Controllers.PostAPIController.GetPosts (api) in 156.6103ms
2024-11-29 20:16:47.784 +01:00 [INF] Executed endpoint 'Aplzz.Controllers.PostAPIController.GetPosts (api)'
2024-11-29 20:16:47.784 +01:00 [INF] Request finished HTTP/1.1 GET http://localhost:5214/api/postapi/posts - 200 8763 application/json; charset=utf-8 158.2402ms
2024-11-29 20:17:28.011 +01:00 [INF] Request starting HTTP/1.1 POST http://localhost:5214/api/postapi/likepost - application/x-www-form-urlencoded 8
2024-11-29 20:17:28.012 +01:00 [INF] CORS policy execution successful.
2024-11-29 20:17:28.012 +01:00 [INF] Executing endpoint 'Aplzz.Controllers.PostAPIController.LikePost (api)'
2024-11-29 20:17:28.036 +01:00 [INF] Route matched with {action = "LikePost", controller = "PostAPI"}. Executing controller action with signature System.Threading.Tasks.Task`1[Microsoft.AspNetCore.Mvc.IActionResult] LikePost(Int32) on controller Aplzz.Controllers.PostAPIController (api).
2024-11-29 20:17:28.211 +01:00 [INF] Executing OkObjectResult, writing value of type '<>f__AnonymousType2`3[[System.Boolean, System.Private.CoreLib, Version=8.0.0.0, Culture=neutral, PublicKeyToken=7cec85d7bea7798e],[System.Int32, System.Private.CoreLib, Version=8.0.0.0, Culture=neutral, PublicKeyToken=7cec85d7bea7798e],[System.Int32, System.Private.CoreLib, Version=8.0.0.0, Culture=neutral, PublicKeyToken=7cec85d7bea7798e]]'.
2024-11-29 20:17:28.222 +01:00 [INF] Executed action Aplzz.Controllers.PostAPIController.LikePost (api) in 186.2403ms
2024-11-29 20:17:28.222 +01:00 [INF] Executed endpoint 'Aplzz.Controllers.PostAPIController.LikePost (api)'
2024-11-29 20:17:28.223 +01:00 [INF] Request finished HTTP/1.1 POST http://localhost:5214/api/postapi/likepost - 200 43 application/json; charset=utf-8 211.2556ms
2024-11-29 20:17:29.952 +01:00 [INF] Request starting HTTP/1.1 POST http://localhost:5214/api/postapi/likepost - application/x-www-form-urlencoded 8
2024-11-29 20:17:29.952 +01:00 [INF] CORS policy execution successful.
2024-11-29 20:17:29.952 +01:00 [INF] Executing endpoint 'Aplzz.Controllers.PostAPIController.LikePost (api)'
2024-11-29 20:17:29.952 +01:00 [INF] Route matched with {action = "LikePost", controller = "PostAPI"}. Executing controller action with signature System.Threading.Tasks.Task`1[Microsoft.AspNetCore.Mvc.IActionResult] LikePost(Int32) on controller Aplzz.Controllers.PostAPIController (api).
2024-11-29 20:17:29.982 +01:00 [INF] Executing OkObjectResult, writing value of type '<>f__AnonymousType2`3[[System.Boolean, System.Private.CoreLib, Version=8.0.0.0, Culture=neutral, PublicKeyToken=7cec85d7bea7798e],[System.Int32, System.Private.CoreLib, Version=8.0.0.0, Culture=neutral, PublicKeyToken=7cec85d7bea7798e],[System.Int32, System.Private.CoreLib, Version=8.0.0.0, Culture=neutral, PublicKeyToken=7cec85d7bea7798e]]'.
2024-11-29 20:17:29.982 +01:00 [INF] Executed action Aplzz.Controllers.PostAPIController.LikePost (api) in 29.6271ms
2024-11-29 20:17:29.982 +01:00 [INF] Executed endpoint 'Aplzz.Controllers.PostAPIController.LikePost (api)'
2024-11-29 20:17:29.983 +01:00 [INF] Request finished HTTP/1.1 POST http://localhost:5214/api/postapi/likepost - 200 42 application/json; charset=utf-8 30.7691ms
2024-11-29 20:17:38.399 +01:00 [INF] Request starting HTTP/1.1 POST http://localhost:5214/api/postapi/addcomment - application/x-www-form-urlencoded 25
2024-11-29 20:17:38.402 +01:00 [INF] CORS policy execution successful.
2024-11-29 20:17:38.402 +01:00 [INF] Executing endpoint 'Aplzz.Controllers.PostAPIController.AddComment (api)'
2024-11-29 20:17:38.410 +01:00 [INF] Route matched with {action = "AddComment", controller = "PostAPI"}. Executing controller action with signature System.Threading.Tasks.Task`1[Microsoft.AspNetCore.Mvc.IActionResult] AddComment(Int32, System.String) on controller Aplzz.Controllers.PostAPIController (api).
2024-11-29 20:17:38.455 +01:00 [INF] Executing OkObjectResult, writing value of type '<>f__AnonymousType1`5[[System.Int32, System.Private.CoreLib, Version=8.0.0.0, Culture=neutral, PublicKeyToken=7cec85d7bea7798e],[System.String, System.Private.CoreLib, Version=8.0.0.0, Culture=neutral, PublicKeyToken=7cec85d7bea7798e],[System.DateTime, System.Private.CoreLib, Version=8.0.0.0, Culture=neutral, PublicKeyToken=7cec85d7bea7798e],[System.Int32, System.Private.CoreLib, Version=8.0.0.0, Culture=neutral, PublicKeyToken=7cec85d7bea7798e],[System.String, System.Private.CoreLib, Version=8.0.0.0, Culture=neutral, PublicKeyToken=7cec85d7bea7798e]]'.
2024-11-29 20:17:38.458 +01:00 [INF] Executed action Aplzz.Controllers.PostAPIController.AddComment (api) in 48.2624ms
2024-11-29 20:17:38.458 +01:00 [INF] Executed endpoint 'Aplzz.Controllers.PostAPIController.AddComment (api)'
2024-11-29 20:17:38.458 +01:00 [INF] Request finished HTTP/1.1 POST http://localhost:5214/api/postapi/addcomment - 200 116 application/json; charset=utf-8 59.7311ms
2024-11-29 20:17:53.003 +01:00 [INF] Request starting HTTP/1.1 GET http://localhost:5214/api/postapi/posts - null null
2024-11-29 20:17:53.004 +01:00 [INF] CORS policy execution successful.
2024-11-29 20:17:53.004 +01:00 [INF] Executing endpoint 'Aplzz.Controllers.PostAPIController.GetPosts (api)'
2024-11-29 20:17:53.004 +01:00 [INF] Route matched with {action = "GetPosts", controller = "PostAPI"}. Executing controller action with signature System.Threading.Tasks.Task`1[Microsoft.AspNetCore.Mvc.IActionResult] GetPosts() on controller Aplzz.Controllers.PostAPIController (api).
2024-11-29 20:17:53.036 +01:00 [INF] Executing OkObjectResult, writing value of type 'System.Collections.Generic.List`1[[Aplzz.Models.Post, api, Version=1.0.0.0, Culture=neutral, PublicKeyToken=null]]'.
2024-11-29 20:17:53.047 +01:00 [INF] Executed action Aplzz.Controllers.PostAPIController.GetPosts (api) in 42.6996ms
2024-11-29 20:17:53.048 +01:00 [INF] Executed endpoint 'Aplzz.Controllers.PostAPIController.GetPosts (api)'
2024-11-29 20:17:53.048 +01:00 [INF] Request finished HTTP/1.1 GET http://localhost:5214/api/postapi/posts - 200 9110 application/json; charset=utf-8 44.6293ms
2024-11-29 20:17:53.052 +01:00 [INF] Request starting HTTP/1.1 GET http://localhost:5214/api/postapi/posts - null null
2024-11-29 20:17:53.053 +01:00 [INF] CORS policy execution successful.
2024-11-29 20:17:53.053 +01:00 [INF] Executing endpoint 'Aplzz.Controllers.PostAPIController.GetPosts (api)'
2024-11-29 20:17:53.053 +01:00 [INF] Route matched with {action = "GetPosts", controller = "PostAPI"}. Executing controller action with signature System.Threading.Tasks.Task`1[Microsoft.AspNetCore.Mvc.IActionResult] GetPosts() on controller Aplzz.Controllers.PostAPIController (api).
2024-11-29 20:17:53.221 +01:00 [INF] Executing OkObjectResult, writing value of type 'System.Collections.Generic.List`1[[Aplzz.Models.Post, api, Version=1.0.0.0, Culture=neutral, PublicKeyToken=null]]'.
2024-11-29 20:17:53.254 +01:00 [INF] Executed action Aplzz.Controllers.PostAPIController.GetPosts (api) in 200.3494ms
2024-11-29 20:17:53.254 +01:00 [INF] Executed endpoint 'Aplzz.Controllers.PostAPIController.GetPosts (api)'
2024-11-29 20:17:53.254 +01:00 [INF] Request finished HTTP/1.1 GET http://localhost:5214/api/postapi/posts - 200 9110 application/json; charset=utf-8 201.8553ms
2024-11-29 20:17:56.239 +01:00 [INF] Request starting HTTP/1.1 GET http://localhost:5214/api/postapi/posts - null null
2024-11-29 20:17:56.240 +01:00 [INF] CORS policy execution successful.
2024-11-29 20:17:56.240 +01:00 [INF] Executing endpoint 'Aplzz.Controllers.PostAPIController.GetPosts (api)'
2024-11-29 20:17:56.240 +01:00 [INF] Route matched with {action = "GetPosts", controller = "PostAPI"}. Executing controller action with signature System.Threading.Tasks.Task`1[Microsoft.AspNetCore.Mvc.IActionResult] GetPosts() on controller Aplzz.Controllers.PostAPIController (api).
2024-11-29 20:17:56.288 +01:00 [INF] Executing OkObjectResult, writing value of type 'System.Collections.Generic.List`1[[Aplzz.Models.Post, api, Version=1.0.0.0, Culture=neutral, PublicKeyToken=null]]'.
2024-11-29 20:17:56.301 +01:00 [INF] Executed action Aplzz.Controllers.PostAPIController.GetPosts (api) in 60.6141ms
2024-11-29 20:17:56.301 +01:00 [INF] Executed endpoint 'Aplzz.Controllers.PostAPIController.GetPosts (api)'
2024-11-29 20:17:56.301 +01:00 [INF] Request finished HTTP/1.1 GET http://localhost:5214/api/postapi/posts - 200 9110 application/json; charset=utf-8 61.8629ms
2024-11-29 20:17:56.303 +01:00 [INF] Request starting HTTP/1.1 GET http://localhost:5214/api/postapi/posts - null null
2024-11-29 20:17:56.303 +01:00 [INF] CORS policy execution successful.
2024-11-29 20:17:56.304 +01:00 [INF] Executing endpoint 'Aplzz.Controllers.PostAPIController.GetPosts (api)'
2024-11-29 20:17:56.304 +01:00 [INF] Route matched with {action = "GetPosts", controller = "PostAPI"}. Executing controller action with signature System.Threading.Tasks.Task`1[Microsoft.AspNetCore.Mvc.IActionResult] GetPosts() on controller Aplzz.Controllers.PostAPIController (api).
2024-11-29 20:17:56.342 +01:00 [INF] Executing OkObjectResult, writing value of type 'System.Collections.Generic.List`1[[Aplzz.Models.Post, api, Version=1.0.0.0, Culture=neutral, PublicKeyToken=null]]'.
2024-11-29 20:17:56.396 +01:00 [INF] Executed action Aplzz.Controllers.PostAPIController.GetPosts (api) in 92.1622ms
2024-11-29 20:17:56.396 +01:00 [INF] Executed endpoint 'Aplzz.Controllers.PostAPIController.GetPosts (api)'
2024-11-29 20:17:56.397 +01:00 [INF] Request finished HTTP/1.1 GET http://localhost:5214/api/postapi/posts - 200 9110 application/json; charset=utf-8 93.5108ms
