2024-11-28 13:07:16.166 +01:00 [INF] User profile is available. Using '/Users/libansulub/.aspnet/DataProtection-Keys' as key repository; keys will not be encrypted at rest.
2024-11-28 13:07:16.522 +01:00 [WRN] The ASP.NET Core developer certificate is not trusted. For information about trusting the ASP.NET Core developer certificate, see https://aka.ms/aspnet/https-trust-dev-cert.
2024-11-28 13:07:16.573 +01:00 [INF] Now listening on: https://localhost:7135
2024-11-28 13:07:16.574 +01:00 [INF] Now listening on: http://localhost:5214
2024-11-28 13:07:16.578 +01:00 [INF] Application started. Press Ctrl+C to shut down.
2024-11-28 13:07:16.579 +01:00 [INF] Hosting environment: Development
2024-11-28 13:07:16.579 +01:00 [INF] Content root path: /Users/libansulub/Documents/Sub-Application 2 - React/api
2024-11-28 13:07:22.775 +01:00 [INF] Request starting HTTP/1.1 GET http://localhost:5214/api/postapi/posts - null null
2024-11-28 13:07:22.813 +01:00 [INF] CORS policy execution successful.
2024-11-28 13:07:22.814 +01:00 [INF] Executing endpoint 'Aplzz.Controllers.PostAPIController.GetPosts (api)'
2024-11-28 13:07:22.829 +01:00 [INF] Route matched with {action = "GetPosts", controller = "PostAPI"}. Executing controller action with signature System.Threading.Tasks.Task`1[Microsoft.AspNetCore.Mvc.IActionResult] GetPosts() on controller Aplzz.Controllers.PostAPIController (api).
2024-11-28 13:07:23.168 +01:00 [WRN] Compiling a query which loads related collections for more than one collection navigation, either via 'Include' or through projection, but no 'QuerySplittingBehavior' has been configured. By default, Entity Framework will use 'QuerySplittingBehavior.SingleQuery', which can potentially result in slow query performance. See https://go.microsoft.com/fwlink/?linkid=2134277 for more information. To identify the query that's triggering this warning call 'ConfigureWarnings(w => w.Throw(RelationalEventId.MultipleCollectionIncludeWarning))'.
2024-11-28 13:07:23.218 +01:00 [INF] Executing OkObjectResult, writing value of type 'System.Collections.Generic.List`1[[Aplzz.Models.Post, api, Version=1.0.0.0, Culture=neutral, PublicKeyToken=null]]'.
2024-11-28 13:07:23.287 +01:00 [INF] Executed action Aplzz.Controllers.PostAPIController.GetPosts (api) in 455.771ms
2024-11-28 13:07:23.287 +01:00 [INF] Executed endpoint 'Aplzz.Controllers.PostAPIController.GetPosts (api)'
2024-11-28 13:07:23.290 +01:00 [INF] Request finished HTTP/1.1 GET http://localhost:5214/api/postapi/posts - 200 3358 application/json; charset=utf-8 517.1195ms
2024-11-28 13:07:23.291 +01:00 [INF] Request starting HTTP/1.1 GET http://localhost:5214/api/postapi/posts - null null
2024-11-28 13:07:23.293 +01:00 [INF] CORS policy execution successful.
2024-11-28 13:07:23.293 +01:00 [INF] Executing endpoint 'Aplzz.Controllers.PostAPIController.GetPosts (api)'
2024-11-28 13:07:23.293 +01:00 [INF] Route matched with {action = "GetPosts", controller = "PostAPI"}. Executing controller action with signature System.Threading.Tasks.Task`1[Microsoft.AspNetCore.Mvc.IActionResult] GetPosts() on controller Aplzz.Controllers.PostAPIController (api).
2024-11-28 13:07:23.347 +01:00 [INF] Executing OkObjectResult, writing value of type 'System.Collections.Generic.List`1[[Aplzz.Models.Post, api, Version=1.0.0.0, Culture=neutral, PublicKeyToken=null]]'.
2024-11-28 13:07:23.347 +01:00 [INF] Executed action Aplzz.Controllers.PostAPIController.GetPosts (api) in 53.9034ms
2024-11-28 13:07:23.347 +01:00 [INF] Executed endpoint 'Aplzz.Controllers.PostAPIController.GetPosts (api)'
2024-11-28 13:07:23.348 +01:00 [INF] Request finished HTTP/1.1 GET http://localhost:5214/api/postapi/posts - 200 3358 application/json; charset=utf-8 56.6116ms
2024-11-28 13:07:35.287 +01:00 [INF] Request starting HTTP/1.1 POST http://localhost:5214/api/postapi/create - multipart/form-data; boundary=----WebKitFormBoundarywk5GIo0FvQNXq9rA 355
2024-11-28 13:07:35.294 +01:00 [INF] CORS policy execution successful.
2024-11-28 13:07:35.295 +01:00 [INF] Executing endpoint 'Aplzz.Controllers.PostAPIController.CreatePost (api)'
2024-11-28 13:07:35.322 +01:00 [INF] Route matched with {action = "CreatePost", controller = "PostAPI"}. Executing controller action with signature System.Threading.Tasks.Task`1[Microsoft.AspNetCore.Mvc.IActionResult] CreatePost(Aplzz.Models.Post, Microsoft.AspNetCore.Http.IFormFile) on controller Aplzz.Controllers.PostAPIController (api).
2024-11-28 13:07:35.376 +01:00 [INF] Executing OkObjectResult, writing value of type 'Aplzz.Models.Post'.
2024-11-28 13:07:35.377 +01:00 [INF] Executed action Aplzz.Controllers.PostAPIController.CreatePost (api) in 55.175ms
2024-11-28 13:07:35.378 +01:00 [INF] Executed endpoint 'Aplzz.Controllers.PostAPIController.CreatePost (api)'
2024-11-28 13:07:35.378 +01:00 [INF] Request finished HTTP/1.1 POST http://localhost:5214/api/postapi/create - 200 144 application/json; charset=utf-8 91.9275ms
2024-11-28 13:07:35.401 +01:00 [INF] Request starting HTTP/1.1 GET http://localhost:5214/api/postapi/posts - null null
2024-11-28 13:07:35.401 +01:00 [INF] CORS policy execution successful.
2024-11-28 13:07:35.401 +01:00 [INF] Executing endpoint 'Aplzz.Controllers.PostAPIController.GetPosts (api)'
2024-11-28 13:07:35.401 +01:00 [INF] Route matched with {action = "GetPosts", controller = "PostAPI"}. Executing controller action with signature System.Threading.Tasks.Task`1[Microsoft.AspNetCore.Mvc.IActionResult] GetPosts() on controller Aplzz.Controllers.PostAPIController (api).
2024-11-28 13:07:35.411 +01:00 [INF] Executing OkObjectResult, writing value of type 'System.Collections.Generic.List`1[[Aplzz.Models.Post, api, Version=1.0.0.0, Culture=neutral, PublicKeyToken=null]]'.
2024-11-28 13:07:35.413 +01:00 [INF] Executed action Aplzz.Controllers.PostAPIController.GetPosts (api) in 11.6247ms
2024-11-28 13:07:35.413 +01:00 [INF] Executed endpoint 'Aplzz.Controllers.PostAPIController.GetPosts (api)'
2024-11-28 13:07:35.414 +01:00 [INF] Request finished HTTP/1.1 GET http://localhost:5214/api/postapi/posts - 200 3721 application/json; charset=utf-8 12.946ms
2024-11-28 13:07:35.416 +01:00 [INF] Request starting HTTP/1.1 GET http://localhost:5214/api/postapi/posts - null null
2024-11-28 13:07:35.416 +01:00 [INF] CORS policy execution successful.
2024-11-28 13:07:35.416 +01:00 [INF] Executing endpoint 'Aplzz.Controllers.PostAPIController.GetPosts (api)'
2024-11-28 13:07:35.416 +01:00 [INF] Route matched with {action = "GetPosts", controller = "PostAPI"}. Executing controller action with signature System.Threading.Tasks.Task`1[Microsoft.AspNetCore.Mvc.IActionResult] GetPosts() on controller Aplzz.Controllers.PostAPIController (api).
2024-11-28 13:07:35.426 +01:00 [INF] Executing OkObjectResult, writing value of type 'System.Collections.Generic.List`1[[Aplzz.Models.Post, api, Version=1.0.0.0, Culture=neutral, PublicKeyToken=null]]'.
2024-11-28 13:07:35.427 +01:00 [INF] Executed action Aplzz.Controllers.PostAPIController.GetPosts (api) in 10.2572ms
2024-11-28 13:07:35.429 +01:00 [INF] Executed endpoint 'Aplzz.Controllers.PostAPIController.GetPosts (api)'
2024-11-28 13:07:35.429 +01:00 [INF] Request finished HTTP/1.1 GET http://localhost:5214/api/postapi/posts - 200 3721 application/json; charset=utf-8 13.608ms
2024-11-28 13:07:48.257 +01:00 [INF] Request starting HTTP/1.1 POST http://localhost:5214/api/postapi/create - multipart/form-data; boundary=----WebKitFormBoundaryhKMpb2CnvR49NGK3 12259
2024-11-28 13:07:48.260 +01:00 [INF] CORS policy execution successful.
2024-11-28 13:07:48.261 +01:00 [INF] Executing endpoint 'Aplzz.Controllers.PostAPIController.CreatePost (api)'
2024-11-28 13:07:48.262 +01:00 [INF] Route matched with {action = "CreatePost", controller = "PostAPI"}. Executing controller action with signature System.Threading.Tasks.Task`1[Microsoft.AspNetCore.Mvc.IActionResult] CreatePost(Aplzz.Models.Post, Microsoft.AspNetCore.Http.IFormFile) on controller Aplzz.Controllers.PostAPIController (api).
2024-11-28 13:07:48.448 +01:00 [INF] Executing OkObjectResult, writing value of type 'Aplzz.Models.Post'.
2024-11-28 13:07:48.475 +01:00 [INF] Executed action Aplzz.Controllers.PostAPIController.CreatePost (api) in 213.1672ms
2024-11-28 13:07:48.476 +01:00 [INF] Executed endpoint 'Aplzz.Controllers.PostAPIController.CreatePost (api)'
2024-11-28 13:07:48.480 +01:00 [INF] Request finished HTTP/1.1 POST http://localhost:5214/api/postapi/create - 200 191 application/json; charset=utf-8 223.9225ms
2024-11-28 13:07:48.498 +01:00 [INF] Request starting HTTP/1.1 GET http://localhost:5214/api/postapi/posts - null null
2024-11-28 13:07:48.498 +01:00 [INF] CORS policy execution successful.
2024-11-28 13:07:48.498 +01:00 [INF] Executing endpoint 'Aplzz.Controllers.PostAPIController.GetPosts (api)'
2024-11-28 13:07:48.498 +01:00 [INF] Route matched with {action = "GetPosts", controller = "PostAPI"}. Executing controller action with signature System.Threading.Tasks.Task`1[Microsoft.AspNetCore.Mvc.IActionResult] GetPosts() on controller Aplzz.Controllers.PostAPIController (api).
2024-11-28 13:07:48.506 +01:00 [INF] Executing OkObjectResult, writing value of type 'System.Collections.Generic.List`1[[Aplzz.Models.Post, api, Version=1.0.0.0, Culture=neutral, PublicKeyToken=null]]'.
2024-11-28 13:07:48.507 +01:00 [INF] Executed action Aplzz.Controllers.PostAPIController.GetPosts (api) in 8.961ms
2024-11-28 13:07:48.508 +01:00 [INF] Executed endpoint 'Aplzz.Controllers.PostAPIController.GetPosts (api)'
2024-11-28 13:07:48.508 +01:00 [INF] Request finished HTTP/1.1 GET http://localhost:5214/api/postapi/posts - 200 4131 application/json; charset=utf-8 10.2869ms
2024-11-28 13:07:48.509 +01:00 [INF] Request starting HTTP/1.1 GET http://localhost:5214/api/postapi/posts - null null
2024-11-28 13:07:48.509 +01:00 [INF] CORS policy execution successful.
2024-11-28 13:07:48.509 +01:00 [INF] Executing endpoint 'Aplzz.Controllers.PostAPIController.GetPosts (api)'
2024-11-28 13:07:48.509 +01:00 [INF] Route matched with {action = "GetPosts", controller = "PostAPI"}. Executing controller action with signature System.Threading.Tasks.Task`1[Microsoft.AspNetCore.Mvc.IActionResult] GetPosts() on controller Aplzz.Controllers.PostAPIController (api).
2024-11-28 13:07:48.516 +01:00 [INF] Executing OkObjectResult, writing value of type 'System.Collections.Generic.List`1[[Aplzz.Models.Post, api, Version=1.0.0.0, Culture=neutral, PublicKeyToken=null]]'.
2024-11-28 13:07:48.516 +01:00 [INF] Executed action Aplzz.Controllers.PostAPIController.GetPosts (api) in 7.2464ms
2024-11-28 13:07:48.517 +01:00 [INF] Executed endpoint 'Aplzz.Controllers.PostAPIController.GetPosts (api)'
2024-11-28 13:07:48.517 +01:00 [INF] Request finished HTTP/1.1 GET http://localhost:5214/api/postapi/posts - 200 4131 application/json; charset=utf-8 7.9142ms
2024-11-28 13:07:48.520 +01:00 [INF] Request starting HTTP/1.1 GET http://localhost:5214/images/384e9f1b-3f57-4955-9965-ae0aeeb4ad31.jpeg - null null
2024-11-28 13:07:48.560 +01:00 [WRN] Error unprotecting the session cookie.
System.Security.Cryptography.CryptographicException: The payload was invalid. For more information go to https://aka.ms/aspnet/dataprotectionwarning
   at Microsoft.AspNetCore.DataProtection.Managed.ManagedAuthenticatedEncryptor.Decrypt(ArraySegment`1 protectedPayload, ArraySegment`1 additionalAuthenticatedData)
   at Microsoft.AspNetCore.DataProtection.KeyManagement.KeyRingBasedDataProtector.UnprotectCore(Byte[] protectedData, Boolean allowOperationsOnRevokedKeys, UnprotectStatus& status)
   at Microsoft.AspNetCore.DataProtection.KeyManagement.KeyRingBasedDataProtector.Unprotect(Byte[] protectedData)
   at Microsoft.AspNetCore.Session.CookieProtection.Unprotect(IDataProtector protector, String protectedText, ILogger logger)
2024-11-28 13:07:48.576 +01:00 [INF] Sending file. Request path: '/images/384e9f1b-3f57-4955-9965-ae0aeeb4ad31.jpeg'. Physical path: '/Users/libansulub/Documents/Sub-Application 2 - React/api/wwwroot/images/384e9f1b-3f57-4955-9965-ae0aeeb4ad31.jpeg'
2024-11-28 13:07:48.576 +01:00 [INF] Request finished HTTP/1.1 GET http://localhost:5214/images/384e9f1b-3f57-4955-9965-ae0aeeb4ad31.jpeg - 200 11756 image/jpeg 56.401ms
2024-11-28 13:08:18.109 +01:00 [INF] Request starting HTTP/1.1 GET http://localhost:5214/api/postapi/posts - null null
2024-11-28 13:08:18.114 +01:00 [INF] CORS policy execution successful.
2024-11-28 13:08:18.114 +01:00 [INF] Executing endpoint 'Aplzz.Controllers.PostAPIController.GetPosts (api)'
2024-11-28 13:08:18.115 +01:00 [INF] Route matched with {action = "GetPosts", controller = "PostAPI"}. Executing controller action with signature System.Threading.Tasks.Task`1[Microsoft.AspNetCore.Mvc.IActionResult] GetPosts() on controller Aplzz.Controllers.PostAPIController (api).
2024-11-28 13:08:18.128 +01:00 [INF] Executing OkObjectResult, writing value of type 'System.Collections.Generic.List`1[[Aplzz.Models.Post, api, Version=1.0.0.0, Culture=neutral, PublicKeyToken=null]]'.
2024-11-28 13:08:18.129 +01:00 [INF] Executed action Aplzz.Controllers.PostAPIController.GetPosts (api) in 13.9439ms
2024-11-28 13:08:18.129 +01:00 [INF] Executed endpoint 'Aplzz.Controllers.PostAPIController.GetPosts (api)'
2024-11-28 13:08:18.129 +01:00 [INF] Request finished HTTP/1.1 GET http://localhost:5214/api/postapi/posts - 200 4131 application/json; charset=utf-8 20.5141ms
2024-11-28 13:08:18.134 +01:00 [INF] Request starting HTTP/1.1 GET http://localhost:5214/api/postapi/posts - null null
2024-11-28 13:08:18.212 +01:00 [INF] CORS policy execution successful.
2024-11-28 13:08:18.237 +01:00 [INF] Executing endpoint 'Aplzz.Controllers.PostAPIController.GetPosts (api)'
2024-11-28 13:08:18.237 +01:00 [INF] Request starting HTTP/1.1 GET http://localhost:5214/images/384e9f1b-3f57-4955-9965-ae0aeeb4ad31.jpeg - null null
2024-11-28 13:08:18.237 +01:00 [INF] Route matched with {action = "GetPosts", controller = "PostAPI"}. Executing controller action with signature System.Threading.Tasks.Task`1[Microsoft.AspNetCore.Mvc.IActionResult] GetPosts() on controller Aplzz.Controllers.PostAPIController (api).
2024-11-28 13:08:18.240 +01:00 [WRN] Error unprotecting the session cookie.
System.Security.Cryptography.CryptographicException: The payload was invalid. For more information go to https://aka.ms/aspnet/dataprotectionwarning
   at Microsoft.AspNetCore.DataProtection.Managed.ManagedAuthenticatedEncryptor.Decrypt(ArraySegment`1 protectedPayload, ArraySegment`1 additionalAuthenticatedData)
   at Microsoft.AspNetCore.DataProtection.KeyManagement.KeyRingBasedDataProtector.UnprotectCore(Byte[] protectedData, Boolean allowOperationsOnRevokedKeys, UnprotectStatus& status)
   at Microsoft.AspNetCore.DataProtection.KeyManagement.KeyRingBasedDataProtector.Unprotect(Byte[] protectedData)
   at Microsoft.AspNetCore.Session.CookieProtection.Unprotect(IDataProtector protector, String protectedText, ILogger logger)
2024-11-28 13:08:18.246 +01:00 [INF] Executing OkObjectResult, writing value of type 'System.Collections.Generic.List`1[[Aplzz.Models.Post, api, Version=1.0.0.0, Culture=neutral, PublicKeyToken=null]]'.
2024-11-28 13:08:18.246 +01:00 [INF] Executed action Aplzz.Controllers.PostAPIController.GetPosts (api) in 9.0607ms
2024-11-28 13:08:18.247 +01:00 [INF] Executed endpoint 'Aplzz.Controllers.PostAPIController.GetPosts (api)'
2024-11-28 13:08:18.247 +01:00 [INF] Request finished HTTP/1.1 GET http://localhost:5214/api/postapi/posts - 200 4131 application/json; charset=utf-8 112.8489ms
2024-11-28 13:08:18.248 +01:00 [INF] The file /images/384e9f1b-3f57-4955-9965-ae0aeeb4ad31.jpeg was not modified
2024-11-28 13:08:18.248 +01:00 [INF] Request finished HTTP/1.1 GET http://localhost:5214/images/384e9f1b-3f57-4955-9965-ae0aeeb4ad31.jpeg - 304 null image/jpeg 10.7247ms
2024-11-28 13:13:04.773 +01:00 [INF] Request starting HTTP/1.1 GET http://localhost:5214/api/postapi/posts - null null
2024-11-28 13:13:04.779 +01:00 [INF] CORS policy execution successful.
2024-11-28 13:13:04.780 +01:00 [INF] Executing endpoint 'Aplzz.Controllers.PostAPIController.GetPosts (api)'
2024-11-28 13:13:04.782 +01:00 [INF] Route matched with {action = "GetPosts", controller = "PostAPI"}. Executing controller action with signature System.Threading.Tasks.Task`1[Microsoft.AspNetCore.Mvc.IActionResult] GetPosts() on controller Aplzz.Controllers.PostAPIController (api).
2024-11-28 13:13:04.797 +01:00 [INF] Executing OkObjectResult, writing value of type 'System.Collections.Generic.List`1[[Aplzz.Models.Post, api, Version=1.0.0.0, Culture=neutral, PublicKeyToken=null]]'.
2024-11-28 13:13:04.798 +01:00 [INF] Executed action Aplzz.Controllers.PostAPIController.GetPosts (api) in 15.8093ms
2024-11-28 13:13:04.798 +01:00 [INF] Executed endpoint 'Aplzz.Controllers.PostAPIController.GetPosts (api)'
2024-11-28 13:13:04.798 +01:00 [INF] Request finished HTTP/1.1 GET http://localhost:5214/api/postapi/posts - 200 4131 application/json; charset=utf-8 25.6801ms
2024-11-28 13:13:28.748 +01:00 [INF] Request starting HTTP/1.1 GET http://localhost:5214/api/postapi/posts - null null
2024-11-28 13:13:28.752 +01:00 [INF] CORS policy execution successful.
2024-11-28 13:13:28.753 +01:00 [INF] Executing endpoint 'Aplzz.Controllers.PostAPIController.GetPosts (api)'
2024-11-28 13:13:28.754 +01:00 [INF] Route matched with {action = "GetPosts", controller = "PostAPI"}. Executing controller action with signature System.Threading.Tasks.Task`1[Microsoft.AspNetCore.Mvc.IActionResult] GetPosts() on controller Aplzz.Controllers.PostAPIController (api).
2024-11-28 13:13:28.765 +01:00 [INF] Executing OkObjectResult, writing value of type 'System.Collections.Generic.List`1[[Aplzz.Models.Post, api, Version=1.0.0.0, Culture=neutral, PublicKeyToken=null]]'.
2024-11-28 13:13:28.766 +01:00 [INF] Executed action Aplzz.Controllers.PostAPIController.GetPosts (api) in 12.424ms
2024-11-28 13:13:28.766 +01:00 [INF] Executed endpoint 'Aplzz.Controllers.PostAPIController.GetPosts (api)'
2024-11-28 13:13:28.767 +01:00 [INF] Request finished HTTP/1.1 GET http://localhost:5214/api/postapi/posts - 200 4131 application/json; charset=utf-8 18.4327ms
2024-11-28 13:13:28.819 +01:00 [INF] Request starting HTTP/1.1 GET http://localhost:5214/api/postapi/posts - null null
2024-11-28 13:13:28.875 +01:00 [INF] CORS policy execution successful.
2024-11-28 13:13:28.876 +01:00 [INF] Executing endpoint 'Aplzz.Controllers.PostAPIController.GetPosts (api)'
2024-11-28 13:13:28.876 +01:00 [INF] Route matched with {action = "GetPosts", controller = "PostAPI"}. Executing controller action with signature System.Threading.Tasks.Task`1[Microsoft.AspNetCore.Mvc.IActionResult] GetPosts() on controller Aplzz.Controllers.PostAPIController (api).
2024-11-28 13:13:28.883 +01:00 [INF] Executing OkObjectResult, writing value of type 'System.Collections.Generic.List`1[[Aplzz.Models.Post, api, Version=1.0.0.0, Culture=neutral, PublicKeyToken=null]]'.
2024-11-28 13:13:28.883 +01:00 [INF] Executed action Aplzz.Controllers.PostAPIController.GetPosts (api) in 7.1998ms
2024-11-28 13:13:28.883 +01:00 [INF] Executed endpoint 'Aplzz.Controllers.PostAPIController.GetPosts (api)'
2024-11-28 13:13:28.883 +01:00 [INF] Request finished HTTP/1.1 GET http://localhost:5214/api/postapi/posts - 200 4131 application/json; charset=utf-8 64.0484ms
