2024-11-28 15:49:48.791 +01:00 [INF] User profile is available. Using '/Users/libansulub/.aspnet/DataProtection-Keys' as key repository; keys will not be encrypted at rest.
2024-11-28 15:49:49.142 +01:00 [WRN] The ASP.NET Core developer certificate is not trusted. For information about trusting the ASP.NET Core developer certificate, see https://aka.ms/aspnet/https-trust-dev-cert.
2024-11-28 15:49:49.172 +01:00 [INF] Now listening on: https://localhost:7135
2024-11-28 15:49:49.172 +01:00 [INF] Now listening on: http://localhost:5214
2024-11-28 15:49:49.178 +01:00 [INF] Application started. Press Ctrl+C to shut down.
2024-11-28 15:49:49.179 +01:00 [INF] Hosting environment: Development
2024-11-28 15:49:49.180 +01:00 [INF] Content root path: /Users/libansulub/Documents/Sub-Application 2 - React/api
2024-11-28 15:50:42.901 +01:00 [INF] Request starting HTTP/1.1 GET http://localhost:5214/api/postapi/posts - null null
2024-11-28 15:50:42.941 +01:00 [INF] CORS policy execution successful.
2024-11-28 15:50:42.943 +01:00 [INF] Executing endpoint 'Aplzz.Controllers.PostAPIController.GetPosts (api)'
2024-11-28 15:50:42.958 +01:00 [INF] Route matched with {action = "GetPosts", controller = "PostAPI"}. Executing controller action with signature System.Threading.Tasks.Task`1[Microsoft.AspNetCore.Mvc.IActionResult] GetPosts() on controller Aplzz.Controllers.PostAPIController (api).
2024-11-28 15:50:43.303 +01:00 [WRN] Compiling a query which loads related collections for more than one collection navigation, either via 'Include' or through projection, but no 'QuerySplittingBehavior' has been configured. By default, Entity Framework will use 'QuerySplittingBehavior.SingleQuery', which can potentially result in slow query performance. See https://go.microsoft.com/fwlink/?linkid=2134277 for more information. To identify the query that's triggering this warning call 'ConfigureWarnings(w => w.Throw(RelationalEventId.MultipleCollectionIncludeWarning))'.
2024-11-28 15:50:43.357 +01:00 [INF] Executing OkObjectResult, writing value of type 'System.Collections.Generic.List`1[[Aplzz.Models.Post, api, Version=1.0.0.0, Culture=neutral, PublicKeyToken=null]]'.
2024-11-28 15:50:43.426 +01:00 [INF] Executed action Aplzz.Controllers.PostAPIController.GetPosts (api) in 465.8652ms
2024-11-28 15:50:43.427 +01:00 [INF] Executed endpoint 'Aplzz.Controllers.PostAPIController.GetPosts (api)'
2024-11-28 15:50:43.430 +01:00 [INF] Request finished HTTP/1.1 GET http://localhost:5214/api/postapi/posts - 200 3358 application/json; charset=utf-8 530.5626ms
2024-11-28 15:50:43.431 +01:00 [INF] Request starting HTTP/1.1 GET http://localhost:5214/api/postapi/posts - null null
2024-11-28 15:50:43.433 +01:00 [INF] CORS policy execution successful.
2024-11-28 15:50:43.433 +01:00 [INF] Executing endpoint 'Aplzz.Controllers.PostAPIController.GetPosts (api)'
2024-11-28 15:50:43.433 +01:00 [INF] Route matched with {action = "GetPosts", controller = "PostAPI"}. Executing controller action with signature System.Threading.Tasks.Task`1[Microsoft.AspNetCore.Mvc.IActionResult] GetPosts() on controller Aplzz.Controllers.PostAPIController (api).
2024-11-28 15:50:43.506 +01:00 [INF] Executing OkObjectResult, writing value of type 'System.Collections.Generic.List`1[[Aplzz.Models.Post, api, Version=1.0.0.0, Culture=neutral, PublicKeyToken=null]]'.
2024-11-28 15:50:43.507 +01:00 [INF] Executed action Aplzz.Controllers.PostAPIController.GetPosts (api) in 73.3926ms
2024-11-28 15:50:43.507 +01:00 [INF] Executed endpoint 'Aplzz.Controllers.PostAPIController.GetPosts (api)'
2024-11-28 15:50:43.507 +01:00 [INF] Request finished HTTP/1.1 GET http://localhost:5214/api/postapi/posts - 200 3358 application/json; charset=utf-8 76.2209ms
2024-11-28 15:51:08.214 +01:00 [INF] Request starting HTTP/1.1 GET http://localhost:5214/api/postapi/posts - null null
2024-11-28 15:51:08.220 +01:00 [INF] CORS policy execution successful.
2024-11-28 15:51:08.220 +01:00 [INF] Executing endpoint 'Aplzz.Controllers.PostAPIController.GetPosts (api)'
2024-11-28 15:51:08.221 +01:00 [INF] Route matched with {action = "GetPosts", controller = "PostAPI"}. Executing controller action with signature System.Threading.Tasks.Task`1[Microsoft.AspNetCore.Mvc.IActionResult] GetPosts() on controller Aplzz.Controllers.PostAPIController (api).
2024-11-28 15:51:08.235 +01:00 [INF] Executing OkObjectResult, writing value of type 'System.Collections.Generic.List`1[[Aplzz.Models.Post, api, Version=1.0.0.0, Culture=neutral, PublicKeyToken=null]]'.
2024-11-28 15:51:08.236 +01:00 [INF] Executed action Aplzz.Controllers.PostAPIController.GetPosts (api) in 15.3359ms
2024-11-28 15:51:08.236 +01:00 [INF] Executed endpoint 'Aplzz.Controllers.PostAPIController.GetPosts (api)'
2024-11-28 15:51:08.237 +01:00 [INF] Request finished HTTP/1.1 GET http://localhost:5214/api/postapi/posts - 200 3358 application/json; charset=utf-8 22.7117ms
2024-11-28 15:51:08.237 +01:00 [INF] Request starting HTTP/1.1 GET http://localhost:5214/api/postapi/posts - null null
2024-11-28 15:51:08.238 +01:00 [INF] CORS policy execution successful.
2024-11-28 15:51:08.238 +01:00 [INF] Executing endpoint 'Aplzz.Controllers.PostAPIController.GetPosts (api)'
2024-11-28 15:51:08.238 +01:00 [INF] Route matched with {action = "GetPosts", controller = "PostAPI"}. Executing controller action with signature System.Threading.Tasks.Task`1[Microsoft.AspNetCore.Mvc.IActionResult] GetPosts() on controller Aplzz.Controllers.PostAPIController (api).
2024-11-28 15:51:08.245 +01:00 [INF] Executing OkObjectResult, writing value of type 'System.Collections.Generic.List`1[[Aplzz.Models.Post, api, Version=1.0.0.0, Culture=neutral, PublicKeyToken=null]]'.
2024-11-28 15:51:08.246 +01:00 [INF] Executed action Aplzz.Controllers.PostAPIController.GetPosts (api) in 7.3369ms
2024-11-28 15:51:08.246 +01:00 [INF] Executed endpoint 'Aplzz.Controllers.PostAPIController.GetPosts (api)'
2024-11-28 15:51:08.246 +01:00 [INF] Request finished HTTP/1.1 GET http://localhost:5214/api/postapi/posts - 200 3358 application/json; charset=utf-8 8.4659ms
2024-11-28 15:51:09.991 +01:00 [INF] Request starting HTTP/1.1 POST http://localhost:5214/api/postapi/likepost - application/x-www-form-urlencoded 8
2024-11-28 15:51:09.992 +01:00 [INF] CORS policy execution successful.
2024-11-28 15:51:09.992 +01:00 [INF] Executing endpoint 'Aplzz.Controllers.PostAPIController.LikePost (api)'
2024-11-28 15:51:10.001 +01:00 [INF] Route matched with {action = "LikePost", controller = "PostAPI"}. Executing controller action with signature System.Threading.Tasks.Task`1[Microsoft.AspNetCore.Mvc.IActionResult] LikePost(Int32) on controller Aplzz.Controllers.PostAPIController (api).
2024-11-28 15:51:10.016 +01:00 [INF] Executing BadRequestObjectResult, writing value of type '<>f__AnonymousType0`1[[System.String, System.Private.CoreLib, Version=8.0.0.0, Culture=neutral, PublicKeyToken=7cec85d7bea7798e]]'.
2024-11-28 15:51:10.021 +01:00 [INF] Executed action Aplzz.Controllers.PostAPIController.LikePost (api) in 19.7898ms
2024-11-28 15:51:10.021 +01:00 [INF] Executed endpoint 'Aplzz.Controllers.PostAPIController.LikePost (api)'
2024-11-28 15:51:10.021 +01:00 [INF] Request finished HTTP/1.1 POST http://localhost:5214/api/postapi/likepost - 400 55 application/json; charset=utf-8 29.9454ms
2024-11-28 15:51:11.083 +01:00 [INF] Request starting HTTP/1.1 GET http://localhost:5214/api/postapi/2 - null null
2024-11-28 15:51:11.083 +01:00 [INF] CORS policy execution successful.
2024-11-28 15:51:11.083 +01:00 [INF] Executing endpoint 'Aplzz.Controllers.PostAPIController.GetPost (api)'
2024-11-28 15:51:11.086 +01:00 [INF] Route matched with {action = "GetPost", controller = "PostAPI"}. Executing controller action with signature System.Threading.Tasks.Task`1[Microsoft.AspNetCore.Mvc.IActionResult] GetPost(Int32) on controller Aplzz.Controllers.PostAPIController (api).
2024-11-28 15:51:11.111 +01:00 [WRN] Compiling a query which loads related collections for more than one collection navigation, either via 'Include' or through projection, but no 'QuerySplittingBehavior' has been configured. By default, Entity Framework will use 'QuerySplittingBehavior.SingleQuery', which can potentially result in slow query performance. See https://go.microsoft.com/fwlink/?linkid=2134277 for more information. To identify the query that's triggering this warning call 'ConfigureWarnings(w => w.Throw(RelationalEventId.MultipleCollectionIncludeWarning))'.
2024-11-28 15:51:11.122 +01:00 [INF] Executing OkObjectResult, writing value of type 'Castle.Proxies.PostProxy'.
2024-11-28 15:51:11.123 +01:00 [INF] Executed action Aplzz.Controllers.PostAPIController.GetPost (api) in 36.3707ms
2024-11-28 15:51:11.123 +01:00 [INF] Executed endpoint 'Aplzz.Controllers.PostAPIController.GetPost (api)'
2024-11-28 15:51:11.123 +01:00 [INF] Request finished HTTP/1.1 GET http://localhost:5214/api/postapi/2 - 200 1025 application/json; charset=utf-8 40.4742ms
2024-11-28 15:51:11.124 +01:00 [INF] Request starting HTTP/1.1 GET http://localhost:5214/api/postapi/2 - null null
2024-11-28 15:51:11.125 +01:00 [INF] CORS policy execution successful.
2024-11-28 15:51:11.125 +01:00 [INF] Executing endpoint 'Aplzz.Controllers.PostAPIController.GetPost (api)'
2024-11-28 15:51:11.126 +01:00 [INF] Route matched with {action = "GetPost", controller = "PostAPI"}. Executing controller action with signature System.Threading.Tasks.Task`1[Microsoft.AspNetCore.Mvc.IActionResult] GetPost(Int32) on controller Aplzz.Controllers.PostAPIController (api).
2024-11-28 15:51:11.131 +01:00 [INF] Executing OkObjectResult, writing value of type 'Castle.Proxies.PostProxy'.
2024-11-28 15:51:11.131 +01:00 [INF] Executed action Aplzz.Controllers.PostAPIController.GetPost (api) in 5.5508ms
2024-11-28 15:51:11.131 +01:00 [INF] Executed endpoint 'Aplzz.Controllers.PostAPIController.GetPost (api)'
2024-11-28 15:51:11.131 +01:00 [INF] Request finished HTTP/1.1 GET http://localhost:5214/api/postapi/2 - 200 1025 application/json; charset=utf-8 7.3917ms
2024-11-28 15:51:12.176 +01:00 [INF] Request starting HTTP/1.1 GET http://localhost:5214/api/postapi/posts - null null
2024-11-28 15:51:12.177 +01:00 [INF] CORS policy execution successful.
2024-11-28 15:51:12.177 +01:00 [INF] Executing endpoint 'Aplzz.Controllers.PostAPIController.GetPosts (api)'
2024-11-28 15:51:12.177 +01:00 [INF] Route matched with {action = "GetPosts", controller = "PostAPI"}. Executing controller action with signature System.Threading.Tasks.Task`1[Microsoft.AspNetCore.Mvc.IActionResult] GetPosts() on controller Aplzz.Controllers.PostAPIController (api).
2024-11-28 15:51:12.182 +01:00 [INF] Executing OkObjectResult, writing value of type 'System.Collections.Generic.List`1[[Aplzz.Models.Post, api, Version=1.0.0.0, Culture=neutral, PublicKeyToken=null]]'.
2024-11-28 15:51:12.183 +01:00 [INF] Executed action Aplzz.Controllers.PostAPIController.GetPosts (api) in 5.6441ms
2024-11-28 15:51:12.183 +01:00 [INF] Executed endpoint 'Aplzz.Controllers.PostAPIController.GetPosts (api)'
2024-11-28 15:51:12.183 +01:00 [INF] Request finished HTTP/1.1 GET http://localhost:5214/api/postapi/posts - 200 3358 application/json; charset=utf-8 6.75ms
2024-11-28 15:51:12.183 +01:00 [INF] Request starting HTTP/1.1 GET http://localhost:5214/api/postapi/posts - null null
2024-11-28 15:51:12.183 +01:00 [INF] CORS policy execution successful.
2024-11-28 15:51:12.183 +01:00 [INF] Executing endpoint 'Aplzz.Controllers.PostAPIController.GetPosts (api)'
2024-11-28 15:51:12.184 +01:00 [INF] Route matched with {action = "GetPosts", controller = "PostAPI"}. Executing controller action with signature System.Threading.Tasks.Task`1[Microsoft.AspNetCore.Mvc.IActionResult] GetPosts() on controller Aplzz.Controllers.PostAPIController (api).
2024-11-28 15:51:12.188 +01:00 [INF] Executing OkObjectResult, writing value of type 'System.Collections.Generic.List`1[[Aplzz.Models.Post, api, Version=1.0.0.0, Culture=neutral, PublicKeyToken=null]]'.
2024-11-28 15:51:12.189 +01:00 [INF] Executed action Aplzz.Controllers.PostAPIController.GetPosts (api) in 5.0181ms
2024-11-28 15:51:12.189 +01:00 [INF] Executed endpoint 'Aplzz.Controllers.PostAPIController.GetPosts (api)'
2024-11-28 15:51:12.189 +01:00 [INF] Request finished HTTP/1.1 GET http://localhost:5214/api/postapi/posts - 200 3358 application/json; charset=utf-8 5.4963ms
2024-11-28 15:51:14.535 +01:00 [INF] Request starting HTTP/1.1 POST http://localhost:5214/api/postapi/likepost - application/x-www-form-urlencoded 8
2024-11-28 15:51:14.536 +01:00 [INF] CORS policy execution successful.
2024-11-28 15:51:14.536 +01:00 [INF] Executing endpoint 'Aplzz.Controllers.PostAPIController.LikePost (api)'
2024-11-28 15:51:14.536 +01:00 [INF] Route matched with {action = "LikePost", controller = "PostAPI"}. Executing controller action with signature System.Threading.Tasks.Task`1[Microsoft.AspNetCore.Mvc.IActionResult] LikePost(Int32) on controller Aplzz.Controllers.PostAPIController (api).
2024-11-28 15:51:14.540 +01:00 [INF] Executing BadRequestObjectResult, writing value of type '<>f__AnonymousType0`1[[System.String, System.Private.CoreLib, Version=8.0.0.0, Culture=neutral, PublicKeyToken=7cec85d7bea7798e]]'.
2024-11-28 15:51:14.540 +01:00 [INF] Executed action Aplzz.Controllers.PostAPIController.LikePost (api) in 3.6796ms
2024-11-28 15:51:14.540 +01:00 [INF] Executed endpoint 'Aplzz.Controllers.PostAPIController.LikePost (api)'
2024-11-28 15:51:14.540 +01:00 [INF] Request finished HTTP/1.1 POST http://localhost:5214/api/postapi/likepost - 400 55 application/json; charset=utf-8 5.0731ms
