2024-11-28 13:13:37.476 +01:00 [INF] User profile is available. Using '/Users/libansulub/.aspnet/DataProtection-Keys' as key repository; keys will not be encrypted at rest.
2024-11-28 13:13:37.834 +01:00 [WRN] The ASP.NET Core developer certificate is not trusted. For information about trusting the ASP.NET Core developer certificate, see https://aka.ms/aspnet/https-trust-dev-cert.
2024-11-28 13:13:37.857 +01:00 [INF] Now listening on: https://localhost:7135
2024-11-28 13:13:37.858 +01:00 [INF] Now listening on: http://localhost:5214
2024-11-28 13:13:37.862 +01:00 [INF] Application started. Press Ctrl+C to shut down.
2024-11-28 13:13:37.863 +01:00 [INF] Hosting environment: Development
2024-11-28 13:13:37.864 +01:00 [INF] Content root path: /Users/libansulub/Documents/Sub-Application 2 - React/api
2024-11-28 13:16:26.410 +01:00 [INF] Request starting HTTP/1.1 GET http://localhost:5214/api/postapi/posts - null null
2024-11-28 13:16:26.467 +01:00 [INF] CORS policy execution successful.
2024-11-28 13:16:26.470 +01:00 [INF] Executing endpoint 'Aplzz.Controllers.PostAPIController.GetPosts (api)'
2024-11-28 13:16:26.489 +01:00 [INF] Route matched with {action = "GetPosts", controller = "PostAPI"}. Executing controller action with signature System.Threading.Tasks.Task`1[Microsoft.AspNetCore.Mvc.IActionResult] GetPosts() on controller Aplzz.Controllers.PostAPIController (api).
2024-11-28 13:16:26.808 +01:00 [WRN] Compiling a query which loads related collections for more than one collection navigation, either via 'Include' or through projection, but no 'QuerySplittingBehavior' has been configured. By default, Entity Framework will use 'QuerySplittingBehavior.SingleQuery', which can potentially result in slow query performance. See https://go.microsoft.com/fwlink/?linkid=2134277 for more information. To identify the query that's triggering this warning call 'ConfigureWarnings(w => w.Throw(RelationalEventId.MultipleCollectionIncludeWarning))'.
2024-11-28 13:16:26.865 +01:00 [INF] Executing OkObjectResult, writing value of type 'System.Collections.Generic.List`1[[Aplzz.Models.Post, api, Version=1.0.0.0, Culture=neutral, PublicKeyToken=null]]'.
2024-11-28 13:16:26.947 +01:00 [INF] Executed action Aplzz.Controllers.PostAPIController.GetPosts (api) in 455.6405ms
2024-11-28 13:16:26.948 +01:00 [INF] Executed endpoint 'Aplzz.Controllers.PostAPIController.GetPosts (api)'
2024-11-28 13:16:26.952 +01:00 [INF] Request finished HTTP/1.1 GET http://localhost:5214/api/postapi/posts - 200 3351 application/json; charset=utf-8 543.5847ms
2024-11-28 13:16:26.952 +01:00 [INF] Request starting HTTP/1.1 GET http://localhost:5214/api/postapi/posts - null null
2024-11-28 13:16:26.955 +01:00 [INF] CORS policy execution successful.
2024-11-28 13:16:26.955 +01:00 [INF] Executing endpoint 'Aplzz.Controllers.PostAPIController.GetPosts (api)'
2024-11-28 13:16:26.955 +01:00 [INF] Route matched with {action = "GetPosts", controller = "PostAPI"}. Executing controller action with signature System.Threading.Tasks.Task`1[Microsoft.AspNetCore.Mvc.IActionResult] GetPosts() on controller Aplzz.Controllers.PostAPIController (api).
2024-11-28 13:16:26.959 +01:00 [INF] Request starting HTTP/1.1 GET http://localhost:5214/images/mountain.png - null null
2024-11-28 13:16:27.011 +01:00 [WRN] Error unprotecting the session cookie.
System.Security.Cryptography.CryptographicException: The payload was invalid. For more information go to https://aka.ms/aspnet/dataprotectionwarning
   at Microsoft.AspNetCore.DataProtection.Managed.ManagedAuthenticatedEncryptor.Decrypt(ArraySegment`1 protectedPayload, ArraySegment`1 additionalAuthenticatedData)
   at Microsoft.AspNetCore.DataProtection.KeyManagement.KeyRingBasedDataProtector.UnprotectCore(Byte[] protectedData, Boolean allowOperationsOnRevokedKeys, UnprotectStatus& status)
   at Microsoft.AspNetCore.DataProtection.KeyManagement.KeyRingBasedDataProtector.Unprotect(Byte[] protectedData)
   at Microsoft.AspNetCore.Session.CookieProtection.Unprotect(IDataProtector protector, String protectedText, ILogger logger)
2024-11-28 13:16:27.017 +01:00 [INF] The file /images/mountain.png was not modified
2024-11-28 13:16:27.019 +01:00 [INF] Request finished HTTP/1.1 GET http://localhost:5214/images/mountain.png - 304 null image/png 59.5534ms
2024-11-28 13:16:27.040 +01:00 [INF] Executing OkObjectResult, writing value of type 'System.Collections.Generic.List`1[[Aplzz.Models.Post, api, Version=1.0.0.0, Culture=neutral, PublicKeyToken=null]]'.
2024-11-28 13:16:27.041 +01:00 [INF] Executed action Aplzz.Controllers.PostAPIController.GetPosts (api) in 86.2795ms
2024-11-28 13:16:27.041 +01:00 [INF] Executed endpoint 'Aplzz.Controllers.PostAPIController.GetPosts (api)'
2024-11-28 13:16:27.041 +01:00 [INF] Request finished HTTP/1.1 GET http://localhost:5214/api/postapi/posts - 200 3351 application/json; charset=utf-8 88.8995ms
2024-11-28 13:17:54.828 +01:00 [INF] Request starting HTTP/1.1 GET http://localhost:5214/api/postapi/posts - null null
2024-11-28 13:17:54.834 +01:00 [INF] CORS policy execution successful.
2024-11-28 13:17:54.834 +01:00 [INF] Executing endpoint 'Aplzz.Controllers.PostAPIController.GetPosts (api)'
2024-11-28 13:17:54.835 +01:00 [INF] Route matched with {action = "GetPosts", controller = "PostAPI"}. Executing controller action with signature System.Threading.Tasks.Task`1[Microsoft.AspNetCore.Mvc.IActionResult] GetPosts() on controller Aplzz.Controllers.PostAPIController (api).
2024-11-28 13:17:54.851 +01:00 [INF] Executing OkObjectResult, writing value of type 'System.Collections.Generic.List`1[[Aplzz.Models.Post, api, Version=1.0.0.0, Culture=neutral, PublicKeyToken=null]]'.
2024-11-28 13:17:54.852 +01:00 [INF] Executed action Aplzz.Controllers.PostAPIController.GetPosts (api) in 16.4032ms
2024-11-28 13:17:54.852 +01:00 [INF] Executed endpoint 'Aplzz.Controllers.PostAPIController.GetPosts (api)'
2024-11-28 13:17:54.852 +01:00 [INF] Request finished HTTP/1.1 GET http://localhost:5214/api/postapi/posts - 200 3351 application/json; charset=utf-8 24.9639ms
2024-11-28 13:18:27.736 +01:00 [INF] Request starting HTTP/1.1 GET http://localhost:5214/api/postapi/posts - null null
2024-11-28 13:18:27.744 +01:00 [INF] CORS policy execution successful.
2024-11-28 13:18:27.744 +01:00 [INF] Executing endpoint 'Aplzz.Controllers.PostAPIController.GetPosts (api)'
2024-11-28 13:18:27.745 +01:00 [INF] Route matched with {action = "GetPosts", controller = "PostAPI"}. Executing controller action with signature System.Threading.Tasks.Task`1[Microsoft.AspNetCore.Mvc.IActionResult] GetPosts() on controller Aplzz.Controllers.PostAPIController (api).
2024-11-28 13:18:27.755 +01:00 [INF] Executing OkObjectResult, writing value of type 'System.Collections.Generic.List`1[[Aplzz.Models.Post, api, Version=1.0.0.0, Culture=neutral, PublicKeyToken=null]]'.
2024-11-28 13:18:27.756 +01:00 [INF] Executed action Aplzz.Controllers.PostAPIController.GetPosts (api) in 11.3412ms
2024-11-28 13:18:27.756 +01:00 [INF] Executed endpoint 'Aplzz.Controllers.PostAPIController.GetPosts (api)'
2024-11-28 13:18:27.756 +01:00 [INF] Request finished HTTP/1.1 GET http://localhost:5214/api/postapi/posts - 200 3351 application/json; charset=utf-8 26.6097ms
2024-11-28 13:18:38.656 +01:00 [INF] Request starting HTTP/1.1 GET http://localhost:5214/api/postapi/posts - null null
2024-11-28 13:18:38.659 +01:00 [INF] CORS policy execution successful.
2024-11-28 13:18:38.659 +01:00 [INF] Executing endpoint 'Aplzz.Controllers.PostAPIController.GetPosts (api)'
2024-11-28 13:18:38.660 +01:00 [INF] Route matched with {action = "GetPosts", controller = "PostAPI"}. Executing controller action with signature System.Threading.Tasks.Task`1[Microsoft.AspNetCore.Mvc.IActionResult] GetPosts() on controller Aplzz.Controllers.PostAPIController (api).
2024-11-28 13:18:38.670 +01:00 [INF] Executing OkObjectResult, writing value of type 'System.Collections.Generic.List`1[[Aplzz.Models.Post, api, Version=1.0.0.0, Culture=neutral, PublicKeyToken=null]]'.
2024-11-28 13:18:38.671 +01:00 [INF] Executed action Aplzz.Controllers.PostAPIController.GetPosts (api) in 10.7287ms
2024-11-28 13:18:38.671 +01:00 [INF] Executed endpoint 'Aplzz.Controllers.PostAPIController.GetPosts (api)'
2024-11-28 13:18:38.671 +01:00 [INF] Request finished HTTP/1.1 GET http://localhost:5214/api/postapi/posts - 200 3351 application/json; charset=utf-8 15.6342ms
2024-11-28 13:18:38.695 +01:00 [INF] Request starting HTTP/1.1 GET http://localhost:5214/api/postapi/posts - null null
2024-11-28 13:18:38.696 +01:00 [INF] CORS policy execution successful.
2024-11-28 13:18:38.696 +01:00 [INF] Executing endpoint 'Aplzz.Controllers.PostAPIController.GetPosts (api)'
2024-11-28 13:18:38.696 +01:00 [INF] Route matched with {action = "GetPosts", controller = "PostAPI"}. Executing controller action with signature System.Threading.Tasks.Task`1[Microsoft.AspNetCore.Mvc.IActionResult] GetPosts() on controller Aplzz.Controllers.PostAPIController (api).
2024-11-28 13:18:38.705 +01:00 [INF] Executing OkObjectResult, writing value of type 'System.Collections.Generic.List`1[[Aplzz.Models.Post, api, Version=1.0.0.0, Culture=neutral, PublicKeyToken=null]]'.
2024-11-28 13:18:38.705 +01:00 [INF] Executed action Aplzz.Controllers.PostAPIController.GetPosts (api) in 9.4356ms
2024-11-28 13:18:38.705 +01:00 [INF] Executed endpoint 'Aplzz.Controllers.PostAPIController.GetPosts (api)'
2024-11-28 13:18:38.706 +01:00 [INF] Request finished HTTP/1.1 GET http://localhost:5214/api/postapi/posts - 200 3351 application/json; charset=utf-8 10.7532ms
2024-11-28 13:19:08.742 +01:00 [INF] Request starting HTTP/1.1 POST http://localhost:5214/api/postapi/create - multipart/form-data; boundary=----WebKitFormBoundaryxSjiBIqR7mf9ccy2 391899
2024-11-28 13:19:08.746 +01:00 [INF] CORS policy execution successful.
2024-11-28 13:19:08.746 +01:00 [INF] Executing endpoint 'Aplzz.Controllers.PostAPIController.CreatePost (api)'
2024-11-28 13:19:08.778 +01:00 [INF] Route matched with {action = "CreatePost", controller = "PostAPI"}. Executing controller action with signature System.Threading.Tasks.Task`1[Microsoft.AspNetCore.Mvc.IActionResult] CreatePost(Aplzz.Models.Post, Microsoft.AspNetCore.Http.IFormFile) on controller Aplzz.Controllers.PostAPIController (api).
2024-11-28 13:19:09.011 +01:00 [INF] Executing OkObjectResult, writing value of type 'Aplzz.Models.Post'.
2024-11-28 13:19:09.013 +01:00 [INF] Executed action Aplzz.Controllers.PostAPIController.CreatePost (api) in 235.1126ms
2024-11-28 13:19:09.013 +01:00 [INF] Executed endpoint 'Aplzz.Controllers.PostAPIController.CreatePost (api)'
2024-11-28 13:19:09.015 +01:00 [INF] Request finished HTTP/1.1 POST http://localhost:5214/api/postapi/create - 200 191 application/json; charset=utf-8 273.3562ms
2024-11-28 13:19:09.036 +01:00 [INF] Request starting HTTP/1.1 GET http://localhost:5214/api/postapi/posts - null null
2024-11-28 13:19:09.038 +01:00 [INF] CORS policy execution successful.
2024-11-28 13:19:09.038 +01:00 [INF] Executing endpoint 'Aplzz.Controllers.PostAPIController.GetPosts (api)'
2024-11-28 13:19:09.038 +01:00 [INF] Route matched with {action = "GetPosts", controller = "PostAPI"}. Executing controller action with signature System.Threading.Tasks.Task`1[Microsoft.AspNetCore.Mvc.IActionResult] GetPosts() on controller Aplzz.Controllers.PostAPIController (api).
2024-11-28 13:19:09.045 +01:00 [INF] Executing OkObjectResult, writing value of type 'System.Collections.Generic.List`1[[Aplzz.Models.Post, api, Version=1.0.0.0, Culture=neutral, PublicKeyToken=null]]'.
2024-11-28 13:19:09.046 +01:00 [INF] Executed action Aplzz.Controllers.PostAPIController.GetPosts (api) in 8.0569ms
2024-11-28 13:19:09.046 +01:00 [INF] Executed endpoint 'Aplzz.Controllers.PostAPIController.GetPosts (api)'
2024-11-28 13:19:09.046 +01:00 [INF] Request finished HTTP/1.1 GET http://localhost:5214/api/postapi/posts - 200 3760 application/json; charset=utf-8 9.511ms
2024-11-28 13:19:09.047 +01:00 [INF] Request starting HTTP/1.1 GET http://localhost:5214/api/postapi/posts - null null
2024-11-28 13:19:09.047 +01:00 [INF] CORS policy execution successful.
2024-11-28 13:19:09.047 +01:00 [INF] Executing endpoint 'Aplzz.Controllers.PostAPIController.GetPosts (api)'
2024-11-28 13:19:09.047 +01:00 [INF] Route matched with {action = "GetPosts", controller = "PostAPI"}. Executing controller action with signature System.Threading.Tasks.Task`1[Microsoft.AspNetCore.Mvc.IActionResult] GetPosts() on controller Aplzz.Controllers.PostAPIController (api).
2024-11-28 13:19:09.079 +01:00 [INF] Request starting HTTP/1.1 GET http://localhost:5214/images/62c17747-a633-492b-ac70-8ce751eb8b89.png - null null
2024-11-28 13:19:09.081 +01:00 [INF] Executing OkObjectResult, writing value of type 'System.Collections.Generic.List`1[[Aplzz.Models.Post, api, Version=1.0.0.0, Culture=neutral, PublicKeyToken=null]]'.
2024-11-28 13:19:09.081 +01:00 [INF] Executed action Aplzz.Controllers.PostAPIController.GetPosts (api) in 33.8686ms
2024-11-28 13:19:09.081 +01:00 [INF] Executed endpoint 'Aplzz.Controllers.PostAPIController.GetPosts (api)'
2024-11-28 13:19:09.082 +01:00 [INF] Request finished HTTP/1.1 GET http://localhost:5214/api/postapi/posts - 200 3760 application/json; charset=utf-8 34.927ms
2024-11-28 13:19:09.089 +01:00 [WRN] Error unprotecting the session cookie.
System.Security.Cryptography.CryptographicException: The payload was invalid. For more information go to https://aka.ms/aspnet/dataprotectionwarning
   at Microsoft.AspNetCore.DataProtection.Managed.ManagedAuthenticatedEncryptor.Decrypt(ArraySegment`1 protectedPayload, ArraySegment`1 additionalAuthenticatedData)
   at Microsoft.AspNetCore.DataProtection.KeyManagement.KeyRingBasedDataProtector.UnprotectCore(Byte[] protectedData, Boolean allowOperationsOnRevokedKeys, UnprotectStatus& status)
   at Microsoft.AspNetCore.DataProtection.KeyManagement.KeyRingBasedDataProtector.Unprotect(Byte[] protectedData)
   at Microsoft.AspNetCore.Session.CookieProtection.Unprotect(IDataProtector protector, String protectedText, ILogger logger)
2024-11-28 13:19:09.127 +01:00 [INF] Sending file. Request path: '/images/62c17747-a633-492b-ac70-8ce751eb8b89.png'. Physical path: '/Users/libansulub/Documents/Sub-Application 2 - React/api/wwwroot/images/62c17747-a633-492b-ac70-8ce751eb8b89.png'
2024-11-28 13:19:09.127 +01:00 [INF] Request finished HTTP/1.1 GET http://localhost:5214/images/62c17747-a633-492b-ac70-8ce751eb8b89.png - 200 391396 image/png 48.8651ms
2024-11-28 13:20:58.820 +01:00 [INF] Request starting HTTP/1.1 GET http://localhost:5214/api/postapi/posts - null null
2024-11-28 13:20:58.823 +01:00 [INF] CORS policy execution successful.
2024-11-28 13:20:58.824 +01:00 [INF] Executing endpoint 'Aplzz.Controllers.PostAPIController.GetPosts (api)'
2024-11-28 13:20:58.825 +01:00 [INF] Route matched with {action = "GetPosts", controller = "PostAPI"}. Executing controller action with signature System.Threading.Tasks.Task`1[Microsoft.AspNetCore.Mvc.IActionResult] GetPosts() on controller Aplzz.Controllers.PostAPIController (api).
2024-11-28 13:20:58.841 +01:00 [INF] Executing OkObjectResult, writing value of type 'System.Collections.Generic.List`1[[Aplzz.Models.Post, api, Version=1.0.0.0, Culture=neutral, PublicKeyToken=null]]'.
2024-11-28 13:20:58.845 +01:00 [INF] Executed action Aplzz.Controllers.PostAPIController.GetPosts (api) in 19.8876ms
2024-11-28 13:20:58.845 +01:00 [INF] Executed endpoint 'Aplzz.Controllers.PostAPIController.GetPosts (api)'
2024-11-28 13:20:58.845 +01:00 [INF] Request finished HTTP/1.1 GET http://localhost:5214/api/postapi/posts - 200 3760 application/json; charset=utf-8 25.8702ms
2024-11-28 13:20:58.846 +01:00 [INF] Request starting HTTP/1.1 GET http://localhost:5214/api/postapi/posts - null null
2024-11-28 13:20:58.846 +01:00 [INF] CORS policy execution successful.
2024-11-28 13:20:58.846 +01:00 [INF] Executing endpoint 'Aplzz.Controllers.PostAPIController.GetPosts (api)'
2024-11-28 13:20:58.846 +01:00 [INF] Route matched with {action = "GetPosts", controller = "PostAPI"}. Executing controller action with signature System.Threading.Tasks.Task`1[Microsoft.AspNetCore.Mvc.IActionResult] GetPosts() on controller Aplzz.Controllers.PostAPIController (api).
2024-11-28 13:20:58.851 +01:00 [INF] Executing OkObjectResult, writing value of type 'System.Collections.Generic.List`1[[Aplzz.Models.Post, api, Version=1.0.0.0, Culture=neutral, PublicKeyToken=null]]'.
2024-11-28 13:20:58.852 +01:00 [INF] Executed action Aplzz.Controllers.PostAPIController.GetPosts (api) in 5.4562ms
2024-11-28 13:20:58.852 +01:00 [INF] Executed endpoint 'Aplzz.Controllers.PostAPIController.GetPosts (api)'
2024-11-28 13:20:58.852 +01:00 [INF] Request finished HTTP/1.1 GET http://localhost:5214/api/postapi/posts - 200 3760 application/json; charset=utf-8 6.0092ms
