2024-11-30 23:16:16.512 +01:00 [INF] User profile is available. Using 'C:\Users\ahmad\AppData\Local\ASP.NET\DataProtection-Keys' as key repository and Windows DPAPI to encrypt keys at rest.
2024-11-30 23:16:16.628 +01:00 [INF] Now listening on: https://localhost:7135
2024-11-30 23:16:16.629 +01:00 [INF] Now listening on: http://localhost:5214
2024-11-30 23:16:16.633 +01:00 [INF] Application started. Press Ctrl+C to shut down.
2024-11-30 23:16:16.635 +01:00 [INF] Hosting environment: Development
2024-11-30 23:16:16.636 +01:00 [INF] Content root path: C:\Users\ahmad\OneDrive\Skrivebord\Sub-Application-2---React\api
2024-11-30 23:16:20.104 +01:00 [INF] Request starting HTTP/1.1 OPTIONS http://localhost:5214/api/loginApi/registerPost - null null
2024-11-30 23:16:20.131 +01:00 [INF] CORS policy execution successful.
2024-11-30 23:16:20.143 +01:00 [INF] Request finished HTTP/1.1 OPTIONS http://localhost:5214/api/loginApi/registerPost - 204 null null 39.9893ms
2024-11-30 23:16:20.145 +01:00 [INF] Request starting HTTP/1.1 POST http://localhost:5214/api/loginApi/registerPost - application/json 54
2024-11-30 23:16:20.148 +01:00 [INF] CORS policy execution successful.
2024-11-30 23:16:20.149 +01:00 [INF] Executing endpoint 'Aplzz.Controllers.LoginAPIController.Register (api)'
2024-11-30 23:16:20.163 +01:00 [INF] Route matched with {action = "Register", controller = "LoginAPI"}. Executing controller action with signature Microsoft.AspNetCore.Mvc.IActionResult Register(Aplzz.Models.User) on controller Aplzz.Controllers.LoginAPIController (api).
2024-11-30 23:16:20.262 +01:00 [INF] Executing BadRequestObjectResult, writing value of type 'Microsoft.AspNetCore.Mvc.ValidationProblemDetails'.
2024-11-30 23:16:20.297 +01:00 [INF] Executed action Aplzz.Controllers.LoginAPIController.Register (api) in 131.4882ms
2024-11-30 23:16:20.297 +01:00 [INF] Executed endpoint 'Aplzz.Controllers.LoginAPIController.Register (api)'
2024-11-30 23:16:20.299 +01:00 [INF] Request finished HTTP/1.1 POST http://localhost:5214/api/loginApi/registerPost - 400 279 application/problem+json; charset=utf-8 154.0536ms
2024-11-30 23:16:20.308 +01:00 [INF] Request starting HTTP/1.1 GET http://localhost:5214/api/postapi/posts - null null
2024-11-30 23:16:20.312 +01:00 [INF] CORS policy execution successful.
2024-11-30 23:16:20.312 +01:00 [INF] Executing endpoint 'Aplzz.Controllers.PostAPIController.GetPosts (api)'
2024-11-30 23:16:20.315 +01:00 [INF] Route matched with {action = "GetPosts", controller = "PostAPI"}. Executing controller action with signature System.Threading.Tasks.Task`1[Microsoft.AspNetCore.Mvc.IActionResult] GetPosts() on controller Aplzz.Controllers.PostAPIController (api).
2024-11-30 23:16:20.634 +01:00 [WRN] Compiling a query which loads related collections for more than one collection navigation, either via 'Include' or through projection, but no 'QuerySplittingBehavior' has been configured. By default, Entity Framework will use 'QuerySplittingBehavior.SingleQuery', which can potentially result in slow query performance. See https://go.microsoft.com/fwlink/?linkid=2134277 for more information. To identify the query that's triggering this warning call 'ConfigureWarnings(w => w.Throw(RelationalEventId.MultipleCollectionIncludeWarning))'.
2024-11-30 23:16:20.676 +01:00 [INF] Executing OkObjectResult, writing value of type 'System.Collections.Generic.List`1[[Aplzz.Models.Post, api, Version=1.0.0.0, Culture=neutral, PublicKeyToken=null]]'.
2024-11-30 23:16:20.716 +01:00 [INF] Executed action Aplzz.Controllers.PostAPIController.GetPosts (api) in 401.4851ms
2024-11-30 23:16:20.717 +01:00 [INF] Executed endpoint 'Aplzz.Controllers.PostAPIController.GetPosts (api)'
2024-11-30 23:16:20.717 +01:00 [INF] Request finished HTTP/1.1 GET http://localhost:5214/api/postapi/posts - 200 8802 application/json; charset=utf-8 409.3742ms
2024-11-30 23:16:20.718 +01:00 [INF] Request starting HTTP/1.1 GET http://localhost:5214/api/postapi/posts - null null
2024-11-30 23:16:20.719 +01:00 [INF] CORS policy execution successful.
2024-11-30 23:16:20.719 +01:00 [INF] Executing endpoint 'Aplzz.Controllers.PostAPIController.GetPosts (api)'
2024-11-30 23:16:20.719 +01:00 [INF] Route matched with {action = "GetPosts", controller = "PostAPI"}. Executing controller action with signature System.Threading.Tasks.Task`1[Microsoft.AspNetCore.Mvc.IActionResult] GetPosts() on controller Aplzz.Controllers.PostAPIController (api).
2024-11-30 23:16:20.728 +01:00 [INF] Executing OkObjectResult, writing value of type 'System.Collections.Generic.List`1[[Aplzz.Models.Post, api, Version=1.0.0.0, Culture=neutral, PublicKeyToken=null]]'.
2024-11-30 23:16:20.734 +01:00 [INF] Executed action Aplzz.Controllers.PostAPIController.GetPosts (api) in 14.7482ms
2024-11-30 23:16:20.734 +01:00 [INF] Executed endpoint 'Aplzz.Controllers.PostAPIController.GetPosts (api)'
2024-11-30 23:16:20.734 +01:00 [INF] Request finished HTTP/1.1 GET http://localhost:5214/api/postapi/posts - 200 8802 application/json; charset=utf-8 16.4137ms
2024-11-30 23:16:24.244 +01:00 [INF] Request starting HTTP/1.1 GET http://localhost:5214/api/postapi/posts - null null
2024-11-30 23:16:24.244 +01:00 [INF] CORS policy execution successful.
2024-11-30 23:16:24.245 +01:00 [INF] Executing endpoint 'Aplzz.Controllers.PostAPIController.GetPosts (api)'
2024-11-30 23:16:24.245 +01:00 [INF] Route matched with {action = "GetPosts", controller = "PostAPI"}. Executing controller action with signature System.Threading.Tasks.Task`1[Microsoft.AspNetCore.Mvc.IActionResult] GetPosts() on controller Aplzz.Controllers.PostAPIController (api).
2024-11-30 23:16:24.255 +01:00 [INF] Executing OkObjectResult, writing value of type 'System.Collections.Generic.List`1[[Aplzz.Models.Post, api, Version=1.0.0.0, Culture=neutral, PublicKeyToken=null]]'.
2024-11-30 23:16:24.261 +01:00 [INF] Executed action Aplzz.Controllers.PostAPIController.GetPosts (api) in 16.6332ms
2024-11-30 23:16:24.261 +01:00 [INF] Executed endpoint 'Aplzz.Controllers.PostAPIController.GetPosts (api)'
2024-11-30 23:16:24.262 +01:00 [INF] Request finished HTTP/1.1 GET http://localhost:5214/api/postapi/posts - 200 8802 application/json; charset=utf-8 17.7622ms
2024-11-30 23:16:24.262 +01:00 [INF] Request starting HTTP/1.1 GET http://localhost:5214/api/postapi/posts - null null
2024-11-30 23:16:24.262 +01:00 [INF] CORS policy execution successful.
2024-11-30 23:16:24.262 +01:00 [INF] Executing endpoint 'Aplzz.Controllers.PostAPIController.GetPosts (api)'
2024-11-30 23:16:24.262 +01:00 [INF] Route matched with {action = "GetPosts", controller = "PostAPI"}. Executing controller action with signature System.Threading.Tasks.Task`1[Microsoft.AspNetCore.Mvc.IActionResult] GetPosts() on controller Aplzz.Controllers.PostAPIController (api).
2024-11-30 23:16:24.270 +01:00 [INF] Executing OkObjectResult, writing value of type 'System.Collections.Generic.List`1[[Aplzz.Models.Post, api, Version=1.0.0.0, Culture=neutral, PublicKeyToken=null]]'.
2024-11-30 23:16:24.275 +01:00 [INF] Executed action Aplzz.Controllers.PostAPIController.GetPosts (api) in 12.0604ms
2024-11-30 23:16:24.275 +01:00 [INF] Executed endpoint 'Aplzz.Controllers.PostAPIController.GetPosts (api)'
2024-11-30 23:16:24.275 +01:00 [INF] Request finished HTTP/1.1 GET http://localhost:5214/api/postapi/posts - 200 8802 application/json; charset=utf-8 12.7381ms
2024-11-30 23:16:33.436 +01:00 [INF] Request starting HTTP/1.1 GET http://localhost:5214/api/postapi/posts - null null
2024-11-30 23:16:33.436 +01:00 [INF] CORS policy execution successful.
2024-11-30 23:16:33.436 +01:00 [INF] Executing endpoint 'Aplzz.Controllers.PostAPIController.GetPosts (api)'
2024-11-30 23:16:33.436 +01:00 [INF] Route matched with {action = "GetPosts", controller = "PostAPI"}. Executing controller action with signature System.Threading.Tasks.Task`1[Microsoft.AspNetCore.Mvc.IActionResult] GetPosts() on controller Aplzz.Controllers.PostAPIController (api).
2024-11-30 23:16:33.442 +01:00 [INF] Executing OkObjectResult, writing value of type 'System.Collections.Generic.List`1[[Aplzz.Models.Post, api, Version=1.0.0.0, Culture=neutral, PublicKeyToken=null]]'.
2024-11-30 23:16:33.446 +01:00 [INF] Executed action Aplzz.Controllers.PostAPIController.GetPosts (api) in 10.0646ms
2024-11-30 23:16:33.446 +01:00 [INF] Executed endpoint 'Aplzz.Controllers.PostAPIController.GetPosts (api)'
2024-11-30 23:16:33.446 +01:00 [INF] Request finished HTTP/1.1 GET http://localhost:5214/api/postapi/posts - 200 8802 application/json; charset=utf-8 10.8337ms
2024-11-30 23:16:33.447 +01:00 [INF] Request starting HTTP/1.1 GET http://localhost:5214/api/postapi/posts - null null
2024-11-30 23:16:33.447 +01:00 [INF] CORS policy execution successful.
2024-11-30 23:16:33.447 +01:00 [INF] Executing endpoint 'Aplzz.Controllers.PostAPIController.GetPosts (api)'
2024-11-30 23:16:33.447 +01:00 [INF] Route matched with {action = "GetPosts", controller = "PostAPI"}. Executing controller action with signature System.Threading.Tasks.Task`1[Microsoft.AspNetCore.Mvc.IActionResult] GetPosts() on controller Aplzz.Controllers.PostAPIController (api).
2024-11-30 23:16:33.454 +01:00 [INF] Executing OkObjectResult, writing value of type 'System.Collections.Generic.List`1[[Aplzz.Models.Post, api, Version=1.0.0.0, Culture=neutral, PublicKeyToken=null]]'.
2024-11-30 23:16:33.459 +01:00 [INF] Executed action Aplzz.Controllers.PostAPIController.GetPosts (api) in 11.1261ms
2024-11-30 23:16:33.459 +01:00 [INF] Executed endpoint 'Aplzz.Controllers.PostAPIController.GetPosts (api)'
2024-11-30 23:16:33.459 +01:00 [INF] Request finished HTTP/1.1 GET http://localhost:5214/api/postapi/posts - 200 8802 application/json; charset=utf-8 11.7498ms
2024-11-30 23:17:58.285 +01:00 [INF] Request starting HTTP/1.1 GET http://localhost:5214/api/postapi/posts - null null
2024-11-30 23:17:58.288 +01:00 [INF] CORS policy execution successful.
2024-11-30 23:17:58.288 +01:00 [INF] Executing endpoint 'Aplzz.Controllers.PostAPIController.GetPosts (api)'
2024-11-30 23:17:58.288 +01:00 [INF] Route matched with {action = "GetPosts", controller = "PostAPI"}. Executing controller action with signature System.Threading.Tasks.Task`1[Microsoft.AspNetCore.Mvc.IActionResult] GetPosts() on controller Aplzz.Controllers.PostAPIController (api).
2024-11-30 23:17:58.330 +01:00 [INF] Executing OkObjectResult, writing value of type 'System.Collections.Generic.List`1[[Aplzz.Models.Post, api, Version=1.0.0.0, Culture=neutral, PublicKeyToken=null]]'.
2024-11-30 23:17:58.334 +01:00 [INF] Executed action Aplzz.Controllers.PostAPIController.GetPosts (api) in 45.4849ms
2024-11-30 23:17:58.334 +01:00 [INF] Executed endpoint 'Aplzz.Controllers.PostAPIController.GetPosts (api)'
2024-11-30 23:17:58.334 +01:00 [INF] Request finished HTTP/1.1 GET http://localhost:5214/api/postapi/posts - 200 8802 application/json; charset=utf-8 49.1073ms
2024-11-30 23:17:58.334 +01:00 [INF] Request starting HTTP/1.1 GET http://localhost:5214/api/postapi/posts - null null
2024-11-30 23:17:58.334 +01:00 [INF] CORS policy execution successful.
2024-11-30 23:17:58.335 +01:00 [INF] Executing endpoint 'Aplzz.Controllers.PostAPIController.GetPosts (api)'
2024-11-30 23:17:58.335 +01:00 [INF] Route matched with {action = "GetPosts", controller = "PostAPI"}. Executing controller action with signature System.Threading.Tasks.Task`1[Microsoft.AspNetCore.Mvc.IActionResult] GetPosts() on controller Aplzz.Controllers.PostAPIController (api).
2024-11-30 23:17:58.339 +01:00 [INF] Executing OkObjectResult, writing value of type 'System.Collections.Generic.List`1[[Aplzz.Models.Post, api, Version=1.0.0.0, Culture=neutral, PublicKeyToken=null]]'.
2024-11-30 23:17:58.343 +01:00 [INF] Executed action Aplzz.Controllers.PostAPIController.GetPosts (api) in 8.2755ms
2024-11-30 23:17:58.343 +01:00 [INF] Executed endpoint 'Aplzz.Controllers.PostAPIController.GetPosts (api)'
2024-11-30 23:17:58.343 +01:00 [INF] Request finished HTTP/1.1 GET http://localhost:5214/api/postapi/posts - 200 8802 application/json; charset=utf-8 8.777ms
2024-11-30 23:18:11.392 +01:00 [INF] Request starting HTTP/1.1 OPTIONS http://localhost:5214/api/loginApi/registerPost - null null
2024-11-30 23:18:11.392 +01:00 [INF] CORS policy execution successful.
2024-11-30 23:18:11.392 +01:00 [INF] Request finished HTTP/1.1 OPTIONS http://localhost:5214/api/loginApi/registerPost - 204 null null 0.4819ms
2024-11-30 23:18:11.393 +01:00 [INF] Request starting HTTP/1.1 POST http://localhost:5214/api/loginApi/registerPost - application/json 51
2024-11-30 23:18:11.393 +01:00 [INF] CORS policy execution successful.
2024-11-30 23:18:11.393 +01:00 [INF] Executing endpoint 'Aplzz.Controllers.LoginAPIController.Register (api)'
2024-11-30 23:18:11.393 +01:00 [INF] Route matched with {action = "Register", controller = "LoginAPI"}. Executing controller action with signature Microsoft.AspNetCore.Mvc.IActionResult Register(Aplzz.Models.User) on controller Aplzz.Controllers.LoginAPIController (api).
2024-11-30 23:18:11.396 +01:00 [INF] Executing BadRequestObjectResult, writing value of type 'Microsoft.AspNetCore.Mvc.ValidationProblemDetails'.
2024-11-30 23:18:11.396 +01:00 [INF] Executed action Aplzz.Controllers.LoginAPIController.Register (api) in 3.3819ms
2024-11-30 23:18:11.396 +01:00 [INF] Executed endpoint 'Aplzz.Controllers.LoginAPIController.Register (api)'
2024-11-30 23:18:11.396 +01:00 [INF] Request finished HTTP/1.1 POST http://localhost:5214/api/loginApi/registerPost - 400 279 application/problem+json; charset=utf-8 3.7237ms
2024-11-30 23:18:11.404 +01:00 [INF] Request starting HTTP/1.1 GET http://localhost:5214/api/postapi/posts - null null
2024-11-30 23:18:11.404 +01:00 [INF] CORS policy execution successful.
2024-11-30 23:18:11.404 +01:00 [INF] Executing endpoint 'Aplzz.Controllers.PostAPIController.GetPosts (api)'
2024-11-30 23:18:11.404 +01:00 [INF] Route matched with {action = "GetPosts", controller = "PostAPI"}. Executing controller action with signature System.Threading.Tasks.Task`1[Microsoft.AspNetCore.Mvc.IActionResult] GetPosts() on controller Aplzz.Controllers.PostAPIController (api).
2024-11-30 23:18:11.409 +01:00 [INF] Executing OkObjectResult, writing value of type 'System.Collections.Generic.List`1[[Aplzz.Models.Post, api, Version=1.0.0.0, Culture=neutral, PublicKeyToken=null]]'.
2024-11-30 23:18:11.413 +01:00 [INF] Executed action Aplzz.Controllers.PostAPIController.GetPosts (api) in 8.2037ms
2024-11-30 23:18:11.413 +01:00 [INF] Executed endpoint 'Aplzz.Controllers.PostAPIController.GetPosts (api)'
2024-11-30 23:18:11.413 +01:00 [INF] Request finished HTTP/1.1 GET http://localhost:5214/api/postapi/posts - 200 8802 application/json; charset=utf-8 8.69ms
2024-11-30 23:18:11.423 +01:00 [INF] Request starting HTTP/1.1 GET http://localhost:5214/api/postapi/posts - null null
2024-11-30 23:18:11.423 +01:00 [INF] CORS policy execution successful.
2024-11-30 23:18:11.423 +01:00 [INF] Executing endpoint 'Aplzz.Controllers.PostAPIController.GetPosts (api)'
2024-11-30 23:18:11.423 +01:00 [INF] Route matched with {action = "GetPosts", controller = "PostAPI"}. Executing controller action with signature System.Threading.Tasks.Task`1[Microsoft.AspNetCore.Mvc.IActionResult] GetPosts() on controller Aplzz.Controllers.PostAPIController (api).
2024-11-30 23:18:11.428 +01:00 [INF] Executing OkObjectResult, writing value of type 'System.Collections.Generic.List`1[[Aplzz.Models.Post, api, Version=1.0.0.0, Culture=neutral, PublicKeyToken=null]]'.
2024-11-30 23:18:11.432 +01:00 [INF] Executed action Aplzz.Controllers.PostAPIController.GetPosts (api) in 9.2837ms
2024-11-30 23:18:11.433 +01:00 [INF] Executed endpoint 'Aplzz.Controllers.PostAPIController.GetPosts (api)'
2024-11-30 23:18:11.433 +01:00 [INF] Request finished HTTP/1.1 GET http://localhost:5214/api/postapi/posts - 200 8802 application/json; charset=utf-8 9.822ms
2024-11-30 23:18:20.112 +01:00 [INF] Request starting HTTP/1.1 GET http://localhost:5214/api/loginApi/registerPost - null null
2024-11-30 23:18:20.135 +01:00 [WRN] Error unprotecting the session cookie.
System.Security.Cryptography.CryptographicException: The payload was invalid. For more information go to https://aka.ms/aspnet/dataprotectionwarning
   at Microsoft.AspNetCore.DataProtection.Cng.CbcAuthenticatedEncryptor.DecryptImpl(Byte* pbCiphertext, UInt32 cbCiphertext, Byte* pbAdditionalAuthenticatedData, UInt32 cbAdditionalAuthenticatedData)
   at Microsoft.AspNetCore.DataProtection.Cng.Internal.CngAuthenticatedEncryptorBase.Decrypt(ArraySegment`1 ciphertext, ArraySegment`1 additionalAuthenticatedData)
   at Microsoft.AspNetCore.DataProtection.KeyManagement.KeyRingBasedDataProtector.UnprotectCore(Byte[] protectedData, Boolean allowOperationsOnRevokedKeys, UnprotectStatus& status)
   at Microsoft.AspNetCore.DataProtection.KeyManagement.KeyRingBasedDataProtector.Unprotect(Byte[] protectedData)
   at Microsoft.AspNetCore.Session.CookieProtection.Unprotect(IDataProtector protector, String protectedText, ILogger logger)
2024-11-30 23:18:20.135 +01:00 [INF] Executing endpoint '405 HTTP Method Not Supported'
2024-11-30 23:18:20.135 +01:00 [INF] Executed endpoint '405 HTTP Method Not Supported'
2024-11-30 23:18:20.135 +01:00 [INF] Request finished HTTP/1.1 GET http://localhost:5214/api/loginApi/registerPost - 405 0 null 22.9339ms
