2024-11-30 13:58:54.767 +01:00 [INF] User profile is available. Using 'C:\Users\ahmad\AppData\Local\ASP.NET\DataProtection-Keys' as key repository and Windows DPAPI to encrypt keys at rest.
2024-11-30 13:58:54.853 +01:00 [WRN] The ASP.NET Core developer certificate is not trusted. For information about trusting the ASP.NET Core developer certificate, see https://aka.ms/aspnet/https-trust-dev-cert.
2024-11-30 13:58:54.886 +01:00 [INF] Now listening on: https://localhost:7135
2024-11-30 13:58:54.887 +01:00 [INF] Now listening on: http://localhost:5214
2024-11-30 13:58:54.891 +01:00 [INF] Application started. Press Ctrl+C to shut down.
2024-11-30 13:58:54.893 +01:00 [INF] Hosting environment: Development
2024-11-30 13:58:54.895 +01:00 [INF] Content root path: C:\Users\ahmad\OneDrive\Skrivebord\Sub-Application-2---React\api
2024-11-30 13:59:08.839 +01:00 [INF] Request starting HTTP/1.1 GET http://localhost:5214/api/postapi/posts - null null
2024-11-30 13:59:08.871 +01:00 [INF] CORS policy execution successful.
2024-11-30 13:59:08.872 +01:00 [INF] Executing endpoint 'Aplzz.Controllers.PostAPIController.GetPosts (api)'
2024-11-30 13:59:08.886 +01:00 [INF] Route matched with {action = "GetPosts", controller = "PostAPI"}. Executing controller action with signature System.Threading.Tasks.Task`1[Microsoft.AspNetCore.Mvc.IActionResult] GetPosts() on controller Aplzz.Controllers.PostAPIController (api).
2024-11-30 13:59:09.179 +01:00 [WRN] Compiling a query which loads related collections for more than one collection navigation, either via 'Include' or through projection, but no 'QuerySplittingBehavior' has been configured. By default, Entity Framework will use 'QuerySplittingBehavior.SingleQuery', which can potentially result in slow query performance. See https://go.microsoft.com/fwlink/?linkid=2134277 for more information. To identify the query that's triggering this warning call 'ConfigureWarnings(w => w.Throw(RelationalEventId.MultipleCollectionIncludeWarning))'.
2024-11-30 13:59:09.241 +01:00 [INF] Executing OkObjectResult, writing value of type 'System.Collections.Generic.List`1[[Aplzz.Models.Post, api, Version=1.0.0.0, Culture=neutral, PublicKeyToken=null]]'.
2024-11-30 13:59:09.368 +01:00 [INF] Executed action Aplzz.Controllers.PostAPIController.GetPosts (api) in 479.6006ms
2024-11-30 13:59:09.370 +01:00 [INF] Executed endpoint 'Aplzz.Controllers.PostAPIController.GetPosts (api)'
2024-11-30 13:59:09.374 +01:00 [INF] Request finished HTTP/1.1 GET http://localhost:5214/api/postapi/posts - 200 8795 application/json; charset=utf-8 536.8821ms
2024-11-30 13:59:09.376 +01:00 [INF] Request starting HTTP/1.1 GET http://localhost:5214/api/postapi/posts - null null
2024-11-30 13:59:09.379 +01:00 [INF] CORS policy execution successful.
2024-11-30 13:59:09.379 +01:00 [INF] Executing endpoint 'Aplzz.Controllers.PostAPIController.GetPosts (api)'
2024-11-30 13:59:09.379 +01:00 [INF] Route matched with {action = "GetPosts", controller = "PostAPI"}. Executing controller action with signature System.Threading.Tasks.Task`1[Microsoft.AspNetCore.Mvc.IActionResult] GetPosts() on controller Aplzz.Controllers.PostAPIController (api).
2024-11-30 13:59:09.431 +01:00 [INF] Request starting HTTP/1.1 GET http://localhost:5214/images/mountain.png - null null
2024-11-30 13:59:09.434 +01:00 [INF] Executing OkObjectResult, writing value of type 'System.Collections.Generic.List`1[[Aplzz.Models.Post, api, Version=1.0.0.0, Culture=neutral, PublicKeyToken=null]]'.
2024-11-30 13:59:09.440 +01:00 [INF] Executed action Aplzz.Controllers.PostAPIController.GetPosts (api) in 60.4697ms
2024-11-30 13:59:09.440 +01:00 [INF] Executed endpoint 'Aplzz.Controllers.PostAPIController.GetPosts (api)'
2024-11-30 13:59:09.441 +01:00 [INF] Request finished HTTP/1.1 GET http://localhost:5214/api/postapi/posts - 200 8795 application/json; charset=utf-8 64.1363ms
2024-11-30 13:59:09.458 +01:00 [INF] Sending file. Request path: '/images/mountain.png'. Physical path: 'C:\Users\ahmad\OneDrive\Skrivebord\Sub-Application-2---React\api\wwwroot\images\mountain.png'
2024-11-30 13:59:09.460 +01:00 [INF] Request finished HTTP/1.1 GET http://localhost:5214/images/mountain.png - 200 1218970 image/png 29.1635ms
2024-11-30 13:59:09.501 +01:00 [INF] Request starting HTTP/1.1 GET http://localhost:5214/images/scott.jpg - null null
2024-11-30 13:59:09.510 +01:00 [INF] Request starting HTTP/1.1 GET http://localhost:5214/images/pexels.jpg - null null
2024-11-30 13:59:09.532 +01:00 [INF] Sending file. Request path: '/images/scott.jpg'. Physical path: 'C:\Users\ahmad\OneDrive\Skrivebord\Sub-Application-2---React\api\wwwroot\images\scott.jpg'
2024-11-30 13:59:09.532 +01:00 [INF] Request finished HTTP/1.1 GET http://localhost:5214/images/scott.jpg - 200 2722731 image/jpeg 30.7775ms
2024-11-30 13:59:09.551 +01:00 [INF] Sending file. Request path: '/images/pexels.jpg'. Physical path: 'C:\Users\ahmad\OneDrive\Skrivebord\Sub-Application-2---React\api\wwwroot\images\pexels.jpg'
2024-11-30 13:59:09.551 +01:00 [INF] Request finished HTTP/1.1 GET http://localhost:5214/images/pexels.jpg - 200 2472748 image/jpeg 41.4782ms
2024-11-30 13:59:15.412 +01:00 [INF] Request starting HTTP/1.1 POST http://localhost:5214/api/postapi/likepost - application/x-www-form-urlencoded 8
2024-11-30 13:59:15.413 +01:00 [INF] CORS policy execution successful.
2024-11-30 13:59:15.413 +01:00 [INF] Executing endpoint 'Aplzz.Controllers.PostAPIController.LikePost (api)'
2024-11-30 13:59:15.420 +01:00 [INF] Route matched with {action = "LikePost", controller = "PostAPI"}. Executing controller action with signature System.Threading.Tasks.Task`1[Microsoft.AspNetCore.Mvc.IActionResult] LikePost(Int32) on controller Aplzz.Controllers.PostAPIController (api).
2024-11-30 13:59:15.491 +01:00 [INF] Executing OkObjectResult, writing value of type '<>f__AnonymousType2`3[[System.Boolean, System.Private.CoreLib, Version=8.0.0.0, Culture=neutral, PublicKeyToken=7cec85d7bea7798e],[System.Int32, System.Private.CoreLib, Version=8.0.0.0, Culture=neutral, PublicKeyToken=7cec85d7bea7798e],[System.Int32, System.Private.CoreLib, Version=8.0.0.0, Culture=neutral, PublicKeyToken=7cec85d7bea7798e]]'.
2024-11-30 13:59:15.495 +01:00 [INF] Executed action Aplzz.Controllers.PostAPIController.LikePost (api) in 74.8823ms
2024-11-30 13:59:15.495 +01:00 [INF] Executed endpoint 'Aplzz.Controllers.PostAPIController.LikePost (api)'
2024-11-30 13:59:15.495 +01:00 [INF] Request finished HTTP/1.1 POST http://localhost:5214/api/postapi/likepost - 200 43 application/json; charset=utf-8 82.6028ms
2024-11-30 13:59:15.902 +01:00 [INF] Request starting HTTP/1.1 POST http://localhost:5214/api/postapi/likepost - application/x-www-form-urlencoded 8
2024-11-30 13:59:15.902 +01:00 [INF] CORS policy execution successful.
2024-11-30 13:59:15.903 +01:00 [INF] Executing endpoint 'Aplzz.Controllers.PostAPIController.LikePost (api)'
2024-11-30 13:59:15.903 +01:00 [INF] Route matched with {action = "LikePost", controller = "PostAPI"}. Executing controller action with signature System.Threading.Tasks.Task`1[Microsoft.AspNetCore.Mvc.IActionResult] LikePost(Int32) on controller Aplzz.Controllers.PostAPIController (api).
2024-11-30 13:59:15.914 +01:00 [INF] Executing OkObjectResult, writing value of type '<>f__AnonymousType2`3[[System.Boolean, System.Private.CoreLib, Version=8.0.0.0, Culture=neutral, PublicKeyToken=7cec85d7bea7798e],[System.Int32, System.Private.CoreLib, Version=8.0.0.0, Culture=neutral, PublicKeyToken=7cec85d7bea7798e],[System.Int32, System.Private.CoreLib, Version=8.0.0.0, Culture=neutral, PublicKeyToken=7cec85d7bea7798e]]'.
2024-11-30 13:59:15.914 +01:00 [INF] Executed action Aplzz.Controllers.PostAPIController.LikePost (api) in 11.1581ms
2024-11-30 13:59:15.914 +01:00 [INF] Executed endpoint 'Aplzz.Controllers.PostAPIController.LikePost (api)'
2024-11-30 13:59:15.914 +01:00 [INF] Request finished HTTP/1.1 POST http://localhost:5214/api/postapi/likepost - 200 42 application/json; charset=utf-8 11.7962ms
2024-11-30 13:59:17.194 +01:00 [INF] Request starting HTTP/1.1 GET http://localhost:5214/api/postapi/posts - null null
2024-11-30 13:59:17.194 +01:00 [INF] CORS policy execution successful.
2024-11-30 13:59:17.194 +01:00 [INF] Executing endpoint 'Aplzz.Controllers.PostAPIController.GetPosts (api)'
2024-11-30 13:59:17.194 +01:00 [INF] Route matched with {action = "GetPosts", controller = "PostAPI"}. Executing controller action with signature System.Threading.Tasks.Task`1[Microsoft.AspNetCore.Mvc.IActionResult] GetPosts() on controller Aplzz.Controllers.PostAPIController (api).
2024-11-30 13:59:17.201 +01:00 [INF] Executing OkObjectResult, writing value of type 'System.Collections.Generic.List`1[[Aplzz.Models.Post, api, Version=1.0.0.0, Culture=neutral, PublicKeyToken=null]]'.
2024-11-30 13:59:17.206 +01:00 [INF] Executed action Aplzz.Controllers.PostAPIController.GetPosts (api) in 12.0178ms
2024-11-30 13:59:17.206 +01:00 [INF] Executed endpoint 'Aplzz.Controllers.PostAPIController.GetPosts (api)'
2024-11-30 13:59:17.206 +01:00 [INF] Request finished HTTP/1.1 GET http://localhost:5214/api/postapi/posts - 200 8796 application/json; charset=utf-8 12.7688ms
2024-11-30 13:59:17.207 +01:00 [INF] Request starting HTTP/1.1 GET http://localhost:5214/api/postapi/posts - null null
2024-11-30 13:59:17.207 +01:00 [INF] CORS policy execution successful.
2024-11-30 13:59:17.207 +01:00 [INF] Executing endpoint 'Aplzz.Controllers.PostAPIController.GetPosts (api)'
2024-11-30 13:59:17.207 +01:00 [INF] Route matched with {action = "GetPosts", controller = "PostAPI"}. Executing controller action with signature System.Threading.Tasks.Task`1[Microsoft.AspNetCore.Mvc.IActionResult] GetPosts() on controller Aplzz.Controllers.PostAPIController (api).
2024-11-30 13:59:17.213 +01:00 [INF] Executing OkObjectResult, writing value of type 'System.Collections.Generic.List`1[[Aplzz.Models.Post, api, Version=1.0.0.0, Culture=neutral, PublicKeyToken=null]]'.
2024-11-30 13:59:17.217 +01:00 [INF] Executed action Aplzz.Controllers.PostAPIController.GetPosts (api) in 10.1116ms
2024-11-30 13:59:17.217 +01:00 [INF] Executed endpoint 'Aplzz.Controllers.PostAPIController.GetPosts (api)'
2024-11-30 13:59:17.217 +01:00 [INF] Request finished HTTP/1.1 GET http://localhost:5214/api/postapi/posts - 200 8796 application/json; charset=utf-8 10.6031ms
2024-11-30 13:59:19.067 +01:00 [INF] Request starting HTTP/1.1 POST http://localhost:5214/api/postapi/likepost - application/x-www-form-urlencoded 8
2024-11-30 13:59:19.067 +01:00 [INF] CORS policy execution successful.
2024-11-30 13:59:19.067 +01:00 [INF] Executing endpoint 'Aplzz.Controllers.PostAPIController.LikePost (api)'
2024-11-30 13:59:19.067 +01:00 [INF] Route matched with {action = "LikePost", controller = "PostAPI"}. Executing controller action with signature System.Threading.Tasks.Task`1[Microsoft.AspNetCore.Mvc.IActionResult] LikePost(Int32) on controller Aplzz.Controllers.PostAPIController (api).
2024-11-30 13:59:19.079 +01:00 [INF] Executing OkObjectResult, writing value of type '<>f__AnonymousType2`3[[System.Boolean, System.Private.CoreLib, Version=8.0.0.0, Culture=neutral, PublicKeyToken=7cec85d7bea7798e],[System.Int32, System.Private.CoreLib, Version=8.0.0.0, Culture=neutral, PublicKeyToken=7cec85d7bea7798e],[System.Int32, System.Private.CoreLib, Version=8.0.0.0, Culture=neutral, PublicKeyToken=7cec85d7bea7798e]]'.
2024-11-30 13:59:19.079 +01:00 [INF] Executed action Aplzz.Controllers.PostAPIController.LikePost (api) in 11.6385ms
2024-11-30 13:59:19.079 +01:00 [INF] Executed endpoint 'Aplzz.Controllers.PostAPIController.LikePost (api)'
2024-11-30 13:59:19.079 +01:00 [INF] Request finished HTTP/1.1 POST http://localhost:5214/api/postapi/likepost - 200 43 application/json; charset=utf-8 12.1896ms
2024-11-30 13:59:20.148 +01:00 [INF] Request starting HTTP/1.1 GET http://localhost:5214/api/postapi/posts - null null
2024-11-30 13:59:20.148 +01:00 [INF] CORS policy execution successful.
2024-11-30 13:59:20.148 +01:00 [INF] Executing endpoint 'Aplzz.Controllers.PostAPIController.GetPosts (api)'
2024-11-30 13:59:20.148 +01:00 [INF] Route matched with {action = "GetPosts", controller = "PostAPI"}. Executing controller action with signature System.Threading.Tasks.Task`1[Microsoft.AspNetCore.Mvc.IActionResult] GetPosts() on controller Aplzz.Controllers.PostAPIController (api).
2024-11-30 13:59:20.155 +01:00 [INF] Executing OkObjectResult, writing value of type 'System.Collections.Generic.List`1[[Aplzz.Models.Post, api, Version=1.0.0.0, Culture=neutral, PublicKeyToken=null]]'.
2024-11-30 13:59:20.159 +01:00 [INF] Executed action Aplzz.Controllers.PostAPIController.GetPosts (api) in 10.9002ms
2024-11-30 13:59:20.159 +01:00 [INF] Executed endpoint 'Aplzz.Controllers.PostAPIController.GetPosts (api)'
2024-11-30 13:59:20.159 +01:00 [INF] Request finished HTTP/1.1 GET http://localhost:5214/api/postapi/posts - 200 8515 application/json; charset=utf-8 11.4165ms
2024-11-30 13:59:20.160 +01:00 [INF] Request starting HTTP/1.1 GET http://localhost:5214/api/postapi/posts - null null
2024-11-30 13:59:20.160 +01:00 [INF] CORS policy execution successful.
2024-11-30 13:59:20.160 +01:00 [INF] Executing endpoint 'Aplzz.Controllers.PostAPIController.GetPosts (api)'
2024-11-30 13:59:20.160 +01:00 [INF] Route matched with {action = "GetPosts", controller = "PostAPI"}. Executing controller action with signature System.Threading.Tasks.Task`1[Microsoft.AspNetCore.Mvc.IActionResult] GetPosts() on controller Aplzz.Controllers.PostAPIController (api).
2024-11-30 13:59:20.165 +01:00 [INF] Executing OkObjectResult, writing value of type 'System.Collections.Generic.List`1[[Aplzz.Models.Post, api, Version=1.0.0.0, Culture=neutral, PublicKeyToken=null]]'.
2024-11-30 13:59:20.169 +01:00 [INF] Executed action Aplzz.Controllers.PostAPIController.GetPosts (api) in 8.802ms
2024-11-30 13:59:20.169 +01:00 [INF] Executed endpoint 'Aplzz.Controllers.PostAPIController.GetPosts (api)'
2024-11-30 13:59:20.169 +01:00 [INF] Request finished HTTP/1.1 GET http://localhost:5214/api/postapi/posts - 200 8515 application/json; charset=utf-8 9.2515ms
2024-11-30 13:59:24.683 +01:00 [INF] Request starting HTTP/1.1 POST http://localhost:5214/api/postapi/likepost - application/x-www-form-urlencoded 8
2024-11-30 13:59:24.683 +01:00 [INF] CORS policy execution successful.
2024-11-30 13:59:24.683 +01:00 [INF] Executing endpoint 'Aplzz.Controllers.PostAPIController.LikePost (api)'
2024-11-30 13:59:24.683 +01:00 [INF] Route matched with {action = "LikePost", controller = "PostAPI"}. Executing controller action with signature System.Threading.Tasks.Task`1[Microsoft.AspNetCore.Mvc.IActionResult] LikePost(Int32) on controller Aplzz.Controllers.PostAPIController (api).
2024-11-30 13:59:24.692 +01:00 [INF] Executing OkObjectResult, writing value of type '<>f__AnonymousType2`3[[System.Boolean, System.Private.CoreLib, Version=8.0.0.0, Culture=neutral, PublicKeyToken=7cec85d7bea7798e],[System.Int32, System.Private.CoreLib, Version=8.0.0.0, Culture=neutral, PublicKeyToken=7cec85d7bea7798e],[System.Int32, System.Private.CoreLib, Version=8.0.0.0, Culture=neutral, PublicKeyToken=7cec85d7bea7798e]]'.
2024-11-30 13:59:24.693 +01:00 [INF] Executed action Aplzz.Controllers.PostAPIController.LikePost (api) in 9.0443ms
2024-11-30 13:59:24.693 +01:00 [INF] Executed endpoint 'Aplzz.Controllers.PostAPIController.LikePost (api)'
2024-11-30 13:59:24.693 +01:00 [INF] Request finished HTTP/1.1 POST http://localhost:5214/api/postapi/likepost - 200 42 application/json; charset=utf-8 9.5242ms
2024-11-30 13:59:36.422 +01:00 [INF] Request starting HTTP/1.1 OPTIONS http://localhost:5214/api/loginApi/loginPost - null null
2024-11-30 13:59:36.423 +01:00 [INF] CORS policy execution successful.
2024-11-30 13:59:36.423 +01:00 [INF] Request finished HTTP/1.1 OPTIONS http://localhost:5214/api/loginApi/loginPost - 204 null null 0.9673ms
2024-11-30 13:59:36.424 +01:00 [INF] Request starting HTTP/1.1 POST http://localhost:5214/api/loginApi/loginPost - application/json 37
2024-11-30 13:59:36.424 +01:00 [INF] CORS policy execution successful.
2024-11-30 13:59:36.424 +01:00 [INF] Executing endpoint 'Aplzz.Controllers.LoginAPIController.Index (api)'
2024-11-30 13:59:36.426 +01:00 [INF] Route matched with {action = "Index", controller = "LoginAPI"}. Executing controller action with signature Microsoft.AspNetCore.Mvc.IActionResult Index(Aplzz.Models.LoginModel) on controller Aplzz.Controllers.LoginAPIController (api).
2024-11-30 13:59:36.457 +01:00 [INF] Executing ViewResult, running view Index.
2024-11-30 13:59:36.463 +01:00 [ERR] The view 'Index' was not found. Searched locations: ["/Views/LoginAPI/Index.cshtml","/Views/Shared/Index.cshtml"]
2024-11-30 13:59:36.481 +01:00 [INF] Executed action Aplzz.Controllers.LoginAPIController.Index (api) in 55.1421ms
2024-11-30 13:59:36.481 +01:00 [INF] Executed endpoint 'Aplzz.Controllers.LoginAPIController.Index (api)'
2024-11-30 13:59:36.500 +01:00 [ERR] An unhandled exception has occurred while executing the request.
System.InvalidOperationException: The view 'Index' was not found. The following locations were searched:
/Views/LoginAPI/Index.cshtml
/Views/Shared/Index.cshtml
   at Microsoft.AspNetCore.Mvc.ViewEngines.ViewEngineResult.EnsureSuccessful(IEnumerable`1 originalLocations)
   at Microsoft.AspNetCore.Mvc.ViewFeatures.ViewResultExecutor.ExecuteAsync(ActionContext context, ViewResult result)
   at Microsoft.AspNetCore.Mvc.ViewResult.ExecuteResultAsync(ActionContext context)
   at Microsoft.AspNetCore.Mvc.Infrastructure.ResourceInvoker.<InvokeNextResultFilterAsync>g__Awaited|30_0[TFilter,TFilterAsync](ResourceInvoker invoker, Task lastTask, State next, Scope scope, Object state, Boolean isCompleted)
   at Microsoft.AspNetCore.Mvc.Infrastructure.ResourceInvoker.Rethrow(ResultExecutedContextSealed context)
   at Microsoft.AspNetCore.Mvc.Infrastructure.ResourceInvoker.ResultNext[TFilter,TFilterAsync](State& next, Scope& scope, Object& state, Boolean& isCompleted)
   at Microsoft.AspNetCore.Mvc.Infrastructure.ResourceInvoker.InvokeResultFilters()
--- End of stack trace from previous location ---
   at Microsoft.AspNetCore.Mvc.Infrastructure.ResourceInvoker.<InvokeNextResourceFilter>g__Awaited|25_0(ResourceInvoker invoker, Task lastTask, State next, Scope scope, Object state, Boolean isCompleted)
   at Microsoft.AspNetCore.Mvc.Infrastructure.ResourceInvoker.Rethrow(ResourceExecutedContextSealed context)
   at Microsoft.AspNetCore.Mvc.Infrastructure.ResourceInvoker.Next(State& next, Scope& scope, Object& state, Boolean& isCompleted)
   at Microsoft.AspNetCore.Mvc.Infrastructure.ResourceInvoker.InvokeFilterPipelineAsync()
--- End of stack trace from previous location ---
   at Microsoft.AspNetCore.Mvc.Infrastructure.ResourceInvoker.<InvokeAsync>g__Logged|17_1(ResourceInvoker invoker)
   at Microsoft.AspNetCore.Mvc.Infrastructure.ResourceInvoker.<InvokeAsync>g__Logged|17_1(ResourceInvoker invoker)
   at Microsoft.AspNetCore.Routing.EndpointMiddleware.<Invoke>g__AwaitRequestTask|7_0(Endpoint endpoint, Task requestTask, ILogger logger)
   at Microsoft.AspNetCore.Session.SessionMiddleware.Invoke(HttpContext context)
   at Microsoft.AspNetCore.Session.SessionMiddleware.Invoke(HttpContext context)
   at Microsoft.AspNetCore.Authorization.AuthorizationMiddleware.Invoke(HttpContext context)
   at Microsoft.AspNetCore.Authentication.AuthenticationMiddleware.Invoke(HttpContext context)
   at Swashbuckle.AspNetCore.SwaggerUI.SwaggerUIMiddleware.Invoke(HttpContext httpContext)
   at Swashbuckle.AspNetCore.Swagger.SwaggerMiddleware.Invoke(HttpContext httpContext, ISwaggerProvider swaggerProvider)
   at Microsoft.AspNetCore.Diagnostics.DeveloperExceptionPageMiddlewareImpl.Invoke(HttpContext context)
2024-11-30 13:59:36.503 +01:00 [INF] Request finished HTTP/1.1 POST http://localhost:5214/api/loginApi/loginPost - 500 null text/plain; charset=utf-8 79.2431ms
