2024-11-30 15:39:37.197 +01:00 [INF] User profile is available. Using 'C:\Users\ahmad\AppData\Local\ASP.NET\DataProtection-Keys' as key repository and Windows DPAPI to encrypt keys at rest.
2024-11-30 15:39:37.286 +01:00 [WRN] The ASP.NET Core developer certificate is not trusted. For information about trusting the ASP.NET Core developer certificate, see https://aka.ms/aspnet/https-trust-dev-cert.
2024-11-30 15:39:37.321 +01:00 [INF] Now listening on: https://localhost:7135
2024-11-30 15:39:37.322 +01:00 [INF] Now listening on: http://localhost:5214
2024-11-30 15:39:37.327 +01:00 [INF] Application started. Press Ctrl+C to shut down.
2024-11-30 15:39:37.330 +01:00 [INF] Hosting environment: Development
2024-11-30 15:39:37.331 +01:00 [INF] Content root path: C:\Users\ahmad\OneDrive\Skrivebord\Sub-Application-2---React\api
2024-11-30 15:39:42.093 +01:00 [INF] Request starting HTTP/1.1 GET http://localhost:5214/api/postapi/posts - null null
2024-11-30 15:39:42.123 +01:00 [INF] CORS policy execution successful.
2024-11-30 15:39:42.125 +01:00 [INF] Executing endpoint 'Aplzz.Controllers.PostAPIController.GetPosts (api)'
2024-11-30 15:39:42.137 +01:00 [INF] Route matched with {action = "GetPosts", controller = "PostAPI"}. Executing controller action with signature System.Threading.Tasks.Task`1[Microsoft.AspNetCore.Mvc.IActionResult] GetPosts() on controller Aplzz.Controllers.PostAPIController (api).
2024-11-30 15:39:42.441 +01:00 [WRN] Compiling a query which loads related collections for more than one collection navigation, either via 'Include' or through projection, but no 'QuerySplittingBehavior' has been configured. By default, Entity Framework will use 'QuerySplittingBehavior.SingleQuery', which can potentially result in slow query performance. See https://go.microsoft.com/fwlink/?linkid=2134277 for more information. To identify the query that's triggering this warning call 'ConfigureWarnings(w => w.Throw(RelationalEventId.MultipleCollectionIncludeWarning))'.
2024-11-30 15:39:42.496 +01:00 [INF] Executing OkObjectResult, writing value of type 'System.Collections.Generic.List`1[[Aplzz.Models.Post, api, Version=1.0.0.0, Culture=neutral, PublicKeyToken=null]]'.
2024-11-30 15:39:42.591 +01:00 [INF] Executed action Aplzz.Controllers.PostAPIController.GetPosts (api) in 451.0877ms
2024-11-30 15:39:42.591 +01:00 [INF] Executed endpoint 'Aplzz.Controllers.PostAPIController.GetPosts (api)'
2024-11-30 15:39:42.595 +01:00 [INF] Request finished HTTP/1.1 GET http://localhost:5214/api/postapi/posts - 200 8807 application/json; charset=utf-8 502.937ms
2024-11-30 15:39:42.596 +01:00 [INF] Request starting HTTP/1.1 GET http://localhost:5214/api/postapi/posts - null null
2024-11-30 15:39:42.598 +01:00 [INF] CORS policy execution successful.
2024-11-30 15:39:42.598 +01:00 [INF] Executing endpoint 'Aplzz.Controllers.PostAPIController.GetPosts (api)'
2024-11-30 15:39:42.599 +01:00 [INF] Route matched with {action = "GetPosts", controller = "PostAPI"}. Executing controller action with signature System.Threading.Tasks.Task`1[Microsoft.AspNetCore.Mvc.IActionResult] GetPosts() on controller Aplzz.Controllers.PostAPIController (api).
2024-11-30 15:39:42.643 +01:00 [INF] Executing OkObjectResult, writing value of type 'System.Collections.Generic.List`1[[Aplzz.Models.Post, api, Version=1.0.0.0, Culture=neutral, PublicKeyToken=null]]'.
2024-11-30 15:39:42.649 +01:00 [INF] Executed action Aplzz.Controllers.PostAPIController.GetPosts (api) in 49.8562ms
2024-11-30 15:39:42.649 +01:00 [INF] Executed endpoint 'Aplzz.Controllers.PostAPIController.GetPosts (api)'
2024-11-30 15:39:42.649 +01:00 [INF] Request finished HTTP/1.1 GET http://localhost:5214/api/postapi/posts - 200 8807 application/json; charset=utf-8 52.9973ms
2024-11-30 15:39:53.994 +01:00 [INF] Request starting HTTP/1.1 OPTIONS http://localhost:5214/api/loginApi/loginPost - null null
2024-11-30 15:39:53.995 +01:00 [INF] CORS policy execution successful.
2024-11-30 15:39:53.996 +01:00 [INF] Request finished HTTP/1.1 OPTIONS http://localhost:5214/api/loginApi/loginPost - 204 null null 2.1242ms
2024-11-30 15:39:53.997 +01:00 [INF] Request starting HTTP/1.1 POST http://localhost:5214/api/loginApi/loginPost - application/json 46
2024-11-30 15:39:53.997 +01:00 [INF] CORS policy execution successful.
2024-11-30 15:39:53.998 +01:00 [INF] Executing endpoint 'Aplzz.Controllers.LoginAPIController.Index (api)'
2024-11-30 15:39:54.002 +01:00 [INF] Route matched with {action = "Index", controller = "LoginAPI"}. Executing controller action with signature Microsoft.AspNetCore.Mvc.IActionResult Index(Aplzz.Models.LoginModel) on controller Aplzz.Controllers.LoginAPIController (api).
2024-11-30 15:39:54.040 +01:00 [INF] Executing NotFoundObjectResult, writing value of type 'System.String'.
2024-11-30 15:39:54.041 +01:00 [INF] Executed action Aplzz.Controllers.LoginAPIController.Index (api) in 38.7355ms
2024-11-30 15:39:54.041 +01:00 [INF] Executed endpoint 'Aplzz.Controllers.LoginAPIController.Index (api)'
2024-11-30 15:39:54.041 +01:00 [INF] Request finished HTTP/1.1 POST http://localhost:5214/api/loginApi/loginPost - 404 null text/plain; charset=utf-8 44.5936ms
2024-11-30 15:39:54.693 +01:00 [INF] Request starting HTTP/1.1 POST http://localhost:5214/api/loginApi/loginPost - application/json 46
2024-11-30 15:39:54.694 +01:00 [INF] CORS policy execution successful.
2024-11-30 15:39:54.694 +01:00 [INF] Executing endpoint 'Aplzz.Controllers.LoginAPIController.Index (api)'
2024-11-30 15:39:54.694 +01:00 [INF] Route matched with {action = "Index", controller = "LoginAPI"}. Executing controller action with signature Microsoft.AspNetCore.Mvc.IActionResult Index(Aplzz.Models.LoginModel) on controller Aplzz.Controllers.LoginAPIController (api).
2024-11-30 15:39:54.699 +01:00 [INF] Executing NotFoundObjectResult, writing value of type 'System.String'.
2024-11-30 15:39:54.699 +01:00 [INF] Executed action Aplzz.Controllers.LoginAPIController.Index (api) in 5.4731ms
2024-11-30 15:39:54.699 +01:00 [INF] Executed endpoint 'Aplzz.Controllers.LoginAPIController.Index (api)'
2024-11-30 15:39:54.699 +01:00 [INF] Request finished HTTP/1.1 POST http://localhost:5214/api/loginApi/loginPost - 404 null text/plain; charset=utf-8 6.0781ms
2024-11-30 15:39:54.857 +01:00 [INF] Request starting HTTP/1.1 POST http://localhost:5214/api/loginApi/loginPost - application/json 46
2024-11-30 15:39:54.857 +01:00 [INF] CORS policy execution successful.
2024-11-30 15:39:54.858 +01:00 [INF] Executing endpoint 'Aplzz.Controllers.LoginAPIController.Index (api)'
2024-11-30 15:39:54.858 +01:00 [INF] Route matched with {action = "Index", controller = "LoginAPI"}. Executing controller action with signature Microsoft.AspNetCore.Mvc.IActionResult Index(Aplzz.Models.LoginModel) on controller Aplzz.Controllers.LoginAPIController (api).
2024-11-30 15:39:54.862 +01:00 [INF] Executing NotFoundObjectResult, writing value of type 'System.String'.
2024-11-30 15:39:54.862 +01:00 [INF] Executed action Aplzz.Controllers.LoginAPIController.Index (api) in 4.6015ms
2024-11-30 15:39:54.862 +01:00 [INF] Executed endpoint 'Aplzz.Controllers.LoginAPIController.Index (api)'
2024-11-30 15:39:54.863 +01:00 [INF] Request finished HTTP/1.1 POST http://localhost:5214/api/loginApi/loginPost - 404 null text/plain; charset=utf-8 5.2221ms
2024-11-30 15:39:55.011 +01:00 [INF] Request starting HTTP/1.1 POST http://localhost:5214/api/loginApi/loginPost - application/json 46
2024-11-30 15:39:55.011 +01:00 [INF] CORS policy execution successful.
2024-11-30 15:39:55.012 +01:00 [INF] Executing endpoint 'Aplzz.Controllers.LoginAPIController.Index (api)'
2024-11-30 15:39:55.012 +01:00 [INF] Route matched with {action = "Index", controller = "LoginAPI"}. Executing controller action with signature Microsoft.AspNetCore.Mvc.IActionResult Index(Aplzz.Models.LoginModel) on controller Aplzz.Controllers.LoginAPIController (api).
2024-11-30 15:39:55.016 +01:00 [INF] Executing NotFoundObjectResult, writing value of type 'System.String'.
2024-11-30 15:39:55.016 +01:00 [INF] Executed action Aplzz.Controllers.LoginAPIController.Index (api) in 4.3871ms
2024-11-30 15:39:55.016 +01:00 [INF] Executed endpoint 'Aplzz.Controllers.LoginAPIController.Index (api)'
2024-11-30 15:39:55.016 +01:00 [INF] Request finished HTTP/1.1 POST http://localhost:5214/api/loginApi/loginPost - 404 null text/plain; charset=utf-8 5.0447ms
2024-11-30 15:39:55.177 +01:00 [INF] Request starting HTTP/1.1 POST http://localhost:5214/api/loginApi/loginPost - application/json 46
2024-11-30 15:39:55.177 +01:00 [INF] CORS policy execution successful.
2024-11-30 15:39:55.177 +01:00 [INF] Executing endpoint 'Aplzz.Controllers.LoginAPIController.Index (api)'
2024-11-30 15:39:55.177 +01:00 [INF] Route matched with {action = "Index", controller = "LoginAPI"}. Executing controller action with signature Microsoft.AspNetCore.Mvc.IActionResult Index(Aplzz.Models.LoginModel) on controller Aplzz.Controllers.LoginAPIController (api).
2024-11-30 15:39:55.181 +01:00 [INF] Executing NotFoundObjectResult, writing value of type 'System.String'.
2024-11-30 15:39:55.182 +01:00 [INF] Executed action Aplzz.Controllers.LoginAPIController.Index (api) in 4.3499ms
2024-11-30 15:39:55.182 +01:00 [INF] Executed endpoint 'Aplzz.Controllers.LoginAPIController.Index (api)'
2024-11-30 15:39:55.182 +01:00 [INF] Request finished HTTP/1.1 POST http://localhost:5214/api/loginApi/loginPost - 404 null text/plain; charset=utf-8 4.8358ms
2024-11-30 15:39:55.324 +01:00 [INF] Request starting HTTP/1.1 POST http://localhost:5214/api/loginApi/loginPost - application/json 46
2024-11-30 15:39:55.324 +01:00 [INF] CORS policy execution successful.
2024-11-30 15:39:55.325 +01:00 [INF] Executing endpoint 'Aplzz.Controllers.LoginAPIController.Index (api)'
2024-11-30 15:39:55.325 +01:00 [INF] Route matched with {action = "Index", controller = "LoginAPI"}. Executing controller action with signature Microsoft.AspNetCore.Mvc.IActionResult Index(Aplzz.Models.LoginModel) on controller Aplzz.Controllers.LoginAPIController (api).
2024-11-30 15:39:55.329 +01:00 [INF] Executing NotFoundObjectResult, writing value of type 'System.String'.
2024-11-30 15:39:55.329 +01:00 [INF] Executed action Aplzz.Controllers.LoginAPIController.Index (api) in 4.6998ms
2024-11-30 15:39:55.329 +01:00 [INF] Executed endpoint 'Aplzz.Controllers.LoginAPIController.Index (api)'
2024-11-30 15:39:55.329 +01:00 [INF] Request finished HTTP/1.1 POST http://localhost:5214/api/loginApi/loginPost - 404 null text/plain; charset=utf-8 5.2097ms
2024-11-30 15:48:40.589 +01:00 [INF] Request starting HTTP/1.1 OPTIONS http://localhost:5214/api/loginApi/loginPost - null null
2024-11-30 15:48:40.590 +01:00 [INF] CORS policy execution successful.
2024-11-30 15:48:40.590 +01:00 [INF] Request finished HTTP/1.1 OPTIONS http://localhost:5214/api/loginApi/loginPost - 204 null null 1.7595ms
2024-11-30 15:48:40.592 +01:00 [INF] Request starting HTTP/1.1 POST http://localhost:5214/api/loginApi/loginPost - application/json 58
2024-11-30 15:48:40.593 +01:00 [INF] CORS policy execution successful.
2024-11-30 15:48:40.593 +01:00 [INF] Executing endpoint 'Aplzz.Controllers.LoginAPIController.Index (api)'
2024-11-30 15:48:40.593 +01:00 [INF] Route matched with {action = "Index", controller = "LoginAPI"}. Executing controller action with signature Microsoft.AspNetCore.Mvc.IActionResult Index(Aplzz.Models.LoginModel) on controller Aplzz.Controllers.LoginAPIController (api).
2024-11-30 15:48:40.609 +01:00 [INF] Executing OkObjectResult, writing value of type 'Castle.Proxies.UserProxy'.
2024-11-30 15:48:40.611 +01:00 [INF] Executed action Aplzz.Controllers.LoginAPIController.Index (api) in 16.9547ms
2024-11-30 15:48:40.611 +01:00 [INF] Executed endpoint 'Aplzz.Controllers.LoginAPIController.Index (api)'
2024-11-30 15:48:40.612 +01:00 [INF] Session started; Key:229eb1d8-2c65-c052-12bb-710e0c55f0a1, Id:581922c9-3c56-2cbf-b02a-49f326cf97da
2024-11-30 15:48:40.613 +01:00 [INF] Request finished HTTP/1.1 POST http://localhost:5214/api/loginApi/loginPost - 200 238 application/json; charset=utf-8 21.0207ms
2024-11-30 15:48:51.528 +01:00 [INF] Request starting HTTP/1.1 OPTIONS http://localhost:5214/api/loginApi/loginPost - null null
2024-11-30 15:48:51.528 +01:00 [INF] CORS policy execution successful.
2024-11-30 15:48:51.528 +01:00 [INF] Request finished HTTP/1.1 OPTIONS http://localhost:5214/api/loginApi/loginPost - 204 null null 0.3206ms
2024-11-30 15:48:51.528 +01:00 [INF] Request starting HTTP/1.1 POST http://localhost:5214/api/loginApi/loginPost - application/json 58
2024-11-30 15:48:51.529 +01:00 [INF] CORS policy execution successful.
2024-11-30 15:48:51.529 +01:00 [INF] Executing endpoint 'Aplzz.Controllers.LoginAPIController.Index (api)'
2024-11-30 15:48:51.529 +01:00 [INF] Route matched with {action = "Index", controller = "LoginAPI"}. Executing controller action with signature Microsoft.AspNetCore.Mvc.IActionResult Index(Aplzz.Models.LoginModel) on controller Aplzz.Controllers.LoginAPIController (api).
2024-11-30 15:48:51.536 +01:00 [INF] Executing OkObjectResult, writing value of type 'Castle.Proxies.UserProxy'.
2024-11-30 15:48:51.536 +01:00 [INF] Executed action Aplzz.Controllers.LoginAPIController.Index (api) in 7.3054ms
2024-11-30 15:48:51.536 +01:00 [INF] Executed endpoint 'Aplzz.Controllers.LoginAPIController.Index (api)'
2024-11-30 15:48:51.536 +01:00 [INF] Session started; Key:98683d3f-9615-3aa7-2d98-132c0cb53360, Id:4d44fe77-a62d-b23b-5a77-9ea01295ce38
2024-11-30 15:48:51.536 +01:00 [INF] Request finished HTTP/1.1 POST http://localhost:5214/api/loginApi/loginPost - 200 238 application/json; charset=utf-8 7.7965ms
2024-11-30 15:48:52.004 +01:00 [INF] Request starting HTTP/1.1 POST http://localhost:5214/api/loginApi/loginPost - application/json 58
2024-11-30 15:48:52.004 +01:00 [INF] CORS policy execution successful.
2024-11-30 15:48:52.004 +01:00 [INF] Executing endpoint 'Aplzz.Controllers.LoginAPIController.Index (api)'
2024-11-30 15:48:52.004 +01:00 [INF] Route matched with {action = "Index", controller = "LoginAPI"}. Executing controller action with signature Microsoft.AspNetCore.Mvc.IActionResult Index(Aplzz.Models.LoginModel) on controller Aplzz.Controllers.LoginAPIController (api).
2024-11-30 15:48:52.011 +01:00 [INF] Executing OkObjectResult, writing value of type 'Castle.Proxies.UserProxy'.
2024-11-30 15:48:52.011 +01:00 [INF] Executed action Aplzz.Controllers.LoginAPIController.Index (api) in 6.9058ms
2024-11-30 15:48:52.011 +01:00 [INF] Executed endpoint 'Aplzz.Controllers.LoginAPIController.Index (api)'
2024-11-30 15:48:52.011 +01:00 [INF] Session started; Key:238fbb92-3216-69c0-f120-3b2594981caa, Id:a1b0aa8c-9440-2a7e-ba6d-99381432d720
2024-11-30 15:48:52.011 +01:00 [INF] Request finished HTTP/1.1 POST http://localhost:5214/api/loginApi/loginPost - 200 238 application/json; charset=utf-8 7.4943ms
2024-11-30 15:48:52.454 +01:00 [INF] Request starting HTTP/1.1 POST http://localhost:5214/api/loginApi/loginPost - application/json 58
2024-11-30 15:48:52.454 +01:00 [INF] CORS policy execution successful.
2024-11-30 15:48:52.454 +01:00 [INF] Executing endpoint 'Aplzz.Controllers.LoginAPIController.Index (api)'
2024-11-30 15:48:52.454 +01:00 [INF] Route matched with {action = "Index", controller = "LoginAPI"}. Executing controller action with signature Microsoft.AspNetCore.Mvc.IActionResult Index(Aplzz.Models.LoginModel) on controller Aplzz.Controllers.LoginAPIController (api).
2024-11-30 15:48:52.461 +01:00 [INF] Executing OkObjectResult, writing value of type 'Castle.Proxies.UserProxy'.
2024-11-30 15:48:52.461 +01:00 [INF] Executed action Aplzz.Controllers.LoginAPIController.Index (api) in 6.8181ms
2024-11-30 15:48:52.461 +01:00 [INF] Executed endpoint 'Aplzz.Controllers.LoginAPIController.Index (api)'
2024-11-30 15:48:52.461 +01:00 [INF] Session started; Key:865d2e45-85d7-01c3-4c33-f874ef92bd50, Id:8f30d4b1-8f22-ad64-974b-743ef2021a63
2024-11-30 15:48:52.462 +01:00 [INF] Request finished HTTP/1.1 POST http://localhost:5214/api/loginApi/loginPost - 200 238 application/json; charset=utf-8 7.2955ms
2024-11-30 15:48:52.697 +01:00 [INF] Request starting HTTP/1.1 POST http://localhost:5214/api/loginApi/loginPost - application/json 58
2024-11-30 15:48:52.697 +01:00 [INF] CORS policy execution successful.
2024-11-30 15:48:52.697 +01:00 [INF] Executing endpoint 'Aplzz.Controllers.LoginAPIController.Index (api)'
2024-11-30 15:48:52.697 +01:00 [INF] Route matched with {action = "Index", controller = "LoginAPI"}. Executing controller action with signature Microsoft.AspNetCore.Mvc.IActionResult Index(Aplzz.Models.LoginModel) on controller Aplzz.Controllers.LoginAPIController (api).
2024-11-30 15:48:52.705 +01:00 [INF] Executing OkObjectResult, writing value of type 'Castle.Proxies.UserProxy'.
2024-11-30 15:48:52.705 +01:00 [INF] Executed action Aplzz.Controllers.LoginAPIController.Index (api) in 7.5466ms
2024-11-30 15:48:52.705 +01:00 [INF] Executed endpoint 'Aplzz.Controllers.LoginAPIController.Index (api)'
2024-11-30 15:48:52.705 +01:00 [INF] Session started; Key:ee8bbe70-c0be-d5df-9451-7edd8e3bba6e, Id:02bd7f08-0add-9e4c-fc06-1670382e0b57
2024-11-30 15:48:52.705 +01:00 [INF] Request finished HTTP/1.1 POST http://localhost:5214/api/loginApi/loginPost - 200 238 application/json; charset=utf-8 8.034ms
2024-11-30 15:48:55.008 +01:00 [INF] Request starting HTTP/1.1 POST http://localhost:5214/api/loginApi/loginPost - application/json 58
2024-11-30 15:48:55.008 +01:00 [INF] CORS policy execution successful.
2024-11-30 15:48:55.008 +01:00 [INF] Executing endpoint 'Aplzz.Controllers.LoginAPIController.Index (api)'
2024-11-30 15:48:55.008 +01:00 [INF] Route matched with {action = "Index", controller = "LoginAPI"}. Executing controller action with signature Microsoft.AspNetCore.Mvc.IActionResult Index(Aplzz.Models.LoginModel) on controller Aplzz.Controllers.LoginAPIController (api).
2024-11-30 15:48:55.014 +01:00 [INF] Executing NotFoundObjectResult, writing value of type 'System.String'.
2024-11-30 15:48:55.014 +01:00 [INF] Executed action Aplzz.Controllers.LoginAPIController.Index (api) in 5.8026ms
2024-11-30 15:48:55.014 +01:00 [INF] Executed endpoint 'Aplzz.Controllers.LoginAPIController.Index (api)'
2024-11-30 15:48:55.014 +01:00 [INF] Request finished HTTP/1.1 POST http://localhost:5214/api/loginApi/loginPost - 404 null text/plain; charset=utf-8 6.2195ms
2024-11-30 15:48:57.677 +01:00 [INF] Request starting HTTP/1.1 OPTIONS http://localhost:5214/api/loginApi/loginPost - null null
2024-11-30 15:48:57.677 +01:00 [INF] CORS policy execution successful.
2024-11-30 15:48:57.677 +01:00 [INF] Request finished HTTP/1.1 OPTIONS http://localhost:5214/api/loginApi/loginPost - 204 null null 0.2782ms
2024-11-30 15:48:57.678 +01:00 [INF] Request starting HTTP/1.1 POST http://localhost:5214/api/loginApi/loginPost - application/json 58
2024-11-30 15:48:57.678 +01:00 [INF] CORS policy execution successful.
2024-11-30 15:48:57.678 +01:00 [INF] Executing endpoint 'Aplzz.Controllers.LoginAPIController.Index (api)'
2024-11-30 15:48:57.679 +01:00 [INF] Route matched with {action = "Index", controller = "LoginAPI"}. Executing controller action with signature Microsoft.AspNetCore.Mvc.IActionResult Index(Aplzz.Models.LoginModel) on controller Aplzz.Controllers.LoginAPIController (api).
2024-11-30 15:48:57.686 +01:00 [INF] Executing NotFoundObjectResult, writing value of type 'System.String'.
2024-11-30 15:48:57.686 +01:00 [INF] Executed action Aplzz.Controllers.LoginAPIController.Index (api) in 6.7987ms
2024-11-30 15:48:57.686 +01:00 [INF] Executed endpoint 'Aplzz.Controllers.LoginAPIController.Index (api)'
2024-11-30 15:48:57.687 +01:00 [INF] Request finished HTTP/1.1 POST http://localhost:5214/api/loginApi/loginPost - 404 null text/plain; charset=utf-8 8.5489ms
2024-11-30 15:48:58.235 +01:00 [INF] Request starting HTTP/1.1 POST http://localhost:5214/api/loginApi/loginPost - application/json 58
2024-11-30 15:48:58.236 +01:00 [INF] CORS policy execution successful.
2024-11-30 15:48:58.236 +01:00 [INF] Executing endpoint 'Aplzz.Controllers.LoginAPIController.Index (api)'
2024-11-30 15:48:58.236 +01:00 [INF] Route matched with {action = "Index", controller = "LoginAPI"}. Executing controller action with signature Microsoft.AspNetCore.Mvc.IActionResult Index(Aplzz.Models.LoginModel) on controller Aplzz.Controllers.LoginAPIController (api).
2024-11-30 15:48:58.241 +01:00 [INF] Executing NotFoundObjectResult, writing value of type 'System.String'.
2024-11-30 15:48:58.241 +01:00 [INF] Executed action Aplzz.Controllers.LoginAPIController.Index (api) in 4.9601ms
2024-11-30 15:48:58.241 +01:00 [INF] Executed endpoint 'Aplzz.Controllers.LoginAPIController.Index (api)'
2024-11-30 15:48:58.241 +01:00 [INF] Request finished HTTP/1.1 POST http://localhost:5214/api/loginApi/loginPost - 404 null text/plain; charset=utf-8 5.9883ms
2024-11-30 15:48:58.548 +01:00 [INF] Request starting HTTP/1.1 POST http://localhost:5214/api/loginApi/loginPost - application/json 58
2024-11-30 15:48:58.548 +01:00 [INF] CORS policy execution successful.
2024-11-30 15:48:58.548 +01:00 [INF] Executing endpoint 'Aplzz.Controllers.LoginAPIController.Index (api)'
2024-11-30 15:48:58.548 +01:00 [INF] Route matched with {action = "Index", controller = "LoginAPI"}. Executing controller action with signature Microsoft.AspNetCore.Mvc.IActionResult Index(Aplzz.Models.LoginModel) on controller Aplzz.Controllers.LoginAPIController (api).
2024-11-30 15:48:58.553 +01:00 [INF] Executing NotFoundObjectResult, writing value of type 'System.String'.
2024-11-30 15:48:58.553 +01:00 [INF] Executed action Aplzz.Controllers.LoginAPIController.Index (api) in 4.8129ms
2024-11-30 15:48:58.553 +01:00 [INF] Executed endpoint 'Aplzz.Controllers.LoginAPIController.Index (api)'
2024-11-30 15:48:58.553 +01:00 [INF] Request finished HTTP/1.1 POST http://localhost:5214/api/loginApi/loginPost - 404 null text/plain; charset=utf-8 5.2195ms
2024-11-30 15:49:07.174 +01:00 [INF] Request starting HTTP/1.1 GET http://localhost:5214/api/postapi/posts - null null
2024-11-30 15:49:07.174 +01:00 [INF] CORS policy execution successful.
2024-11-30 15:49:07.174 +01:00 [INF] Executing endpoint 'Aplzz.Controllers.PostAPIController.GetPosts (api)'
2024-11-30 15:49:07.175 +01:00 [INF] Route matched with {action = "GetPosts", controller = "PostAPI"}. Executing controller action with signature System.Threading.Tasks.Task`1[Microsoft.AspNetCore.Mvc.IActionResult] GetPosts() on controller Aplzz.Controllers.PostAPIController (api).
2024-11-30 15:49:07.182 +01:00 [INF] Executing OkObjectResult, writing value of type 'System.Collections.Generic.List`1[[Aplzz.Models.Post, api, Version=1.0.0.0, Culture=neutral, PublicKeyToken=null]]'.
2024-11-30 15:49:07.188 +01:00 [INF] Executed action Aplzz.Controllers.PostAPIController.GetPosts (api) in 13.2527ms
2024-11-30 15:49:07.188 +01:00 [INF] Executed endpoint 'Aplzz.Controllers.PostAPIController.GetPosts (api)'
2024-11-30 15:49:07.188 +01:00 [INF] Request finished HTTP/1.1 GET http://localhost:5214/api/postapi/posts - 200 8807 application/json; charset=utf-8 14.2208ms
2024-11-30 15:49:07.189 +01:00 [INF] Request starting HTTP/1.1 GET http://localhost:5214/api/postapi/posts - null null
2024-11-30 15:49:07.190 +01:00 [INF] CORS policy execution successful.
2024-11-30 15:49:07.190 +01:00 [INF] Executing endpoint 'Aplzz.Controllers.PostAPIController.GetPosts (api)'
2024-11-30 15:49:07.190 +01:00 [INF] Route matched with {action = "GetPosts", controller = "PostAPI"}. Executing controller action with signature System.Threading.Tasks.Task`1[Microsoft.AspNetCore.Mvc.IActionResult] GetPosts() on controller Aplzz.Controllers.PostAPIController (api).
2024-11-30 15:49:07.196 +01:00 [INF] Executing OkObjectResult, writing value of type 'System.Collections.Generic.List`1[[Aplzz.Models.Post, api, Version=1.0.0.0, Culture=neutral, PublicKeyToken=null]]'.
2024-11-30 15:49:07.203 +01:00 [INF] Executed action Aplzz.Controllers.PostAPIController.GetPosts (api) in 12.9533ms
2024-11-30 15:49:07.203 +01:00 [INF] Executed endpoint 'Aplzz.Controllers.PostAPIController.GetPosts (api)'
2024-11-30 15:49:07.203 +01:00 [INF] Request finished HTTP/1.1 GET http://localhost:5214/api/postapi/posts - 200 8807 application/json; charset=utf-8 13.5605ms
2024-11-30 15:49:13.797 +01:00 [INF] Request starting HTTP/1.1 OPTIONS http://localhost:5214/api/loginApi/loginPost - null null
2024-11-30 15:49:13.797 +01:00 [INF] CORS policy execution successful.
2024-11-30 15:49:13.797 +01:00 [INF] Request finished HTTP/1.1 OPTIONS http://localhost:5214/api/loginApi/loginPost - 204 null null 0.508ms
2024-11-30 15:49:13.798 +01:00 [INF] Request starting HTTP/1.1 POST http://localhost:5214/api/loginApi/loginPost - application/json 38
2024-11-30 15:49:13.798 +01:00 [INF] CORS policy execution successful.
2024-11-30 15:49:13.798 +01:00 [INF] Executing endpoint 'Aplzz.Controllers.LoginAPIController.Index (api)'
2024-11-30 15:49:13.798 +01:00 [INF] Route matched with {action = "Index", controller = "LoginAPI"}. Executing controller action with signature Microsoft.AspNetCore.Mvc.IActionResult Index(Aplzz.Models.LoginModel) on controller Aplzz.Controllers.LoginAPIController (api).
2024-11-30 15:49:13.802 +01:00 [INF] Executing NotFoundObjectResult, writing value of type 'System.String'.
2024-11-30 15:49:13.802 +01:00 [INF] Executed action Aplzz.Controllers.LoginAPIController.Index (api) in 4.1194ms
2024-11-30 15:49:13.802 +01:00 [INF] Executed endpoint 'Aplzz.Controllers.LoginAPIController.Index (api)'
2024-11-30 15:49:13.802 +01:00 [INF] Request finished HTTP/1.1 POST http://localhost:5214/api/loginApi/loginPost - 404 null text/plain; charset=utf-8 4.517ms
2024-11-30 15:49:27.728 +01:00 [INF] Request starting HTTP/1.1 OPTIONS http://localhost:5214/api/loginApi/loginPost - null null
2024-11-30 15:49:27.728 +01:00 [INF] CORS policy execution successful.
2024-11-30 15:49:27.728 +01:00 [INF] Request finished HTTP/1.1 OPTIONS http://localhost:5214/api/loginApi/loginPost - 204 null null 0.3564ms
2024-11-30 15:49:27.729 +01:00 [INF] Request starting HTTP/1.1 POST http://localhost:5214/api/loginApi/loginPost - application/json 38
2024-11-30 15:49:27.729 +01:00 [INF] CORS policy execution successful.
2024-11-30 15:49:27.729 +01:00 [INF] Executing endpoint 'Aplzz.Controllers.LoginAPIController.Index (api)'
2024-11-30 15:49:27.729 +01:00 [INF] Route matched with {action = "Index", controller = "LoginAPI"}. Executing controller action with signature Microsoft.AspNetCore.Mvc.IActionResult Index(Aplzz.Models.LoginModel) on controller Aplzz.Controllers.LoginAPIController (api).
2024-11-30 15:49:27.732 +01:00 [INF] Executing NotFoundObjectResult, writing value of type 'System.String'.
2024-11-30 15:49:27.732 +01:00 [INF] Executed action Aplzz.Controllers.LoginAPIController.Index (api) in 3.402ms
2024-11-30 15:49:27.732 +01:00 [INF] Executed endpoint 'Aplzz.Controllers.LoginAPIController.Index (api)'
2024-11-30 15:49:27.732 +01:00 [INF] Request finished HTTP/1.1 POST http://localhost:5214/api/loginApi/loginPost - 404 null text/plain; charset=utf-8 3.7348ms
2024-11-30 15:49:34.359 +01:00 [INF] Request starting HTTP/1.1 OPTIONS http://localhost:5214/api/loginApi/loginPost - null null
2024-11-30 15:49:34.359 +01:00 [INF] CORS policy execution successful.
2024-11-30 15:49:34.359 +01:00 [INF] Request finished HTTP/1.1 OPTIONS http://localhost:5214/api/loginApi/loginPost - 204 null null 0.3254ms
2024-11-30 15:49:34.360 +01:00 [INF] Request starting HTTP/1.1 POST http://localhost:5214/api/loginApi/loginPost - application/json 36
2024-11-30 15:49:34.360 +01:00 [INF] CORS policy execution successful.
2024-11-30 15:49:34.360 +01:00 [INF] Executing endpoint 'Aplzz.Controllers.LoginAPIController.Index (api)'
2024-11-30 15:49:34.360 +01:00 [INF] Route matched with {action = "Index", controller = "LoginAPI"}. Executing controller action with signature Microsoft.AspNetCore.Mvc.IActionResult Index(Aplzz.Models.LoginModel) on controller Aplzz.Controllers.LoginAPIController (api).
2024-11-30 15:49:34.364 +01:00 [INF] Executing NotFoundObjectResult, writing value of type 'System.String'.
2024-11-30 15:49:34.364 +01:00 [INF] Executed action Aplzz.Controllers.LoginAPIController.Index (api) in 3.9026ms
2024-11-30 15:49:34.364 +01:00 [INF] Executed endpoint 'Aplzz.Controllers.LoginAPIController.Index (api)'
2024-11-30 15:49:34.364 +01:00 [INF] Request finished HTTP/1.1 POST http://localhost:5214/api/loginApi/loginPost - 404 null text/plain; charset=utf-8 4.4081ms
2024-11-30 15:54:32.570 +01:00 [INF] Request starting HTTP/1.1 GET http://localhost:5214/api/postapi/posts - null null
2024-11-30 15:54:32.574 +01:00 [INF] CORS policy execution successful.
2024-11-30 15:54:32.574 +01:00 [INF] Executing endpoint 'Aplzz.Controllers.PostAPIController.GetPosts (api)'
2024-11-30 15:54:32.574 +01:00 [INF] Route matched with {action = "GetPosts", controller = "PostAPI"}. Executing controller action with signature System.Threading.Tasks.Task`1[Microsoft.AspNetCore.Mvc.IActionResult] GetPosts() on controller Aplzz.Controllers.PostAPIController (api).
2024-11-30 15:54:32.581 +01:00 [INF] Executing OkObjectResult, writing value of type 'System.Collections.Generic.List`1[[Aplzz.Models.Post, api, Version=1.0.0.0, Culture=neutral, PublicKeyToken=null]]'.
2024-11-30 15:54:32.586 +01:00 [INF] Executed action Aplzz.Controllers.PostAPIController.GetPosts (api) in 11.7112ms
2024-11-30 15:54:32.586 +01:00 [INF] Executed endpoint 'Aplzz.Controllers.PostAPIController.GetPosts (api)'
2024-11-30 15:54:32.586 +01:00 [INF] Request finished HTTP/1.1 GET http://localhost:5214/api/postapi/posts - 200 8807 application/json; charset=utf-8 16.0843ms
2024-11-30 15:54:32.590 +01:00 [INF] Request starting HTTP/1.1 GET http://localhost:5214/api/postapi/posts - null null
2024-11-30 15:54:32.590 +01:00 [INF] CORS policy execution successful.
2024-11-30 15:54:32.590 +01:00 [INF] Executing endpoint 'Aplzz.Controllers.PostAPIController.GetPosts (api)'
2024-11-30 15:54:32.590 +01:00 [INF] Route matched with {action = "GetPosts", controller = "PostAPI"}. Executing controller action with signature System.Threading.Tasks.Task`1[Microsoft.AspNetCore.Mvc.IActionResult] GetPosts() on controller Aplzz.Controllers.PostAPIController (api).
2024-11-30 15:54:32.596 +01:00 [INF] Executing OkObjectResult, writing value of type 'System.Collections.Generic.List`1[[Aplzz.Models.Post, api, Version=1.0.0.0, Culture=neutral, PublicKeyToken=null]]'.
2024-11-30 15:54:32.600 +01:00 [INF] Executed action Aplzz.Controllers.PostAPIController.GetPosts (api) in 9.6567ms
2024-11-30 15:54:32.600 +01:00 [INF] Executed endpoint 'Aplzz.Controllers.PostAPIController.GetPosts (api)'
2024-11-30 15:54:32.600 +01:00 [INF] Request finished HTTP/1.1 GET http://localhost:5214/api/postapi/posts - 200 8807 application/json; charset=utf-8 10.1432ms
2024-11-30 15:54:46.311 +01:00 [INF] Request starting HTTP/1.1 OPTIONS http://localhost:5214/api/loginApi/loginPost - null null
2024-11-30 15:54:46.311 +01:00 [INF] CORS policy execution successful.
2024-11-30 15:54:46.311 +01:00 [INF] Request finished HTTP/1.1 OPTIONS http://localhost:5214/api/loginApi/loginPost - 204 null null 0.2884ms
2024-11-30 15:54:46.312 +01:00 [INF] Request starting HTTP/1.1 POST http://localhost:5214/api/loginApi/loginPost - application/json 45
2024-11-30 15:54:46.312 +01:00 [INF] CORS policy execution successful.
2024-11-30 15:54:46.312 +01:00 [INF] Executing endpoint 'Aplzz.Controllers.LoginAPIController.Index (api)'
2024-11-30 15:54:46.312 +01:00 [INF] Route matched with {action = "Index", controller = "LoginAPI"}. Executing controller action with signature Microsoft.AspNetCore.Mvc.IActionResult Index(Aplzz.Models.LoginModel) on controller Aplzz.Controllers.LoginAPIController (api).
2024-11-30 15:54:46.315 +01:00 [INF] Executing NotFoundObjectResult, writing value of type 'System.String'.
2024-11-30 15:54:46.315 +01:00 [INF] Executed action Aplzz.Controllers.LoginAPIController.Index (api) in 3.4004ms
2024-11-30 15:54:46.315 +01:00 [INF] Executed endpoint 'Aplzz.Controllers.LoginAPIController.Index (api)'
2024-11-30 15:54:46.315 +01:00 [INF] Request finished HTTP/1.1 POST http://localhost:5214/api/loginApi/loginPost - 404 null text/plain; charset=utf-8 3.7167ms
2024-11-30 15:54:51.772 +01:00 [INF] Request starting HTTP/1.1 OPTIONS http://localhost:5214/api/loginApi/loginPost - null null
2024-11-30 15:54:51.773 +01:00 [INF] CORS policy execution successful.
2024-11-30 15:54:51.773 +01:00 [INF] Request finished HTTP/1.1 OPTIONS http://localhost:5214/api/loginApi/loginPost - 204 null null 0.4471ms
2024-11-30 15:54:51.773 +01:00 [INF] Request starting HTTP/1.1 POST http://localhost:5214/api/loginApi/loginPost - application/json 42
2024-11-30 15:54:51.773 +01:00 [INF] CORS policy execution successful.
2024-11-30 15:54:51.773 +01:00 [INF] Executing endpoint 'Aplzz.Controllers.LoginAPIController.Index (api)'
2024-11-30 15:54:51.774 +01:00 [INF] Route matched with {action = "Index", controller = "LoginAPI"}. Executing controller action with signature Microsoft.AspNetCore.Mvc.IActionResult Index(Aplzz.Models.LoginModel) on controller Aplzz.Controllers.LoginAPIController (api).
2024-11-30 15:54:51.777 +01:00 [INF] Executing NotFoundObjectResult, writing value of type 'System.String'.
2024-11-30 15:54:51.777 +01:00 [INF] Executed action Aplzz.Controllers.LoginAPIController.Index (api) in 3.5901ms
2024-11-30 15:54:51.777 +01:00 [INF] Executed endpoint 'Aplzz.Controllers.LoginAPIController.Index (api)'
2024-11-30 15:54:51.777 +01:00 [INF] Request finished HTTP/1.1 POST http://localhost:5214/api/loginApi/loginPost - 404 null text/plain; charset=utf-8 3.8783ms
2024-11-30 15:55:08.913 +01:00 [INF] Request starting HTTP/1.1 GET http://localhost:5214/api/loginApi/loginPost - null null
2024-11-30 15:55:08.913 +01:00 [INF] Executing endpoint '405 HTTP Method Not Supported'
2024-11-30 15:55:08.913 +01:00 [INF] Executed endpoint '405 HTTP Method Not Supported'
2024-11-30 15:55:08.913 +01:00 [INF] Request finished HTTP/1.1 GET http://localhost:5214/api/loginApi/loginPost - 405 0 null 0.3378ms
2024-11-30 15:55:12.717 +01:00 [INF] Request starting HTTP/1.1 GET http://localhost:5214/api/loginApi/loginPost - null null
2024-11-30 15:55:12.718 +01:00 [INF] Executing endpoint '405 HTTP Method Not Supported'
2024-11-30 15:55:12.718 +01:00 [INF] Executed endpoint '405 HTTP Method Not Supported'
2024-11-30 15:55:12.718 +01:00 [INF] Request finished HTTP/1.1 GET http://localhost:5214/api/loginApi/loginPost - 405 0 null 0.2696ms
2024-11-30 15:55:48.382 +01:00 [INF] Request starting HTTP/1.1 OPTIONS http://localhost:5214/api/loginApi/loginPost - null null
2024-11-30 15:55:48.383 +01:00 [INF] CORS policy execution successful.
2024-11-30 15:55:48.385 +01:00 [INF] Request finished HTTP/1.1 OPTIONS http://localhost:5214/api/loginApi/loginPost - 204 null null 2.4195ms
2024-11-30 15:55:48.385 +01:00 [INF] Request starting HTTP/1.1 POST http://localhost:5214/api/loginApi/loginPost - application/json 42
2024-11-30 15:55:48.385 +01:00 [INF] CORS policy execution successful.
2024-11-30 15:55:48.385 +01:00 [INF] Executing endpoint 'Aplzz.Controllers.LoginAPIController.Index (api)'
2024-11-30 15:55:48.386 +01:00 [INF] Route matched with {action = "Index", controller = "LoginAPI"}. Executing controller action with signature Microsoft.AspNetCore.Mvc.IActionResult Index(Aplzz.Models.LoginModel) on controller Aplzz.Controllers.LoginAPIController (api).
2024-11-30 15:55:48.389 +01:00 [INF] Executing NotFoundObjectResult, writing value of type 'System.String'.
2024-11-30 15:55:48.389 +01:00 [INF] Executed action Aplzz.Controllers.LoginAPIController.Index (api) in 3.5242ms
2024-11-30 15:55:48.389 +01:00 [INF] Executed endpoint 'Aplzz.Controllers.LoginAPIController.Index (api)'
2024-11-30 15:55:48.389 +01:00 [INF] Request finished HTTP/1.1 POST http://localhost:5214/api/loginApi/loginPost - 404 null text/plain; charset=utf-8 4.5621ms
2024-11-30 15:55:49.324 +01:00 [INF] Request starting HTTP/1.1 POST http://localhost:5214/api/loginApi/loginPost - application/json 42
2024-11-30 15:55:49.325 +01:00 [INF] CORS policy execution successful.
2024-11-30 15:55:49.325 +01:00 [INF] Executing endpoint 'Aplzz.Controllers.LoginAPIController.Index (api)'
2024-11-30 15:55:49.325 +01:00 [INF] Route matched with {action = "Index", controller = "LoginAPI"}. Executing controller action with signature Microsoft.AspNetCore.Mvc.IActionResult Index(Aplzz.Models.LoginModel) on controller Aplzz.Controllers.LoginAPIController (api).
2024-11-30 15:55:49.329 +01:00 [INF] Executing NotFoundObjectResult, writing value of type 'System.String'.
2024-11-30 15:55:49.329 +01:00 [INF] Executed action Aplzz.Controllers.LoginAPIController.Index (api) in 4.5535ms
2024-11-30 15:55:49.329 +01:00 [INF] Executed endpoint 'Aplzz.Controllers.LoginAPIController.Index (api)'
2024-11-30 15:55:49.330 +01:00 [INF] Request finished HTTP/1.1 POST http://localhost:5214/api/loginApi/loginPost - 404 null text/plain; charset=utf-8 5.1009ms
2024-11-30 15:56:01.983 +01:00 [INF] Request starting HTTP/1.1 GET http://localhost:5214/api/postapi/posts - null null
2024-11-30 15:56:01.983 +01:00 [INF] CORS policy execution successful.
2024-11-30 15:56:01.983 +01:00 [INF] Executing endpoint 'Aplzz.Controllers.PostAPIController.GetPosts (api)'
2024-11-30 15:56:01.983 +01:00 [INF] Route matched with {action = "GetPosts", controller = "PostAPI"}. Executing controller action with signature System.Threading.Tasks.Task`1[Microsoft.AspNetCore.Mvc.IActionResult] GetPosts() on controller Aplzz.Controllers.PostAPIController (api).
2024-11-30 15:56:01.989 +01:00 [INF] Executing OkObjectResult, writing value of type 'System.Collections.Generic.List`1[[Aplzz.Models.Post, api, Version=1.0.0.0, Culture=neutral, PublicKeyToken=null]]'.
2024-11-30 15:56:01.993 +01:00 [INF] Executed action Aplzz.Controllers.PostAPIController.GetPosts (api) in 10.0202ms
2024-11-30 15:56:01.993 +01:00 [INF] Executed endpoint 'Aplzz.Controllers.PostAPIController.GetPosts (api)'
2024-11-30 15:56:01.993 +01:00 [INF] Request finished HTTP/1.1 GET http://localhost:5214/api/postapi/posts - 200 8807 application/json; charset=utf-8 10.6578ms
2024-11-30 15:56:01.994 +01:00 [INF] Request starting HTTP/1.1 GET http://localhost:5214/api/postapi/posts - null null
2024-11-30 15:56:01.995 +01:00 [INF] CORS policy execution successful.
2024-11-30 15:56:01.995 +01:00 [INF] Executing endpoint 'Aplzz.Controllers.PostAPIController.GetPosts (api)'
2024-11-30 15:56:01.995 +01:00 [INF] Route matched with {action = "GetPosts", controller = "PostAPI"}. Executing controller action with signature System.Threading.Tasks.Task`1[Microsoft.AspNetCore.Mvc.IActionResult] GetPosts() on controller Aplzz.Controllers.PostAPIController (api).
2024-11-30 15:56:02.004 +01:00 [INF] Executing OkObjectResult, writing value of type 'System.Collections.Generic.List`1[[Aplzz.Models.Post, api, Version=1.0.0.0, Culture=neutral, PublicKeyToken=null]]'.
2024-11-30 15:56:02.008 +01:00 [INF] Executed action Aplzz.Controllers.PostAPIController.GetPosts (api) in 12.6136ms
2024-11-30 15:56:02.008 +01:00 [INF] Executed endpoint 'Aplzz.Controllers.PostAPIController.GetPosts (api)'
2024-11-30 15:56:02.008 +01:00 [INF] Request finished HTTP/1.1 GET http://localhost:5214/api/postapi/posts - 200 8807 application/json; charset=utf-8 13.9151ms
2024-11-30 15:56:08.830 +01:00 [INF] Request starting HTTP/1.1 OPTIONS http://localhost:5214/api/loginApi/loginPost - null null
2024-11-30 15:56:08.830 +01:00 [INF] CORS policy execution successful.
2024-11-30 15:56:08.830 +01:00 [INF] Request finished HTTP/1.1 OPTIONS http://localhost:5214/api/loginApi/loginPost - 204 null null 0.188ms
2024-11-30 15:56:08.831 +01:00 [INF] Request starting HTTP/1.1 POST http://localhost:5214/api/loginApi/loginPost - application/json 58
2024-11-30 15:56:08.831 +01:00 [INF] CORS policy execution successful.
2024-11-30 15:56:08.831 +01:00 [INF] Executing endpoint 'Aplzz.Controllers.LoginAPIController.Index (api)'
2024-11-30 15:56:08.831 +01:00 [INF] Route matched with {action = "Index", controller = "LoginAPI"}. Executing controller action with signature Microsoft.AspNetCore.Mvc.IActionResult Index(Aplzz.Models.LoginModel) on controller Aplzz.Controllers.LoginAPIController (api).
2024-11-30 15:56:08.837 +01:00 [INF] Executing OkObjectResult, writing value of type 'Castle.Proxies.UserProxy'.
2024-11-30 15:56:08.837 +01:00 [INF] Executed action Aplzz.Controllers.LoginAPIController.Index (api) in 6.2429ms
2024-11-30 15:56:08.837 +01:00 [INF] Executed endpoint 'Aplzz.Controllers.LoginAPIController.Index (api)'
2024-11-30 15:56:08.837 +01:00 [INF] Session started; Key:722f5126-3a16-2703-eeec-02f8494d902e, Id:8c2f33aa-bbdc-ca79-de64-a1c38784cf96
2024-11-30 15:56:08.837 +01:00 [INF] Request finished HTTP/1.1 POST http://localhost:5214/api/loginApi/loginPost - 200 238 application/json; charset=utf-8 6.7551ms
2024-11-30 15:56:23.256 +01:00 [INF] Request starting HTTP/1.1 OPTIONS http://localhost:5214/api/loginApi/loginPost - null null
2024-11-30 15:56:23.257 +01:00 [INF] CORS policy execution successful.
2024-11-30 15:56:23.257 +01:00 [INF] Request finished HTTP/1.1 OPTIONS http://localhost:5214/api/loginApi/loginPost - 204 null null 0.3889ms
2024-11-30 15:56:23.257 +01:00 [INF] Request starting HTTP/1.1 POST http://localhost:5214/api/loginApi/loginPost - application/json 58
2024-11-30 15:56:23.257 +01:00 [INF] CORS policy execution successful.
2024-11-30 15:56:23.257 +01:00 [INF] Executing endpoint 'Aplzz.Controllers.LoginAPIController.Index (api)'
2024-11-30 15:56:23.257 +01:00 [INF] Route matched with {action = "Index", controller = "LoginAPI"}. Executing controller action with signature Microsoft.AspNetCore.Mvc.IActionResult Index(Aplzz.Models.LoginModel) on controller Aplzz.Controllers.LoginAPIController (api).
2024-11-30 15:56:23.264 +01:00 [INF] Executing OkObjectResult, writing value of type 'Castle.Proxies.UserProxy'.
2024-11-30 15:56:23.264 +01:00 [INF] Executed action Aplzz.Controllers.LoginAPIController.Index (api) in 6.7449ms
2024-11-30 15:56:23.264 +01:00 [INF] Executed endpoint 'Aplzz.Controllers.LoginAPIController.Index (api)'
2024-11-30 15:56:23.264 +01:00 [INF] Session started; Key:12f8ae30-ea6d-e1a3-0610-97190ad9cb07, Id:09604dda-d11a-1009-f1fa-52d189d469f3
2024-11-30 15:56:23.264 +01:00 [INF] Request finished HTTP/1.1 POST http://localhost:5214/api/loginApi/loginPost - 200 238 application/json; charset=utf-8 7.0947ms
2024-11-30 15:56:24.213 +01:00 [INF] Request starting HTTP/1.1 POST http://localhost:5214/api/loginApi/loginPost - application/json 58
2024-11-30 15:56:24.213 +01:00 [INF] CORS policy execution successful.
2024-11-30 15:56:24.213 +01:00 [INF] Executing endpoint 'Aplzz.Controllers.LoginAPIController.Index (api)'
2024-11-30 15:56:24.213 +01:00 [INF] Route matched with {action = "Index", controller = "LoginAPI"}. Executing controller action with signature Microsoft.AspNetCore.Mvc.IActionResult Index(Aplzz.Models.LoginModel) on controller Aplzz.Controllers.LoginAPIController (api).
2024-11-30 15:56:24.219 +01:00 [INF] Executing OkObjectResult, writing value of type 'Castle.Proxies.UserProxy'.
2024-11-30 15:56:24.220 +01:00 [INF] Executed action Aplzz.Controllers.LoginAPIController.Index (api) in 6.4745ms
2024-11-30 15:56:24.220 +01:00 [INF] Executed endpoint 'Aplzz.Controllers.LoginAPIController.Index (api)'
2024-11-30 15:56:24.220 +01:00 [INF] Session started; Key:1b37aae5-f61f-01aa-0bd4-f4f52a012e91, Id:849c6b6d-a119-cf7a-6398-b50808631ae0
2024-11-30 15:56:24.220 +01:00 [INF] Request finished HTTP/1.1 POST http://localhost:5214/api/loginApi/loginPost - 200 238 application/json; charset=utf-8 6.9309ms
2024-11-30 16:12:44.484 +01:00 [INF] Request starting HTTP/1.1 GET http://localhost:5214/api/postapi/posts - null null
2024-11-30 16:12:44.486 +01:00 [INF] CORS policy execution successful.
2024-11-30 16:12:44.486 +01:00 [INF] Executing endpoint 'Aplzz.Controllers.PostAPIController.GetPosts (api)'
2024-11-30 16:12:44.486 +01:00 [INF] Route matched with {action = "GetPosts", controller = "PostAPI"}. Executing controller action with signature System.Threading.Tasks.Task`1[Microsoft.AspNetCore.Mvc.IActionResult] GetPosts() on controller Aplzz.Controllers.PostAPIController (api).
2024-11-30 16:12:44.492 +01:00 [INF] Executing OkObjectResult, writing value of type 'System.Collections.Generic.List`1[[Aplzz.Models.Post, api, Version=1.0.0.0, Culture=neutral, PublicKeyToken=null]]'.
2024-11-30 16:12:44.497 +01:00 [INF] Executed action Aplzz.Controllers.PostAPIController.GetPosts (api) in 10.1248ms
2024-11-30 16:12:44.497 +01:00 [INF] Executed endpoint 'Aplzz.Controllers.PostAPIController.GetPosts (api)'
2024-11-30 16:12:44.497 +01:00 [INF] Request finished HTTP/1.1 GET http://localhost:5214/api/postapi/posts - 200 8807 application/json; charset=utf-8 13.5887ms
2024-11-30 16:12:44.498 +01:00 [INF] Request starting HTTP/1.1 GET http://localhost:5214/api/postapi/posts - null null
2024-11-30 16:12:44.499 +01:00 [INF] CORS policy execution successful.
2024-11-30 16:12:44.500 +01:00 [INF] Executing endpoint 'Aplzz.Controllers.PostAPIController.GetPosts (api)'
2024-11-30 16:12:44.501 +01:00 [INF] Route matched with {action = "GetPosts", controller = "PostAPI"}. Executing controller action with signature System.Threading.Tasks.Task`1[Microsoft.AspNetCore.Mvc.IActionResult] GetPosts() on controller Aplzz.Controllers.PostAPIController (api).
2024-11-30 16:12:44.507 +01:00 [INF] Executing OkObjectResult, writing value of type 'System.Collections.Generic.List`1[[Aplzz.Models.Post, api, Version=1.0.0.0, Culture=neutral, PublicKeyToken=null]]'.
2024-11-30 16:12:44.512 +01:00 [INF] Executed action Aplzz.Controllers.PostAPIController.GetPosts (api) in 10.8412ms
2024-11-30 16:12:44.512 +01:00 [INF] Executed endpoint 'Aplzz.Controllers.PostAPIController.GetPosts (api)'
2024-11-30 16:12:44.512 +01:00 [INF] Request finished HTTP/1.1 GET http://localhost:5214/api/postapi/posts - 200 8807 application/json; charset=utf-8 13.5516ms
2024-11-30 16:12:46.865 +01:00 [INF] Request starting HTTP/1.1 GET http://localhost:5214/api/postapi/posts - null null
2024-11-30 16:12:46.865 +01:00 [INF] CORS policy execution successful.
2024-11-30 16:12:46.866 +01:00 [INF] Executing endpoint 'Aplzz.Controllers.PostAPIController.GetPosts (api)'
2024-11-30 16:12:46.866 +01:00 [INF] Route matched with {action = "GetPosts", controller = "PostAPI"}. Executing controller action with signature System.Threading.Tasks.Task`1[Microsoft.AspNetCore.Mvc.IActionResult] GetPosts() on controller Aplzz.Controllers.PostAPIController (api).
2024-11-30 16:12:46.871 +01:00 [INF] Executing OkObjectResult, writing value of type 'System.Collections.Generic.List`1[[Aplzz.Models.Post, api, Version=1.0.0.0, Culture=neutral, PublicKeyToken=null]]'.
2024-11-30 16:12:46.875 +01:00 [INF] Executed action Aplzz.Controllers.PostAPIController.GetPosts (api) in 9.4902ms
2024-11-30 16:12:46.875 +01:00 [INF] Executed endpoint 'Aplzz.Controllers.PostAPIController.GetPosts (api)'
2024-11-30 16:12:46.875 +01:00 [INF] Request finished HTTP/1.1 GET http://localhost:5214/api/postapi/posts - 200 8807 application/json; charset=utf-8 9.9213ms
2024-11-30 16:12:46.876 +01:00 [INF] Request starting HTTP/1.1 GET http://localhost:5214/api/postapi/posts - null null
2024-11-30 16:12:46.876 +01:00 [INF] CORS policy execution successful.
2024-11-30 16:12:46.876 +01:00 [INF] Executing endpoint 'Aplzz.Controllers.PostAPIController.GetPosts (api)'
2024-11-30 16:12:46.876 +01:00 [INF] Route matched with {action = "GetPosts", controller = "PostAPI"}. Executing controller action with signature System.Threading.Tasks.Task`1[Microsoft.AspNetCore.Mvc.IActionResult] GetPosts() on controller Aplzz.Controllers.PostAPIController (api).
2024-11-30 16:12:46.881 +01:00 [INF] Executing OkObjectResult, writing value of type 'System.Collections.Generic.List`1[[Aplzz.Models.Post, api, Version=1.0.0.0, Culture=neutral, PublicKeyToken=null]]'.
2024-11-30 16:12:46.884 +01:00 [INF] Executed action Aplzz.Controllers.PostAPIController.GetPosts (api) in 8.1075ms
2024-11-30 16:12:46.885 +01:00 [INF] Executed endpoint 'Aplzz.Controllers.PostAPIController.GetPosts (api)'
2024-11-30 16:12:46.885 +01:00 [INF] Request finished HTTP/1.1 GET http://localhost:5214/api/postapi/posts - 200 8807 application/json; charset=utf-8 8.7389ms
2024-11-30 16:12:48.476 +01:00 [INF] Request starting HTTP/1.1 GET http://localhost:5214/api/postapi/posts - null null
2024-11-30 16:12:48.477 +01:00 [INF] CORS policy execution successful.
2024-11-30 16:12:48.477 +01:00 [INF] Executing endpoint 'Aplzz.Controllers.PostAPIController.GetPosts (api)'
2024-11-30 16:12:48.477 +01:00 [INF] Route matched with {action = "GetPosts", controller = "PostAPI"}. Executing controller action with signature System.Threading.Tasks.Task`1[Microsoft.AspNetCore.Mvc.IActionResult] GetPosts() on controller Aplzz.Controllers.PostAPIController (api).
2024-11-30 16:12:48.482 +01:00 [INF] Executing OkObjectResult, writing value of type 'System.Collections.Generic.List`1[[Aplzz.Models.Post, api, Version=1.0.0.0, Culture=neutral, PublicKeyToken=null]]'.
2024-11-30 16:12:48.487 +01:00 [INF] Executed action Aplzz.Controllers.PostAPIController.GetPosts (api) in 10.161ms
2024-11-30 16:12:48.487 +01:00 [INF] Executed endpoint 'Aplzz.Controllers.PostAPIController.GetPosts (api)'
2024-11-30 16:12:48.487 +01:00 [INF] Request finished HTTP/1.1 GET http://localhost:5214/api/postapi/posts - 200 8807 application/json; charset=utf-8 10.5966ms
2024-11-30 16:12:48.488 +01:00 [INF] Request starting HTTP/1.1 GET http://localhost:5214/api/postapi/posts - null null
2024-11-30 16:12:48.488 +01:00 [INF] CORS policy execution successful.
2024-11-30 16:12:48.488 +01:00 [INF] Executing endpoint 'Aplzz.Controllers.PostAPIController.GetPosts (api)'
2024-11-30 16:12:48.488 +01:00 [INF] Route matched with {action = "GetPosts", controller = "PostAPI"}. Executing controller action with signature System.Threading.Tasks.Task`1[Microsoft.AspNetCore.Mvc.IActionResult] GetPosts() on controller Aplzz.Controllers.PostAPIController (api).
2024-11-30 16:12:48.492 +01:00 [INF] Executing OkObjectResult, writing value of type 'System.Collections.Generic.List`1[[Aplzz.Models.Post, api, Version=1.0.0.0, Culture=neutral, PublicKeyToken=null]]'.
2024-11-30 16:12:48.495 +01:00 [INF] Executed action Aplzz.Controllers.PostAPIController.GetPosts (api) in 7.5329ms
2024-11-30 16:12:48.496 +01:00 [INF] Executed endpoint 'Aplzz.Controllers.PostAPIController.GetPosts (api)'
2024-11-30 16:12:48.496 +01:00 [INF] Request finished HTTP/1.1 GET http://localhost:5214/api/postapi/posts - 200 8807 application/json; charset=utf-8 7.9692ms
2024-11-30 16:12:48.758 +01:00 [INF] Request starting HTTP/1.1 GET http://localhost:5214/api/postapi/posts - null null
2024-11-30 16:12:48.758 +01:00 [INF] CORS policy execution successful.
2024-11-30 16:12:48.758 +01:00 [INF] Executing endpoint 'Aplzz.Controllers.PostAPIController.GetPosts (api)'
2024-11-30 16:12:48.758 +01:00 [INF] Route matched with {action = "GetPosts", controller = "PostAPI"}. Executing controller action with signature System.Threading.Tasks.Task`1[Microsoft.AspNetCore.Mvc.IActionResult] GetPosts() on controller Aplzz.Controllers.PostAPIController (api).
2024-11-30 16:12:48.763 +01:00 [INF] Executing OkObjectResult, writing value of type 'System.Collections.Generic.List`1[[Aplzz.Models.Post, api, Version=1.0.0.0, Culture=neutral, PublicKeyToken=null]]'.
2024-11-30 16:12:48.767 +01:00 [INF] Executed action Aplzz.Controllers.PostAPIController.GetPosts (api) in 8.9026ms
2024-11-30 16:12:48.767 +01:00 [INF] Executed endpoint 'Aplzz.Controllers.PostAPIController.GetPosts (api)'
2024-11-30 16:12:48.767 +01:00 [INF] Request finished HTTP/1.1 GET http://localhost:5214/api/postapi/posts - 200 8807 application/json; charset=utf-8 9.3229ms
2024-11-30 16:12:48.768 +01:00 [INF] Request starting HTTP/1.1 GET http://localhost:5214/api/postapi/posts - null null
2024-11-30 16:12:48.768 +01:00 [INF] CORS policy execution successful.
2024-11-30 16:12:48.768 +01:00 [INF] Executing endpoint 'Aplzz.Controllers.PostAPIController.GetPosts (api)'
2024-11-30 16:12:48.768 +01:00 [INF] Route matched with {action = "GetPosts", controller = "PostAPI"}. Executing controller action with signature System.Threading.Tasks.Task`1[Microsoft.AspNetCore.Mvc.IActionResult] GetPosts() on controller Aplzz.Controllers.PostAPIController (api).
2024-11-30 16:12:48.772 +01:00 [INF] Executing OkObjectResult, writing value of type 'System.Collections.Generic.List`1[[Aplzz.Models.Post, api, Version=1.0.0.0, Culture=neutral, PublicKeyToken=null]]'.
2024-11-30 16:12:48.775 +01:00 [INF] Executed action Aplzz.Controllers.PostAPIController.GetPosts (api) in 7.4465ms
2024-11-30 16:12:48.775 +01:00 [INF] Executed endpoint 'Aplzz.Controllers.PostAPIController.GetPosts (api)'
2024-11-30 16:12:48.775 +01:00 [INF] Request finished HTTP/1.1 GET http://localhost:5214/api/postapi/posts - 200 8807 application/json; charset=utf-8 7.7718ms
2024-11-30 16:12:52.743 +01:00 [INF] Request starting HTTP/1.1 GET http://localhost:5214/api/postapi/2 - null null
2024-11-30 16:12:52.743 +01:00 [INF] CORS policy execution successful.
2024-11-30 16:12:52.743 +01:00 [INF] Executing endpoint 'Aplzz.Controllers.PostAPIController.GetPost (api)'
2024-11-30 16:12:52.746 +01:00 [INF] Route matched with {action = "GetPost", controller = "PostAPI"}. Executing controller action with signature System.Threading.Tasks.Task`1[Microsoft.AspNetCore.Mvc.IActionResult] GetPost(Int32) on controller Aplzz.Controllers.PostAPIController (api).
2024-11-30 16:12:52.763 +01:00 [WRN] Compiling a query which loads related collections for more than one collection navigation, either via 'Include' or through projection, but no 'QuerySplittingBehavior' has been configured. By default, Entity Framework will use 'QuerySplittingBehavior.SingleQuery', which can potentially result in slow query performance. See https://go.microsoft.com/fwlink/?linkid=2134277 for more information. To identify the query that's triggering this warning call 'ConfigureWarnings(w => w.Throw(RelationalEventId.MultipleCollectionIncludeWarning))'.
2024-11-30 16:12:52.771 +01:00 [INF] Executing OkObjectResult, writing value of type 'Castle.Proxies.PostProxy'.
2024-11-30 16:12:52.775 +01:00 [INF] Executed action Aplzz.Controllers.PostAPIController.GetPost (api) in 28.9905ms
2024-11-30 16:12:52.775 +01:00 [INF] Executed endpoint 'Aplzz.Controllers.PostAPIController.GetPost (api)'
2024-11-30 16:12:52.775 +01:00 [INF] Request finished HTTP/1.1 GET http://localhost:5214/api/postapi/2 - 200 2913 application/json; charset=utf-8 32.3463ms
2024-11-30 16:12:52.776 +01:00 [INF] Request starting HTTP/1.1 GET http://localhost:5214/api/postapi/2 - null null
2024-11-30 16:12:52.776 +01:00 [INF] CORS policy execution successful.
2024-11-30 16:12:52.776 +01:00 [INF] Executing endpoint 'Aplzz.Controllers.PostAPIController.GetPost (api)'
2024-11-30 16:12:52.776 +01:00 [INF] Route matched with {action = "GetPost", controller = "PostAPI"}. Executing controller action with signature System.Threading.Tasks.Task`1[Microsoft.AspNetCore.Mvc.IActionResult] GetPost(Int32) on controller Aplzz.Controllers.PostAPIController (api).
2024-11-30 16:12:52.780 +01:00 [INF] Executing OkObjectResult, writing value of type 'Castle.Proxies.PostProxy'.
2024-11-30 16:12:52.784 +01:00 [INF] Executed action Aplzz.Controllers.PostAPIController.GetPost (api) in 8.0046ms
2024-11-30 16:12:52.784 +01:00 [INF] Executed endpoint 'Aplzz.Controllers.PostAPIController.GetPost (api)'
2024-11-30 16:12:52.784 +01:00 [INF] Request finished HTTP/1.1 GET http://localhost:5214/api/postapi/2 - 200 2913 application/json; charset=utf-8 8.3331ms
2024-11-30 16:12:53.556 +01:00 [INF] Request starting HTTP/1.1 GET http://localhost:5214/api/postapi/posts - null null
2024-11-30 16:12:53.557 +01:00 [INF] CORS policy execution successful.
2024-11-30 16:12:53.557 +01:00 [INF] Executing endpoint 'Aplzz.Controllers.PostAPIController.GetPosts (api)'
2024-11-30 16:12:53.557 +01:00 [INF] Route matched with {action = "GetPosts", controller = "PostAPI"}. Executing controller action with signature System.Threading.Tasks.Task`1[Microsoft.AspNetCore.Mvc.IActionResult] GetPosts() on controller Aplzz.Controllers.PostAPIController (api).
2024-11-30 16:12:53.561 +01:00 [INF] Executing OkObjectResult, writing value of type 'System.Collections.Generic.List`1[[Aplzz.Models.Post, api, Version=1.0.0.0, Culture=neutral, PublicKeyToken=null]]'.
2024-11-30 16:12:53.564 +01:00 [INF] Executed action Aplzz.Controllers.PostAPIController.GetPosts (api) in 7.1447ms
2024-11-30 16:12:53.564 +01:00 [INF] Executed endpoint 'Aplzz.Controllers.PostAPIController.GetPosts (api)'
2024-11-30 16:12:53.564 +01:00 [INF] Request finished HTTP/1.1 GET http://localhost:5214/api/postapi/posts - 200 8807 application/json; charset=utf-8 7.5253ms
2024-11-30 16:12:53.565 +01:00 [INF] Request starting HTTP/1.1 GET http://localhost:5214/api/postapi/posts - null null
2024-11-30 16:12:53.565 +01:00 [INF] CORS policy execution successful.
2024-11-30 16:12:53.565 +01:00 [INF] Executing endpoint 'Aplzz.Controllers.PostAPIController.GetPosts (api)'
2024-11-30 16:12:53.565 +01:00 [INF] Route matched with {action = "GetPosts", controller = "PostAPI"}. Executing controller action with signature System.Threading.Tasks.Task`1[Microsoft.AspNetCore.Mvc.IActionResult] GetPosts() on controller Aplzz.Controllers.PostAPIController (api).
2024-11-30 16:12:53.569 +01:00 [INF] Executing OkObjectResult, writing value of type 'System.Collections.Generic.List`1[[Aplzz.Models.Post, api, Version=1.0.0.0, Culture=neutral, PublicKeyToken=null]]'.
2024-11-30 16:12:53.572 +01:00 [INF] Executed action Aplzz.Controllers.PostAPIController.GetPosts (api) in 7.6286ms
2024-11-30 16:12:53.572 +01:00 [INF] Executed endpoint 'Aplzz.Controllers.PostAPIController.GetPosts (api)'
2024-11-30 16:12:53.572 +01:00 [INF] Request finished HTTP/1.1 GET http://localhost:5214/api/postapi/posts - 200 8807 application/json; charset=utf-8 7.9416ms
2024-11-30 16:12:56.188 +01:00 [INF] Request starting HTTP/1.1 GET http://localhost:5214/api/postapi/posts - null null
2024-11-30 16:12:56.188 +01:00 [INF] CORS policy execution successful.
2024-11-30 16:12:56.188 +01:00 [INF] Executing endpoint 'Aplzz.Controllers.PostAPIController.GetPosts (api)'
2024-11-30 16:12:56.188 +01:00 [INF] Route matched with {action = "GetPosts", controller = "PostAPI"}. Executing controller action with signature System.Threading.Tasks.Task`1[Microsoft.AspNetCore.Mvc.IActionResult] GetPosts() on controller Aplzz.Controllers.PostAPIController (api).
2024-11-30 16:12:56.192 +01:00 [INF] Executing OkObjectResult, writing value of type 'System.Collections.Generic.List`1[[Aplzz.Models.Post, api, Version=1.0.0.0, Culture=neutral, PublicKeyToken=null]]'.
2024-11-30 16:12:56.197 +01:00 [INF] Executed action Aplzz.Controllers.PostAPIController.GetPosts (api) in 8.8491ms
2024-11-30 16:12:56.197 +01:00 [INF] Executed endpoint 'Aplzz.Controllers.PostAPIController.GetPosts (api)'
2024-11-30 16:12:56.197 +01:00 [INF] Request finished HTTP/1.1 GET http://localhost:5214/api/postapi/posts - 200 8807 application/json; charset=utf-8 9.2433ms
2024-11-30 16:12:56.198 +01:00 [INF] Request starting HTTP/1.1 GET http://localhost:5214/api/postapi/posts - null null
2024-11-30 16:12:56.198 +01:00 [INF] CORS policy execution successful.
2024-11-30 16:12:56.198 +01:00 [INF] Executing endpoint 'Aplzz.Controllers.PostAPIController.GetPosts (api)'
2024-11-30 16:12:56.198 +01:00 [INF] Route matched with {action = "GetPosts", controller = "PostAPI"}. Executing controller action with signature System.Threading.Tasks.Task`1[Microsoft.AspNetCore.Mvc.IActionResult] GetPosts() on controller Aplzz.Controllers.PostAPIController (api).
2024-11-30 16:12:56.203 +01:00 [INF] Executing OkObjectResult, writing value of type 'System.Collections.Generic.List`1[[Aplzz.Models.Post, api, Version=1.0.0.0, Culture=neutral, PublicKeyToken=null]]'.
2024-11-30 16:12:56.208 +01:00 [INF] Executed action Aplzz.Controllers.PostAPIController.GetPosts (api) in 10.196ms
2024-11-30 16:12:56.208 +01:00 [INF] Executed endpoint 'Aplzz.Controllers.PostAPIController.GetPosts (api)'
2024-11-30 16:12:56.208 +01:00 [INF] Request finished HTTP/1.1 GET http://localhost:5214/api/postapi/posts - 200 8807 application/json; charset=utf-8 10.5747ms
2024-11-30 16:12:58.277 +01:00 [INF] Request starting HTTP/1.1 GET http://localhost:5214/api/postapi/2 - null null
2024-11-30 16:12:58.277 +01:00 [INF] CORS policy execution successful.
2024-11-30 16:12:58.277 +01:00 [INF] Executing endpoint 'Aplzz.Controllers.PostAPIController.GetPost (api)'
2024-11-30 16:12:58.277 +01:00 [INF] Route matched with {action = "GetPost", controller = "PostAPI"}. Executing controller action with signature System.Threading.Tasks.Task`1[Microsoft.AspNetCore.Mvc.IActionResult] GetPost(Int32) on controller Aplzz.Controllers.PostAPIController (api).
2024-11-30 16:12:58.281 +01:00 [INF] Executing OkObjectResult, writing value of type 'Castle.Proxies.PostProxy'.
2024-11-30 16:12:58.285 +01:00 [INF] Executed action Aplzz.Controllers.PostAPIController.GetPost (api) in 7.6569ms
2024-11-30 16:12:58.285 +01:00 [INF] Executed endpoint 'Aplzz.Controllers.PostAPIController.GetPost (api)'
2024-11-30 16:12:58.285 +01:00 [INF] Request finished HTTP/1.1 GET http://localhost:5214/api/postapi/2 - 200 2913 application/json; charset=utf-8 8.0123ms
2024-11-30 16:12:58.286 +01:00 [INF] Request starting HTTP/1.1 GET http://localhost:5214/api/postapi/2 - null null
2024-11-30 16:12:58.286 +01:00 [INF] CORS policy execution successful.
2024-11-30 16:12:58.286 +01:00 [INF] Executing endpoint 'Aplzz.Controllers.PostAPIController.GetPost (api)'
2024-11-30 16:12:58.286 +01:00 [INF] Route matched with {action = "GetPost", controller = "PostAPI"}. Executing controller action with signature System.Threading.Tasks.Task`1[Microsoft.AspNetCore.Mvc.IActionResult] GetPost(Int32) on controller Aplzz.Controllers.PostAPIController (api).
2024-11-30 16:12:58.290 +01:00 [INF] Executing OkObjectResult, writing value of type 'Castle.Proxies.PostProxy'.
2024-11-30 16:12:58.296 +01:00 [INF] Executed action Aplzz.Controllers.PostAPIController.GetPost (api) in 10.0899ms
2024-11-30 16:12:58.296 +01:00 [INF] Executed endpoint 'Aplzz.Controllers.PostAPIController.GetPost (api)'
2024-11-30 16:12:58.296 +01:00 [INF] Request finished HTTP/1.1 GET http://localhost:5214/api/postapi/2 - 200 2913 application/json; charset=utf-8 10.4927ms
2024-11-30 16:12:59.411 +01:00 [INF] Request starting HTTP/1.1 GET http://localhost:5214/api/postapi/posts - null null
2024-11-30 16:12:59.411 +01:00 [INF] CORS policy execution successful.
2024-11-30 16:12:59.411 +01:00 [INF] Executing endpoint 'Aplzz.Controllers.PostAPIController.GetPosts (api)'
2024-11-30 16:12:59.411 +01:00 [INF] Route matched with {action = "GetPosts", controller = "PostAPI"}. Executing controller action with signature System.Threading.Tasks.Task`1[Microsoft.AspNetCore.Mvc.IActionResult] GetPosts() on controller Aplzz.Controllers.PostAPIController (api).
2024-11-30 16:12:59.415 +01:00 [INF] Executing OkObjectResult, writing value of type 'System.Collections.Generic.List`1[[Aplzz.Models.Post, api, Version=1.0.0.0, Culture=neutral, PublicKeyToken=null]]'.
2024-11-30 16:12:59.418 +01:00 [INF] Executed action Aplzz.Controllers.PostAPIController.GetPosts (api) in 6.5807ms
2024-11-30 16:12:59.418 +01:00 [INF] Executed endpoint 'Aplzz.Controllers.PostAPIController.GetPosts (api)'
2024-11-30 16:12:59.418 +01:00 [INF] Request finished HTTP/1.1 GET http://localhost:5214/api/postapi/posts - 200 8807 application/json; charset=utf-8 7.1222ms
2024-11-30 16:12:59.419 +01:00 [INF] Request starting HTTP/1.1 GET http://localhost:5214/api/postapi/posts - null null
2024-11-30 16:12:59.419 +01:00 [INF] CORS policy execution successful.
2024-11-30 16:12:59.419 +01:00 [INF] Executing endpoint 'Aplzz.Controllers.PostAPIController.GetPosts (api)'
2024-11-30 16:12:59.419 +01:00 [INF] Route matched with {action = "GetPosts", controller = "PostAPI"}. Executing controller action with signature System.Threading.Tasks.Task`1[Microsoft.AspNetCore.Mvc.IActionResult] GetPosts() on controller Aplzz.Controllers.PostAPIController (api).
2024-11-30 16:12:59.423 +01:00 [INF] Executing OkObjectResult, writing value of type 'System.Collections.Generic.List`1[[Aplzz.Models.Post, api, Version=1.0.0.0, Culture=neutral, PublicKeyToken=null]]'.
2024-11-30 16:12:59.427 +01:00 [INF] Executed action Aplzz.Controllers.PostAPIController.GetPosts (api) in 7.5396ms
2024-11-30 16:12:59.427 +01:00 [INF] Executed endpoint 'Aplzz.Controllers.PostAPIController.GetPosts (api)'
2024-11-30 16:12:59.427 +01:00 [INF] Request finished HTTP/1.1 GET http://localhost:5214/api/postapi/posts - 200 8807 application/json; charset=utf-8 7.915ms
2024-11-30 16:13:12.130 +01:00 [INF] Request starting HTTP/1.1 OPTIONS http://localhost:5214/api/loginApi/loginPost - null null
2024-11-30 16:13:12.130 +01:00 [INF] CORS policy execution successful.
2024-11-30 16:13:12.131 +01:00 [INF] Request finished HTTP/1.1 OPTIONS http://localhost:5214/api/loginApi/loginPost - 204 null null 0.4656ms
2024-11-30 16:13:12.131 +01:00 [INF] Request starting HTTP/1.1 POST http://localhost:5214/api/loginApi/loginPost - application/json 58
2024-11-30 16:13:12.131 +01:00 [INF] CORS policy execution successful.
2024-11-30 16:13:12.131 +01:00 [INF] Executing endpoint 'Aplzz.Controllers.LoginAPIController.Index (api)'
2024-11-30 16:13:12.131 +01:00 [INF] Route matched with {action = "Index", controller = "LoginAPI"}. Executing controller action with signature Microsoft.AspNetCore.Mvc.IActionResult Index(Aplzz.Models.LoginModel) on controller Aplzz.Controllers.LoginAPIController (api).
2024-11-30 16:13:12.137 +01:00 [INF] Executing OkObjectResult, writing value of type 'Castle.Proxies.UserProxy'.
2024-11-30 16:13:12.137 +01:00 [INF] Executed action Aplzz.Controllers.LoginAPIController.Index (api) in 6.2725ms
2024-11-30 16:13:12.137 +01:00 [INF] Executed endpoint 'Aplzz.Controllers.LoginAPIController.Index (api)'
2024-11-30 16:13:12.138 +01:00 [INF] Session started; Key:1eae132b-1d77-7151-151e-b78b402f3dc5, Id:1dbafd29-eeea-cbd5-3401-867d1b9a684f
2024-11-30 16:13:12.138 +01:00 [INF] Request finished HTTP/1.1 POST http://localhost:5214/api/loginApi/loginPost - 200 238 application/json; charset=utf-8 6.5517ms
2024-11-30 16:13:14.781 +01:00 [INF] Request starting HTTP/1.1 GET http://localhost:5214/api/postapi/posts - null null
2024-11-30 16:13:14.781 +01:00 [INF] CORS policy execution successful.
2024-11-30 16:13:14.781 +01:00 [INF] Executing endpoint 'Aplzz.Controllers.PostAPIController.GetPosts (api)'
2024-11-30 16:13:14.781 +01:00 [INF] Route matched with {action = "GetPosts", controller = "PostAPI"}. Executing controller action with signature System.Threading.Tasks.Task`1[Microsoft.AspNetCore.Mvc.IActionResult] GetPosts() on controller Aplzz.Controllers.PostAPIController (api).
2024-11-30 16:13:14.786 +01:00 [INF] Executing OkObjectResult, writing value of type 'System.Collections.Generic.List`1[[Aplzz.Models.Post, api, Version=1.0.0.0, Culture=neutral, PublicKeyToken=null]]'.
2024-11-30 16:13:14.790 +01:00 [INF] Executed action Aplzz.Controllers.PostAPIController.GetPosts (api) in 8.8681ms
2024-11-30 16:13:14.790 +01:00 [INF] Executed endpoint 'Aplzz.Controllers.PostAPIController.GetPosts (api)'
2024-11-30 16:13:14.790 +01:00 [INF] Request finished HTTP/1.1 GET http://localhost:5214/api/postapi/posts - 200 8807 application/json; charset=utf-8 9.3181ms
2024-11-30 16:13:14.791 +01:00 [INF] Request starting HTTP/1.1 GET http://localhost:5214/api/postapi/posts - null null
2024-11-30 16:13:14.791 +01:00 [INF] CORS policy execution successful.
2024-11-30 16:13:14.791 +01:00 [INF] Executing endpoint 'Aplzz.Controllers.PostAPIController.GetPosts (api)'
2024-11-30 16:13:14.792 +01:00 [INF] Route matched with {action = "GetPosts", controller = "PostAPI"}. Executing controller action with signature System.Threading.Tasks.Task`1[Microsoft.AspNetCore.Mvc.IActionResult] GetPosts() on controller Aplzz.Controllers.PostAPIController (api).
2024-11-30 16:13:14.796 +01:00 [INF] Executing OkObjectResult, writing value of type 'System.Collections.Generic.List`1[[Aplzz.Models.Post, api, Version=1.0.0.0, Culture=neutral, PublicKeyToken=null]]'.
2024-11-30 16:13:14.800 +01:00 [INF] Executed action Aplzz.Controllers.PostAPIController.GetPosts (api) in 8.1075ms
2024-11-30 16:13:14.800 +01:00 [INF] Executed endpoint 'Aplzz.Controllers.PostAPIController.GetPosts (api)'
2024-11-30 16:13:14.800 +01:00 [INF] Request finished HTTP/1.1 GET http://localhost:5214/api/postapi/posts - 200 8807 application/json; charset=utf-8 8.4367ms
2024-11-30 16:13:16.497 +01:00 [INF] Request starting HTTP/1.1 GET http://localhost:5214/api/postapi/posts - null null
2024-11-30 16:13:16.497 +01:00 [INF] CORS policy execution successful.
2024-11-30 16:13:16.497 +01:00 [INF] Executing endpoint 'Aplzz.Controllers.PostAPIController.GetPosts (api)'
2024-11-30 16:13:16.497 +01:00 [INF] Route matched with {action = "GetPosts", controller = "PostAPI"}. Executing controller action with signature System.Threading.Tasks.Task`1[Microsoft.AspNetCore.Mvc.IActionResult] GetPosts() on controller Aplzz.Controllers.PostAPIController (api).
2024-11-30 16:13:16.501 +01:00 [INF] Executing OkObjectResult, writing value of type 'System.Collections.Generic.List`1[[Aplzz.Models.Post, api, Version=1.0.0.0, Culture=neutral, PublicKeyToken=null]]'.
2024-11-30 16:13:16.505 +01:00 [INF] Executed action Aplzz.Controllers.PostAPIController.GetPosts (api) in 7.4215ms
2024-11-30 16:13:16.505 +01:00 [INF] Executed endpoint 'Aplzz.Controllers.PostAPIController.GetPosts (api)'
2024-11-30 16:13:16.505 +01:00 [INF] Request finished HTTP/1.1 GET http://localhost:5214/api/postapi/posts - 200 8807 application/json; charset=utf-8 7.7628ms
2024-11-30 16:13:16.505 +01:00 [INF] Request starting HTTP/1.1 GET http://localhost:5214/api/postapi/posts - null null
2024-11-30 16:13:16.505 +01:00 [INF] CORS policy execution successful.
2024-11-30 16:13:16.505 +01:00 [INF] Executing endpoint 'Aplzz.Controllers.PostAPIController.GetPosts (api)'
2024-11-30 16:13:16.506 +01:00 [INF] Route matched with {action = "GetPosts", controller = "PostAPI"}. Executing controller action with signature System.Threading.Tasks.Task`1[Microsoft.AspNetCore.Mvc.IActionResult] GetPosts() on controller Aplzz.Controllers.PostAPIController (api).
2024-11-30 16:13:16.510 +01:00 [INF] Executing OkObjectResult, writing value of type 'System.Collections.Generic.List`1[[Aplzz.Models.Post, api, Version=1.0.0.0, Culture=neutral, PublicKeyToken=null]]'.
2024-11-30 16:13:16.513 +01:00 [INF] Executed action Aplzz.Controllers.PostAPIController.GetPosts (api) in 7.4399ms
2024-11-30 16:13:16.513 +01:00 [INF] Executed endpoint 'Aplzz.Controllers.PostAPIController.GetPosts (api)'
2024-11-30 16:13:16.513 +01:00 [INF] Request finished HTTP/1.1 GET http://localhost:5214/api/postapi/posts - 200 8807 application/json; charset=utf-8 7.8404ms
2024-11-30 16:13:17.610 +01:00 [INF] Request starting HTTP/1.1 GET http://localhost:5214/api/postapi/posts - null null
2024-11-30 16:13:17.610 +01:00 [INF] CORS policy execution successful.
2024-11-30 16:13:17.610 +01:00 [INF] Executing endpoint 'Aplzz.Controllers.PostAPIController.GetPosts (api)'
2024-11-30 16:13:17.610 +01:00 [INF] Route matched with {action = "GetPosts", controller = "PostAPI"}. Executing controller action with signature System.Threading.Tasks.Task`1[Microsoft.AspNetCore.Mvc.IActionResult] GetPosts() on controller Aplzz.Controllers.PostAPIController (api).
2024-11-30 16:13:17.614 +01:00 [INF] Executing OkObjectResult, writing value of type 'System.Collections.Generic.List`1[[Aplzz.Models.Post, api, Version=1.0.0.0, Culture=neutral, PublicKeyToken=null]]'.
2024-11-30 16:13:17.617 +01:00 [INF] Executed action Aplzz.Controllers.PostAPIController.GetPosts (api) in 6.9932ms
2024-11-30 16:13:17.617 +01:00 [INF] Executed endpoint 'Aplzz.Controllers.PostAPIController.GetPosts (api)'
2024-11-30 16:13:17.617 +01:00 [INF] Request finished HTTP/1.1 GET http://localhost:5214/api/postapi/posts - 200 8807 application/json; charset=utf-8 7.3589ms
2024-11-30 16:13:17.618 +01:00 [INF] Request starting HTTP/1.1 GET http://localhost:5214/api/postapi/posts - null null
2024-11-30 16:13:17.618 +01:00 [INF] CORS policy execution successful.
2024-11-30 16:13:17.618 +01:00 [INF] Executing endpoint 'Aplzz.Controllers.PostAPIController.GetPosts (api)'
2024-11-30 16:13:17.618 +01:00 [INF] Route matched with {action = "GetPosts", controller = "PostAPI"}. Executing controller action with signature System.Threading.Tasks.Task`1[Microsoft.AspNetCore.Mvc.IActionResult] GetPosts() on controller Aplzz.Controllers.PostAPIController (api).
2024-11-30 16:13:17.623 +01:00 [INF] Executing OkObjectResult, writing value of type 'System.Collections.Generic.List`1[[Aplzz.Models.Post, api, Version=1.0.0.0, Culture=neutral, PublicKeyToken=null]]'.
2024-11-30 16:13:17.626 +01:00 [INF] Executed action Aplzz.Controllers.PostAPIController.GetPosts (api) in 8.0143ms
2024-11-30 16:13:17.626 +01:00 [INF] Executed endpoint 'Aplzz.Controllers.PostAPIController.GetPosts (api)'
2024-11-30 16:13:17.626 +01:00 [INF] Request finished HTTP/1.1 GET http://localhost:5214/api/postapi/posts - 200 8807 application/json; charset=utf-8 8.3108ms
2024-11-30 16:13:22.764 +01:00 [INF] Request starting HTTP/1.1 GET http://localhost:5214/api/postapi/posts - null null
2024-11-30 16:13:22.764 +01:00 [INF] CORS policy execution successful.
2024-11-30 16:13:22.764 +01:00 [INF] Executing endpoint 'Aplzz.Controllers.PostAPIController.GetPosts (api)'
2024-11-30 16:13:22.764 +01:00 [INF] Route matched with {action = "GetPosts", controller = "PostAPI"}. Executing controller action with signature System.Threading.Tasks.Task`1[Microsoft.AspNetCore.Mvc.IActionResult] GetPosts() on controller Aplzz.Controllers.PostAPIController (api).
2024-11-30 16:13:22.769 +01:00 [INF] Executing OkObjectResult, writing value of type 'System.Collections.Generic.List`1[[Aplzz.Models.Post, api, Version=1.0.0.0, Culture=neutral, PublicKeyToken=null]]'.
2024-11-30 16:13:22.773 +01:00 [INF] Executed action Aplzz.Controllers.PostAPIController.GetPosts (api) in 8.5307ms
2024-11-30 16:13:22.773 +01:00 [INF] Executed endpoint 'Aplzz.Controllers.PostAPIController.GetPosts (api)'
2024-11-30 16:13:22.773 +01:00 [INF] Request finished HTTP/1.1 GET http://localhost:5214/api/postapi/posts - 200 8807 application/json; charset=utf-8 9.0577ms
2024-11-30 16:13:22.774 +01:00 [INF] Request starting HTTP/1.1 GET http://localhost:5214/api/postapi/posts - null null
2024-11-30 16:13:22.774 +01:00 [INF] CORS policy execution successful.
2024-11-30 16:13:22.774 +01:00 [INF] Executing endpoint 'Aplzz.Controllers.PostAPIController.GetPosts (api)'
2024-11-30 16:13:22.774 +01:00 [INF] Route matched with {action = "GetPosts", controller = "PostAPI"}. Executing controller action with signature System.Threading.Tasks.Task`1[Microsoft.AspNetCore.Mvc.IActionResult] GetPosts() on controller Aplzz.Controllers.PostAPIController (api).
2024-11-30 16:13:22.779 +01:00 [INF] Executing OkObjectResult, writing value of type 'System.Collections.Generic.List`1[[Aplzz.Models.Post, api, Version=1.0.0.0, Culture=neutral, PublicKeyToken=null]]'.
2024-11-30 16:13:22.783 +01:00 [INF] Executed action Aplzz.Controllers.PostAPIController.GetPosts (api) in 9.086ms
2024-11-30 16:13:22.783 +01:00 [INF] Executed endpoint 'Aplzz.Controllers.PostAPIController.GetPosts (api)'
2024-11-30 16:13:22.783 +01:00 [INF] Request finished HTTP/1.1 GET http://localhost:5214/api/postapi/posts - 200 8807 application/json; charset=utf-8 9.5359ms
2024-11-30 16:13:25.273 +01:00 [INF] Request starting HTTP/1.1 GET http://localhost:5214/api/postapi/posts - null null
2024-11-30 16:13:25.273 +01:00 [INF] CORS policy execution successful.
2024-11-30 16:13:25.273 +01:00 [INF] Executing endpoint 'Aplzz.Controllers.PostAPIController.GetPosts (api)'
2024-11-30 16:13:25.273 +01:00 [INF] Route matched with {action = "GetPosts", controller = "PostAPI"}. Executing controller action with signature System.Threading.Tasks.Task`1[Microsoft.AspNetCore.Mvc.IActionResult] GetPosts() on controller Aplzz.Controllers.PostAPIController (api).
2024-11-30 16:13:25.278 +01:00 [INF] Executing OkObjectResult, writing value of type 'System.Collections.Generic.List`1[[Aplzz.Models.Post, api, Version=1.0.0.0, Culture=neutral, PublicKeyToken=null]]'.
2024-11-30 16:13:25.282 +01:00 [INF] Executed action Aplzz.Controllers.PostAPIController.GetPosts (api) in 9.346ms
2024-11-30 16:13:25.282 +01:00 [INF] Executed endpoint 'Aplzz.Controllers.PostAPIController.GetPosts (api)'
2024-11-30 16:13:25.283 +01:00 [INF] Request finished HTTP/1.1 GET http://localhost:5214/api/postapi/posts - 200 8807 application/json; charset=utf-8 9.7386ms
2024-11-30 16:13:25.283 +01:00 [INF] Request starting HTTP/1.1 GET http://localhost:5214/api/postapi/posts - null null
2024-11-30 16:13:25.283 +01:00 [INF] CORS policy execution successful.
2024-11-30 16:13:25.283 +01:00 [INF] Executing endpoint 'Aplzz.Controllers.PostAPIController.GetPosts (api)'
2024-11-30 16:13:25.283 +01:00 [INF] Route matched with {action = "GetPosts", controller = "PostAPI"}. Executing controller action with signature System.Threading.Tasks.Task`1[Microsoft.AspNetCore.Mvc.IActionResult] GetPosts() on controller Aplzz.Controllers.PostAPIController (api).
2024-11-30 16:13:25.288 +01:00 [INF] Executing OkObjectResult, writing value of type 'System.Collections.Generic.List`1[[Aplzz.Models.Post, api, Version=1.0.0.0, Culture=neutral, PublicKeyToken=null]]'.
2024-11-30 16:13:25.291 +01:00 [INF] Executed action Aplzz.Controllers.PostAPIController.GetPosts (api) in 8.0239ms
2024-11-30 16:13:25.291 +01:00 [INF] Executed endpoint 'Aplzz.Controllers.PostAPIController.GetPosts (api)'
2024-11-30 16:13:25.292 +01:00 [INF] Request finished HTTP/1.1 GET http://localhost:5214/api/postapi/posts - 200 8807 application/json; charset=utf-8 8.384ms
2024-11-30 16:13:26.114 +01:00 [INF] Request starting HTTP/1.1 GET http://localhost:5214/api/postapi/posts - null null
2024-11-30 16:13:26.114 +01:00 [INF] CORS policy execution successful.
2024-11-30 16:13:26.114 +01:00 [INF] Executing endpoint 'Aplzz.Controllers.PostAPIController.GetPosts (api)'
2024-11-30 16:13:26.114 +01:00 [INF] Route matched with {action = "GetPosts", controller = "PostAPI"}. Executing controller action with signature System.Threading.Tasks.Task`1[Microsoft.AspNetCore.Mvc.IActionResult] GetPosts() on controller Aplzz.Controllers.PostAPIController (api).
2024-11-30 16:13:26.119 +01:00 [INF] Executing OkObjectResult, writing value of type 'System.Collections.Generic.List`1[[Aplzz.Models.Post, api, Version=1.0.0.0, Culture=neutral, PublicKeyToken=null]]'.
2024-11-30 16:13:26.123 +01:00 [INF] Executed action Aplzz.Controllers.PostAPIController.GetPosts (api) in 8.9788ms
2024-11-30 16:13:26.123 +01:00 [INF] Executed endpoint 'Aplzz.Controllers.PostAPIController.GetPosts (api)'
2024-11-30 16:13:26.123 +01:00 [INF] Request finished HTTP/1.1 GET http://localhost:5214/api/postapi/posts - 200 8807 application/json; charset=utf-8 9.5068ms
2024-11-30 16:13:26.124 +01:00 [INF] Request starting HTTP/1.1 GET http://localhost:5214/api/postapi/posts - null null
2024-11-30 16:13:26.124 +01:00 [INF] CORS policy execution successful.
2024-11-30 16:13:26.124 +01:00 [INF] Executing endpoint 'Aplzz.Controllers.PostAPIController.GetPosts (api)'
2024-11-30 16:13:26.124 +01:00 [INF] Route matched with {action = "GetPosts", controller = "PostAPI"}. Executing controller action with signature System.Threading.Tasks.Task`1[Microsoft.AspNetCore.Mvc.IActionResult] GetPosts() on controller Aplzz.Controllers.PostAPIController (api).
2024-11-30 16:13:26.129 +01:00 [INF] Executing OkObjectResult, writing value of type 'System.Collections.Generic.List`1[[Aplzz.Models.Post, api, Version=1.0.0.0, Culture=neutral, PublicKeyToken=null]]'.
2024-11-30 16:13:26.136 +01:00 [INF] Executed action Aplzz.Controllers.PostAPIController.GetPosts (api) in 12.2937ms
2024-11-30 16:13:26.137 +01:00 [INF] Executed endpoint 'Aplzz.Controllers.PostAPIController.GetPosts (api)'
2024-11-30 16:13:26.137 +01:00 [INF] Request finished HTTP/1.1 GET http://localhost:5214/api/postapi/posts - 200 8807 application/json; charset=utf-8 12.8296ms
2024-11-30 16:13:28.299 +01:00 [INF] Request starting HTTP/1.1 GET http://localhost:5214/api/postapi/posts - null null
2024-11-30 16:13:28.299 +01:00 [INF] CORS policy execution successful.
2024-11-30 16:13:28.299 +01:00 [INF] Executing endpoint 'Aplzz.Controllers.PostAPIController.GetPosts (api)'
2024-11-30 16:13:28.299 +01:00 [INF] Route matched with {action = "GetPosts", controller = "PostAPI"}. Executing controller action with signature System.Threading.Tasks.Task`1[Microsoft.AspNetCore.Mvc.IActionResult] GetPosts() on controller Aplzz.Controllers.PostAPIController (api).
2024-11-30 16:13:28.303 +01:00 [INF] Executing OkObjectResult, writing value of type 'System.Collections.Generic.List`1[[Aplzz.Models.Post, api, Version=1.0.0.0, Culture=neutral, PublicKeyToken=null]]'.
2024-11-30 16:13:28.307 +01:00 [INF] Executed action Aplzz.Controllers.PostAPIController.GetPosts (api) in 8.6753ms
2024-11-30 16:13:28.307 +01:00 [INF] Executed endpoint 'Aplzz.Controllers.PostAPIController.GetPosts (api)'
2024-11-30 16:13:28.308 +01:00 [INF] Request finished HTTP/1.1 GET http://localhost:5214/api/postapi/posts - 200 8807 application/json; charset=utf-8 8.9873ms
2024-11-30 16:13:28.308 +01:00 [INF] Request starting HTTP/1.1 GET http://localhost:5214/api/postapi/posts - null null
2024-11-30 16:13:28.308 +01:00 [INF] CORS policy execution successful.
2024-11-30 16:13:28.308 +01:00 [INF] Executing endpoint 'Aplzz.Controllers.PostAPIController.GetPosts (api)'
2024-11-30 16:13:28.308 +01:00 [INF] Route matched with {action = "GetPosts", controller = "PostAPI"}. Executing controller action with signature System.Threading.Tasks.Task`1[Microsoft.AspNetCore.Mvc.IActionResult] GetPosts() on controller Aplzz.Controllers.PostAPIController (api).
2024-11-30 16:13:28.312 +01:00 [INF] Executing OkObjectResult, writing value of type 'System.Collections.Generic.List`1[[Aplzz.Models.Post, api, Version=1.0.0.0, Culture=neutral, PublicKeyToken=null]]'.
2024-11-30 16:13:28.316 +01:00 [INF] Executed action Aplzz.Controllers.PostAPIController.GetPosts (api) in 7.5669ms
2024-11-30 16:13:28.316 +01:00 [INF] Executed endpoint 'Aplzz.Controllers.PostAPIController.GetPosts (api)'
2024-11-30 16:13:28.316 +01:00 [INF] Request finished HTTP/1.1 GET http://localhost:5214/api/postapi/posts - 200 8807 application/json; charset=utf-8 7.8717ms
2024-11-30 16:14:01.220 +01:00 [INF] Request starting HTTP/1.1 GET http://localhost:5214/api/postapi/posts - null null
2024-11-30 16:14:01.220 +01:00 [INF] CORS policy execution successful.
2024-11-30 16:14:01.220 +01:00 [INF] Executing endpoint 'Aplzz.Controllers.PostAPIController.GetPosts (api)'
2024-11-30 16:14:01.220 +01:00 [INF] Route matched with {action = "GetPosts", controller = "PostAPI"}. Executing controller action with signature System.Threading.Tasks.Task`1[Microsoft.AspNetCore.Mvc.IActionResult] GetPosts() on controller Aplzz.Controllers.PostAPIController (api).
2024-11-30 16:14:01.253 +01:00 [INF] Executing OkObjectResult, writing value of type 'System.Collections.Generic.List`1[[Aplzz.Models.Post, api, Version=1.0.0.0, Culture=neutral, PublicKeyToken=null]]'.
2024-11-30 16:14:01.256 +01:00 [INF] Executed action Aplzz.Controllers.PostAPIController.GetPosts (api) in 36.2631ms
2024-11-30 16:14:01.256 +01:00 [INF] Executed endpoint 'Aplzz.Controllers.PostAPIController.GetPosts (api)'
2024-11-30 16:14:01.256 +01:00 [INF] Request finished HTTP/1.1 GET http://localhost:5214/api/postapi/posts - 200 8807 application/json; charset=utf-8 36.6328ms
2024-11-30 16:14:01.257 +01:00 [INF] Request starting HTTP/1.1 GET http://localhost:5214/api/postapi/posts - null null
2024-11-30 16:14:01.257 +01:00 [INF] CORS policy execution successful.
2024-11-30 16:14:01.257 +01:00 [INF] Executing endpoint 'Aplzz.Controllers.PostAPIController.GetPosts (api)'
2024-11-30 16:14:01.257 +01:00 [INF] Route matched with {action = "GetPosts", controller = "PostAPI"}. Executing controller action with signature System.Threading.Tasks.Task`1[Microsoft.AspNetCore.Mvc.IActionResult] GetPosts() on controller Aplzz.Controllers.PostAPIController (api).
2024-11-30 16:14:01.261 +01:00 [INF] Executing OkObjectResult, writing value of type 'System.Collections.Generic.List`1[[Aplzz.Models.Post, api, Version=1.0.0.0, Culture=neutral, PublicKeyToken=null]]'.
2024-11-30 16:14:01.264 +01:00 [INF] Executed action Aplzz.Controllers.PostAPIController.GetPosts (api) in 6.9727ms
2024-11-30 16:14:01.264 +01:00 [INF] Executed endpoint 'Aplzz.Controllers.PostAPIController.GetPosts (api)'
2024-11-30 16:14:01.264 +01:00 [INF] Request finished HTTP/1.1 GET http://localhost:5214/api/postapi/posts - 200 8807 application/json; charset=utf-8 7.2349ms
2024-11-30 16:14:07.176 +01:00 [INF] Request starting HTTP/1.1 OPTIONS http://localhost:5214/api/loginApi/loginPost - null null
2024-11-30 16:14:07.176 +01:00 [INF] CORS policy execution successful.
2024-11-30 16:14:07.176 +01:00 [INF] Request finished HTTP/1.1 OPTIONS http://localhost:5214/api/loginApi/loginPost - 204 null null 0.1637ms
2024-11-30 16:14:07.177 +01:00 [INF] Request starting HTTP/1.1 POST http://localhost:5214/api/loginApi/loginPost - application/json 58
2024-11-30 16:14:07.177 +01:00 [INF] CORS policy execution successful.
2024-11-30 16:14:07.177 +01:00 [INF] Executing endpoint 'Aplzz.Controllers.LoginAPIController.Index (api)'
2024-11-30 16:14:07.177 +01:00 [INF] Route matched with {action = "Index", controller = "LoginAPI"}. Executing controller action with signature Microsoft.AspNetCore.Mvc.IActionResult Index(Aplzz.Models.LoginModel) on controller Aplzz.Controllers.LoginAPIController (api).
2024-11-30 16:14:07.203 +01:00 [INF] Executing OkObjectResult, writing value of type 'Castle.Proxies.UserProxy'.
2024-11-30 16:14:07.203 +01:00 [INF] Executed action Aplzz.Controllers.LoginAPIController.Index (api) in 26.618ms
2024-11-30 16:14:07.204 +01:00 [INF] Executed endpoint 'Aplzz.Controllers.LoginAPIController.Index (api)'
2024-11-30 16:14:07.204 +01:00 [INF] Session started; Key:2608ea0a-2d33-ce79-4825-76828e19567f, Id:12236889-0dcd-1b88-6f1d-e5aa05e46948
2024-11-30 16:14:07.204 +01:00 [INF] Request finished HTTP/1.1 POST http://localhost:5214/api/loginApi/loginPost - 200 238 application/json; charset=utf-8 26.8751ms
2024-11-30 16:14:09.182 +01:00 [INF] Request starting HTTP/1.1 GET http://localhost:5214/api/postapi/posts - null null
2024-11-30 16:14:09.182 +01:00 [INF] CORS policy execution successful.
2024-11-30 16:14:09.182 +01:00 [INF] Executing endpoint 'Aplzz.Controllers.PostAPIController.GetPosts (api)'
2024-11-30 16:14:09.182 +01:00 [INF] Route matched with {action = "GetPosts", controller = "PostAPI"}. Executing controller action with signature System.Threading.Tasks.Task`1[Microsoft.AspNetCore.Mvc.IActionResult] GetPosts() on controller Aplzz.Controllers.PostAPIController (api).
2024-11-30 16:14:09.186 +01:00 [INF] Executing OkObjectResult, writing value of type 'System.Collections.Generic.List`1[[Aplzz.Models.Post, api, Version=1.0.0.0, Culture=neutral, PublicKeyToken=null]]'.
2024-11-30 16:14:09.189 +01:00 [INF] Executed action Aplzz.Controllers.PostAPIController.GetPosts (api) in 6.9068ms
2024-11-30 16:14:09.189 +01:00 [INF] Executed endpoint 'Aplzz.Controllers.PostAPIController.GetPosts (api)'
2024-11-30 16:14:09.189 +01:00 [INF] Request finished HTTP/1.1 GET http://localhost:5214/api/postapi/posts - 200 8807 application/json; charset=utf-8 7.1896ms
2024-11-30 16:14:09.189 +01:00 [INF] Request starting HTTP/1.1 GET http://localhost:5214/api/postapi/posts - null null
2024-11-30 16:14:09.189 +01:00 [INF] CORS policy execution successful.
2024-11-30 16:14:09.190 +01:00 [INF] Executing endpoint 'Aplzz.Controllers.PostAPIController.GetPosts (api)'
2024-11-30 16:14:09.190 +01:00 [INF] Route matched with {action = "GetPosts", controller = "PostAPI"}. Executing controller action with signature System.Threading.Tasks.Task`1[Microsoft.AspNetCore.Mvc.IActionResult] GetPosts() on controller Aplzz.Controllers.PostAPIController (api).
2024-11-30 16:14:09.193 +01:00 [INF] Executing OkObjectResult, writing value of type 'System.Collections.Generic.List`1[[Aplzz.Models.Post, api, Version=1.0.0.0, Culture=neutral, PublicKeyToken=null]]'.
2024-11-30 16:14:09.197 +01:00 [INF] Executed action Aplzz.Controllers.PostAPIController.GetPosts (api) in 7.1622ms
2024-11-30 16:14:09.197 +01:00 [INF] Executed endpoint 'Aplzz.Controllers.PostAPIController.GetPosts (api)'
2024-11-30 16:14:09.197 +01:00 [INF] Request finished HTTP/1.1 GET http://localhost:5214/api/postapi/posts - 200 8807 application/json; charset=utf-8 7.4164ms
