2024-11-27 23:00:51.798 +01:00 [INF] User profile is available. Using '/Users/libansulub/.aspnet/DataProtection-Keys' as key repository; keys will not be encrypted at rest.
2024-11-27 23:00:52.104 +01:00 [WRN] The ASP.NET Core developer certificate is not trusted. For information about trusting the ASP.NET Core developer certificate, see https://aka.ms/aspnet/https-trust-dev-cert.
2024-11-27 23:00:52.129 +01:00 [INF] Now listening on: https://localhost:7135
2024-11-27 23:00:52.130 +01:00 [INF] Now listening on: http://localhost:5214
2024-11-27 23:00:52.134 +01:00 [INF] Application started. Press Ctrl+C to shut down.
2024-11-27 23:00:52.135 +01:00 [INF] Hosting environment: Development
2024-11-27 23:00:52.135 +01:00 [INF] Content root path: /Users/libansulub/Documents/Sub-Application 2 - React/api
2024-11-27 23:00:58.180 +01:00 [INF] Request starting HTTP/1.1 GET http://localhost:5214/api/postapi/posts - null null
2024-11-27 23:00:58.219 +01:00 [INF] CORS policy execution successful.
2024-11-27 23:00:58.220 +01:00 [INF] Executing endpoint 'Aplzz.Controllers.PostAPIController.GetPosts (api)'
2024-11-27 23:00:58.237 +01:00 [INF] Route matched with {action = "GetPosts", controller = "PostAPI"}. Executing controller action with signature System.Threading.Tasks.Task`1[Microsoft.AspNetCore.Mvc.IActionResult] GetPosts() on controller Aplzz.Controllers.PostAPIController (api).
2024-11-27 23:00:58.567 +01:00 [WRN] Compiling a query which loads related collections for more than one collection navigation, either via 'Include' or through projection, but no 'QuerySplittingBehavior' has been configured. By default, Entity Framework will use 'QuerySplittingBehavior.SingleQuery', which can potentially result in slow query performance. See https://go.microsoft.com/fwlink/?linkid=2134277 for more information. To identify the query that's triggering this warning call 'ConfigureWarnings(w => w.Throw(RelationalEventId.MultipleCollectionIncludeWarning))'.
2024-11-27 23:00:58.619 +01:00 [INF] Executing OkObjectResult, writing value of type 'System.Collections.Generic.List`1[[Aplzz.Models.Post, api, Version=1.0.0.0, Culture=neutral, PublicKeyToken=null]]'.
2024-11-27 23:00:58.693 +01:00 [INF] Executed action Aplzz.Controllers.PostAPIController.GetPosts (api) in 452.0053ms
2024-11-27 23:00:58.696 +01:00 [INF] Executed endpoint 'Aplzz.Controllers.PostAPIController.GetPosts (api)'
2024-11-27 23:00:58.703 +01:00 [INF] Request finished HTTP/1.1 GET http://localhost:5214/api/postapi/posts - 200 1943 application/json; charset=utf-8 523.855ms
2024-11-27 23:00:58.705 +01:00 [INF] Request starting HTTP/1.1 GET http://localhost:5214/api/postapi/posts - null null
2024-11-27 23:00:58.708 +01:00 [INF] CORS policy execution successful.
2024-11-27 23:00:58.708 +01:00 [INF] Executing endpoint 'Aplzz.Controllers.PostAPIController.GetPosts (api)'
2024-11-27 23:00:58.708 +01:00 [INF] Route matched with {action = "GetPosts", controller = "PostAPI"}. Executing controller action with signature System.Threading.Tasks.Task`1[Microsoft.AspNetCore.Mvc.IActionResult] GetPosts() on controller Aplzz.Controllers.PostAPIController (api).
2024-11-27 23:00:58.771 +01:00 [INF] Executing OkObjectResult, writing value of type 'System.Collections.Generic.List`1[[Aplzz.Models.Post, api, Version=1.0.0.0, Culture=neutral, PublicKeyToken=null]]'.
2024-11-27 23:00:58.771 +01:00 [INF] Executed action Aplzz.Controllers.PostAPIController.GetPosts (api) in 63.4805ms
2024-11-27 23:00:58.771 +01:00 [INF] Executed endpoint 'Aplzz.Controllers.PostAPIController.GetPosts (api)'
2024-11-27 23:00:58.772 +01:00 [INF] Request finished HTTP/1.1 GET http://localhost:5214/api/postapi/posts - 200 1943 application/json; charset=utf-8 66.2312ms
2024-11-27 23:03:48.422 +01:00 [INF] Request starting HTTP/1.1 GET http://localhost:5214/api/postapi/posts - null null
2024-11-27 23:03:48.432 +01:00 [INF] CORS policy execution successful.
2024-11-27 23:03:48.432 +01:00 [INF] Executing endpoint 'Aplzz.Controllers.PostAPIController.GetPosts (api)'
2024-11-27 23:03:48.433 +01:00 [INF] Route matched with {action = "GetPosts", controller = "PostAPI"}. Executing controller action with signature System.Threading.Tasks.Task`1[Microsoft.AspNetCore.Mvc.IActionResult] GetPosts() on controller Aplzz.Controllers.PostAPIController (api).
2024-11-27 23:03:48.449 +01:00 [INF] Executing OkObjectResult, writing value of type 'System.Collections.Generic.List`1[[Aplzz.Models.Post, api, Version=1.0.0.0, Culture=neutral, PublicKeyToken=null]]'.
2024-11-27 23:03:48.450 +01:00 [INF] Executed action Aplzz.Controllers.PostAPIController.GetPosts (api) in 16.5886ms
2024-11-27 23:03:48.450 +01:00 [INF] Executed endpoint 'Aplzz.Controllers.PostAPIController.GetPosts (api)'
2024-11-27 23:03:48.451 +01:00 [INF] Request finished HTTP/1.1 GET http://localhost:5214/api/postapi/posts - 200 1943 application/json; charset=utf-8 29.6485ms
2024-11-27 23:03:48.477 +01:00 [INF] Request starting HTTP/1.1 GET http://localhost:5214/api/postapi/posts - null null
2024-11-27 23:03:48.477 +01:00 [INF] CORS policy execution successful.
2024-11-27 23:03:48.477 +01:00 [INF] Executing endpoint 'Aplzz.Controllers.PostAPIController.GetPosts (api)'
2024-11-27 23:03:48.477 +01:00 [INF] Route matched with {action = "GetPosts", controller = "PostAPI"}. Executing controller action with signature System.Threading.Tasks.Task`1[Microsoft.AspNetCore.Mvc.IActionResult] GetPosts() on controller Aplzz.Controllers.PostAPIController (api).
2024-11-27 23:03:48.482 +01:00 [INF] Executing OkObjectResult, writing value of type 'System.Collections.Generic.List`1[[Aplzz.Models.Post, api, Version=1.0.0.0, Culture=neutral, PublicKeyToken=null]]'.
2024-11-27 23:03:48.482 +01:00 [INF] Executed action Aplzz.Controllers.PostAPIController.GetPosts (api) in 5.1586ms
2024-11-27 23:03:48.482 +01:00 [INF] Executed endpoint 'Aplzz.Controllers.PostAPIController.GetPosts (api)'
2024-11-27 23:03:48.483 +01:00 [INF] Request finished HTTP/1.1 GET http://localhost:5214/api/postapi/posts - 200 1943 application/json; charset=utf-8 5.9864ms
2024-11-27 23:04:01.928 +01:00 [INF] Request starting HTTP/1.1 GET http://localhost:5214/api/postapi/posts - null null
2024-11-27 23:04:01.932 +01:00 [INF] CORS policy execution successful.
2024-11-27 23:04:01.932 +01:00 [INF] Executing endpoint 'Aplzz.Controllers.PostAPIController.GetPosts (api)'
2024-11-27 23:04:01.933 +01:00 [INF] Route matched with {action = "GetPosts", controller = "PostAPI"}. Executing controller action with signature System.Threading.Tasks.Task`1[Microsoft.AspNetCore.Mvc.IActionResult] GetPosts() on controller Aplzz.Controllers.PostAPIController (api).
2024-11-27 23:04:01.949 +01:00 [INF] Executing OkObjectResult, writing value of type 'System.Collections.Generic.List`1[[Aplzz.Models.Post, api, Version=1.0.0.0, Culture=neutral, PublicKeyToken=null]]'.
2024-11-27 23:04:01.950 +01:00 [INF] Executed action Aplzz.Controllers.PostAPIController.GetPosts (api) in 16.4228ms
2024-11-27 23:04:01.950 +01:00 [INF] Executed endpoint 'Aplzz.Controllers.PostAPIController.GetPosts (api)'
2024-11-27 23:04:01.950 +01:00 [INF] Request finished HTTP/1.1 GET http://localhost:5214/api/postapi/posts - 200 1943 application/json; charset=utf-8 22.8233ms
2024-11-27 23:06:23.999 +01:00 [INF] Request starting HTTP/1.1 GET http://localhost:5214/api/postapi/posts - null null
2024-11-27 23:06:24.003 +01:00 [INF] CORS policy execution successful.
2024-11-27 23:06:24.003 +01:00 [INF] Executing endpoint 'Aplzz.Controllers.PostAPIController.GetPosts (api)'
2024-11-27 23:06:24.004 +01:00 [INF] Route matched with {action = "GetPosts", controller = "PostAPI"}. Executing controller action with signature System.Threading.Tasks.Task`1[Microsoft.AspNetCore.Mvc.IActionResult] GetPosts() on controller Aplzz.Controllers.PostAPIController (api).
2024-11-27 23:06:24.041 +01:00 [INF] Executing OkObjectResult, writing value of type 'System.Collections.Generic.List`1[[Aplzz.Models.Post, api, Version=1.0.0.0, Culture=neutral, PublicKeyToken=null]]'.
2024-11-27 23:06:24.041 +01:00 [INF] Executed action Aplzz.Controllers.PostAPIController.GetPosts (api) in 37.2582ms
2024-11-27 23:06:24.042 +01:00 [INF] Executed endpoint 'Aplzz.Controllers.PostAPIController.GetPosts (api)'
2024-11-27 23:06:24.043 +01:00 [INF] Request finished HTTP/1.1 GET http://localhost:5214/api/postapi/posts - 200 1943 application/json; charset=utf-8 44.4831ms
