2024-11-28 14:41:28.550 +01:00 [INF] User profile is available. Using '/Users/libansulub/.aspnet/DataProtection-Keys' as key repository; keys will not be encrypted at rest.
2024-11-28 14:41:28.848 +01:00 [WRN] The ASP.NET Core developer certificate is not trusted. For information about trusting the ASP.NET Core developer certificate, see https://aka.ms/aspnet/https-trust-dev-cert.
2024-11-28 14:41:28.869 +01:00 [INF] Now listening on: https://localhost:7135
2024-11-28 14:41:28.894 +01:00 [INF] Now listening on: http://localhost:5214
2024-11-28 14:41:28.898 +01:00 [INF] Application started. Press Ctrl+C to shut down.
2024-11-28 14:41:28.899 +01:00 [INF] Hosting environment: Development
2024-11-28 14:41:28.899 +01:00 [INF] Content root path: /Users/libansulub/Documents/Sub-Application 2 - React/api
2024-11-28 14:41:32.832 +01:00 [INF] Request starting HTTP/1.1 GET http://localhost:5214/api/postapi/posts - null null
2024-11-28 14:41:32.867 +01:00 [INF] CORS policy execution successful.
2024-11-28 14:41:32.869 +01:00 [INF] Executing endpoint 'Aplzz.Controllers.PostAPIController.GetPosts (api)'
2024-11-28 14:41:32.884 +01:00 [INF] Route matched with {action = "GetPosts", controller = "PostAPI"}. Executing controller action with signature System.Threading.Tasks.Task`1[Microsoft.AspNetCore.Mvc.IActionResult] GetPosts() on controller Aplzz.Controllers.PostAPIController (api).
2024-11-28 14:41:33.165 +01:00 [WRN] Compiling a query which loads related collections for more than one collection navigation, either via 'Include' or through projection, but no 'QuerySplittingBehavior' has been configured. By default, Entity Framework will use 'QuerySplittingBehavior.SingleQuery', which can potentially result in slow query performance. See https://go.microsoft.com/fwlink/?linkid=2134277 for more information. To identify the query that's triggering this warning call 'ConfigureWarnings(w => w.Throw(RelationalEventId.MultipleCollectionIncludeWarning))'.
2024-11-28 14:41:33.212 +01:00 [INF] Executing OkObjectResult, writing value of type 'System.Collections.Generic.List`1[[Aplzz.Models.Post, api, Version=1.0.0.0, Culture=neutral, PublicKeyToken=null]]'.
2024-11-28 14:41:33.279 +01:00 [INF] Executed action Aplzz.Controllers.PostAPIController.GetPosts (api) in 392.1786ms
2024-11-28 14:41:33.280 +01:00 [INF] Executed endpoint 'Aplzz.Controllers.PostAPIController.GetPosts (api)'
2024-11-28 14:41:33.282 +01:00 [INF] Request finished HTTP/1.1 GET http://localhost:5214/api/postapi/posts - 200 3359 application/json; charset=utf-8 452.043ms
2024-11-28 14:41:33.283 +01:00 [INF] Request starting HTTP/1.1 GET http://localhost:5214/api/postapi/posts - null null
2024-11-28 14:41:33.285 +01:00 [INF] CORS policy execution successful.
2024-11-28 14:41:33.285 +01:00 [INF] Executing endpoint 'Aplzz.Controllers.PostAPIController.GetPosts (api)'
2024-11-28 14:41:33.286 +01:00 [INF] Route matched with {action = "GetPosts", controller = "PostAPI"}. Executing controller action with signature System.Threading.Tasks.Task`1[Microsoft.AspNetCore.Mvc.IActionResult] GetPosts() on controller Aplzz.Controllers.PostAPIController (api).
2024-11-28 14:41:33.330 +01:00 [INF] Executing OkObjectResult, writing value of type 'System.Collections.Generic.List`1[[Aplzz.Models.Post, api, Version=1.0.0.0, Culture=neutral, PublicKeyToken=null]]'.
2024-11-28 14:41:33.330 +01:00 [INF] Executed action Aplzz.Controllers.PostAPIController.GetPosts (api) in 44.7283ms
2024-11-28 14:41:33.330 +01:00 [INF] Executed endpoint 'Aplzz.Controllers.PostAPIController.GetPosts (api)'
2024-11-28 14:41:33.331 +01:00 [INF] Request finished HTTP/1.1 GET http://localhost:5214/api/postapi/posts - 200 3359 application/json; charset=utf-8 47.3034ms
2024-11-28 14:41:37.198 +01:00 [INF] Request starting HTTP/1.1 GET http://localhost:5214/api/postapi/2 - null null
2024-11-28 14:41:37.203 +01:00 [INF] CORS policy execution successful.
2024-11-28 14:41:37.203 +01:00 [INF] Executing endpoint 'Aplzz.Controllers.PostAPIController.GetPost (api)'
2024-11-28 14:41:37.224 +01:00 [INF] Route matched with {action = "GetPost", controller = "PostAPI"}. Executing controller action with signature System.Threading.Tasks.Task`1[Microsoft.AspNetCore.Mvc.IActionResult] GetPost(Int32) on controller Aplzz.Controllers.PostAPIController (api).
2024-11-28 14:41:37.261 +01:00 [WRN] Compiling a query which loads related collections for more than one collection navigation, either via 'Include' or through projection, but no 'QuerySplittingBehavior' has been configured. By default, Entity Framework will use 'QuerySplittingBehavior.SingleQuery', which can potentially result in slow query performance. See https://go.microsoft.com/fwlink/?linkid=2134277 for more information. To identify the query that's triggering this warning call 'ConfigureWarnings(w => w.Throw(RelationalEventId.MultipleCollectionIncludeWarning))'.
2024-11-28 14:41:37.273 +01:00 [INF] Executing OkObjectResult, writing value of type 'Castle.Proxies.PostProxy'.
2024-11-28 14:41:37.274 +01:00 [INF] Executed action Aplzz.Controllers.PostAPIController.GetPost (api) in 49.0747ms
2024-11-28 14:41:37.274 +01:00 [INF] Executed endpoint 'Aplzz.Controllers.PostAPIController.GetPost (api)'
2024-11-28 14:41:37.274 +01:00 [INF] Request finished HTTP/1.1 GET http://localhost:5214/api/postapi/2 - 200 1025 application/json; charset=utf-8 76.4273ms
2024-11-28 14:41:37.275 +01:00 [INF] Request starting HTTP/1.1 GET http://localhost:5214/api/postapi/2 - null null
2024-11-28 14:41:37.275 +01:00 [INF] CORS policy execution successful.
2024-11-28 14:41:37.275 +01:00 [INF] Executing endpoint 'Aplzz.Controllers.PostAPIController.GetPost (api)'
2024-11-28 14:41:37.275 +01:00 [INF] Route matched with {action = "GetPost", controller = "PostAPI"}. Executing controller action with signature System.Threading.Tasks.Task`1[Microsoft.AspNetCore.Mvc.IActionResult] GetPost(Int32) on controller Aplzz.Controllers.PostAPIController (api).
2024-11-28 14:41:37.279 +01:00 [INF] Executing OkObjectResult, writing value of type 'Castle.Proxies.PostProxy'.
2024-11-28 14:41:37.280 +01:00 [INF] Executed action Aplzz.Controllers.PostAPIController.GetPost (api) in 4.0955ms
2024-11-28 14:41:37.280 +01:00 [INF] Executed endpoint 'Aplzz.Controllers.PostAPIController.GetPost (api)'
2024-11-28 14:41:37.280 +01:00 [INF] Request finished HTTP/1.1 GET http://localhost:5214/api/postapi/2 - 200 1025 application/json; charset=utf-8 4.6993ms
2024-11-28 14:41:41.573 +01:00 [INF] Request starting HTTP/1.1 OPTIONS http://localhost:5214/api/postapi/update/2 - null null
2024-11-28 14:41:41.574 +01:00 [INF] CORS policy execution successful.
2024-11-28 14:41:41.577 +01:00 [INF] Request finished HTTP/1.1 OPTIONS http://localhost:5214/api/postapi/update/2 - 204 null null 3.9413ms
2024-11-28 14:41:41.581 +01:00 [INF] Request starting HTTP/1.1 PUT http://localhost:5214/api/postapi/update/2 - multipart/form-data; boundary=----WebKitFormBoundaryzTIM6TinhKC7uJMs 261
2024-11-28 14:41:41.582 +01:00 [INF] CORS policy execution successful.
2024-11-28 14:41:41.582 +01:00 [INF] Executing endpoint 'Aplzz.Controllers.PostAPIController.Update (api)'
2024-11-28 14:41:41.598 +01:00 [INF] Route matched with {action = "Update", controller = "PostAPI"}. Executing controller action with signature System.Threading.Tasks.Task`1[Microsoft.AspNetCore.Mvc.IActionResult] Update(Int32, Aplzz.Models.Post, Microsoft.AspNetCore.Http.IFormFile) on controller Aplzz.Controllers.PostAPIController (api).
2024-11-28 14:41:41.633 +01:00 [INF] Executing OkObjectResult, writing value of type 'Castle.Proxies.PostProxy'.
2024-11-28 14:41:41.633 +01:00 [INF] Executed action Aplzz.Controllers.PostAPIController.Update (api) in 35.4553ms
2024-11-28 14:41:41.633 +01:00 [INF] Executed endpoint 'Aplzz.Controllers.PostAPIController.Update (api)'
2024-11-28 14:41:41.633 +01:00 [INF] Request finished HTTP/1.1 PUT http://localhost:5214/api/postapi/update/2 - 200 1025 application/json; charset=utf-8 52.7847ms
2024-11-28 14:41:41.649 +01:00 [INF] Request starting HTTP/1.1 GET http://localhost:5214/api/postapi/posts - null null
2024-11-28 14:41:41.649 +01:00 [INF] CORS policy execution successful.
2024-11-28 14:41:41.649 +01:00 [INF] Executing endpoint 'Aplzz.Controllers.PostAPIController.GetPosts (api)'
2024-11-28 14:41:41.649 +01:00 [INF] Route matched with {action = "GetPosts", controller = "PostAPI"}. Executing controller action with signature System.Threading.Tasks.Task`1[Microsoft.AspNetCore.Mvc.IActionResult] GetPosts() on controller Aplzz.Controllers.PostAPIController (api).
2024-11-28 14:41:41.655 +01:00 [INF] Executing OkObjectResult, writing value of type 'System.Collections.Generic.List`1[[Aplzz.Models.Post, api, Version=1.0.0.0, Culture=neutral, PublicKeyToken=null]]'.
2024-11-28 14:41:41.655 +01:00 [INF] Executed action Aplzz.Controllers.PostAPIController.GetPosts (api) in 6.3289ms
2024-11-28 14:41:41.655 +01:00 [INF] Executed endpoint 'Aplzz.Controllers.PostAPIController.GetPosts (api)'
2024-11-28 14:41:41.656 +01:00 [INF] Request finished HTTP/1.1 GET http://localhost:5214/api/postapi/posts - 200 3359 application/json; charset=utf-8 6.946ms
2024-11-28 14:41:41.656 +01:00 [INF] Request starting HTTP/1.1 GET http://localhost:5214/api/postapi/posts - null null
2024-11-28 14:41:41.657 +01:00 [INF] CORS policy execution successful.
2024-11-28 14:41:41.657 +01:00 [INF] Executing endpoint 'Aplzz.Controllers.PostAPIController.GetPosts (api)'
2024-11-28 14:41:41.657 +01:00 [INF] Route matched with {action = "GetPosts", controller = "PostAPI"}. Executing controller action with signature System.Threading.Tasks.Task`1[Microsoft.AspNetCore.Mvc.IActionResult] GetPosts() on controller Aplzz.Controllers.PostAPIController (api).
2024-11-28 14:41:41.662 +01:00 [INF] Executing OkObjectResult, writing value of type 'System.Collections.Generic.List`1[[Aplzz.Models.Post, api, Version=1.0.0.0, Culture=neutral, PublicKeyToken=null]]'.
2024-11-28 14:41:41.662 +01:00 [INF] Executed action Aplzz.Controllers.PostAPIController.GetPosts (api) in 5.5592ms
2024-11-28 14:41:41.662 +01:00 [INF] Executed endpoint 'Aplzz.Controllers.PostAPIController.GetPosts (api)'
2024-11-28 14:41:41.662 +01:00 [INF] Request finished HTTP/1.1 GET http://localhost:5214/api/postapi/posts - 200 3359 application/json; charset=utf-8 6.2035ms
2024-11-28 14:41:59.285 +01:00 [INF] Request starting HTTP/1.1 OPTIONS http://localhost:5214/api/postapi/delete/2 - null null
2024-11-28 14:41:59.290 +01:00 [INF] CORS policy execution successful.
2024-11-28 14:41:59.292 +01:00 [INF] Request finished HTTP/1.1 OPTIONS http://localhost:5214/api/postapi/delete/2 - 204 null null 7.5465ms
2024-11-28 14:41:59.294 +01:00 [INF] Request starting HTTP/1.1 DELETE http://localhost:5214/api/postapi/delete/2 - null null
2024-11-28 14:41:59.295 +01:00 [INF] CORS policy execution successful.
2024-11-28 14:41:59.295 +01:00 [INF] Executing endpoint 'Aplzz.Controllers.PostAPIController.Delete (api)'
2024-11-28 14:41:59.303 +01:00 [INF] Route matched with {action = "Delete", controller = "PostAPI"}. Executing controller action with signature System.Threading.Tasks.Task`1[Microsoft.AspNetCore.Mvc.IActionResult] Delete(Int32) on controller Aplzz.Controllers.PostAPIController (api).
2024-11-28 14:41:59.339 +01:00 [INF] Executing StatusCodeResult, setting HTTP status code 204
2024-11-28 14:41:59.339 +01:00 [INF] Executed action Aplzz.Controllers.PostAPIController.Delete (api) in 35.7584ms
2024-11-28 14:41:59.339 +01:00 [INF] Executed endpoint 'Aplzz.Controllers.PostAPIController.Delete (api)'
2024-11-28 14:41:59.339 +01:00 [INF] Request finished HTTP/1.1 DELETE http://localhost:5214/api/postapi/delete/2 - 204 null null 45.3208ms
2024-11-28 14:42:21.813 +01:00 [INF] Request starting HTTP/1.1 POST http://localhost:5214/api/postapi/create - multipart/form-data; boundary=----WebKitFormBoundaryiKPd5ShBN9IZiz8u 358
2024-11-28 14:42:21.845 +01:00 [INF] CORS policy execution successful.
2024-11-28 14:42:21.845 +01:00 [INF] Executing endpoint 'Aplzz.Controllers.PostAPIController.CreatePost (api)'
2024-11-28 14:42:21.852 +01:00 [INF] Route matched with {action = "CreatePost", controller = "PostAPI"}. Executing controller action with signature System.Threading.Tasks.Task`1[Microsoft.AspNetCore.Mvc.IActionResult] CreatePost(Aplzz.Models.Post, Microsoft.AspNetCore.Http.IFormFile) on controller Aplzz.Controllers.PostAPIController (api).
2024-11-28 14:42:21.881 +01:00 [INF] Executing OkObjectResult, writing value of type 'Aplzz.Models.Post'.
2024-11-28 14:42:21.883 +01:00 [INF] Executed action Aplzz.Controllers.PostAPIController.CreatePost (api) in 31.351ms
2024-11-28 14:42:21.883 +01:00 [INF] Executed endpoint 'Aplzz.Controllers.PostAPIController.CreatePost (api)'
2024-11-28 14:42:21.883 +01:00 [INF] Request finished HTTP/1.1 POST http://localhost:5214/api/postapi/create - 200 147 application/json; charset=utf-8 75.0077ms
2024-11-28 14:42:21.906 +01:00 [INF] Request starting HTTP/1.1 GET http://localhost:5214/api/postapi/posts - null null
2024-11-28 14:42:21.907 +01:00 [INF] CORS policy execution successful.
2024-11-28 14:42:21.907 +01:00 [INF] Executing endpoint 'Aplzz.Controllers.PostAPIController.GetPosts (api)'
2024-11-28 14:42:21.907 +01:00 [INF] Route matched with {action = "GetPosts", controller = "PostAPI"}. Executing controller action with signature System.Threading.Tasks.Task`1[Microsoft.AspNetCore.Mvc.IActionResult] GetPosts() on controller Aplzz.Controllers.PostAPIController (api).
2024-11-28 14:42:21.914 +01:00 [INF] Executing OkObjectResult, writing value of type 'System.Collections.Generic.List`1[[Aplzz.Models.Post, api, Version=1.0.0.0, Culture=neutral, PublicKeyToken=null]]'.
2024-11-28 14:42:21.914 +01:00 [INF] Executed action Aplzz.Controllers.PostAPIController.GetPosts (api) in 6.695ms
2024-11-28 14:42:21.914 +01:00 [INF] Executed endpoint 'Aplzz.Controllers.PostAPIController.GetPosts (api)'
2024-11-28 14:42:21.914 +01:00 [INF] Request finished HTTP/1.1 GET http://localhost:5214/api/postapi/posts - 200 2699 application/json; charset=utf-8 7.9164ms
2024-11-28 14:42:21.915 +01:00 [INF] Request starting HTTP/1.1 GET http://localhost:5214/api/postapi/posts - null null
2024-11-28 14:42:21.915 +01:00 [INF] CORS policy execution successful.
2024-11-28 14:42:21.915 +01:00 [INF] Executing endpoint 'Aplzz.Controllers.PostAPIController.GetPosts (api)'
2024-11-28 14:42:21.915 +01:00 [INF] Route matched with {action = "GetPosts", controller = "PostAPI"}. Executing controller action with signature System.Threading.Tasks.Task`1[Microsoft.AspNetCore.Mvc.IActionResult] GetPosts() on controller Aplzz.Controllers.PostAPIController (api).
2024-11-28 14:42:21.920 +01:00 [INF] Executing OkObjectResult, writing value of type 'System.Collections.Generic.List`1[[Aplzz.Models.Post, api, Version=1.0.0.0, Culture=neutral, PublicKeyToken=null]]'.
2024-11-28 14:42:21.921 +01:00 [INF] Executed action Aplzz.Controllers.PostAPIController.GetPosts (api) in 5.3091ms
2024-11-28 14:42:21.921 +01:00 [INF] Executed endpoint 'Aplzz.Controllers.PostAPIController.GetPosts (api)'
2024-11-28 14:42:21.921 +01:00 [INF] Request finished HTTP/1.1 GET http://localhost:5214/api/postapi/posts - 200 2699 application/json; charset=utf-8 5.9375ms
2024-11-28 14:42:25.716 +01:00 [INF] Request starting HTTP/1.1 OPTIONS http://localhost:5214/api/postapi/delete/4 - null null
2024-11-28 14:42:25.717 +01:00 [INF] CORS policy execution successful.
2024-11-28 14:42:25.718 +01:00 [INF] Request finished HTTP/1.1 OPTIONS http://localhost:5214/api/postapi/delete/4 - 204 null null 1.4754ms
2024-11-28 14:42:25.719 +01:00 [INF] Request starting HTTP/1.1 DELETE http://localhost:5214/api/postapi/delete/4 - null null
2024-11-28 14:42:25.720 +01:00 [INF] CORS policy execution successful.
2024-11-28 14:42:25.720 +01:00 [INF] Executing endpoint 'Aplzz.Controllers.PostAPIController.Delete (api)'
2024-11-28 14:42:25.720 +01:00 [INF] Route matched with {action = "Delete", controller = "PostAPI"}. Executing controller action with signature System.Threading.Tasks.Task`1[Microsoft.AspNetCore.Mvc.IActionResult] Delete(Int32) on controller Aplzz.Controllers.PostAPIController (api).
2024-11-28 14:42:25.734 +01:00 [INF] Executing StatusCodeResult, setting HTTP status code 204
2024-11-28 14:42:25.734 +01:00 [INF] Executed action Aplzz.Controllers.PostAPIController.Delete (api) in 13.8118ms
2024-11-28 14:42:25.734 +01:00 [INF] Executed endpoint 'Aplzz.Controllers.PostAPIController.Delete (api)'
2024-11-28 14:42:25.734 +01:00 [INF] Request finished HTTP/1.1 DELETE http://localhost:5214/api/postapi/delete/4 - 204 null null 14.9735ms
2024-11-28 14:58:19.854 +01:00 [INF] Request starting HTTP/1.1 GET http://localhost:5214/api/postapi/posts - null null
2024-11-28 14:58:19.872 +01:00 [INF] CORS policy execution successful.
2024-11-28 14:58:19.872 +01:00 [INF] Executing endpoint 'Aplzz.Controllers.PostAPIController.GetPosts (api)'
2024-11-28 14:58:19.873 +01:00 [INF] Route matched with {action = "GetPosts", controller = "PostAPI"}. Executing controller action with signature System.Threading.Tasks.Task`1[Microsoft.AspNetCore.Mvc.IActionResult] GetPosts() on controller Aplzz.Controllers.PostAPIController (api).
2024-11-28 14:58:19.893 +01:00 [INF] Executing OkObjectResult, writing value of type 'System.Collections.Generic.List`1[[Aplzz.Models.Post, api, Version=1.0.0.0, Culture=neutral, PublicKeyToken=null]]'.
2024-11-28 14:58:19.893 +01:00 [INF] Executed action Aplzz.Controllers.PostAPIController.GetPosts (api) in 20.0861ms
2024-11-28 14:58:19.893 +01:00 [INF] Executed endpoint 'Aplzz.Controllers.PostAPIController.GetPosts (api)'
2024-11-28 14:58:19.894 +01:00 [INF] Request finished HTTP/1.1 GET http://localhost:5214/api/postapi/posts - 200 2333 application/json; charset=utf-8 39.9941ms
